#
# There is insufficient memory for the Java Runtime Environment to continue.
# Native memory allocation (mmap) failed to map 206569472 bytes for Failed to commit area from 0x000000008de00000 to 0x000000009a300000 of length 206569472.
# Possible reasons:
#   The system is out of physical RAM or swap space
#   The process is running with CompressedOops enabled, and the Java Heap may be blocking the growth of the native heap
# Possible solutions:
#   Reduce memory load on the system
#   Increase physical memory or swap space
#   Check if swap backing store is full
#   Decrease Java heap size (-Xmx/-Xms)
#   Decrease number of Java threads
#   Decrease Java thread stack sizes (-Xss)
#   Set larger code cache with -XX:ReservedCodeCacheSize=
#   JVM is running with Unscaled Compressed Oops mode in which the Java heap is
#     placed in the first 4GB address space. The Java Heap base address is the
#     maximum limit for the native heap growth. Please use -XX:HeapBaseMinAddress
#     to set the Java Heap base and to place the Java Heap above 4GB virtual address.
# This output file may be truncated or incomplete.
#
#  Out of Memory Error (./src/hotspot/os/windows/os_windows.cpp:3301), pid=17864, tid=5940
#
# JRE version: OpenJDK Runtime Environment (11.0.10) (build 11.0.10+0-b96-7249189)
# Java VM: OpenJDK 64-Bit Server VM (11.0.10+0-b96-7249189, mixed mode, tiered, compressed oops, g1 gc, windows-amd64)
# No core dump will be written. Minidumps are not enabled by default on client versions of Windows
#

---------------  S U M M A R Y ------------

Command Line: --add-opens=java.base/java.util=ALL-UNNAMED --add-opens=java.base/java.lang=ALL-UNNAMED --add-opens=java.base/java.lang.invoke=ALL-UNNAMED --add-opens=java.base/java.util=ALL-UNNAMED --add-opens=java.prefs/java.util.prefs=ALL-UNNAMED --add-opens=java.prefs/java.util.prefs=ALL-UNNAMED --add-opens=java.base/java.nio.charset=ALL-UNNAMED --add-opens=java.base/java.net=ALL-UNNAMED --add-opens=java.base/java.util.concurrent.atomic=ALL-UNNAMED -Xmx2048m -Dfile.encoding=UTF-8 -Duser.country=NZ -Duser.language=en -Duser.variant org.gradle.launcher.daemon.bootstrap.GradleDaemon 7.0.2

Host: Intel(R) Core(TM) i5-8250U CPU @ 1.60GHz, 8 cores, 7G,  Windows 10 , 64 bit Build 19041 (10.0.19041.804)
Time: Tue Aug 24 15:20:17 2021 New Zealand Standard Time elapsed time: 35.658712 seconds (0d 0h 0m 35s)

---------------  T H R E A D  ---------------

Current thread (0x00000181ff00a000):  VMThread "VM Thread" [stack: 0x00000024c7000000,0x00000024c7100000] [id=5940]

Stack: [0x00000024c7000000,0x00000024c7100000]
[error occurred during error reporting (printing stack bounds), id 0xc0000005, EXCEPTION_ACCESS_VIOLATION (0xc0000005) at pc=0x00000181e9ed0f2d]

Native frames: (J=compiled Java code, j=interpreted, Vv=VM code, C=native code)
V  [jvm.dll+0x5ecfaa]
V  [jvm.dll+0x722bd5]
V  [jvm.dll+0x72412d]
V  [jvm.dll+0x724745]
V  [jvm.dll+0x7246fb]
V  [jvm.dll+0x5ec348]
V  [jvm.dll+0x5ecad8]
C  [ntdll.dll+0xa197f]
C  [ntdll.dll+0x4b754]
C  [ntdll.dll+0xa04ae]
C  0x00000181e9ed0f2d

VM_Operation (0x00000024cc1fe320): G1CollectForAllocation, mode: safepoint, requested by thread 0x0000018188a87800


---------------  P R O C E S S  ---------------

Threads class SMR info:
_java_thread_list=0x000001818224e6c0, length=78, elements={
0x00000181e4c0f800, 0x00000181ff010000, 0x00000181ff013800, 0x00000181ff993800,
0x00000181ff995000, 0x00000181ff997000, 0x00000181ff99a800, 0x00000181ff99d000,
0x00000181ff9a1800, 0x00000181ffaf1000, 0x0000018183b23000, 0x00000181ffca8800,
0x0000018184226800, 0x000001818389b000, 0x0000018182f7c000, 0x000001818388e000,
0x0000018183912000, 0x000001818404c000, 0x0000018184541800, 0x0000018184540000,
0x0000018184541000, 0x0000018184543000, 0x0000018184542800, 0x0000018184544000,
0x000001818453e800, 0x000001818453f000, 0x0000018184545000, 0x00000181851cd800,
0x00000181851cc800, 0x00000181851ce000, 0x00000181851cf000, 0x00000181851cb800,
0x00000181851c9000, 0x00000181851d0800, 0x00000181851d4000, 0x00000181851d4800,
0x00000181851d5800, 0x00000181851d1800, 0x00000181851d6800, 0x00000181851d7000,
0x00000181851d2000, 0x00000181851d3000, 0x0000018186dbe000, 0x0000018186dba800,
0x0000018186dc1000, 0x0000018186dbb800, 0x0000018186dbc800, 0x0000018186dc3000,
0x0000018186dbd000, 0x0000018186dc2000, 0x0000018186dc4800, 0x0000018186dbf000,
0x0000018186dc5800, 0x0000018186dbf800, 0x0000018186dc8800, 0x0000018186dc6000,
0x0000018186dc9800, 0x0000018186dc7000, 0x0000018186dc8000, 0x00000181849d8800,
0x0000018188a7f000, 0x0000018188a7a800, 0x0000018188a7c000, 0x0000018188a81800,
0x0000018188a7d800, 0x0000018188a82800, 0x0000018188a84000, 0x0000018188a85000,
0x0000018188a85800, 0x0000018188a86800, 0x0000018188a81000, 0x0000018188a87800,
0x0000018188a88000, 0x0000018188a89000, 0x000001818ea3e000, 0x000001818ea41000,
0x000001818ea3d000, 0x000001818ea3e800
}

Java Threads: ( => current thread )
  0x00000181e4c0f800 JavaThread "main" [_thread_blocked, id=21960, stack(0x00000024c6a00000,0x00000024c6b00000)]
  0x00000181ff010000 JavaThread "Reference Handler" daemon [_thread_blocked, id=9676, stack(0x00000024c7100000,0x00000024c7200000)]
  0x00000181ff013800 JavaThread "Finalizer" daemon [_thread_blocked, id=16160, stack(0x00000024c7200000,0x00000024c7300000)]
  0x00000181ff993800 JavaThread "Signal Dispatcher" daemon [_thread_blocked, id=7192, stack(0x00000024c7300000,0x00000024c7400000)]
  0x00000181ff995000 JavaThread "Attach Listener" daemon [_thread_blocked, id=5764, stack(0x00000024c7400000,0x00000024c7500000)]
  0x00000181ff997000 JavaThread "Service Thread" daemon [_thread_blocked, id=840, stack(0x00000024c7500000,0x00000024c7600000)]
  0x00000181ff99a800 JavaThread "C2 CompilerThread0" daemon [_thread_blocked, id=12044, stack(0x00000024c7600000,0x00000024c7700000)]
  0x00000181ff99d000 JavaThread "C1 CompilerThread0" daemon [_thread_blocked, id=12480, stack(0x00000024c7700000,0x00000024c7800000)]
  0x00000181ff9a1800 JavaThread "Sweeper thread" daemon [_thread_blocked, id=6768, stack(0x00000024c7800000,0x00000024c7900000)]
  0x00000181ffaf1000 JavaThread "Common-Cleaner" daemon [_thread_blocked, id=20040, stack(0x00000024c7900000,0x00000024c7a00000)]
  0x0000018183b23000 JavaThread "Daemon health stats" [_thread_blocked, id=8864, stack(0x00000024c7e00000,0x00000024c7f00000)]
  0x00000181ffca8800 JavaThread "Incoming local TCP Connector on port 49674" [_thread_in_native, id=20884, stack(0x00000024c7b00000,0x00000024c7c00000)]
  0x0000018184226800 JavaThread "Daemon periodic checks" [_thread_blocked, id=3084, stack(0x00000024c7f00000,0x00000024c8000000)]
  0x000001818389b000 JavaThread "Daemon" [_thread_blocked, id=15744, stack(0x00000024c8000000,0x00000024c8100000)]
  0x0000018182f7c000 JavaThread "Handler for socket connection from /127.0.0.1:49674 to /127.0.0.1:49675" [_thread_in_native, id=18616, stack(0x00000024c8100000,0x00000024c8200000)]
  0x000001818388e000 JavaThread "Cancel handler" [_thread_blocked, id=1472, stack(0x00000024c8200000,0x00000024c8300000)]
  0x0000018183912000 JavaThread "Daemon worker" [_thread_blocked, id=15960, stack(0x00000024c8300000,0x00000024c8400000)]
  0x000001818404c000 JavaThread "Asynchronous log dispatcher for DefaultDaemonConnection: socket connection from /127.0.0.1:49674 to /127.0.0.1:49675" [_thread_blocked, id=10732, stack(0x00000024c8900000,0x00000024c8a00000)]
  0x0000018184541800 JavaThread "Stdin handler" [_thread_blocked, id=20628, stack(0x00000024c8a00000,0x00000024c8b00000)]
  0x0000018184540000 JavaThread "Daemon client event forwarder" [_thread_blocked, id=22932, stack(0x00000024c8b00000,0x00000024c8c00000)]
  0x0000018184541000 JavaThread "Cache worker for file hash cache (C:\Users\shekiba\.gradle\caches\7.0.2\fileHashes)" [_thread_blocked, id=22696, stack(0x00000024c8c00000,0x00000024c8d00000)]
  0x0000018184543000 JavaThread "File lock request listener" [_thread_in_native, id=15204, stack(0x00000024c8d00000,0x00000024c8e00000)]
  0x0000018184542800 JavaThread "Cache worker for journal cache (C:\Users\shekiba\.gradle\caches\journal-1)" [_thread_blocked, id=15364, stack(0x00000024c8f00000,0x00000024c9000000)]
  0x0000018184544000 JavaThread "Cache worker for file hash cache (C:\Users\shekiba\Desktop\CatchingGame\.gradle\7.0.2\fileHashes)" [_thread_blocked, id=8628, stack(0x00000024c9100000,0x00000024c9200000)]
  0x000001818453e800 JavaThread "File watcher server" daemon [_thread_blocked, id=12448, stack(0x00000024c9200000,0x00000024c9300000)]
  0x000001818453f000 JavaThread "File watcher consumer" daemon [_thread_blocked, id=13600, stack(0x00000024c9300000,0x00000024c9400000)]
  0x0000018184545000 JavaThread "Cache worker for checksums cache (C:\Users\shekiba\Desktop\CatchingGame\.gradle\checksums)" [_thread_blocked, id=8072, stack(0x00000024c9400000,0x00000024c9500000)]
  0x00000181851cd800 JavaThread "Cache worker for cache directory md-supplier (C:\Users\shekiba\.gradle\caches\7.0.2\md-supplier)" [_thread_blocked, id=14440, stack(0x00000024c9500000,0x00000024c9600000)]
  0x00000181851cc800 JavaThread "Cache worker for cache directory md-rule (C:\Users\shekiba\.gradle\caches\7.0.2\md-rule)" [_thread_blocked, id=21080, stack(0x00000024c9600000,0x00000024c9700000)]
  0x00000181851ce000 JavaThread "Cache worker for execution history cache (C:\Users\shekiba\.gradle\caches\7.0.2\executionHistory)" [_thread_blocked, id=16792, stack(0x00000024c9700000,0x00000024c9800000)]
  0x00000181851cf000 JavaThread "jar transforms" [_thread_blocked, id=21756, stack(0x00000024c9800000,0x00000024c9900000)]
  0x00000181851cb800 JavaThread "jar transforms Thread 2" [_thread_blocked, id=12816, stack(0x00000024c9900000,0x00000024c9a00000)]
  0x00000181851c9000 JavaThread "Cache worker for file content cache (C:\Users\shekiba\.gradle\caches\7.0.2\fileContent)" [_thread_blocked, id=20920, stack(0x00000024c9a00000,0x00000024c9b00000)]
  0x00000181851d0800 JavaThread "Cache worker for dependencies-accessors (C:\Users\shekiba\Desktop\CatchingGame\.gradle\7.0.2\dependencies-accessors)" [_thread_blocked, id=1568, stack(0x00000024c9b00000,0x00000024c9c00000)]
  0x00000181851d4000 JavaThread "jar transforms Thread 3" [_thread_blocked, id=10104, stack(0x00000024c9c00000,0x00000024c9d00000)]
  0x00000181851d4800 JavaThread "Cache worker for Build Output Cleanup Cache (C:\Users\shekiba\Desktop\CatchingGame\.gradle\buildOutputCleanup)" [_thread_blocked, id=14048, stack(0x00000024c9d00000,0x00000024c9e00000)]
  0x00000181851d5800 JavaThread "Build operations" [_thread_blocked, id=22772, stack(0x00000024c9e00000,0x00000024c9f00000)]
  0x00000181851d1800 JavaThread "Build operations Thread 2" [_thread_blocked, id=11992, stack(0x00000024c9f00000,0x00000024ca000000)]
  0x00000181851d6800 JavaThread "Build operations Thread 3" [_thread_blocked, id=24192, stack(0x00000024ca000000,0x00000024ca100000)]
  0x00000181851d7000 JavaThread "Build operations Thread 4" [_thread_blocked, id=22276, stack(0x00000024ca100000,0x00000024ca200000)]
  0x00000181851d2000 JavaThread "Build operations Thread 5" [_thread_blocked, id=13428, stack(0x00000024ca200000,0x00000024ca300000)]
  0x00000181851d3000 JavaThread "Build operations Thread 6" [_thread_blocked, id=4584, stack(0x00000024ca300000,0x00000024ca400000)]
  0x0000018186dbe000 JavaThread "Build operations Thread 7" [_thread_blocked, id=10252, stack(0x00000024ca400000,0x00000024ca500000)]
  0x0000018186dba800 JavaThread "Build operations Thread 8" [_thread_blocked, id=9444, stack(0x00000024ca500000,0x00000024ca600000)]
  0x0000018186dc1000 JavaThread "jar transforms Thread 4" [_thread_blocked, id=2236, stack(0x00000024ca600000,0x00000024ca700000)]
  0x0000018186dbb800 JavaThread "jar transforms Thread 5" [_thread_blocked, id=10816, stack(0x00000024ca700000,0x00000024ca800000)]
  0x0000018186dbc800 JavaThread "jar transforms Thread 6" [_thread_blocked, id=16716, stack(0x00000024ca800000,0x00000024ca900000)]
  0x0000018186dc3000 JavaThread "jar transforms Thread 7" [_thread_blocked, id=12612, stack(0x00000024ca900000,0x00000024caa00000)]
  0x0000018186dbd000 JavaThread "jar transforms Thread 8" [_thread_blocked, id=20184, stack(0x00000024caa00000,0x00000024cab00000)]
  0x0000018186dc2000 JavaThread "Memory manager" [_thread_blocked, id=15180, stack(0x00000024cab00000,0x00000024cac00000)]
  0x0000018186dc4800 JavaThread "build event listener" [_thread_blocked, id=18024, stack(0x00000024cac00000,0x00000024cad00000)]
  0x0000018186dbf000 JavaThread "Execution worker for ':'" [_thread_blocked, id=19464, stack(0x00000024cad00000,0x00000024cae00000)]
  0x0000018186dc5800 JavaThread "Execution worker for ':' Thread 2" [_thread_blocked, id=2252, stack(0x00000024cae00000,0x00000024caf00000)]
  0x0000018186dbf800 JavaThread "Execution worker for ':' Thread 3" [_thread_blocked, id=11384, stack(0x00000024caf00000,0x00000024cb000000)]
  0x0000018186dc8800 JavaThread "Execution worker for ':' Thread 4" [_thread_blocked, id=24476, stack(0x00000024cb000000,0x00000024cb100000)]
  0x0000018186dc6000 JavaThread "Execution worker for ':' Thread 5" [_thread_blocked, id=23428, stack(0x00000024cb100000,0x00000024cb200000)]
  0x0000018186dc9800 JavaThread "Execution worker for ':' Thread 6" [_thread_blocked, id=23876, stack(0x00000024cb200000,0x00000024cb300000)]
  0x0000018186dc7000 JavaThread "Execution worker for ':' Thread 7" [_thread_blocked, id=18964, stack(0x00000024cb300000,0x00000024cb400000)]
  0x0000018186dc8000 JavaThread "Cache worker for execution history cache (C:\Users\shekiba\Desktop\CatchingGame\.gradle\7.0.2\executionHistory)" [_thread_blocked, id=20924, stack(0x00000024cb400000,0x00000024cb500000)]
  0x00000181849d8800 JavaThread "C2 CompilerThread1" daemon [_thread_blocked, id=20140, stack(0x00000024c9000000,0x00000024c9100000)]
  0x0000018188a7f000 JavaThread "WorkerExecutor Queue" [_thread_blocked, id=16232, stack(0x00000024cb500000,0x00000024cb600000)]
  0x0000018188a7a800 JavaThread "WorkerExecutor Queue Thread 2" [_thread_blocked, id=23136, stack(0x00000024cb600000,0x00000024cb700000)]
  0x0000018188a7c000 JavaThread "WorkerExecutor Queue Thread 6" [_thread_blocked, id=21720, stack(0x00000024cba00000,0x00000024cbb00000)]
  0x0000018188a81800 JavaThread "WorkerExecutor Queue Thread 7" [_thread_blocked, id=4352, stack(0x00000024cbb00000,0x00000024cbc00000)]
  0x0000018188a7d800 JavaThread "WorkerExecutor Queue Thread 8" [_thread_blocked, id=15932, stack(0x00000024cbc00000,0x00000024cbd00000)]
  0x0000018188a82800 JavaThread "WorkerExecutor Queue Thread 9" [_thread_blocked, id=19288, stack(0x00000024cb700000,0x00000024cb800000)]
  0x0000018188a84000 JavaThread "WorkerExecutor Queue Thread 10" [_thread_blocked, id=19640, stack(0x00000024cbd00000,0x00000024cbe00000)]
  0x0000018188a85000 JavaThread "pool-3-thread-1" [_thread_blocked, id=18052, stack(0x00000024c6900000,0x00000024c6a00000)]
  0x0000018188a85800 JavaThread "stderr" [_thread_in_native, id=22132, stack(0x00000024cbe00000,0x00000024cbf00000)]
  0x0000018188a86800 JavaThread "stdout" [_thread_in_native, id=20420, stack(0x00000024cbf00000,0x00000024cc000000)]
  0x0000018188a81000 JavaThread "ForkJoinPool-1-worker-3" daemon [_thread_blocked, id=20712, stack(0x00000024cc000000,0x00000024cc100000)]
  0x0000018188a87800 JavaThread "ForkJoinPool-1-worker-5" daemon [_thread_blocked, id=13940, stack(0x00000024cc100000,0x00000024cc200000)]
  0x0000018188a88000 JavaThread "ForkJoinPool-1-worker-7" daemon [_thread_blocked, id=16648, stack(0x00000024cc200000,0x00000024cc300000)]
  0x0000018188a89000 JavaThread "ForkJoinPool-1-worker-9" daemon [_thread_blocked, id=3200, stack(0x00000024cc300000,0x00000024cc400000)]
  0x000001818ea3e000 JavaThread "ForkJoinPool-1-worker-11" daemon [_thread_blocked, id=22708, stack(0x00000024cc400000,0x00000024cc500000)]
  0x000001818ea41000 JavaThread "ForkJoinPool-1-worker-13" daemon [_thread_blocked, id=9280, stack(0x00000024cc500000,0x00000024cc600000)]
  0x000001818ea3d000 JavaThread "ForkJoinPool-1-worker-15" daemon [_thread_blocked, id=18952, stack(0x00000024cc600000,0x00000024cc700000)]
  0x000001818ea3e800 JavaThread "ForkJoinPool-1-worker-1" daemon [_thread_blocked, id=22020, stack(0x00000024cc700000,0x00000024cc800000)]

Other Threads:
=>0x00000181ff00a000 VMThread "VM Thread" [stack: 0x00000024c7000000,0x00000024c7100000] [id=5940]
  0x00000181ffafb000 WatcherThread [stack: 0x00000024c7a00000,0x00000024c7b00000] [id=10316]
  0x00000181e4acd000 GCTaskThread "GC Thread#0" [stack: 0x00000024c6b00000,0x00000024c6c00000] [id=2532]
  0x00000181828eb800 GCTaskThread "GC Thread#1" [stack: 0x00000024c7c00000,0x00000024c7d00000] [id=17712]
  0x0000018182933800 GCTaskThread "GC Thread#2" [stack: 0x00000024c7d00000,0x00000024c7e00000] [id=8604]
  0x0000018183913000 GCTaskThread "GC Thread#3" [stack: 0x00000024c8400000,0x00000024c8500000] [id=12708]
  0x0000018183ad2000 GCTaskThread "GC Thread#4" [stack: 0x00000024c8500000,0x00000024c8600000] [id=12020]
  0x0000018183ad2800 GCTaskThread "GC Thread#5" [stack: 0x00000024c8600000,0x00000024c8700000] [id=8084]
  0x0000018183cb1800 GCTaskThread "GC Thread#6" [stack: 0x00000024c8700000,0x00000024c8800000] [id=12332]
  0x00000181833a7800 GCTaskThread "GC Thread#7" [stack: 0x00000024c8800000,0x00000024c8900000] [id=3612]
  0x00000181e4c55000 ConcurrentGCThread "G1 Main Marker" [stack: 0x00000024c6c00000,0x00000024c6d00000] [id=21520]
  0x00000181e4c56800 ConcurrentGCThread "G1 Conc#0" [stack: 0x00000024c6d00000,0x00000024c6e00000] [id=10076]
  0x0000018184509800 ConcurrentGCThread "G1 Conc#1" [stack: 0x00000024c8e00000,0x00000024c8f00000] [id=17920]
  0x00000181e4cde000 ConcurrentGCThread "G1 Refine#0" [stack: 0x00000024c6e00000,0x00000024c6f00000] [id=7628]
  0x00000181fee58800 ConcurrentGCThread "G1 Young RemSet Sampling" [stack: 0x00000024c6f00000,0x00000024c7000000] [id=19412]

Threads with active compile tasks:
C2 CompilerThread0  35722 15165       4       com.android.tools.r8.graph.Z$$Lambda$1353/0x0000000100e18c40::accept (12 bytes)
C2 CompilerThread1  35722 14891       4       com.android.tools.r8.internal.gr$$Lambda$1297/0x0000000100df8840::accept (16 bytes)

VM state:at safepoint (normal execution)

VM Mutex/Monitor currently owned by a thread:  ([mutex/lock_event])
[0x00000181e4c0cf00] Threads_lock - owner thread: 0x00000181ff00a000
[0x00000181e4c0c2a0] Heap_lock - owner thread: 0x0000018188a87800

Heap address: 0x0000000080000000, size: 2048 MB, Compressed Oops mode: 32-bit
Narrow klass base: 0x0000000000000000, Narrow klass shift: 3
Compressed class space size: 1073741824 Address: 0x0000000100000000

Heap:
 garbage-first heap   total 429056K, used 135675K [0x0000000080000000, 0x0000000100000000)
  region size 1024K, 2 young (2048K), 2 survivors (2048K)
 Metaspace       used 106048K, capacity 108602K, committed 108748K, reserved 1142784K
  class space    used 13535K, capacity 14458K, committed 14540K, reserved 1048576K
Heap Regions: E=young(eden), S=young(survivor), O=old, HS=humongous(starts), HC=humongous(continues), CS=collection set, F=free, A=archive, TAMS=top-at-mark-start (previous, next)
|   0|0x0000000080000000, 0x0000000080100000, 0x0000000080100000|100%| O|  |TAMS 0x0000000080100000, 0x0000000080000000| Untracked 
|   1|0x0000000080100000, 0x0000000080200000, 0x0000000080200000|100%| O|  |TAMS 0x0000000080200000, 0x0000000080100000| Untracked 
|   2|0x0000000080200000, 0x0000000080300000, 0x0000000080300000|100%| O|  |TAMS 0x0000000080300000, 0x0000000080200000| Untracked 
|   3|0x0000000080300000, 0x0000000080400000, 0x0000000080400000|100%|HS|  |TAMS 0x0000000080400000, 0x0000000080300000| Complete 
|   4|0x0000000080400000, 0x0000000080500000, 0x0000000080500000|100%|HC|  |TAMS 0x0000000080500000, 0x0000000080400000| Complete 
|   5|0x0000000080500000, 0x0000000080600000, 0x0000000080600000|100%|HC|  |TAMS 0x0000000080600000, 0x0000000080500000| Complete 
|   6|0x0000000080600000, 0x0000000080700000, 0x0000000080700000|100%| O|  |TAMS 0x0000000080700000, 0x0000000080600000| Untracked 
|   7|0x0000000080700000, 0x0000000080800000, 0x0000000080800000|100%| O|  |TAMS 0x0000000080800000, 0x0000000080700000| Untracked 
|   8|0x0000000080800000, 0x0000000080900000, 0x0000000080900000|100%| O|  |TAMS 0x0000000080900000, 0x0000000080800000| Untracked 
|   9|0x0000000080900000, 0x0000000080a00000, 0x0000000080a00000|100%| O|  |TAMS 0x0000000080a00000, 0x0000000080900000| Complete 
|  10|0x0000000080a00000, 0x0000000080b00000, 0x0000000080b00000|100%| O|  |TAMS 0x0000000080b00000, 0x0000000080a00000| Complete 
|  11|0x0000000080b00000, 0x0000000080c00000, 0x0000000080c00000|100%| O|  |TAMS 0x0000000080c00000, 0x0000000080b00000| Untracked 
|  12|0x0000000080c00000, 0x0000000080d00000, 0x0000000080d00000|100%| O|  |TAMS 0x0000000080d00000, 0x0000000080c00000| Untracked 
|  13|0x0000000080d00000, 0x0000000080e00000, 0x0000000080e00000|100%| O|  |TAMS 0x0000000080e00000, 0x0000000080d00000| Untracked 
|  14|0x0000000080e00000, 0x0000000080f00000, 0x0000000080f00000|100%| O|  |TAMS 0x0000000080f00000, 0x0000000080e00000| Untracked 
|  15|0x0000000080f00000, 0x0000000081000000, 0x0000000081000000|100%| O|  |TAMS 0x0000000081000000, 0x0000000080f00000| Untracked 
|  16|0x0000000081000000, 0x0000000081100000, 0x0000000081100000|100%|HS|  |TAMS 0x0000000081100000, 0x0000000081000000| Complete 
|  17|0x0000000081100000, 0x0000000081200000, 0x0000000081200000|100%| O|  |TAMS 0x0000000081200000, 0x0000000081100000| Untracked 
|  18|0x0000000081200000, 0x0000000081300000, 0x0000000081300000|100%| O|  |TAMS 0x0000000081300000, 0x0000000081200000| Untracked 
|  19|0x0000000081300000, 0x0000000081400000, 0x0000000081400000|100%| O|  |TAMS 0x0000000081400000, 0x0000000081300000| Untracked 
|  20|0x0000000081400000, 0x0000000081500000, 0x0000000081500000|100%| O|  |TAMS 0x0000000081500000, 0x0000000081400000| Untracked 
|  21|0x0000000081500000, 0x0000000081600000, 0x0000000081600000|100%| O|  |TAMS 0x0000000081600000, 0x0000000081500000| Untracked 
|  22|0x0000000081600000, 0x0000000081700000, 0x0000000081700000|100%| O|  |TAMS 0x0000000081700000, 0x0000000081600000| Untracked 
|  23|0x0000000081700000, 0x0000000081800000, 0x0000000081800000|100%| O|  |TAMS 0x0000000081800000, 0x0000000081700000| Untracked 
|  24|0x0000000081800000, 0x0000000081900000, 0x0000000081900000|100%| O|  |TAMS 0x0000000081900000, 0x0000000081800000| Untracked 
|  25|0x0000000081900000, 0x0000000081a00000, 0x0000000081a00000|100%| O|  |TAMS 0x0000000081a00000, 0x0000000081900000| Untracked 
|  26|0x0000000081a00000, 0x0000000081b00000, 0x0000000081b00000|100%| O|  |TAMS 0x0000000081b00000, 0x0000000081a00000| Complete 
|  27|0x0000000081b00000, 0x0000000081c00000, 0x0000000081c00000|100%|HS|  |TAMS 0x0000000081c00000, 0x0000000081b00000| Complete 
|  28|0x0000000081c00000, 0x0000000081d00000, 0x0000000081d00000|100%|HS|  |TAMS 0x0000000081d00000, 0x0000000081c00000| Complete 
|  29|0x0000000081d00000, 0x0000000081e00000, 0x0000000081e00000|100%|HC|  |TAMS 0x0000000081e00000, 0x0000000081d00000| Complete 
|  30|0x0000000081e00000, 0x0000000081f00000, 0x0000000081f00000|100%| O|  |TAMS 0x0000000081f00000, 0x0000000081e00000| Untracked 
|  31|0x0000000081f00000, 0x0000000082000000, 0x0000000082000000|100%| O|  |TAMS 0x0000000082000000, 0x0000000081f00000| Untracked 
|  32|0x0000000082000000, 0x0000000082100000, 0x0000000082100000|100%| O|  |TAMS 0x0000000082100000, 0x0000000082000000| Untracked 
|  33|0x0000000082100000, 0x0000000082200000, 0x0000000082200000|100%| O|  |TAMS 0x0000000082200000, 0x0000000082100000| Untracked 
|  34|0x0000000082200000, 0x0000000082300000, 0x0000000082300000|100%| O|  |TAMS 0x0000000082300000, 0x0000000082200000| Untracked 
|  35|0x0000000082300000, 0x0000000082400000, 0x0000000082400000|100%| O|  |TAMS 0x0000000082400000, 0x0000000082300000| Untracked 
|  36|0x0000000082400000, 0x0000000082500000, 0x0000000082500000|100%| O|  |TAMS 0x0000000082500000, 0x0000000082400000| Untracked 
|  37|0x0000000082500000, 0x0000000082600000, 0x0000000082600000|100%| O|  |TAMS 0x0000000082600000, 0x0000000082500000| Untracked 
|  38|0x0000000082600000, 0x0000000082700000, 0x0000000082700000|100%| O|  |TAMS 0x0000000082700000, 0x0000000082600000| Untracked 
|  39|0x0000000082700000, 0x0000000082800000, 0x0000000082800000|100%| O|  |TAMS 0x0000000082800000, 0x0000000082700000| Untracked 
|  40|0x0000000082800000, 0x0000000082900000, 0x0000000082900000|100%| O|  |TAMS 0x0000000082900000, 0x0000000082800000| Untracked 
|  41|0x0000000082900000, 0x0000000082a00000, 0x0000000082a00000|100%| O|  |TAMS 0x0000000082a00000, 0x0000000082900000| Untracked 
|  42|0x0000000082a00000, 0x0000000082b00000, 0x0000000082b00000|100%| O|  |TAMS 0x0000000082b00000, 0x0000000082a00000| Untracked 
|  43|0x0000000082b00000, 0x0000000082c00000, 0x0000000082c00000|100%| O|  |TAMS 0x0000000082c00000, 0x0000000082b00000| Untracked 
|  44|0x0000000082c00000, 0x0000000082d00000, 0x0000000082d00000|100%| O|  |TAMS 0x0000000082d00000, 0x0000000082c00000| Untracked 
|  45|0x0000000082d00000, 0x0000000082e00000, 0x0000000082e00000|100%| O|  |TAMS 0x0000000082e00000, 0x0000000082d00000| Untracked 
|  46|0x0000000082e00000, 0x0000000082f00000, 0x0000000082f00000|100%| O|  |TAMS 0x0000000082f00000, 0x0000000082e00000| Untracked 
|  47|0x0000000082f00000, 0x0000000083000000, 0x0000000083000000|100%| O|  |TAMS 0x0000000083000000, 0x0000000082f00000| Untracked 
|  48|0x0000000083000000, 0x0000000083100000, 0x0000000083100000|100%| O|  |TAMS 0x0000000083100000, 0x0000000083000000| Untracked 
|  49|0x0000000083100000, 0x0000000083200000, 0x0000000083200000|100%| O|  |TAMS 0x0000000083200000, 0x0000000083100000| Untracked 
|  50|0x0000000083200000, 0x0000000083300000, 0x0000000083300000|100%| O|  |TAMS 0x0000000083300000, 0x0000000083200000| Untracked 
|  51|0x0000000083300000, 0x0000000083400000, 0x0000000083400000|100%| O|  |TAMS 0x0000000083400000, 0x0000000083300000| Complete 
|  52|0x0000000083400000, 0x0000000083500000, 0x0000000083500000|100%| O|  |TAMS 0x0000000083500000, 0x0000000083400000| Untracked 
|  53|0x0000000083500000, 0x0000000083600000, 0x0000000083600000|100%| O|  |TAMS 0x0000000083600000, 0x0000000083500000| Untracked 
|  54|0x0000000083600000, 0x0000000083700000, 0x0000000083700000|100%| O|  |TAMS 0x0000000083700000, 0x0000000083600000| Untracked 
|  55|0x0000000083700000, 0x0000000083700000, 0x0000000083800000|  0%| F|  |TAMS 0x0000000083700000, 0x0000000083700000| Untracked 
|  56|0x0000000083800000, 0x0000000083900000, 0x0000000083900000|100%| O|  |TAMS 0x0000000083900000, 0x0000000083800000| Untracked 
|  57|0x0000000083900000, 0x0000000083a00000, 0x0000000083a00000|100%| O|  |TAMS 0x0000000083a00000, 0x0000000083900000| Complete 
|  58|0x0000000083a00000, 0x0000000083b00000, 0x0000000083b00000|100%| O|  |TAMS 0x0000000083b00000, 0x0000000083a00000| Complete 
|  59|0x0000000083b00000, 0x0000000083c00000, 0x0000000083c00000|100%| O|  |TAMS 0x0000000083c00000, 0x0000000083b00000| Complete 
|  60|0x0000000083c00000, 0x0000000083d00000, 0x0000000083d00000|100%|HS|  |TAMS 0x0000000083d00000, 0x0000000083c00000| Complete 
|  61|0x0000000083d00000, 0x0000000083e00000, 0x0000000083e00000|100%|HC|  |TAMS 0x0000000083e00000, 0x0000000083d00000| Complete 
|  62|0x0000000083e00000, 0x0000000083f00000, 0x0000000083f00000|100%|HS|  |TAMS 0x0000000083f00000, 0x0000000083e00000| Complete 
|  63|0x0000000083f00000, 0x0000000084000000, 0x0000000084000000|100%|HS|  |TAMS 0x0000000084000000, 0x0000000083f00000| Complete 
|  64|0x0000000084000000, 0x0000000084100000, 0x0000000084100000|100%| O|  |TAMS 0x0000000084100000, 0x0000000084000000| Untracked 
|  65|0x0000000084100000, 0x0000000084200000, 0x0000000084200000|100%| O|  |TAMS 0x0000000084200000, 0x0000000084100000| Untracked 
|  66|0x0000000084200000, 0x0000000084300000, 0x0000000084300000|100%| O|  |TAMS 0x0000000084300000, 0x0000000084200000| Untracked 
|  67|0x0000000084300000, 0x0000000084400000, 0x0000000084400000|100%| O|  |TAMS 0x0000000084400000, 0x0000000084300000| Complete 
|  68|0x0000000084400000, 0x0000000084500000, 0x0000000084500000|100%| O|  |TAMS 0x0000000084500000, 0x0000000084400000| Complete 
|  69|0x0000000084500000, 0x0000000084600000, 0x0000000084600000|100%| O|  |TAMS 0x0000000084600000, 0x0000000084500000| Complete 
|  70|0x0000000084600000, 0x0000000084700000, 0x0000000084700000|100%| O|  |TAMS 0x0000000084700000, 0x0000000084600000| Complete 
|  71|0x0000000084700000, 0x0000000084800000, 0x0000000084800000|100%| O|  |TAMS 0x0000000084800000, 0x0000000084700000| Complete 
|  72|0x0000000084800000, 0x0000000084900000, 0x0000000084900000|100%| O|  |TAMS 0x0000000084900000, 0x0000000084800000| Complete 
|  73|0x0000000084900000, 0x0000000084a00000, 0x0000000084a00000|100%| O|  |TAMS 0x0000000084a00000, 0x0000000084900000| Complete 
|  74|0x0000000084a00000, 0x0000000084a00000, 0x0000000084b00000|  0%| F|  |TAMS 0x0000000084a00000, 0x0000000084a00000| Untracked 
|  75|0x0000000084b00000, 0x0000000084c00000, 0x0000000084c00000|100%| O|  |TAMS 0x0000000084c00000, 0x0000000084b00000| Untracked 
|  76|0x0000000084c00000, 0x0000000084d00000, 0x0000000084d00000|100%| O|  |TAMS 0x0000000084d00000, 0x0000000084c00000| Untracked 
|  77|0x0000000084d00000, 0x0000000084e00000, 0x0000000084e00000|100%| O|  |TAMS 0x0000000084e00000, 0x0000000084d00000| Complete 
|  78|0x0000000084e00000, 0x0000000084f00000, 0x0000000084f00000|100%| O|  |TAMS 0x0000000084f00000, 0x0000000084e00000| Complete 
|  79|0x0000000084f00000, 0x0000000085000000, 0x0000000085000000|100%| O|  |TAMS 0x0000000085000000, 0x0000000084f00000| Complete 
|  80|0x0000000085000000, 0x0000000085000000, 0x0000000085100000|  0%| F|  |TAMS 0x0000000085000000, 0x0000000085000000| Untracked 
|  81|0x0000000085100000, 0x0000000085200000, 0x0000000085200000|100%|HS|  |TAMS 0x0000000085200000, 0x0000000085100000| Complete 
|  82|0x0000000085200000, 0x0000000085300000, 0x0000000085300000|100%|HS|  |TAMS 0x0000000085300000, 0x0000000085200000| Complete 
|  83|0x0000000085300000, 0x0000000085400000, 0x0000000085400000|100%| O|  |TAMS 0x0000000085400000, 0x0000000085300000| Untracked 
|  84|0x0000000085400000, 0x0000000085500000, 0x0000000085500000|100%| O|  |TAMS 0x0000000085500000, 0x0000000085400000| Complete 
|  85|0x0000000085500000, 0x0000000085600000, 0x0000000085600000|100%| O|  |TAMS 0x0000000085600000, 0x0000000085500000| Complete 
|  86|0x0000000085600000, 0x0000000085600000, 0x0000000085700000|  0%| F|  |TAMS 0x0000000085600000, 0x0000000085600000| Untracked 
|  87|0x0000000085700000, 0x0000000085800000, 0x0000000085800000|100%| O|  |TAMS 0x0000000085800000, 0x0000000085700000| Untracked 
|  88|0x0000000085800000, 0x0000000085900000, 0x0000000085900000|100%| O|  |TAMS 0x0000000085900000, 0x0000000085800000| Complete 
|  89|0x0000000085900000, 0x0000000085a00000, 0x0000000085a00000|100%| O|  |TAMS 0x0000000085a00000, 0x0000000085900000| Complete 
|  90|0x0000000085a00000, 0x0000000085b00000, 0x0000000085b00000|100%| O|  |TAMS 0x0000000085b00000, 0x0000000085a00000| Complete 
|  91|0x0000000085b00000, 0x0000000085c00000, 0x0000000085c00000|100%| O|  |TAMS 0x0000000085c00000, 0x0000000085b00000| Complete 
|  92|0x0000000085c00000, 0x0000000085d00000, 0x0000000085d00000|100%| O|  |TAMS 0x0000000085d00000, 0x0000000085c00000| Complete 
|  93|0x0000000085d00000, 0x0000000085e00000, 0x0000000085e00000|100%| O|  |TAMS 0x0000000085e00000, 0x0000000085d00000| Complete 
|  94|0x0000000085e00000, 0x0000000085f00000, 0x0000000085f00000|100%|HS|  |TAMS 0x0000000085e00000, 0x0000000085e00000| Complete 
|  95|0x0000000085f00000, 0x0000000086000000, 0x0000000086000000|100%|HS|  |TAMS 0x0000000085f00000, 0x0000000085f00000| Complete 
|  96|0x0000000086000000, 0x0000000086100000, 0x0000000086100000|100%| O|  |TAMS 0x0000000086100000, 0x0000000086000000| Complete 
|  97|0x0000000086100000, 0x0000000086200000, 0x0000000086200000|100%| O|  |TAMS 0x0000000086100000, 0x0000000086100000| Untracked 
|  98|0x0000000086200000, 0x0000000086200000, 0x0000000086300000|  0%| F|  |TAMS 0x0000000086200000, 0x0000000086200000| Untracked 
|  99|0x0000000086300000, 0x0000000086400000, 0x0000000086400000|100%| O|  |TAMS 0x0000000086400000, 0x0000000086300000| Complete 
| 100|0x0000000086400000, 0x0000000086500000, 0x0000000086500000|100%| O|  |TAMS 0x0000000086400000, 0x0000000086400000| Untracked 
| 101|0x0000000086500000, 0x0000000086600000, 0x0000000086600000|100%| O|  |TAMS 0x0000000086600000, 0x0000000086500000| Complete 
| 102|0x0000000086600000, 0x0000000086700000, 0x0000000086700000|100%| O|  |TAMS 0x0000000086700000, 0x0000000086600000| Untracked 
| 103|0x0000000086700000, 0x0000000086800000, 0x0000000086800000|100%| O|  |TAMS 0x0000000086800000, 0x0000000086700000| Untracked 
| 104|0x0000000086800000, 0x0000000086900000, 0x0000000086900000|100%| O|  |TAMS 0x0000000086900000, 0x0000000086800000| Untracked 
| 105|0x0000000086900000, 0x0000000086a00000, 0x0000000086a00000|100%| O|  |TAMS 0x0000000086a00000, 0x0000000086900000| Untracked 
| 106|0x0000000086a00000, 0x0000000086b00000, 0x0000000086b00000|100%| O|  |TAMS 0x0000000086b00000, 0x0000000086a00000| Untracked 
| 107|0x0000000086b00000, 0x0000000086c00000, 0x0000000086c00000|100%| O|  |TAMS 0x0000000086c00000, 0x0000000086b00000| Complete 
| 108|0x0000000086c00000, 0x0000000086c00000, 0x0000000086d00000|  0%| F|  |TAMS 0x0000000086c00000, 0x0000000086c00000| Untracked 
| 109|0x0000000086d00000, 0x0000000086d00000, 0x0000000086e00000|  0%| F|  |TAMS 0x0000000086d00000, 0x0000000086d00000| Untracked 
| 110|0x0000000086e00000, 0x0000000086f00000, 0x0000000086f00000|100%| O|  |TAMS 0x0000000086f00000, 0x0000000086e00000| Untracked 
| 111|0x0000000086f00000, 0x0000000087000000, 0x0000000087000000|100%| O|  |TAMS 0x0000000087000000, 0x0000000086f00000| Untracked 
| 112|0x0000000087000000, 0x0000000087100000, 0x0000000087100000|100%| O|  |TAMS 0x0000000087100000, 0x0000000087000000| Untracked 
| 113|0x0000000087100000, 0x0000000087200000, 0x0000000087200000|100%| O|  |TAMS 0x0000000087200000, 0x0000000087100000| Untracked 
| 114|0x0000000087200000, 0x0000000087300000, 0x0000000087300000|100%| O|  |TAMS 0x0000000087300000, 0x0000000087200000| Untracked 
| 115|0x0000000087300000, 0x0000000087400000, 0x0000000087400000|100%| O|  |TAMS 0x0000000087400000, 0x0000000087300000| Untracked 
| 116|0x0000000087400000, 0x0000000087500000, 0x0000000087500000|100%| O|  |TAMS 0x0000000087500000, 0x0000000087400000| Untracked 
| 117|0x0000000087500000, 0x0000000087500000, 0x0000000087600000|  0%| F|  |TAMS 0x0000000087500000, 0x0000000087500000| Untracked 
| 118|0x0000000087600000, 0x0000000087700000, 0x0000000087700000|100%| O|  |TAMS 0x0000000087700000, 0x0000000087600000| Complete 
| 119|0x0000000087700000, 0x0000000087800000, 0x0000000087800000|100%| O|  |TAMS 0x0000000087800000, 0x0000000087700000| Untracked 
| 120|0x0000000087800000, 0x0000000087900000, 0x0000000087900000|100%| O|  |TAMS 0x0000000087900000, 0x0000000087800000| Untracked 
| 121|0x0000000087900000, 0x0000000087a00000, 0x0000000087a00000|100%| O|  |TAMS 0x0000000087a00000, 0x0000000087900000| Untracked 
| 122|0x0000000087a00000, 0x0000000087b00000, 0x0000000087b00000|100%| O|  |TAMS 0x0000000087b00000, 0x0000000087a00000| Untracked 
| 123|0x0000000087b00000, 0x0000000087c00000, 0x0000000087c00000|100%| O|  |TAMS 0x0000000087c00000, 0x0000000087b00000| Complete 
| 124|0x0000000087c00000, 0x0000000087d00000, 0x0000000087d00000|100%| O|  |TAMS 0x0000000087d00000, 0x0000000087c00000| Untracked 
| 125|0x0000000087d00000, 0x0000000087e00000, 0x0000000087e00000|100%| O|  |TAMS 0x0000000087e00000, 0x0000000087d00000| Complete 
| 126|0x0000000087e00000, 0x0000000087e00000, 0x0000000087f00000|  0%| F|  |TAMS 0x0000000087e00000, 0x0000000087e00000| Untracked 
| 127|0x0000000087f00000, 0x0000000087f00000, 0x0000000088000000|  0%| F|  |TAMS 0x0000000087f00000, 0x0000000087f00000| Untracked 
| 128|0x0000000088000000, 0x0000000088100000, 0x0000000088100000|100%| O|  |TAMS 0x0000000088100000, 0x0000000088000000| Complete 
| 129|0x0000000088100000, 0x0000000088200000, 0x0000000088200000|100%| O|  |TAMS 0x0000000088200000, 0x0000000088100000| Untracked 
| 130|0x0000000088200000, 0x0000000088300000, 0x0000000088300000|100%| O|  |TAMS 0x0000000088300000, 0x0000000088200000| Untracked 
| 131|0x0000000088300000, 0x0000000088400000, 0x0000000088400000|100%| O|  |TAMS 0x0000000088400000, 0x0000000088300000| Complete 
| 132|0x0000000088400000, 0x0000000088400000, 0x0000000088500000|  0%| F|  |TAMS 0x0000000088400000, 0x0000000088400000| Untracked 
| 133|0x0000000088500000, 0x0000000088600000, 0x0000000088600000|100%| O|  |TAMS 0x0000000088500000, 0x0000000088500000| Untracked 
| 134|0x0000000088600000, 0x0000000088700000, 0x0000000088700000|100%| O|  |TAMS 0x0000000088600000, 0x0000000088600000| Untracked 
| 135|0x0000000088700000, 0x0000000088800000, 0x0000000088800000|100%| O|  |TAMS 0x0000000088700000, 0x0000000088700000| Untracked 
| 136|0x0000000088800000, 0x0000000088900000, 0x0000000088900000|100%| O|  |TAMS 0x0000000088800000, 0x0000000088800000| Untracked 
| 137|0x0000000088900000, 0x0000000088a00000, 0x0000000088a00000|100%| O|  |TAMS 0x0000000088900000, 0x0000000088900000| Untracked 
| 138|0x0000000088a00000, 0x0000000088b00000, 0x0000000088b00000|100%| O|  |TAMS 0x0000000088a00000, 0x0000000088a00000| Untracked 
| 139|0x0000000088b00000, 0x0000000088c00000, 0x0000000088c00000|100%| O|  |TAMS 0x0000000088b00000, 0x0000000088b00000| Untracked 
| 140|0x0000000088c00000, 0x0000000088d00000, 0x0000000088d00000|100%| O|  |TAMS 0x0000000088c00000, 0x0000000088c00000| Untracked 
| 141|0x0000000088d00000, 0x0000000088df5a00, 0x0000000088e00000| 95%| O|  |TAMS 0x0000000088d00000, 0x0000000088d00000| Untracked 
| 142|0x0000000088e00000, 0x0000000088e00000, 0x0000000088f00000|  0%| F|  |TAMS 0x0000000088e00000, 0x0000000088e00000| Untracked 
| 143|0x0000000088f00000, 0x0000000088f00000, 0x0000000089000000|  0%| F|  |TAMS 0x0000000088f00000, 0x0000000088f00000| Untracked 
| 144|0x0000000089000000, 0x0000000089000000, 0x0000000089100000|  0%| F|  |TAMS 0x0000000089000000, 0x0000000089000000| Untracked 
| 145|0x0000000089100000, 0x0000000089100000, 0x0000000089200000|  0%| F|  |TAMS 0x0000000089100000, 0x0000000089100000| Untracked 
| 146|0x0000000089200000, 0x0000000089200000, 0x0000000089300000|  0%| F|  |TAMS 0x0000000089200000, 0x0000000089200000| Untracked 
| 147|0x0000000089300000, 0x0000000089300000, 0x0000000089400000|  0%| F|  |TAMS 0x0000000089300000, 0x0000000089300000| Untracked 
| 148|0x0000000089400000, 0x0000000089400000, 0x0000000089500000|  0%| F|  |TAMS 0x0000000089400000, 0x0000000089400000| Untracked 
| 149|0x0000000089500000, 0x0000000089500000, 0x0000000089600000|  0%| F|  |TAMS 0x0000000089500000, 0x0000000089500000| Untracked 
| 150|0x0000000089600000, 0x0000000089600000, 0x0000000089700000|  0%| F|  |TAMS 0x0000000089600000, 0x0000000089600000| Untracked 
| 151|0x0000000089700000, 0x0000000089700000, 0x0000000089800000|  0%| F|  |TAMS 0x0000000089700000, 0x0000000089700000| Untracked 
| 152|0x0000000089800000, 0x0000000089800000, 0x0000000089900000|  0%| F|  |TAMS 0x0000000089800000, 0x0000000089800000| Untracked 
| 153|0x0000000089900000, 0x0000000089900000, 0x0000000089a00000|  0%| F|  |TAMS 0x0000000089900000, 0x0000000089900000| Untracked 
| 154|0x0000000089a00000, 0x0000000089a00000, 0x0000000089b00000|  0%| F|  |TAMS 0x0000000089a00000, 0x0000000089a00000| Untracked 
| 155|0x0000000089b00000, 0x0000000089b00000, 0x0000000089c00000|  0%| F|  |TAMS 0x0000000089b00000, 0x0000000089b00000| Untracked 
| 156|0x0000000089c00000, 0x0000000089c00000, 0x0000000089d00000|  0%| F|  |TAMS 0x0000000089c00000, 0x0000000089c00000| Untracked 
| 157|0x0000000089d00000, 0x0000000089d00000, 0x0000000089e00000|  0%| F|  |TAMS 0x0000000089d00000, 0x0000000089d00000| Untracked 
| 158|0x0000000089e00000, 0x0000000089e00000, 0x0000000089f00000|  0%| F|  |TAMS 0x0000000089e00000, 0x0000000089e00000| Untracked 
| 159|0x0000000089f00000, 0x0000000089f00000, 0x000000008a000000|  0%| F|  |TAMS 0x0000000089f00000, 0x0000000089f00000| Untracked 
| 160|0x000000008a000000, 0x000000008a000000, 0x000000008a100000|  0%| F|  |TAMS 0x000000008a000000, 0x000000008a000000| Untracked 
| 161|0x000000008a100000, 0x000000008a100000, 0x000000008a200000|  0%| F|  |TAMS 0x000000008a100000, 0x000000008a100000| Untracked 
| 162|0x000000008a200000, 0x000000008a200000, 0x000000008a300000|  0%| F|  |TAMS 0x000000008a200000, 0x000000008a200000| Untracked 
| 163|0x000000008a300000, 0x000000008a300000, 0x000000008a400000|  0%| F|  |TAMS 0x000000008a300000, 0x000000008a300000| Untracked 
| 164|0x000000008a400000, 0x000000008a400000, 0x000000008a500000|  0%| F|  |TAMS 0x000000008a400000, 0x000000008a400000| Untracked 
| 165|0x000000008a500000, 0x000000008a500000, 0x000000008a600000|  0%| F|  |TAMS 0x000000008a500000, 0x000000008a500000| Untracked 
| 166|0x000000008a600000, 0x000000008a600000, 0x000000008a700000|  0%| F|  |TAMS 0x000000008a600000, 0x000000008a600000| Untracked 
| 167|0x000000008a700000, 0x000000008a700000, 0x000000008a800000|  0%| F|  |TAMS 0x000000008a700000, 0x000000008a700000| Untracked 
| 168|0x000000008a800000, 0x000000008a800000, 0x000000008a900000|  0%| F|  |TAMS 0x000000008a800000, 0x000000008a800000| Untracked 
| 169|0x000000008a900000, 0x000000008a900000, 0x000000008aa00000|  0%| F|  |TAMS 0x000000008a900000, 0x000000008a900000| Untracked 
| 170|0x000000008aa00000, 0x000000008aa00000, 0x000000008ab00000|  0%| F|  |TAMS 0x000000008aa00000, 0x000000008aa00000| Untracked 
| 171|0x000000008ab00000, 0x000000008ab00000, 0x000000008ac00000|  0%| F|  |TAMS 0x000000008ab00000, 0x000000008ab00000| Untracked 
| 172|0x000000008ac00000, 0x000000008ac00000, 0x000000008ad00000|  0%| F|  |TAMS 0x000000008ac00000, 0x000000008ac00000| Untracked 
| 173|0x000000008ad00000, 0x000000008ad00000, 0x000000008ae00000|  0%| F|  |TAMS 0x000000008ad00000, 0x000000008ad00000| Untracked 
| 174|0x000000008ae00000, 0x000000008ae00000, 0x000000008af00000|  0%| F|  |TAMS 0x000000008ae00000, 0x000000008ae00000| Untracked 
| 175|0x000000008af00000, 0x000000008af00000, 0x000000008b000000|  0%| F|  |TAMS 0x000000008af00000, 0x000000008af00000| Untracked 
| 176|0x000000008b000000, 0x000000008b000000, 0x000000008b100000|  0%| F|  |TAMS 0x000000008b000000, 0x000000008b000000| Untracked 
| 177|0x000000008b100000, 0x000000008b100000, 0x000000008b200000|  0%| F|  |TAMS 0x000000008b100000, 0x000000008b100000| Untracked 
| 178|0x000000008b200000, 0x000000008b200000, 0x000000008b300000|  0%| F|  |TAMS 0x000000008b200000, 0x000000008b200000| Untracked 
| 179|0x000000008b300000, 0x000000008b300000, 0x000000008b400000|  0%| F|  |TAMS 0x000000008b300000, 0x000000008b300000| Untracked 
| 180|0x000000008b400000, 0x000000008b400000, 0x000000008b500000|  0%| F|  |TAMS 0x000000008b400000, 0x000000008b400000| Untracked 
| 181|0x000000008b500000, 0x000000008b500000, 0x000000008b600000|  0%| F|  |TAMS 0x000000008b500000, 0x000000008b500000| Untracked 
| 182|0x000000008b600000, 0x000000008b600000, 0x000000008b700000|  0%| F|  |TAMS 0x000000008b600000, 0x000000008b600000| Untracked 
| 183|0x000000008b700000, 0x000000008b700000, 0x000000008b800000|  0%| F|  |TAMS 0x000000008b700000, 0x000000008b700000| Untracked 
| 184|0x000000008b800000, 0x000000008b800000, 0x000000008b900000|  0%| F|  |TAMS 0x000000008b800000, 0x000000008b800000| Untracked 
| 185|0x000000008b900000, 0x000000008b900000, 0x000000008ba00000|  0%| F|  |TAMS 0x000000008b900000, 0x000000008b900000| Untracked 
| 186|0x000000008ba00000, 0x000000008ba00000, 0x000000008bb00000|  0%| F|  |TAMS 0x000000008ba00000, 0x000000008ba00000| Untracked 
| 187|0x000000008bb00000, 0x000000008bb00000, 0x000000008bc00000|  0%| F|  |TAMS 0x000000008bb00000, 0x000000008bb00000| Untracked 
| 188|0x000000008bc00000, 0x000000008bc00000, 0x000000008bd00000|  0%| F|  |TAMS 0x000000008bc00000, 0x000000008bc00000| Untracked 
| 189|0x000000008bd00000, 0x000000008bd00000, 0x000000008be00000|  0%| F|  |TAMS 0x000000008bd00000, 0x000000008bd00000| Untracked 
| 190|0x000000008be00000, 0x000000008be00000, 0x000000008bf00000|  0%| F|  |TAMS 0x000000008be00000, 0x000000008be00000| Untracked 
| 191|0x000000008bf00000, 0x000000008bf00000, 0x000000008c000000|  0%| F|  |TAMS 0x000000008bf00000, 0x000000008bf00000| Untracked 
| 192|0x000000008c000000, 0x000000008c000000, 0x000000008c100000|  0%| F|  |TAMS 0x000000008c000000, 0x000000008c000000| Untracked 
| 193|0x000000008c100000, 0x000000008c100000, 0x000000008c200000|  0%| F|  |TAMS 0x000000008c100000, 0x000000008c100000| Untracked 
| 194|0x000000008c200000, 0x000000008c200000, 0x000000008c300000|  0%| F|  |TAMS 0x000000008c200000, 0x000000008c200000| Untracked 
| 195|0x000000008c300000, 0x000000008c300000, 0x000000008c400000|  0%| F|  |TAMS 0x000000008c300000, 0x000000008c300000| Untracked 
| 196|0x000000008c400000, 0x000000008c400000, 0x000000008c500000|  0%| F|  |TAMS 0x000000008c400000, 0x000000008c400000| Untracked 
| 197|0x000000008c500000, 0x000000008c500000, 0x000000008c600000|  0%| F|  |TAMS 0x000000008c500000, 0x000000008c500000| Untracked 
| 198|0x000000008c600000, 0x000000008c600000, 0x000000008c700000|  0%| F|  |TAMS 0x000000008c600000, 0x000000008c600000| Untracked 
| 199|0x000000008c700000, 0x000000008c700000, 0x000000008c800000|  0%| F|  |TAMS 0x000000008c700000, 0x000000008c700000| Untracked 
| 200|0x000000008c800000, 0x000000008c800000, 0x000000008c900000|  0%| F|  |TAMS 0x000000008c800000, 0x000000008c800000| Untracked 
| 201|0x000000008c900000, 0x000000008c900000, 0x000000008ca00000|  0%| F|  |TAMS 0x000000008c900000, 0x000000008c900000| Untracked 
| 202|0x000000008ca00000, 0x000000008ca00000, 0x000000008cb00000|  0%| F|  |TAMS 0x000000008ca00000, 0x000000008ca00000| Untracked 
| 203|0x000000008cb00000, 0x000000008cb00000, 0x000000008cc00000|  0%| F|  |TAMS 0x000000008cb00000, 0x000000008cb00000| Untracked 
| 204|0x000000008cc00000, 0x000000008cc00000, 0x000000008cd00000|  0%| F|  |TAMS 0x000000008cc00000, 0x000000008cc00000| Untracked 
| 205|0x000000008cd00000, 0x000000008cd00000, 0x000000008ce00000|  0%| F|  |TAMS 0x000000008cd00000, 0x000000008cd00000| Untracked 
| 206|0x000000008ce00000, 0x000000008ce00000, 0x000000008cf00000|  0%| F|  |TAMS 0x000000008ce00000, 0x000000008ce00000| Untracked 
| 207|0x000000008cf00000, 0x000000008cf00000, 0x000000008d000000|  0%| F|  |TAMS 0x000000008cf00000, 0x000000008cf00000| Untracked 
| 208|0x000000008d000000, 0x000000008d000000, 0x000000008d100000|  0%| F|  |TAMS 0x000000008d000000, 0x000000008d000000| Untracked 
| 209|0x000000008d100000, 0x000000008d100000, 0x000000008d200000|  0%| F|  |TAMS 0x000000008d100000, 0x000000008d100000| Untracked 
| 210|0x000000008d200000, 0x000000008d200000, 0x000000008d300000|  0%| F|  |TAMS 0x000000008d200000, 0x000000008d200000| Untracked 
| 211|0x000000008d300000, 0x000000008d300000, 0x000000008d400000|  0%| F|  |TAMS 0x000000008d300000, 0x000000008d300000| Untracked 
| 212|0x000000008d400000, 0x000000008d400000, 0x000000008d500000|  0%| F|  |TAMS 0x000000008d400000, 0x000000008d400000| Untracked 
| 213|0x000000008d500000, 0x000000008d500000, 0x000000008d600000|  0%| F|  |TAMS 0x000000008d500000, 0x000000008d500000| Untracked 
| 214|0x000000008d600000, 0x000000008d689368, 0x000000008d700000| 53%| S|CS|TAMS 0x000000008d600000, 0x000000008d600000| Complete 
| 215|0x000000008d700000, 0x000000008d800000, 0x000000008d800000|100%| S|CS|TAMS 0x000000008d700000, 0x000000008d700000| Complete 
| 216|0x000000008d800000, 0x000000008d800000, 0x000000008d900000|  0%| F|  |TAMS 0x000000008d800000, 0x000000008d800000| Untracked 
| 217|0x000000008d900000, 0x000000008d900000, 0x000000008da00000|  0%| F|  |TAMS 0x000000008d900000, 0x000000008d900000| Untracked 
| 218|0x000000008da00000, 0x000000008da00000, 0x000000008db00000|  0%| F|  |TAMS 0x000000008da00000, 0x000000008da00000| Untracked 
| 219|0x000000008db00000, 0x000000008db00000, 0x000000008dc00000|  0%| F|  |TAMS 0x000000008db00000, 0x000000008db00000| Untracked 
| 220|0x000000008dc00000, 0x000000008dc00000, 0x000000008dd00000|  0%| F|  |TAMS 0x000000008dc00000, 0x000000008dc00000| Untracked 
| 221|0x000000008dd00000, 0x000000008dd00000, 0x000000008de00000|  0%| F|  |TAMS 0x000000008dd00000, 0x000000008dd00000| Untracked 

Card table byte_map: [0x00000181f9d30000,0x00000181fa130000] _byte_map_base: 0x00000181f9930000

Marking Bits (Prev, Next): (CMBitMap*) 0x00000181e4c4c470, (CMBitMap*) 0x00000181e4c4c438
 Prev Bits: [0x00000181fc530000, 0x00000181fe530000)
 Next Bits: [0x00000181fa530000, 0x00000181fc530000)

Polling page: 0x00000181e4ce0000

Metaspace:

Usage:
  Non-class:     91.94 MB capacity,    90.34 MB ( 98%) used,     1.29 MB (  1%) free+waste,   305.19 KB ( <1%) overhead. 
      Class:     14.12 MB capacity,    13.22 MB ( 94%) used,   787.48 KB (  5%) free+waste,   134.69 KB ( <1%) overhead. 
       Both:    106.06 MB capacity,   103.56 MB ( 98%) used,     2.06 MB (  2%) free+waste,   439.88 KB ( <1%) overhead. 

Virtual space:
  Non-class space:       92.00 MB reserved,      92.00 MB (100%) committed 
      Class space:        1.00 GB reserved,      14.20 MB (  1%) committed 
             Both:        1.09 GB reserved,     106.20 MB ( 10%) committed 

Chunk freelists:
   Non-Class:  64.00 KB
       Class:  38.00 KB
        Both:  102.00 KB

MaxMetaspaceSize: 17179869184.00 GB
CompressedClassSpaceSize: 1.00 GB

CodeHeap 'non-profiled nmethods': size=120000Kb used=8023Kb max_used=8023Kb free=111976Kb
 bounds [0x00000181f19a0000, 0x00000181f2180000, 0x00000181f8ed0000]
CodeHeap 'profiled nmethods': size=120000Kb used=30529Kb max_used=30529Kb free=89470Kb
 bounds [0x00000181ea470000, 0x00000181ec250000, 0x00000181f19a0000]
CodeHeap 'non-nmethods': size=5760Kb used=2326Kb max_used=2400Kb free=3433Kb
 bounds [0x00000181e9ed0000, 0x00000181ea140000, 0x00000181ea470000]
 total_blobs=15580 nmethods=14638 adapters=853
 compilation: enabled
              stopped_count=0, restarted_count=0
 full_count=0

Compilation events (20 events):
Event: 35.520 Thread 0x00000181ff99a800 nmethod 15145 0x00000181f2170710 code [0x00000181f21708a0, 0x00000181f2170918]
Event: 35.520 Thread 0x00000181ff99a800 15155       4       com.android.tools.r8.graph.M::equals (55 bytes)
Event: 35.528 Thread 0x00000181ff99a800 nmethod 15155 0x00000181f2170990 code [0x00000181f2170b40, 0x00000181f21710b8]
Event: 35.528 Thread 0x00000181ff99a800 15152       4       com.android.tools.r8.dex.o::a (32 bytes)
Event: 35.539 Thread 0x00000181ff99d000 15159       2       com.android.tools.r8.internal.DE$$Lambda$1380/0x0000000100e1f440::a (13 bytes)
Event: 35.539 Thread 0x00000181ff99d000 nmethod 15159 0x00000181ec23f590 code [0x00000181ec23f760, 0x00000181ec23f928]
Event: 35.539 Thread 0x00000181ff99d000 15160       2       com.android.tools.r8.internal.DE::a (49 bytes)
Event: 35.540 Thread 0x00000181ff99d000 nmethod 15160 0x00000181ec23fa10 code [0x00000181ec23fbe0, 0x00000181ec23fd78]
Event: 35.589 Thread 0x00000181ff99d000 15163       2       com.android.tools.r8.graph.I0::b (55 bytes)
Event: 35.590 Thread 0x00000181ff99d000 nmethod 15163 0x00000181ec23fe90 code [0x00000181ec240040, 0x00000181ec240188]
Event: 35.596 Thread 0x00000181ff99a800 nmethod 15152 0x00000181f2171490 code [0x00000181f2171740, 0x00000181f2172fd0]
Event: 35.596 Thread 0x00000181ff99a800 15158       4       com.android.tools.r8.internal.Tt::a (269 bytes)
Event: 35.608 Thread 0x00000181ff99a800 nmethod 15158 0x00000181f2174190 code [0x00000181f21743a0, 0x00000181f2174878]
Event: 35.608 Thread 0x00000181ff99a800 15164       4       com.android.tools.r8.internal.Kz::a (263 bytes)
Event: 35.614 Thread 0x00000181ff99d000 15171       2       com.android.tools.r8.internal.h8::a (6 bytes)
Event: 35.614 Thread 0x00000181ff99d000 nmethod 15171 0x00000181ec240290 code [0x00000181ec240440, 0x00000181ec240578]
Event: 35.619 Thread 0x00000181ff99a800 nmethod 15164 0x00000181f2174d10 code [0x00000181f2174f20, 0x00000181f2175468]
Event: 35.619 Thread 0x00000181ff99a800 15170       4       com.android.tools.r8.internal.Kz::containsKey (74 bytes)
Event: 35.623 Thread 0x00000181ff99a800 nmethod 15170 0x00000181f2175910 code [0x00000181f2175ac0, 0x00000181f2175cc8]
Event: 35.623 Thread 0x00000181ff99a800 15165       4       com.android.tools.r8.graph.Z$$Lambda$1353/0x0000000100e18c40::accept (12 bytes)

GC Heap History (20 events):
Event: 29.309 GC heap after
{Heap after GC invocations=30 (full 0):
 garbage-first heap   total 189440K, used 84600K [0x0000000080000000, 0x0000000100000000)
  region size 1024K, 8 young (8192K), 8 survivors (8192K)
 Metaspace       used 96543K, capacity 98803K, committed 99020K, reserved 1134592K
  class space    used 12084K, capacity 12880K, committed 13004K, reserved 1048576K
}
Event: 30.282 GC heap before
{Heap before GC invocations=30 (full 0):
 garbage-first heap   total 189440K, used 152184K [0x0000000080000000, 0x0000000100000000)
  region size 1024K, 71 young (72704K), 8 survivors (8192K)
 Metaspace       used 98646K, capacity 100902K, committed 101068K, reserved 1136640K
  class space    used 12367K, capacity 13188K, committed 13260K, reserved 1048576K
}
Event: 30.295 GC heap after
{Heap after GC invocations=31 (full 0):
 garbage-first heap   total 189440K, used 93024K [0x0000000080000000, 0x0000000100000000)
  region size 1024K, 9 young (9216K), 9 survivors (9216K)
 Metaspace       used 98646K, capacity 100902K, committed 101068K, reserved 1136640K
  class space    used 12367K, capacity 13188K, committed 13260K, reserved 1048576K
}
Event: 30.347 GC heap before
{Heap before GC invocations=31 (full 0):
 garbage-first heap   total 189440K, used 96096K [0x0000000080000000, 0x0000000100000000)
  region size 1024K, 13 young (13312K), 9 survivors (9216K)
 Metaspace       used 98691K, capacity 100974K, committed 101068K, reserved 1136640K
  class space    used 12373K, capacity 13190K, committed 13260K, reserved 1048576K
}
Event: 30.357 GC heap after
{Heap after GC invocations=32 (full 0):
 garbage-first heap   total 189440K, used 93057K [0x0000000080000000, 0x0000000100000000)
  region size 1024K, 1 young (1024K), 1 survivors (1024K)
 Metaspace       used 98691K, capacity 100974K, committed 101068K, reserved 1136640K
  class space    used 12373K, capacity 13190K, committed 13260K, reserved 1048576K
}
Event: 31.316 GC heap before
{Heap before GC invocations=33 (full 0):
 garbage-first heap   total 189440K, used 155521K [0x0000000080000000, 0x0000000100000000)
  region size 1024K, 53 young (54272K), 1 survivors (1024K)
 Metaspace       used 101204K, capacity 103604K, committed 103756K, reserved 1138688K
  class space    used 12730K, capacity 13582K, committed 13644K, reserved 1048576K
}
Event: 31.334 GC heap after
{Heap after GC invocations=34 (full 0):
 garbage-first heap   total 189440K, used 111204K [0x0000000080000000, 0x0000000100000000)
  region size 1024K, 7 young (7168K), 7 survivors (7168K)
 Metaspace       used 101204K, capacity 103604K, committed 103756K, reserved 1138688K
  class space    used 12730K, capacity 13582K, committed 13644K, reserved 1048576K
}
Event: 31.388 GC heap before
{Heap before GC invocations=34 (full 0):
 garbage-first heap   total 189440K, used 112228K [0x0000000080000000, 0x0000000100000000)
  region size 1024K, 9 young (9216K), 7 survivors (7168K)
 Metaspace       used 101685K, capacity 104115K, committed 104396K, reserved 1140736K
  class space    used 12823K, capacity 13693K, committed 13772K, reserved 1048576K
}
Event: 31.400 GC heap after
{Heap after GC invocations=35 (full 0):
 garbage-first heap   total 189440K, used 108954K [0x0000000080000000, 0x0000000100000000)
  region size 1024K, 1 young (1024K), 1 survivors (1024K)
 Metaspace       used 101685K, capacity 104115K, committed 104396K, reserved 1140736K
  class space    used 12823K, capacity 13693K, committed 13772K, reserved 1048576K
}
Event: 31.874 GC heap before
{Heap before GC invocations=35 (full 0):
 garbage-first heap   total 189440K, used 146842K [0x0000000080000000, 0x0000000100000000)
  region size 1024K, 38 young (38912K), 1 survivors (1024K)
 Metaspace       used 103200K, capacity 105599K, committed 105804K, reserved 1140736K
  class space    used 13164K, capacity 14033K, committed 14156K, reserved 1048576K
}
Event: 31.895 GC heap after
{Heap after GC invocations=36 (full 0):
 garbage-first heap   total 189440K, used 126220K [0x0000000080000000, 0x0000000100000000)
  region size 1024K, 5 young (5120K), 5 survivors (5120K)
 Metaspace       used 103200K, capacity 105599K, committed 105804K, reserved 1140736K
  class space    used 13164K, capacity 14033K, committed 14156K, reserved 1048576K
}
Event: 32.643 GC heap before
{Heap before GC invocations=37 (full 0):
 garbage-first heap   total 189440K, used 148748K [0x0000000080000000, 0x0000000100000000)
  region size 1024K, 27 young (27648K), 5 survivors (5120K)
 Metaspace       used 104935K, capacity 107414K, committed 107596K, reserved 1142784K
  class space    used 13421K, capacity 14311K, committed 14412K, reserved 1048576K
}
Event: 32.696 GC heap after
{Heap after GC invocations=38 (full 0):
 garbage-first heap   total 227328K, used 134937K [0x0000000080000000, 0x0000000100000000)
  region size 1024K, 4 young (4096K), 4 survivors (4096K)
 Metaspace       used 104935K, capacity 107414K, committed 107596K, reserved 1142784K
  class space    used 13421K, capacity 14311K, committed 14412K, reserved 1048576K
}
Event: 32.975 GC heap before
{Heap before GC invocations=38 (full 0):
 garbage-first heap   total 227328K, used 141081K [0x0000000080000000, 0x0000000100000000)
  region size 1024K, 11 young (11264K), 4 survivors (4096K)
 Metaspace       used 105198K, capacity 107696K, committed 107852K, reserved 1142784K
  class space    used 13456K, capacity 14361K, committed 14412K, reserved 1048576K
}
Event: 32.995 GC heap after
{Heap after GC invocations=39 (full 0):
 garbage-first heap   total 227328K, used 135664K [0x0000000080000000, 0x0000000100000000)
  region size 1024K, 2 young (2048K), 2 survivors (2048K)
 Metaspace       used 105198K, capacity 107696K, committed 107852K, reserved 1142784K
  class space    used 13456K, capacity 14361K, committed 14412K, reserved 1048576K
}
Event: 33.994 GC heap before
{Heap before GC invocations=39 (full 0):
 garbage-first heap   total 227328K, used 169456K [0x0000000080000000, 0x0000000100000000)
  region size 1024K, 34 young (34816K), 2 survivors (2048K)
 Metaspace       used 105704K, capacity 108184K, committed 108492K, reserved 1142784K
  class space    used 13514K, capacity 14432K, committed 14540K, reserved 1048576K
}
Event: 34.181 GC heap after
{Heap after GC invocations=40 (full 0):
 garbage-first heap   total 227328K, used 140605K [0x0000000080000000, 0x0000000100000000)
  region size 1024K, 5 young (5120K), 5 survivors (5120K)
 Metaspace       used 105704K, capacity 108184K, committed 108492K, reserved 1142784K
  class space    used 13514K, capacity 14432K, committed 14540K, reserved 1048576K
}
Event: 35.546 GC heap before
{Heap before GC invocations=41 (full 0):
 garbage-first heap   total 227328K, used 170301K [0x0000000080000000, 0x0000000100000000)
  region size 1024K, 37 young (37888K), 5 survivors (5120K)
 Metaspace       used 106047K, capacity 108602K, committed 108748K, reserved 1142784K
  class space    used 13535K, capacity 14458K, committed 14540K, reserved 1048576K
}
Event: 35.573 GC heap after
{Heap after GC invocations=42 (full 0):
 garbage-first heap   total 227328K, used 142319K [0x0000000080000000, 0x0000000100000000)
  region size 1024K, 5 young (5120K), 5 survivors (5120K)
 Metaspace       used 106047K, capacity 108602K, committed 108748K, reserved 1142784K
  class space    used 13535K, capacity 14458K, committed 14540K, reserved 1048576K
}
Event: 35.628 GC heap before
{Heap before GC invocations=42 (full 0):
 garbage-first heap   total 227328K, used 147439K [0x0000000080000000, 0x0000000100000000)
  region size 1024K, 11 young (11264K), 5 survivors (5120K)
 Metaspace       used 106048K, capacity 108602K, committed 108748K, reserved 1142784K
  class space    used 13535K, capacity 14458K, committed 14540K, reserved 1048576K
}

Deoptimization events (20 events):
Event: 35.446 Thread 0x0000018188a87800 Uncommon trap: trap_request=0xffffffbe fr.pc=0x00000181f215fd28 relative=0x00000000000002c8
Event: 35.446 Thread 0x0000018188a87800 Uncommon trap: reason=profile_predicate action=maybe_recompile pc=0x00000181f215fd28 method=com.android.tools.r8.internal.h8.a(Ljava/util/Iterator;Ljava/util/Iterator;Lcom/android/tools/r8/internal/BE$a;)I @ 5 c2
Event: 35.446 Thread 0x0000018188a87800 DEOPT PACKING pc=0x00000181f215fd28 sp=0x00000024cc1fe1b0
Event: 35.446 Thread 0x0000018188a87800 DEOPT UNPACKING pc=0x00000181e9ef78af sp=0x00000024cc1fe158 mode 2
Event: 35.535 Thread 0x0000018188a87800 Uncommon trap: trap_request=0xffffffde fr.pc=0x00000181f210ac60 relative=0x00000000000001a0
Event: 35.535 Thread 0x0000018188a87800 Uncommon trap: reason=class_check action=maybe_recompile pc=0x00000181f210ac60 method=com.android.tools.r8.internal.g8.a(Ljava/util/function/Predicate;Ljava/util/function/Function;Lcom/android/tools/r8/internal/BE$a;Lcom/android/tools/r8/internal/BE$b;)Lc
Event: 35.535 Thread 0x0000018188a87800 DEOPT PACKING pc=0x00000181f210ac60 sp=0x00000024cc1fe1a0
Event: 35.535 Thread 0x0000018188a87800 DEOPT UNPACKING pc=0x00000181e9ef78af sp=0x00000024cc1fe130 mode 2
Event: 35.596 Thread 0x0000018188a87800 Uncommon trap: trap_request=0xffffffde fr.pc=0x00000181f210ac60 relative=0x00000000000001a0
Event: 35.596 Thread 0x0000018188a87800 Uncommon trap: reason=class_check action=maybe_recompile pc=0x00000181f210ac60 method=com.android.tools.r8.internal.g8.a(Ljava/util/function/Predicate;Ljava/util/function/Function;Lcom/android/tools/r8/internal/BE$a;Lcom/android/tools/r8/internal/BE$b;)Lc
Event: 35.596 Thread 0x0000018188a87800 DEOPT PACKING pc=0x00000181f210ac60 sp=0x00000024cc1fe1a0
Event: 35.596 Thread 0x0000018188a87800 DEOPT UNPACKING pc=0x00000181e9ef78af sp=0x00000024cc1fe130 mode 2
Event: 35.597 Thread 0x0000018188a87800 Uncommon trap: trap_request=0xffffffde fr.pc=0x00000181f210ac60 relative=0x00000000000001a0
Event: 35.597 Thread 0x0000018188a87800 Uncommon trap: reason=class_check action=maybe_recompile pc=0x00000181f210ac60 method=com.android.tools.r8.internal.g8.a(Ljava/util/function/Predicate;Ljava/util/function/Function;Lcom/android/tools/r8/internal/BE$a;Lcom/android/tools/r8/internal/BE$b;)Lc
Event: 35.597 Thread 0x0000018188a87800 DEOPT PACKING pc=0x00000181f210ac60 sp=0x00000024cc1fe290
Event: 35.597 Thread 0x0000018188a87800 DEOPT UNPACKING pc=0x00000181e9ef78af sp=0x00000024cc1fe220 mode 2
Event: 35.597 Thread 0x0000018188a87800 Uncommon trap: trap_request=0xffffffde fr.pc=0x00000181f210ac60 relative=0x00000000000001a0
Event: 35.597 Thread 0x0000018188a87800 Uncommon trap: reason=class_check action=maybe_recompile pc=0x00000181f210ac60 method=com.android.tools.r8.internal.g8.a(Ljava/util/function/Predicate;Ljava/util/function/Function;Lcom/android/tools/r8/internal/BE$a;Lcom/android/tools/r8/internal/BE$b;)Lc
Event: 35.597 Thread 0x0000018188a87800 DEOPT PACKING pc=0x00000181f210ac60 sp=0x00000024cc1fe290
Event: 35.597 Thread 0x0000018188a87800 DEOPT UNPACKING pc=0x00000181e9ef78af sp=0x00000024cc1fe220 mode 2

Classes redefined (0 events):
No events

Internal exceptions (20 events):
Event: 30.832 Thread 0x0000018188a82800 Exception <a 'java/lang/NoSuchMethodError'{0x000000008a663630}: 'java.lang.Object java.lang.invoke.Invokers$Holder.linkToTargetMethod(long, java.lang.Object)'> (0x000000008a663630) thrown at [./src/hotspot/share/interpreter/linkResolver.cpp, line 773]
Event: 30.837 Thread 0x0000018188a82800 Exception <a 'java/lang/NoSuchMethodError'{0x000000008a681698}: 'java.lang.Object java.lang.invoke.DirectMethodHandle$Holder.invokeStaticInit(java.lang.Object, java.lang.Object, long, java.lang.Object)'> (0x000000008a681698) thrown at [./src/hotspot/share/interpreter/linkResolver.cpp, line 773]
Event: 30.838 Thread 0x0000018188a82800 Exception <a 'java/lang/NoSuchMethodError'{0x000000008a687cc0}: 'java.lang.Object java.lang.invoke.DirectMethodHandle$Holder.invokeStatic(java.lang.Object, java.lang.Object, long)'> (0x000000008a687cc0) thrown at [./src/hotspot/share/interpreter/linkResolver.cpp, line 773]
Event: 30.839 Thread 0x0000018188a82800 Exception <a 'java/lang/NoSuchMethodError'{0x000000008a693d30}: 'java.lang.Object java.lang.invoke.Invokers$Holder.linkToTargetMethod(java.lang.Object, long, java.lang.Object)'> (0x000000008a693d30) thrown at [./src/hotspot/share/interpreter/linkResolver.cpp, line 773]
Event: 31.279 Thread 0x000001818ea3e000 Exception <a 'java/lang/IncompatibleClassChangeError'{0x00000000885ead58}: Found class java.lang.Object, but interface was expected> (0x00000000885ead58) thrown at [./src/hotspot/share/interpreter/linkResolver.cpp, line 839]
Event: 31.279 Thread 0x0000018188a89000 Exception <a 'java/lang/IncompatibleClassChangeError'{0x00000000885dbba0}: Found class java.lang.Object, but interface was expected> (0x00000000885dbba0) thrown at [./src/hotspot/share/interpreter/linkResolver.cpp, line 839]
Event: 31.361 Thread 0x000001818ea3e000 Exception <a 'java/lang/IncompatibleClassChangeError'{0x000000008b8cede8}: Found class java.lang.Object, but interface was expected> (0x000000008b8cede8) thrown at [./src/hotspot/share/interpreter/linkResolver.cpp, line 839]
Event: 31.363 Thread 0x000001818ea41000 Exception <a 'java/lang/NoSuchMethodError'{0x000000008b8f3028}: 'java.lang.Object java.lang.invoke.DirectMethodHandle$Holder.newInvokeSpecial(java.lang.Object, int)'> (0x000000008b8f3028) thrown at [./src/hotspot/share/interpreter/linkResolver.cpp, line 773]
Event: 31.363 Thread 0x000001818ea3e000 Exception <a 'java/lang/IncompatibleClassChangeError'{0x000000008b8f67d8}: Found class java.lang.Object, but interface was expected> (0x000000008b8f67d8) thrown at [./src/hotspot/share/interpreter/linkResolver.cpp, line 839]
Event: 31.383 Thread 0x0000018188a82800 Exception <a 'java/lang/NoSuchMethodError'{0x000000008b7eaea8}: 'int java.lang.invoke.DirectMethodHandle$Holder.invokeSpecialIFC(java.lang.Object, java.lang.Object, java.lang.Object)'> (0x000000008b7eaea8) thrown at [./src/hotspot/share/interpreter/linkResolver.cpp, line 773]
Event: 32.221 Thread 0x0000018188a7c000 Exception <a 'java/lang/NoSuchMethodError'{0x000000008abd5390}: 'int java.lang.invoke.DirectMethodHandle$Holder.invokeVirtual(java.lang.Object, java.lang.Object, java.lang.Object, java.lang.Object)'> (0x000000008abd5390) thrown at [./src/hotspot/share/interpreter/linkResolver.cpp, line 773]
Event: 32.353 Thread 0x0000018188a7c000 Exception <a 'java/lang/IncompatibleClassChangeError'{0x000000008aafc630}: Found class java.lang.Object, but interface was expected> (0x000000008aafc630) thrown at [./src/hotspot/share/interpreter/linkResolver.cpp, line 839]
Event: 32.375 Thread 0x0000018188a87800 Exception <a 'java/lang/NoSuchMethodError'{0x000000008a92a9e0}: 'int java.lang.invoke.DirectMethodHandle$Holder.invokeVirtual(java.lang.Object, java.lang.Object, java.lang.Object)'> (0x000000008a92a9e0) thrown at [./src/hotspot/share/interpreter/linkResolver.cpp, line 773]
Event: 32.375 Thread 0x000001818ea3e800 Exception <a 'java/lang/NoSuchMethodError'{0x000000008ac84a90}: 'int java.lang.invoke.DirectMethodHandle$Holder.invokeVirtual(java.lang.Object, java.lang.Object, java.lang.Object)'> (0x000000008ac84a90) thrown at [./src/hotspot/share/interpreter/linkResolver.cpp, line 773]
Event: 32.376 Thread 0x000001818ea3d000 Exception <a 'java/lang/NoSuchMethodError'{0x000000008a93b5a0}: 'int java.lang.invoke.DirectMethodHandle$Holder.invokeVirtual(java.lang.Object, java.lang.Object, java.lang.Object)'> (0x000000008a93b5a0) thrown at [./src/hotspot/share/interpreter/linkResolver.cpp, line 773]
Event: 32.972 Thread 0x0000018188a7c000 Exception <a 'java/lang/NoSuchMethodError'{0x000000008d7f7050}: 'java.lang.Object java.lang.invoke.Invokers$Holder.linkToTargetMethod(java.lang.Object, int, java.lang.Object, java.lang.Object, java.lang.Object, java.lang.Object)'> (0x000000008d7f7050) thrown at [./src/hotspot/share/interpreter/linkResolver.cpp, line 773]
Event: 32.974 Thread 0x0000018188a7c000 Exception <a 'java/lang/NoSuchMethodError'{0x000000008d7faf50}: 'void java.lang.invoke.DirectMethodHandle$Holder.invokeSpecial(java.lang.Object, java.lang.Object, java.lang.Object, java.lang.Object, java.lang.Object, java.lang.Object, java.lang.Object, java.lang.Object, java.lang.Object)'> (0x000000008d7faf50) thrown at [./src/hotspot/share/interpreter/linkResolver.cpp, line 773]
Event: 32.997 Thread 0x0000018188a7c000 Exception <a 'java/lang/NoSuchMethodError'{0x000000008dd04f98}: 'java.lang.Object java.lang.invoke.Invokers$Holder.linkToTargetMethod(java.lang.Object, java.lang.Object, java.lang.Object, java.lang.Object, java.lang.Object, java.lang.Object, java.lang.Object)'> (0x000000008dd04f98) thrown at [./src/hotspot/share/interpreter/linkResolver.cpp, line 773]
Event: 33.003 Thread 0x0000018188a7c000 Exception <a 'java/lang/NoSuchMethodError'{0x000000008dd16828}: 'void java.lang.invoke.DirectMethodHandle$Holder.invokeStatic(java.lang.Object, java.lang.Object, java.lang.Object, java.lang.Object, java.lang.Object, java.lang.Object, java.lang.Object, java.lang.Object)'> (0x000000008dd16828) thrown at [./src/hotspot/share/interpreter/linkResolver.cpp, line 773]
Event: 34.604 Thread 0x0000018188a7c000 Exception <a 'java/lang/IncompatibleClassChangeError'{0x000000008d6ba258}: Found class java.lang.Object, but interface was expected> (0x000000008d6ba258) thrown at [./src/hotspot/share/interpreter/linkResolver.cpp, line 839]

Events (20 events):
Event: 35.532 loading class com/android/tools/r8/internal/DE done
Event: 35.532 loading class com/android/tools/r8/internal/CE
Event: 35.532 loading class com/android/tools/r8/internal/CE done
Event: 35.532 loading class com/android/tools/r8/graph/G$j
Event: 35.532 loading class com/android/tools/r8/graph/G$j done
Event: 35.532 loading class com/android/tools/r8/graph/G$j
Event: 35.532 loading class com/android/tools/r8/graph/G$j done
Event: 35.533 loading class com/android/tools/r8/graph/G$j
Event: 35.533 loading class com/android/tools/r8/graph/G$j done
Event: 35.533 loading class com/android/tools/r8/graph/G$j
Event: 35.533 loading class com/android/tools/r8/graph/G$j done
Event: 35.533 loading class com/android/tools/r8/graph/G$j
Event: 35.533 loading class com/android/tools/r8/graph/G$j done
Event: 35.534 loading class com/android/tools/r8/graph/G$j
Event: 35.534 loading class com/android/tools/r8/graph/G$j done
Event: 35.534 loading class com/android/tools/r8/graph/G$j
Event: 35.534 loading class com/android/tools/r8/graph/G$j done
Event: 35.546 Executing VM operation: G1CollectForAllocation
Event: 35.573 Executing VM operation: G1CollectForAllocation done
Event: 35.628 Executing VM operation: G1CollectForAllocation


Dynamic libraries:
0x00007ff70e0a0000 - 0x00007ff70e0aa000 	C:\Program Files\Android\Android Studio1\jre\bin\java.exe
0x00007ffd35550000 - 0x00007ffd35746000 	C:\WINDOWS\SYSTEM32\ntdll.dll
0x00007ffd34800000 - 0x00007ffd348bd000 	C:\WINDOWS\System32\KERNEL32.DLL
0x00007ffd32d40000 - 0x00007ffd33009000 	C:\WINDOWS\System32\KERNELBASE.dll
0x00007ffd2ce30000 - 0x00007ffd2cec0000 	C:\WINDOWS\SYSTEM32\apphelp.dll
0x00007ffd33010000 - 0x00007ffd33110000 	C:\WINDOWS\System32\ucrtbase.dll
0x00007ffd25410000 - 0x00007ffd25427000 	C:\Program Files\Android\Android Studio1\jre\bin\VCRUNTIME140.dll
0x00007ffd29dc0000 - 0x00007ffd29dd9000 	C:\Program Files\Android\Android Studio1\jre\bin\jli.dll
0x00007ffd33940000 - 0x00007ffd33ae0000 	C:\WINDOWS\System32\USER32.dll
0x00007ffd32c90000 - 0x00007ffd32cb2000 	C:\WINDOWS\System32\win32u.dll
0x00007ffd351a0000 - 0x00007ffd351ca000 	C:\WINDOWS\System32\GDI32.dll
0x00007ffd1f6e0000 - 0x00007ffd1f97b000 	C:\WINDOWS\WinSxS\amd64_microsoft.windows.common-controls_6595b64144ccf1df_6.0.19041.746_none_ca02b4b61b8320a4\COMCTL32.dll
0x00007ffd33210000 - 0x00007ffd3331b000 	C:\WINDOWS\System32\gdi32full.dll
0x00007ffd33170000 - 0x00007ffd3320d000 	C:\WINDOWS\System32\msvcp_win.dll
0x00007ffd33d20000 - 0x00007ffd33dbe000 	C:\WINDOWS\System32\msvcrt.dll
0x00007ffd33ae0000 - 0x00007ffd33b10000 	C:\WINDOWS\System32\IMM32.DLL
0x00007ffd12160000 - 0x00007ffd121fd000 	C:\Program Files\Android\Android Studio1\jre\bin\msvcp140.dll
0x00007ffce83d0000 - 0x00007ffce8e9f000 	C:\Program Files\Android\Android Studio1\jre\bin\server\jvm.dll
0x00007ffd348c0000 - 0x00007ffd3496c000 	C:\WINDOWS\System32\ADVAPI32.dll
0x00007ffd35470000 - 0x00007ffd3550c000 	C:\WINDOWS\System32\sechost.dll
0x00007ffd33e40000 - 0x00007ffd33f6b000 	C:\WINDOWS\System32\RPCRT4.dll
0x00007ffd35460000 - 0x00007ffd35468000 	C:\WINDOWS\System32\PSAPI.DLL
0x00007ffd1d810000 - 0x00007ffd1d819000 	C:\WINDOWS\SYSTEM32\WSOCK32.dll
0x00007ffd1e6e0000 - 0x00007ffd1e707000 	C:\WINDOWS\SYSTEM32\WINMM.dll
0x00007ffd27f80000 - 0x00007ffd27f8a000 	C:\WINDOWS\SYSTEM32\VERSION.dll
0x00007ffd33dd0000 - 0x00007ffd33e3b000 	C:\WINDOWS\System32\WS2_32.dll
0x00007ffd31560000 - 0x00007ffd31572000 	C:\WINDOWS\SYSTEM32\kernel.appcore.dll
0x00007ffd1eb00000 - 0x00007ffd1eb11000 	C:\Program Files\Android\Android Studio1\jre\bin\verify.dll
0x00007ffd311f0000 - 0x00007ffd313d4000 	C:\WINDOWS\SYSTEM32\DBGHELP.DLL
0x00007ffd26a90000 - 0x00007ffd26abc000 	C:\WINDOWS\SYSTEM32\dbgcore.DLL
0x00007ffd32cc0000 - 0x00007ffd32d40000 	C:\WINDOWS\System32\bcryptPrimitives.dll
0x00007ffd151a0000 - 0x00007ffd151c9000 	C:\Program Files\Android\Android Studio1\jre\bin\java.dll
0x00007ffd29d60000 - 0x00007ffd29d6b000 	C:\Program Files\Android\Android Studio1\jre\bin\jimage.dll
0x00007ffd1e750000 - 0x00007ffd1e768000 	C:\Program Files\Android\Android Studio1\jre\bin\zip.dll
0x00007ffd34a50000 - 0x00007ffd35192000 	C:\WINDOWS\System32\SHELL32.dll
0x00007ffd30a60000 - 0x00007ffd311f0000 	C:\WINDOWS\SYSTEM32\windows.storage.dll
0x00007ffd34440000 - 0x00007ffd34796000 	C:\WINDOWS\System32\combase.dll
0x00007ffd32680000 - 0x00007ffd326ac000 	C:\WINDOWS\SYSTEM32\Wldp.dll
0x00007ffd33b10000 - 0x00007ffd33bbe000 	C:\WINDOWS\System32\SHCORE.dll
0x00007ffd33660000 - 0x00007ffd336b5000 	C:\WINDOWS\System32\shlwapi.dll
0x00007ffd32bc0000 - 0x00007ffd32be6000 	C:\WINDOWS\SYSTEM32\profapi.dll
0x00007ffd15180000 - 0x00007ffd1519a000 	C:\Program Files\Android\Android Studio1\jre\bin\net.dll
0x00007ffd2ac10000 - 0x00007ffd2ad10000 	C:\WINDOWS\SYSTEM32\WINHTTP.dll
0x00007ffd32400000 - 0x00007ffd3246a000 	C:\WINDOWS\system32\mswsock.dll
0x00007ffd14cc0000 - 0x00007ffd14cd4000 	C:\Program Files\Android\Android Studio1\jre\bin\nio.dll
0x00007ffd24d80000 - 0x00007ffd24da7000 	C:\Users\shekiba\.gradle\native\8bec1ad78214c89d9ad589b4d07fe93259594b29d510b10fafb7a158f7737e5d\windows-amd64\native-platform.dll
0x00007ffcf6f20000 - 0x00007ffcf705d000 	C:\Users\shekiba\.gradle\native\53dbd7edfb1c66fb8903c78663c9afc45aea4f116125fa6feffd364cf09443e8\windows-amd64\native-platform-file-events.dll
0x00007ffd27000000 - 0x00007ffd2700a000 	C:\Program Files\Android\Android Studio1\jre\bin\management.dll
0x00007ffd251f0000 - 0x00007ffd251fc000 	C:\Program Files\Android\Android Studio1\jre\bin\management_ext.dll
0x00007ffd325d0000 - 0x00007ffd325e8000 	C:\WINDOWS\SYSTEM32\CRYPTSP.dll
0x00007ffd31d40000 - 0x00007ffd31d74000 	C:\WINDOWS\system32\rsaenh.dll
0x00007ffd33420000 - 0x00007ffd33447000 	C:\WINDOWS\System32\bcrypt.dll
0x00007ffd32b40000 - 0x00007ffd32b6e000 	C:\WINDOWS\SYSTEM32\USERENV.dll
0x00007ffd325f0000 - 0x00007ffd325fc000 	C:\WINDOWS\SYSTEM32\CRYPTBASE.dll
0x00007ffd32090000 - 0x00007ffd320cb000 	C:\WINDOWS\SYSTEM32\IPHLPAPI.DLL
0x00007ffd33bc0000 - 0x00007ffd33bc8000 	C:\WINDOWS\System32\NSI.dll
0x00007ffd26c20000 - 0x00007ffd26c37000 	C:\WINDOWS\SYSTEM32\dhcpcsvc6.DLL
0x00007ffd26f20000 - 0x00007ffd26f3d000 	C:\WINDOWS\SYSTEM32\dhcpcsvc.DLL
0x00007ffd320d0000 - 0x00007ffd3219b000 	C:\WINDOWS\SYSTEM32\DNSAPI.dll

dbghelp: loaded successfully - version: 4.0.5 - missing functions: none
symbol engine: initialized successfully - sym options: 0x614 - pdb path: .;C:\Program Files\Android\Android Studio1\jre\bin;C:\WINDOWS\SYSTEM32;C:\WINDOWS\WinSxS\amd64_microsoft.windows.common-controls_6595b64144ccf1df_6.0.19041.746_none_ca02b4b61b8320a4;C:\Program Files\Android\Android Studio1\jre\bin\server;C:\Users\shekiba\.gradle\native\8bec1ad78214c89d9ad589b4d07fe93259594b29d510b10fafb7a158f7737e5d\windows-amd64;C:\Users\shekiba\.gradle\native\53dbd7edfb1c66fb8903c78663c9afc45aea4f116125fa6feffd364cf09443e8\windows-amd64

VM Arguments:
jvm_args: --add-opens=java.base/java.util=ALL-UNNAMED --add-opens=java.base/java.lang=ALL-UNNAMED --add-opens=java.base/java.lang.invoke=ALL-UNNAMED --add-opens=java.base/java.util=ALL-UNNAMED --add-opens=java.prefs/java.util.prefs=ALL-UNNAMED --add-opens=java.prefs/java.util.prefs=ALL-UNNAMED --add-opens=java.base/java.nio.charset=ALL-UNNAMED --add-opens=java.base/java.net=ALL-UNNAMED --add-opens=java.base/java.util.concurrent.atomic=ALL-UNNAMED -Xmx2048m -Dfile.encoding=UTF-8 -Duser.country=NZ -Duser.language=en -Duser.variant 
java_command: org.gradle.launcher.daemon.bootstrap.GradleDaemon 7.0.2
java_class_path (initial): C:\Users\shekiba\.gradle\wrapper\dists\gradle-7.0.2-bin\857tjihv64xamwrf0h14cai3r\gradle-7.0.2\lib\gradle-launcher-7.0.2.jar
Launcher Type: SUN_STANDARD

[Global flags]
     intx CICompilerCount                          = 4                                         {product} {ergonomic}
     uint ConcGCThreads                            = 2                                         {product} {ergonomic}
     uint G1ConcRefinementThreads                  = 8                                         {product} {ergonomic}
   size_t G1HeapRegionSize                         = 1048576                                   {product} {ergonomic}
    uintx GCDrainStackTargetSize                   = 64                                        {product} {ergonomic}
   size_t InitialHeapSize                          = 134217728                                 {product} {ergonomic}
   size_t MarkStackSize                            = 4194304                                   {product} {ergonomic}
   size_t MaxHeapSize                              = 2147483648                                {product} {command line}
   size_t MaxNewSize                               = 1287651328                                {product} {ergonomic}
   size_t MinHeapDeltaBytes                        = 1048576                                   {product} {ergonomic}
    uintx NonNMethodCodeHeapSize                   = 5836300                                {pd product} {ergonomic}
    uintx NonProfiledCodeHeapSize                  = 122910970                              {pd product} {ergonomic}
    uintx ProfiledCodeHeapSize                     = 122910970                              {pd product} {ergonomic}
    uintx ReservedCodeCacheSize                    = 251658240                              {pd product} {ergonomic}
     bool SegmentedCodeCache                       = true                                      {product} {ergonomic}
     bool UseCompressedClassPointers               = true                                 {lp64_product} {ergonomic}
     bool UseCompressedOops                        = true                                 {lp64_product} {ergonomic}
     bool UseG1GC                                  = true                                      {product} {ergonomic}
     bool UseLargePagesIndividualAllocation        = false                                  {pd product} {ergonomic}

Logging:
Log output configuration:
 #0: stdout all=warning uptime,level,tags
 #1: stderr all=off uptime,level,tags

Environment Variables:
PATH=C:\WINDOWS\system32;C:\WINDOWS;C:\WINDOWS\System32\Wbem;C:\WINDOWS\System32\WindowsPowerShell\v1.0\;C:\WINDOWS\System32\OpenSSH\;C:\Users\shekiba\AppData\Local\Microsoft\WindowsApps;
USERNAME=shekiba
OS=Windows_NT
PROCESSOR_IDENTIFIER=Intel64 Family 6 Model 142 Stepping 10, GenuineIntel



---------------  S Y S T E M  ---------------

OS: Windows 10 , 64 bit Build 19041 (10.0.19041.804)
OS uptime: 104 days 16:11 hours

CPU:total 8 (initial active 8) (4 cores per cpu, 2 threads per core) family 6 model 142 stepping 10 microcode 0xe0, cmov, cx8, fxsr, mmx, sse, sse2, sse3, ssse3, sse4.1, sse4.2, popcnt, avx, avx2, aes, clmul, erms, 3dnowpref, lzcnt, ht, tsc, tscinvbit, bmi1, bmi2, adx, fma

Memory: 4k page, system-wide physical 8109M (330M free)
TotalPageFile size 23082M (AvailPageFile size 62M)
current process WorkingSet (physical memory assigned to process): 448M, peak: 453M
current process commit charge ("private bytes"): 559M, peak: 756M

vm_info: OpenJDK 64-Bit Server VM (11.0.10+0-b96-7249189) for windows-amd64 JRE (11.0.10+0-b96-7249189), built on Mar 31 2021 21:44:00 by "builder" with MS VC++ 14.0 (VS2015)

END.
