#
# There is insufficient memory for the Java Runtime Environment to continue.
# Native memory allocation (mmap) failed to map 56623104 bytes for Failed to commit area from 0x0000000090c00000 to 0x0000000094200000 of length 56623104.
# Possible reasons:
#   The system is out of physical RAM or swap space
#   The process is running with CompressedOops enabled, and the Java Heap may be blocking the growth of the native heap
# Possible solutions:
#   Reduce memory load on the system
#   Increase physical memory or swap space
#   Check if swap backing store is full
#   Decrease Java heap size (-Xmx/-Xms)
#   Decrease number of Java threads
#   Decrease Java thread stack sizes (-Xss)
#   Set larger code cache with -XX:ReservedCodeCacheSize=
#   JVM is running with Unscaled Compressed Oops mode in which the Java heap is
#     placed in the first 4GB address space. The Java Heap base address is the
#     maximum limit for the native heap growth. Please use -XX:HeapBaseMinAddress
#     to set the Java Heap base and to place the Java Heap above 4GB virtual address.
# This output file may be truncated or incomplete.
#
#  Out of Memory Error (./src/hotspot/os/windows/os_windows.cpp:3301), pid=15544, tid=17444
#
# JRE version: OpenJDK Runtime Environment (11.0.10) (build 11.0.10+0-b96-7249189)
# Java VM: OpenJDK 64-Bit Server VM (11.0.10+0-b96-7249189, mixed mode, tiered, compressed oops, g1 gc, windows-amd64)
# No core dump will be written. Minidumps are not enabled by default on client versions of Windows
#

---------------  S U M M A R Y ------------

Command Line: --add-opens=java.base/java.util=ALL-UNNAMED --add-opens=java.base/java.lang=ALL-UNNAMED --add-opens=java.base/java.lang.invoke=ALL-UNNAMED --add-opens=java.base/java.util=ALL-UNNAMED --add-opens=java.prefs/java.util.prefs=ALL-UNNAMED --add-opens=java.prefs/java.util.prefs=ALL-UNNAMED --add-opens=java.base/java.nio.charset=ALL-UNNAMED --add-opens=java.base/java.net=ALL-UNNAMED --add-opens=java.base/java.util.concurrent.atomic=ALL-UNNAMED -Xmx2048m -Dfile.encoding=UTF-8 -Duser.country=NZ -Duser.language=en -Duser.variant org.gradle.launcher.daemon.bootstrap.GradleDaemon 7.0.2

Host: Intel(R) Core(TM) i5-8250U CPU @ 1.60GHz, 8 cores, 7G,  Windows 10 , 64 bit Build 19041 (10.0.19041.804)
Time: Tue Aug 24 15:22:00 2021 New Zealand Standard Time elapsed time: 34.984101 seconds (0d 0h 0m 34s)

---------------  T H R E A D  ---------------

Current thread (0x00000174fcf62800):  VMThread "VM Thread" [stack: 0x0000005043900000,0x0000005043a00000] [id=17444]

Stack: [0x0000005043900000,0x0000005043a00000]
[error occurred during error reporting (printing stack bounds), id 0xc0000005, EXCEPTION_ACCESS_VIOLATION (0xc0000005) at pc=0x00000174e5e30f2d]

Native frames: (J=compiled Java code, j=interpreted, Vv=VM code, C=native code)
V  [jvm.dll+0x5ecfaa]
V  [jvm.dll+0x722bd5]
V  [jvm.dll+0x72412d]
V  [jvm.dll+0x724745]
V  [jvm.dll+0x7246fb]
V  [jvm.dll+0x5ec348]
V  [jvm.dll+0x5ecad8]
C  [ntdll.dll+0xa197f]
C  [ntdll.dll+0x4b754]
C  [ntdll.dll+0xa04ae]
C  0x00000174e5e30f2d

VM_Operation (0x00000050483fb050): G1CollectForAllocation, mode: safepoint, requested by thread 0x0000017481cc1800


---------------  P R O C E S S  ---------------

Threads class SMR info:
_java_thread_list=0x000001748515fac0, length=73, elements={
0x00000174e0b3a000, 0x00000174fcf7a000, 0x00000174fcf83800, 0x00000174fcf6c000,
0x00000174fcf6d000, 0x00000174fcf6f000, 0x00000174fcf72800, 0x00000174fcf73800,
0x00000174fd7fe800, 0x00000174fd981800, 0x000001748061c800, 0x0000017480066000,
0x000001748015f000, 0x00000174ff3ab800, 0x00000174806b6800, 0x0000017480e82000,
0x00000174ff47e800, 0x00000174802d8800, 0x00000174803af000, 0x00000174803b1800,
0x00000174803ab800, 0x00000174803b2000, 0x00000174803ac800, 0x00000174803ad000,
0x00000174803ae000, 0x00000174803af800, 0x00000174803b0800, 0x00000174808e6800,
0x00000174808e5000, 0x00000174808e6000, 0x00000174808e7800, 0x00000174808e8000,
0x00000174808e9000, 0x00000174808ee000, 0x00000174808ec800, 0x00000174808ee800,
0x00000174808ef800, 0x00000174808ea800, 0x00000174808ed000, 0x00000174808f0800,
0x00000174808f1000, 0x00000174808eb800, 0x0000017480772000, 0x000001748076e000,
0x0000017480773800, 0x0000017480771000, 0x0000017480772800, 0x0000017480774800,
0x000001748076e800, 0x000001748076f800, 0x00000174848d4800, 0x00000174848d3800,
0x00000174848d3000, 0x00000174848d5000, 0x00000174848cf800, 0x00000174848d6000,
0x00000174848d0800, 0x00000174848d2000, 0x00000174848d1000, 0x0000017481cc2800,
0x0000017481cc4000, 0x0000017481cc1000, 0x0000017481cc5000, 0x0000017481cc1800,
0x0000017481cc5800, 0x0000017481ccb800, 0x0000017481ccc000, 0x0000017481ccd000,
0x0000017481cc7800, 0x0000017481cca800, 0x0000017481cc8000, 0x0000017481cc9000,
0x0000017484abf000
}

Java Threads: ( => current thread )
  0x00000174e0b3a000 JavaThread "main" [_thread_blocked, id=21480, stack(0x0000005043300000,0x0000005043400000)]
  0x00000174fcf7a000 JavaThread "Reference Handler" daemon [_thread_blocked, id=16840, stack(0x0000005043a00000,0x0000005043b00000)]
  0x00000174fcf83800 JavaThread "Finalizer" daemon [_thread_blocked, id=2416, stack(0x0000005043b00000,0x0000005043c00000)]
  0x00000174fcf6c000 JavaThread "Signal Dispatcher" daemon [_thread_blocked, id=19340, stack(0x0000005043c00000,0x0000005043d00000)]
  0x00000174fcf6d000 JavaThread "Attach Listener" daemon [_thread_blocked, id=14572, stack(0x0000005043d00000,0x0000005043e00000)]
  0x00000174fcf6f000 JavaThread "Service Thread" daemon [_thread_blocked, id=1820, stack(0x0000005043e00000,0x0000005043f00000)]
  0x00000174fcf72800 JavaThread "C2 CompilerThread0" daemon [_thread_in_native, id=13368, stack(0x0000005043f00000,0x0000005044000000)]
  0x00000174fcf73800 JavaThread "C1 CompilerThread0" daemon [_thread_blocked, id=14380, stack(0x0000005044000000,0x0000005044100000)]
  0x00000174fd7fe800 JavaThread "Sweeper thread" daemon [_thread_blocked, id=12608, stack(0x0000005044100000,0x0000005044200000)]
  0x00000174fd981800 JavaThread "Common-Cleaner" daemon [_thread_blocked, id=22028, stack(0x0000005044200000,0x0000005044300000)]
  0x000001748061c800 JavaThread "Daemon health stats" [_thread_blocked, id=8420, stack(0x0000005044700000,0x0000005044800000)]
  0x0000017480066000 JavaThread "Incoming local TCP Connector on port 60086" [_thread_in_native, id=7480, stack(0x0000005044400000,0x0000005044500000)]
  0x000001748015f000 JavaThread "Daemon periodic checks" [_thread_blocked, id=19156, stack(0x0000005044800000,0x0000005044900000)]
  0x00000174ff3ab800 JavaThread "Daemon" [_thread_blocked, id=8140, stack(0x0000005044900000,0x0000005044a00000)]
  0x00000174806b6800 JavaThread "Handler for socket connection from /127.0.0.1:60086 to /127.0.0.1:60087" [_thread_in_native, id=7852, stack(0x0000005044a00000,0x0000005044b00000)]
  0x0000017480e82000 JavaThread "Cancel handler" [_thread_blocked, id=19160, stack(0x0000005044b00000,0x0000005044c00000)]
  0x00000174ff47e800 JavaThread "Daemon worker" [_thread_blocked, id=8460, stack(0x0000005044c00000,0x0000005044d00000)]
  0x00000174802d8800 JavaThread "Asynchronous log dispatcher for DefaultDaemonConnection: socket connection from /127.0.0.1:60086 to /127.0.0.1:60087" [_thread_blocked, id=20904, stack(0x0000005044e00000,0x0000005044f00000)]
  0x00000174803af000 JavaThread "Stdin handler" [_thread_blocked, id=18676, stack(0x0000005044f00000,0x0000005045000000)]
  0x00000174803b1800 JavaThread "Daemon client event forwarder" [_thread_blocked, id=11580, stack(0x0000005045500000,0x0000005045600000)]
  0x00000174803ab800 JavaThread "Cache worker for file hash cache (C:\Users\shekiba\.gradle\caches\7.0.2\fileHashes)" [_thread_blocked, id=11820, stack(0x0000005044d00000,0x0000005044e00000)]
  0x00000174803b2000 JavaThread "File lock request listener" [_thread_in_native, id=2356, stack(0x0000005045600000,0x0000005045700000)]
  0x00000174803ac800 JavaThread "Cache worker for journal cache (C:\Users\shekiba\.gradle\caches\journal-1)" [_thread_blocked, id=23836, stack(0x0000005045800000,0x0000005045900000)]
  0x00000174803ad000 JavaThread "Cache worker for file hash cache (C:\Users\shekiba\Desktop\CatchingGame\.gradle\7.0.2\fileHashes)" [_thread_blocked, id=16164, stack(0x0000005045a00000,0x0000005045b00000)]
  0x00000174803ae000 JavaThread "File watcher server" daemon [_thread_blocked, id=18060, stack(0x0000005045b00000,0x0000005045c00000)]
  0x00000174803af800 JavaThread "File watcher consumer" daemon [_thread_blocked, id=23264, stack(0x0000005045c00000,0x0000005045d00000)]
  0x00000174803b0800 JavaThread "Cache worker for checksums cache (C:\Users\shekiba\Desktop\CatchingGame\.gradle\checksums)" [_thread_blocked, id=1248, stack(0x0000005045d00000,0x0000005045e00000)]
  0x00000174808e6800 JavaThread "Cache worker for cache directory md-supplier (C:\Users\shekiba\.gradle\caches\7.0.2\md-supplier)" [_thread_blocked, id=17308, stack(0x0000005045e00000,0x0000005045f00000)]
  0x00000174808e5000 JavaThread "Cache worker for cache directory md-rule (C:\Users\shekiba\.gradle\caches\7.0.2\md-rule)" [_thread_blocked, id=16640, stack(0x0000005046000000,0x0000005046100000)]
  0x00000174808e6000 JavaThread "Cache worker for execution history cache (C:\Users\shekiba\.gradle\caches\7.0.2\executionHistory)" [_thread_blocked, id=8344, stack(0x0000005046100000,0x0000005046200000)]
  0x00000174808e7800 JavaThread "jar transforms" [_thread_blocked, id=15800, stack(0x0000005046200000,0x0000005046300000)]
  0x00000174808e8000 JavaThread "jar transforms Thread 2" [_thread_blocked, id=19628, stack(0x0000005046300000,0x0000005046400000)]
  0x00000174808e9000 JavaThread "Cache worker for file content cache (C:\Users\shekiba\.gradle\caches\7.0.2\fileContent)" [_thread_blocked, id=22824, stack(0x0000005046400000,0x0000005046500000)]
  0x00000174808ee000 JavaThread "Cache worker for dependencies-accessors (C:\Users\shekiba\Desktop\CatchingGame\.gradle\7.0.2\dependencies-accessors)" [_thread_blocked, id=20064, stack(0x0000005046500000,0x0000005046600000)]
  0x00000174808ec800 JavaThread "jar transforms Thread 3" [_thread_blocked, id=6480, stack(0x0000005046600000,0x0000005046700000)]
  0x00000174808ee800 JavaThread "Cache worker for Build Output Cleanup Cache (C:\Users\shekiba\Desktop\CatchingGame\.gradle\buildOutputCleanup)" [_thread_blocked, id=10400, stack(0x0000005046700000,0x0000005046800000)]
  0x00000174808ef800 JavaThread "Build operations" [_thread_blocked, id=6524, stack(0x0000005046800000,0x0000005046900000)]
  0x00000174808ea800 JavaThread "Build operations Thread 2" [_thread_blocked, id=23056, stack(0x0000005046900000,0x0000005046a00000)]
  0x00000174808ed000 JavaThread "Build operations Thread 3" [_thread_blocked, id=7964, stack(0x0000005046a00000,0x0000005046b00000)]
  0x00000174808f0800 JavaThread "Build operations Thread 4" [_thread_blocked, id=22876, stack(0x0000005046b00000,0x0000005046c00000)]
  0x00000174808f1000 JavaThread "Build operations Thread 5" [_thread_blocked, id=21744, stack(0x0000005046c00000,0x0000005046d00000)]
  0x00000174808eb800 JavaThread "Build operations Thread 6" [_thread_blocked, id=14084, stack(0x0000005046d00000,0x0000005046e00000)]
  0x0000017480772000 JavaThread "Build operations Thread 7" [_thread_blocked, id=9264, stack(0x0000005046e00000,0x0000005046f00000)]
  0x000001748076e000 JavaThread "Build operations Thread 8" [_thread_blocked, id=3096, stack(0x0000005046f00000,0x0000005047000000)]
  0x0000017480773800 JavaThread "jar transforms Thread 4" [_thread_blocked, id=21176, stack(0x0000005045f00000,0x0000005046000000)]
  0x0000017480771000 JavaThread "jar transforms Thread 5" [_thread_blocked, id=6412, stack(0x0000005047000000,0x0000005047100000)]
  0x0000017480772800 JavaThread "jar transforms Thread 6" [_thread_blocked, id=5088, stack(0x0000005047100000,0x0000005047200000)]
  0x0000017480774800 JavaThread "jar transforms Thread 7" [_thread_blocked, id=16740, stack(0x0000005047200000,0x0000005047300000)]
  0x000001748076e800 JavaThread "jar transforms Thread 8" [_thread_blocked, id=6668, stack(0x0000005047300000,0x0000005047400000)]
  0x000001748076f800 JavaThread "Memory manager" [_thread_blocked, id=8436, stack(0x0000005047400000,0x0000005047500000)]
  0x00000174848d4800 JavaThread "build event listener" [_thread_blocked, id=5984, stack(0x0000005047500000,0x0000005047600000)]
  0x00000174848d3800 JavaThread "Execution worker for ':'" [_thread_blocked, id=8112, stack(0x0000005047600000,0x0000005047700000)]
  0x00000174848d3000 JavaThread "Execution worker for ':' Thread 2" [_thread_blocked, id=9944, stack(0x0000005047700000,0x0000005047800000)]
  0x00000174848d5000 JavaThread "Execution worker for ':' Thread 3" [_thread_blocked, id=3060, stack(0x0000005047800000,0x0000005047900000)]
  0x00000174848cf800 JavaThread "Execution worker for ':' Thread 4" [_thread_blocked, id=13720, stack(0x0000005047900000,0x0000005047a00000)]
  0x00000174848d6000 JavaThread "Execution worker for ':' Thread 5" [_thread_blocked, id=10912, stack(0x0000005047a00000,0x0000005047b00000)]
  0x00000174848d0800 JavaThread "Execution worker for ':' Thread 6" [_thread_blocked, id=22336, stack(0x0000005047b00000,0x0000005047c00000)]
  0x00000174848d2000 JavaThread "Execution worker for ':' Thread 7" [_thread_blocked, id=10216, stack(0x0000005047c00000,0x0000005047d00000)]
  0x00000174848d1000 JavaThread "Cache worker for execution history cache (C:\Users\shekiba\Desktop\CatchingGame\.gradle\7.0.2\executionHistory)" [_thread_blocked, id=7432, stack(0x0000005047d00000,0x0000005047e00000)]
  0x0000017481cc2800 JavaThread "WorkerExecutor Queue" [_thread_blocked, id=6684, stack(0x0000005047e00000,0x0000005047f00000)]
  0x0000017481cc4000 JavaThread "WorkerExecutor Queue Thread 2" [_thread_blocked, id=17280, stack(0x0000005048000000,0x0000005048100000)]
  0x0000017481cc1000 JavaThread "WorkerExecutor Queue Thread 3" [_thread_blocked, id=16676, stack(0x0000005048100000,0x0000005048200000)]
  0x0000017481cc5000 JavaThread "WorkerExecutor Queue Thread 4" [_thread_blocked, id=22676, stack(0x0000005048200000,0x0000005048300000)]
  0x0000017481cc1800 JavaThread "WorkerExecutor Queue Thread 5" [_thread_blocked, id=17372, stack(0x0000005048300000,0x0000005048400000)]
  0x0000017481cc5800 JavaThread "WorkerExecutor Queue Thread 6" [_thread_blocked, id=13216, stack(0x0000005048400000,0x0000005048500000)]
  0x0000017481ccb800 JavaThread "WorkerExecutor Queue Thread 7" [_thread_blocked, id=21196, stack(0x0000005048500000,0x0000005048600000)]
  0x0000017481ccc000 JavaThread "WorkerExecutor Queue Thread 8" [_thread_blocked, id=11624, stack(0x0000005048600000,0x0000005048700000)]
  0x0000017481ccd000 JavaThread "pool-3-thread-1" [_thread_blocked, id=9948, stack(0x0000005048800000,0x0000005048900000)]
  0x0000017481cc7800 JavaThread "stderr" [_thread_in_native, id=15684, stack(0x0000005048900000,0x0000005048a00000)]
  0x0000017481cca800 JavaThread "stdout" [_thread_in_native, id=12120, stack(0x0000005048a00000,0x0000005048b00000)]
  0x0000017481cc8000 JavaThread "Cache worker for Java compile cache (C:\Users\shekiba\.gradle\caches\7.0.2\javaCompile)" [_thread_blocked, id=13728, stack(0x0000005048b00000,0x0000005048c00000)]
  0x0000017481cc9000 JavaThread "Cache worker for Java compile cache (C:\Users\shekiba\Desktop\CatchingGame\.gradle\7.0.2\javaCompile)" [_thread_blocked, id=22144, stack(0x0000005048c00000,0x0000005048d00000)]
  0x0000017484abf000 JavaThread "C2 CompilerThread1" daemon [_thread_in_native, id=1036, stack(0x0000005045900000,0x0000005045a00000)]

Other Threads:
=>0x00000174fcf62800 VMThread "VM Thread" [stack: 0x0000005043900000,0x0000005043a00000] [id=17444]
  0x00000174fd99c800 WatcherThread [stack: 0x0000005044300000,0x0000005044400000] [id=544]
  0x00000174e0b52800 GCTaskThread "GC Thread#0" [stack: 0x0000005043400000,0x0000005043500000] [id=8584]
  0x00000174fe509800 GCTaskThread "GC Thread#1" [stack: 0x0000005044500000,0x0000005044600000] [id=22064]
  0x00000174fe869800 GCTaskThread "GC Thread#2" [stack: 0x0000005044600000,0x0000005044700000] [id=22052]
  0x0000017480337000 GCTaskThread "GC Thread#3" [stack: 0x0000005045000000,0x0000005045100000] [id=22532]
  0x0000017481121800 GCTaskThread "GC Thread#4" [stack: 0x0000005045100000,0x0000005045200000] [id=24564]
  0x00000174fe70a000 GCTaskThread "GC Thread#5" [stack: 0x0000005045200000,0x0000005045300000] [id=15192]
  0x00000174fe70b000 GCTaskThread "GC Thread#6" [stack: 0x0000005045300000,0x0000005045400000] [id=23304]
  0x00000174ff0df000 GCTaskThread "GC Thread#7" [stack: 0x0000005045400000,0x0000005045500000] [id=2620]
  0x00000174e0b85800 ConcurrentGCThread "G1 Main Marker" [stack: 0x0000005043500000,0x0000005043600000] [id=24200]
  0x00000174e0b86800 ConcurrentGCThread "G1 Conc#0" [stack: 0x0000005043600000,0x0000005043700000] [id=14152]
  0x00000174feb5d800 ConcurrentGCThread "G1 Conc#1" [stack: 0x0000005045700000,0x0000005045800000] [id=12592]
  0x00000174e0c07800 ConcurrentGCThread "G1 Refine#0" [stack: 0x0000005043700000,0x0000005043800000] [id=18152]
  0x0000017483479800 ConcurrentGCThread "G1 Refine#1" [stack: 0x0000005047f00000,0x0000005048000000] [id=19436]
  0x000001748939d800 ConcurrentGCThread "G1 Refine#2" [stack: 0x0000005048700000,0x0000005048800000] [id=20856]
  0x00000174e0c08000 ConcurrentGCThread "G1 Young RemSet Sampling" [stack: 0x0000005043800000,0x0000005043900000] [id=23220]

Threads with active compile tasks:
C2 CompilerThread0  35040 17496   !   4       java.nio.file.FileTreeWalker::next (144 bytes)
C1 CompilerThread0  35040 18107       3       com.android.tools.r8.internal.D9::e (297 bytes)
C2 CompilerThread1  35040 17411       4       org.gradle.api.internal.artifacts.ivyservice.resolveengine.artifact.ParallelResolveArtifactSet$VisitingSet$StartVisitAction::visitArtifacts (31 bytes)

VM state:at safepoint (normal execution)

VM Mutex/Monitor currently owned by a thread:  ([mutex/lock_event])
[0x00000174e0b370f0] Threads_lock - owner thread: 0x00000174fcf62800
[0x00000174e0b359e0] Heap_lock - owner thread: 0x0000017481cc1800

Heap address: 0x0000000080000000, size: 2048 MB, Compressed Oops mode: 32-bit
Narrow klass base: 0x0000000000000000, Narrow klass shift: 3
Compressed class space size: 1073741824 Address: 0x0000000100000000

Heap:
 garbage-first heap   total 329728K, used 194542K [0x0000000080000000, 0x0000000100000000)
  region size 1024K, 6 young (6144K), 6 survivors (6144K)
 Metaspace       used 120628K, capacity 124083K, committed 124160K, reserved 1157120K
  class space    used 15476K, capacity 16828K, committed 16896K, reserved 1048576K
Heap Regions: E=young(eden), S=young(survivor), O=old, HS=humongous(starts), HC=humongous(continues), CS=collection set, F=free, A=archive, TAMS=top-at-mark-start (previous, next)
|   0|0x0000000080000000, 0x0000000080100000, 0x0000000080100000|100%| O|  |TAMS 0x0000000080100000, 0x0000000080000000| Untracked 
|   1|0x0000000080100000, 0x0000000080200000, 0x0000000080200000|100%| O|  |TAMS 0x0000000080200000, 0x0000000080100000| Untracked 
|   2|0x0000000080200000, 0x0000000080300000, 0x0000000080300000|100%| O|  |TAMS 0x0000000080300000, 0x0000000080200000| Untracked 
|   3|0x0000000080300000, 0x0000000080400000, 0x0000000080400000|100%|HS|  |TAMS 0x0000000080400000, 0x0000000080300000| Complete 
|   4|0x0000000080400000, 0x0000000080500000, 0x0000000080500000|100%|HC|  |TAMS 0x0000000080500000, 0x0000000080400000| Complete 
|   5|0x0000000080500000, 0x0000000080600000, 0x0000000080600000|100%|HC|  |TAMS 0x0000000080600000, 0x0000000080500000| Complete 
|   6|0x0000000080600000, 0x0000000080700000, 0x0000000080700000|100%| O|  |TAMS 0x0000000080700000, 0x0000000080600000| Untracked 
|   7|0x0000000080700000, 0x0000000080800000, 0x0000000080800000|100%| O|  |TAMS 0x0000000080800000, 0x0000000080700000| Untracked 
|   8|0x0000000080800000, 0x0000000080900000, 0x0000000080900000|100%| O|  |TAMS 0x0000000080900000, 0x0000000080800000| Untracked 
|   9|0x0000000080900000, 0x0000000080a00000, 0x0000000080a00000|100%| O|  |TAMS 0x0000000080a00000, 0x0000000080900000| Untracked 
|  10|0x0000000080a00000, 0x0000000080b00000, 0x0000000080b00000|100%| O|  |TAMS 0x0000000080b00000, 0x0000000080a00000| Untracked 
|  11|0x0000000080b00000, 0x0000000080c00000, 0x0000000080c00000|100%| O|  |TAMS 0x0000000080c00000, 0x0000000080b00000| Untracked 
|  12|0x0000000080c00000, 0x0000000080d00000, 0x0000000080d00000|100%| O|  |TAMS 0x0000000080d00000, 0x0000000080c00000| Untracked 
|  13|0x0000000080d00000, 0x0000000080e00000, 0x0000000080e00000|100%| O|  |TAMS 0x0000000080e00000, 0x0000000080d00000| Untracked 
|  14|0x0000000080e00000, 0x0000000080f00000, 0x0000000080f00000|100%| O|  |TAMS 0x0000000080f00000, 0x0000000080e00000| Untracked 
|  15|0x0000000080f00000, 0x0000000081000000, 0x0000000081000000|100%| O|  |TAMS 0x0000000081000000, 0x0000000080f00000| Untracked 
|  16|0x0000000081000000, 0x0000000081100000, 0x0000000081100000|100%|HS|  |TAMS 0x0000000081100000, 0x0000000081000000| Complete 
|  17|0x0000000081100000, 0x0000000081200000, 0x0000000081200000|100%| O|  |TAMS 0x0000000081200000, 0x0000000081100000| Untracked 
|  18|0x0000000081200000, 0x0000000081300000, 0x0000000081300000|100%| O|  |TAMS 0x0000000081300000, 0x0000000081200000| Untracked 
|  19|0x0000000081300000, 0x0000000081400000, 0x0000000081400000|100%| O|  |TAMS 0x0000000081400000, 0x0000000081300000| Untracked 
|  20|0x0000000081400000, 0x0000000081500000, 0x0000000081500000|100%| O|  |TAMS 0x0000000081500000, 0x0000000081400000| Untracked 
|  21|0x0000000081500000, 0x0000000081600000, 0x0000000081600000|100%| O|  |TAMS 0x0000000081600000, 0x0000000081500000| Untracked 
|  22|0x0000000081600000, 0x0000000081700000, 0x0000000081700000|100%| O|  |TAMS 0x0000000081700000, 0x0000000081600000| Untracked 
|  23|0x0000000081700000, 0x0000000081800000, 0x0000000081800000|100%| O|  |TAMS 0x0000000081800000, 0x0000000081700000| Untracked 
|  24|0x0000000081800000, 0x0000000081900000, 0x0000000081900000|100%| O|  |TAMS 0x0000000081900000, 0x0000000081800000| Untracked 
|  25|0x0000000081900000, 0x0000000081a00000, 0x0000000081a00000|100%| O|  |TAMS 0x0000000081a00000, 0x0000000081900000| Untracked 
|  26|0x0000000081a00000, 0x0000000081b00000, 0x0000000081b00000|100%| O|  |TAMS 0x0000000081b00000, 0x0000000081a00000| Untracked 
|  27|0x0000000081b00000, 0x0000000081c00000, 0x0000000081c00000|100%|HS|  |TAMS 0x0000000081c00000, 0x0000000081b00000| Complete 
|  28|0x0000000081c00000, 0x0000000081d00000, 0x0000000081d00000|100%|HS|  |TAMS 0x0000000081d00000, 0x0000000081c00000| Complete 
|  29|0x0000000081d00000, 0x0000000081e00000, 0x0000000081e00000|100%|HC|  |TAMS 0x0000000081e00000, 0x0000000081d00000| Complete 
|  30|0x0000000081e00000, 0x0000000081f00000, 0x0000000081f00000|100%| O|  |TAMS 0x0000000081f00000, 0x0000000081e00000| Untracked 
|  31|0x0000000081f00000, 0x0000000082000000, 0x0000000082000000|100%|HS|  |TAMS 0x0000000082000000, 0x0000000081f00000| Complete 
|  32|0x0000000082000000, 0x0000000082100000, 0x0000000082100000|100%| O|  |TAMS 0x0000000082100000, 0x0000000082000000| Untracked 
|  33|0x0000000082100000, 0x0000000082200000, 0x0000000082200000|100%| O|  |TAMS 0x0000000082200000, 0x0000000082100000| Untracked 
|  34|0x0000000082200000, 0x0000000082300000, 0x0000000082300000|100%| O|  |TAMS 0x0000000082300000, 0x0000000082200000| Untracked 
|  35|0x0000000082300000, 0x0000000082400000, 0x0000000082400000|100%| O|  |TAMS 0x0000000082400000, 0x0000000082300000| Untracked 
|  36|0x0000000082400000, 0x0000000082500000, 0x0000000082500000|100%| O|  |TAMS 0x0000000082500000, 0x0000000082400000| Untracked 
|  37|0x0000000082500000, 0x0000000082600000, 0x0000000082600000|100%| O|  |TAMS 0x0000000082600000, 0x0000000082500000| Untracked 
|  38|0x0000000082600000, 0x0000000082700000, 0x0000000082700000|100%| O|  |TAMS 0x0000000082700000, 0x0000000082600000| Untracked 
|  39|0x0000000082700000, 0x0000000082800000, 0x0000000082800000|100%| O|  |TAMS 0x0000000082800000, 0x0000000082700000| Untracked 
|  40|0x0000000082800000, 0x0000000082900000, 0x0000000082900000|100%| O|  |TAMS 0x0000000082900000, 0x0000000082800000| Untracked 
|  41|0x0000000082900000, 0x0000000082a00000, 0x0000000082a00000|100%| O|  |TAMS 0x0000000082a00000, 0x0000000082900000| Untracked 
|  42|0x0000000082a00000, 0x0000000082b00000, 0x0000000082b00000|100%| O|  |TAMS 0x0000000082b00000, 0x0000000082a00000| Untracked 
|  43|0x0000000082b00000, 0x0000000082c00000, 0x0000000082c00000|100%| O|  |TAMS 0x0000000082c00000, 0x0000000082b00000| Untracked 
|  44|0x0000000082c00000, 0x0000000082d00000, 0x0000000082d00000|100%| O|  |TAMS 0x0000000082d00000, 0x0000000082c00000| Untracked 
|  45|0x0000000082d00000, 0x0000000082e00000, 0x0000000082e00000|100%| O|  |TAMS 0x0000000082e00000, 0x0000000082d00000| Untracked 
|  46|0x0000000082e00000, 0x0000000082f00000, 0x0000000082f00000|100%| O|  |TAMS 0x0000000082f00000, 0x0000000082e00000| Untracked 
|  47|0x0000000082f00000, 0x0000000083000000, 0x0000000083000000|100%| O|  |TAMS 0x0000000083000000, 0x0000000082f00000| Untracked 
|  48|0x0000000083000000, 0x0000000083100000, 0x0000000083100000|100%| O|  |TAMS 0x0000000083100000, 0x0000000083000000| Untracked 
|  49|0x0000000083100000, 0x0000000083200000, 0x0000000083200000|100%| O|  |TAMS 0x0000000083200000, 0x0000000083100000| Untracked 
|  50|0x0000000083200000, 0x0000000083300000, 0x0000000083300000|100%| O|  |TAMS 0x0000000083300000, 0x0000000083200000| Untracked 
|  51|0x0000000083300000, 0x0000000083400000, 0x0000000083400000|100%| O|  |TAMS 0x0000000083400000, 0x0000000083300000| Untracked 
|  52|0x0000000083400000, 0x0000000083500000, 0x0000000083500000|100%| O|  |TAMS 0x0000000083500000, 0x0000000083400000| Untracked 
|  53|0x0000000083500000, 0x0000000083600000, 0x0000000083600000|100%|HS|  |TAMS 0x0000000083600000, 0x0000000083500000| Complete 
|  54|0x0000000083600000, 0x0000000083700000, 0x0000000083700000|100%|HC|  |TAMS 0x0000000083700000, 0x0000000083600000| Complete 
|  55|0x0000000083700000, 0x0000000083800000, 0x0000000083800000|100%| O|  |TAMS 0x0000000083800000, 0x0000000083700000| Untracked 
|  56|0x0000000083800000, 0x0000000083900000, 0x0000000083900000|100%| O|  |TAMS 0x0000000083900000, 0x0000000083800000| Untracked 
|  57|0x0000000083900000, 0x0000000083a00000, 0x0000000083a00000|100%| O|  |TAMS 0x0000000083a00000, 0x0000000083900000| Untracked 
|  58|0x0000000083a00000, 0x0000000083b00000, 0x0000000083b00000|100%| O|  |TAMS 0x0000000083b00000, 0x0000000083a00000| Untracked 
|  59|0x0000000083b00000, 0x0000000083c00000, 0x0000000083c00000|100%| O|  |TAMS 0x0000000083c00000, 0x0000000083b00000| Untracked 
|  60|0x0000000083c00000, 0x0000000083d00000, 0x0000000083d00000|100%| O|  |TAMS 0x0000000083d00000, 0x0000000083c00000| Untracked 
|  61|0x0000000083d00000, 0x0000000083e00000, 0x0000000083e00000|100%|HS|  |TAMS 0x0000000083e00000, 0x0000000083d00000| Complete 
|  62|0x0000000083e00000, 0x0000000083f00000, 0x0000000083f00000|100%| O|  |TAMS 0x0000000083f00000, 0x0000000083e00000| Untracked 
|  63|0x0000000083f00000, 0x0000000084000000, 0x0000000084000000|100%|HS|  |TAMS 0x0000000084000000, 0x0000000083f00000| Complete 
|  64|0x0000000084000000, 0x0000000084100000, 0x0000000084100000|100%|HS|  |TAMS 0x0000000084100000, 0x0000000084000000| Complete 
|  65|0x0000000084100000, 0x0000000084200000, 0x0000000084200000|100%| O|  |TAMS 0x0000000084200000, 0x0000000084100000| Untracked 
|  66|0x0000000084200000, 0x0000000084300000, 0x0000000084300000|100%| O|  |TAMS 0x0000000084300000, 0x0000000084200000| Untracked 
|  67|0x0000000084300000, 0x0000000084400000, 0x0000000084400000|100%| O|  |TAMS 0x0000000084340200, 0x0000000084300000| Untracked 
|  68|0x0000000084400000, 0x0000000084500000, 0x0000000084500000|100%|HS|  |TAMS 0x0000000084400000, 0x0000000084400000| Complete 
|  69|0x0000000084500000, 0x0000000084600000, 0x0000000084600000|100%| O|  |TAMS 0x0000000084600000, 0x0000000084500000| Untracked 
|  70|0x0000000084600000, 0x0000000084700000, 0x0000000084700000|100%| O|  |TAMS 0x0000000084700000, 0x0000000084600000| Untracked 
|  71|0x0000000084700000, 0x0000000084800000, 0x0000000084800000|100%|HS|  |TAMS 0x0000000084700000, 0x0000000084700000| Complete 
|  72|0x0000000084800000, 0x0000000084900000, 0x0000000084900000|100%| O|  |TAMS 0x0000000084900000, 0x0000000084800000| Untracked 
|  73|0x0000000084900000, 0x0000000084a00000, 0x0000000084a00000|100%| O|  |TAMS 0x0000000084a00000, 0x0000000084900000| Untracked 
|  74|0x0000000084a00000, 0x0000000084b00000, 0x0000000084b00000|100%| O|  |TAMS 0x0000000084b00000, 0x0000000084a00000| Untracked 
|  75|0x0000000084b00000, 0x0000000084c00000, 0x0000000084c00000|100%| O|  |TAMS 0x0000000084c00000, 0x0000000084b00000| Untracked 
|  76|0x0000000084c00000, 0x0000000084d00000, 0x0000000084d00000|100%| O|  |TAMS 0x0000000084c00000, 0x0000000084c00000| Untracked 
|  77|0x0000000084d00000, 0x0000000084e00000, 0x0000000084e00000|100%| O|  |TAMS 0x0000000084e00000, 0x0000000084d00000| Untracked 
|  78|0x0000000084e00000, 0x0000000084f00000, 0x0000000084f00000|100%| O|  |TAMS 0x0000000084f00000, 0x0000000084e00000| Untracked 
|  79|0x0000000084f00000, 0x0000000085000000, 0x0000000085000000|100%| O|  |TAMS 0x0000000085000000, 0x0000000084f00000| Untracked 
|  80|0x0000000085000000, 0x0000000085100000, 0x0000000085100000|100%| O|  |TAMS 0x0000000085100000, 0x0000000085000000| Untracked 
|  81|0x0000000085100000, 0x0000000085200000, 0x0000000085200000|100%| O|  |TAMS 0x0000000085200000, 0x0000000085100000| Untracked 
|  82|0x0000000085200000, 0x0000000085300000, 0x0000000085300000|100%| O|  |TAMS 0x0000000085300000, 0x0000000085200000| Untracked 
|  83|0x0000000085300000, 0x0000000085400000, 0x0000000085400000|100%| O|  |TAMS 0x0000000085300000, 0x0000000085300000| Untracked 
|  84|0x0000000085400000, 0x0000000085500000, 0x0000000085500000|100%| O|  |TAMS 0x0000000085500000, 0x0000000085400000| Untracked 
|  85|0x0000000085500000, 0x0000000085600000, 0x0000000085600000|100%| O|  |TAMS 0x0000000085500000, 0x0000000085500000| Untracked 
|  86|0x0000000085600000, 0x0000000085700000, 0x0000000085700000|100%| O|  |TAMS 0x0000000085700000, 0x0000000085600000| Untracked 
|  87|0x0000000085700000, 0x0000000085800000, 0x0000000085800000|100%| O|  |TAMS 0x0000000085800000, 0x0000000085700000| Untracked 
|  88|0x0000000085800000, 0x0000000085900000, 0x0000000085900000|100%| O|  |TAMS 0x0000000085900000, 0x0000000085800000| Untracked 
|  89|0x0000000085900000, 0x0000000085a00000, 0x0000000085a00000|100%| O|  |TAMS 0x0000000085a00000, 0x0000000085900000| Untracked 
|  90|0x0000000085a00000, 0x0000000085b00000, 0x0000000085b00000|100%| O|  |TAMS 0x0000000085b00000, 0x0000000085a00000| Untracked 
|  91|0x0000000085b00000, 0x0000000085c00000, 0x0000000085c00000|100%| O|  |TAMS 0x0000000085c00000, 0x0000000085b00000| Untracked 
|  92|0x0000000085c00000, 0x0000000085d00000, 0x0000000085d00000|100%| O|  |TAMS 0x0000000085d00000, 0x0000000085c00000| Untracked 
|  93|0x0000000085d00000, 0x0000000085e00000, 0x0000000085e00000|100%| O|  |TAMS 0x0000000085e00000, 0x0000000085d00000| Untracked 
|  94|0x0000000085e00000, 0x0000000085f00000, 0x0000000085f00000|100%| O|  |TAMS 0x0000000085f00000, 0x0000000085e00000| Untracked 
|  95|0x0000000085f00000, 0x0000000086000000, 0x0000000086000000|100%| O|  |TAMS 0x0000000086000000, 0x0000000085f00000| Untracked 
|  96|0x0000000086000000, 0x0000000086100000, 0x0000000086100000|100%| O|  |TAMS 0x0000000086100000, 0x0000000086000000| Untracked 
|  97|0x0000000086100000, 0x0000000086200000, 0x0000000086200000|100%| O|  |TAMS 0x0000000086200000, 0x0000000086100000| Untracked 
|  98|0x0000000086200000, 0x0000000086300000, 0x0000000086300000|100%| O|  |TAMS 0x0000000086300000, 0x0000000086200000| Untracked 
|  99|0x0000000086300000, 0x0000000086400000, 0x0000000086400000|100%| O|  |TAMS 0x0000000086400000, 0x0000000086300000| Untracked 
| 100|0x0000000086400000, 0x0000000086500000, 0x0000000086500000|100%| O|  |TAMS 0x0000000086400000, 0x0000000086400000| Untracked 
| 101|0x0000000086500000, 0x0000000086600000, 0x0000000086600000|100%| O|  |TAMS 0x0000000086600000, 0x0000000086500000| Untracked 
| 102|0x0000000086600000, 0x0000000086700000, 0x0000000086700000|100%| O|  |TAMS 0x0000000086700000, 0x0000000086600000| Untracked 
| 103|0x0000000086700000, 0x0000000086800000, 0x0000000086800000|100%| O|  |TAMS 0x0000000086800000, 0x0000000086700000| Untracked 
| 104|0x0000000086800000, 0x0000000086900000, 0x0000000086900000|100%| O|  |TAMS 0x0000000086900000, 0x0000000086800000| Untracked 
| 105|0x0000000086900000, 0x0000000086a00000, 0x0000000086a00000|100%| O|  |TAMS 0x0000000086a00000, 0x0000000086900000| Untracked 
| 106|0x0000000086a00000, 0x0000000086b00000, 0x0000000086b00000|100%| O|  |TAMS 0x0000000086b00000, 0x0000000086a00000| Untracked 
| 107|0x0000000086b00000, 0x0000000086c00000, 0x0000000086c00000|100%| O|  |TAMS 0x0000000086c00000, 0x0000000086b00000| Untracked 
| 108|0x0000000086c00000, 0x0000000086d00000, 0x0000000086d00000|100%| O|  |TAMS 0x0000000086d00000, 0x0000000086c00000| Untracked 
| 109|0x0000000086d00000, 0x0000000086e00000, 0x0000000086e00000|100%| O|  |TAMS 0x0000000086d00000, 0x0000000086d00000| Untracked 
| 110|0x0000000086e00000, 0x0000000086f00000, 0x0000000086f00000|100%| O|  |TAMS 0x0000000086f00000, 0x0000000086e00000| Untracked 
| 111|0x0000000086f00000, 0x0000000087000000, 0x0000000087000000|100%| O|  |TAMS 0x0000000087000000, 0x0000000086f00000| Untracked 
| 112|0x0000000087000000, 0x0000000087100000, 0x0000000087100000|100%| O|  |TAMS 0x0000000087100000, 0x0000000087000000| Untracked 
| 113|0x0000000087100000, 0x0000000087200000, 0x0000000087200000|100%| O|  |TAMS 0x0000000087100000, 0x0000000087100000| Untracked 
| 114|0x0000000087200000, 0x0000000087300000, 0x0000000087300000|100%| O|  |TAMS 0x0000000087300000, 0x0000000087200000| Untracked 
| 115|0x0000000087300000, 0x0000000087400000, 0x0000000087400000|100%| O|  |TAMS 0x0000000087400000, 0x0000000087300000| Untracked 
| 116|0x0000000087400000, 0x0000000087500000, 0x0000000087500000|100%| O|  |TAMS 0x0000000087500000, 0x0000000087400000| Untracked 
| 117|0x0000000087500000, 0x0000000087600000, 0x0000000087600000|100%| O|  |TAMS 0x0000000087600000, 0x0000000087500000| Untracked 
| 118|0x0000000087600000, 0x0000000087700000, 0x0000000087700000|100%| O|  |TAMS 0x0000000087700000, 0x0000000087600000| Untracked 
| 119|0x0000000087700000, 0x0000000087800000, 0x0000000087800000|100%| O|  |TAMS 0x0000000087800000, 0x0000000087700000| Untracked 
| 120|0x0000000087800000, 0x0000000087900000, 0x0000000087900000|100%| O|  |TAMS 0x0000000087900000, 0x0000000087800000| Untracked 
| 121|0x0000000087900000, 0x0000000087a00000, 0x0000000087a00000|100%| O|  |TAMS 0x0000000087a00000, 0x0000000087900000| Untracked 
| 122|0x0000000087a00000, 0x0000000087b00000, 0x0000000087b00000|100%| O|  |TAMS 0x0000000087b00000, 0x0000000087a00000| Untracked 
| 123|0x0000000087b00000, 0x0000000087c00000, 0x0000000087c00000|100%| O|  |TAMS 0x0000000087c00000, 0x0000000087b00000| Untracked 
| 124|0x0000000087c00000, 0x0000000087d00000, 0x0000000087d00000|100%| O|  |TAMS 0x0000000087d00000, 0x0000000087c00000| Untracked 
| 125|0x0000000087d00000, 0x0000000087e00000, 0x0000000087e00000|100%| O|  |TAMS 0x0000000087e00000, 0x0000000087d00000| Untracked 
| 126|0x0000000087e00000, 0x0000000087f00000, 0x0000000087f00000|100%| O|  |TAMS 0x0000000087f00000, 0x0000000087e00000| Untracked 
| 127|0x0000000087f00000, 0x0000000088000000, 0x0000000088000000|100%| O|  |TAMS 0x0000000088000000, 0x0000000087f00000| Untracked 
| 128|0x0000000088000000, 0x0000000088100000, 0x0000000088100000|100%| O|  |TAMS 0x0000000088100000, 0x0000000088000000| Untracked 
| 129|0x0000000088100000, 0x0000000088200000, 0x0000000088200000|100%|HS|  |TAMS 0x0000000088200000, 0x0000000088100000| Complete 
| 130|0x0000000088200000, 0x0000000088300000, 0x0000000088300000|100%|HS|  |TAMS 0x0000000088300000, 0x0000000088200000| Complete 
| 131|0x0000000088300000, 0x0000000088400000, 0x0000000088400000|100%| O|  |TAMS 0x0000000088400000, 0x0000000088300000| Untracked 
| 132|0x0000000088400000, 0x0000000088500000, 0x0000000088500000|100%| O|  |TAMS 0x0000000088500000, 0x0000000088400000| Untracked 
| 133|0x0000000088500000, 0x0000000088600000, 0x0000000088600000|100%| O|  |TAMS 0x0000000088600000, 0x0000000088500000| Untracked 
| 134|0x0000000088600000, 0x0000000088700000, 0x0000000088700000|100%| O|  |TAMS 0x0000000088700000, 0x0000000088600000| Untracked 
| 135|0x0000000088700000, 0x0000000088800000, 0x0000000088800000|100%| O|  |TAMS 0x0000000088800000, 0x0000000088700000| Untracked 
| 136|0x0000000088800000, 0x0000000088900000, 0x0000000088900000|100%| O|  |TAMS 0x0000000088900000, 0x0000000088800000| Untracked 
| 137|0x0000000088900000, 0x0000000088a00000, 0x0000000088a00000|100%| O|  |TAMS 0x0000000088a00000, 0x0000000088900000| Untracked 
| 138|0x0000000088a00000, 0x0000000088b00000, 0x0000000088b00000|100%|HS|  |TAMS 0x0000000088a00000, 0x0000000088a00000| Complete 
| 139|0x0000000088b00000, 0x0000000088c00000, 0x0000000088c00000|100%|HC|  |TAMS 0x0000000088b00000, 0x0000000088b00000| Complete 
| 140|0x0000000088c00000, 0x0000000088d00000, 0x0000000088d00000|100%|HS|  |TAMS 0x0000000088c00000, 0x0000000088c00000| Complete 
| 141|0x0000000088d00000, 0x0000000088e00000, 0x0000000088e00000|100%|HC|  |TAMS 0x0000000088d00000, 0x0000000088d00000| Complete 
| 142|0x0000000088e00000, 0x0000000088f00000, 0x0000000088f00000|100%|HC|  |TAMS 0x0000000088e00000, 0x0000000088e00000| Complete 
| 143|0x0000000088f00000, 0x0000000089000000, 0x0000000089000000|100%|HC|  |TAMS 0x0000000088f00000, 0x0000000088f00000| Complete 
| 144|0x0000000089000000, 0x0000000089100000, 0x0000000089100000|100%|HC|  |TAMS 0x0000000089000000, 0x0000000089000000| Complete 
| 145|0x0000000089100000, 0x0000000089200000, 0x0000000089200000|100%|HC|  |TAMS 0x0000000089100000, 0x0000000089100000| Complete 
| 146|0x0000000089200000, 0x0000000089300000, 0x0000000089300000|100%| O|  |TAMS 0x0000000089200000, 0x0000000089200000| Untracked 
| 147|0x0000000089300000, 0x0000000089400000, 0x0000000089400000|100%| O|  |TAMS 0x0000000089300000, 0x0000000089300000| Untracked 
| 148|0x0000000089400000, 0x0000000089500000, 0x0000000089500000|100%| O|  |TAMS 0x0000000089400000, 0x0000000089400000| Untracked 
| 149|0x0000000089500000, 0x0000000089600000, 0x0000000089600000|100%| O|  |TAMS 0x0000000089500000, 0x0000000089500000| Untracked 
| 150|0x0000000089600000, 0x0000000089700000, 0x0000000089700000|100%| O|  |TAMS 0x0000000089600000, 0x0000000089600000| Untracked 
| 151|0x0000000089700000, 0x0000000089800000, 0x0000000089800000|100%| O|  |TAMS 0x0000000089700000, 0x0000000089700000| Untracked 
| 152|0x0000000089800000, 0x0000000089900000, 0x0000000089900000|100%| O|  |TAMS 0x0000000089800000, 0x0000000089800000| Untracked 
| 153|0x0000000089900000, 0x0000000089a00000, 0x0000000089a00000|100%| O|  |TAMS 0x0000000089900000, 0x0000000089900000| Untracked 
| 154|0x0000000089a00000, 0x0000000089b00000, 0x0000000089b00000|100%| O|  |TAMS 0x0000000089a00000, 0x0000000089a00000| Untracked 
| 155|0x0000000089b00000, 0x0000000089c00000, 0x0000000089c00000|100%| O|  |TAMS 0x0000000089b00000, 0x0000000089b00000| Untracked 
| 156|0x0000000089c00000, 0x0000000089d00000, 0x0000000089d00000|100%| O|  |TAMS 0x0000000089c00000, 0x0000000089c00000| Untracked 
| 157|0x0000000089d00000, 0x0000000089e00000, 0x0000000089e00000|100%|HS|  |TAMS 0x0000000089d00000, 0x0000000089d00000| Complete 
| 158|0x0000000089e00000, 0x0000000089f00000, 0x0000000089f00000|100%|HC|  |TAMS 0x0000000089e00000, 0x0000000089e00000| Complete 
| 159|0x0000000089f00000, 0x000000008a000000, 0x000000008a000000|100%| O|  |TAMS 0x0000000089f00000, 0x0000000089f00000| Untracked 
| 160|0x000000008a000000, 0x000000008a100000, 0x000000008a100000|100%| O|  |TAMS 0x000000008a000000, 0x000000008a000000| Untracked 
| 161|0x000000008a100000, 0x000000008a200000, 0x000000008a200000|100%| O|  |TAMS 0x000000008a100000, 0x000000008a100000| Untracked 
| 162|0x000000008a200000, 0x000000008a300000, 0x000000008a300000|100%| O|  |TAMS 0x000000008a200000, 0x000000008a200000| Untracked 
| 163|0x000000008a300000, 0x000000008a400000, 0x000000008a400000|100%| O|  |TAMS 0x000000008a300000, 0x000000008a300000| Untracked 
| 164|0x000000008a400000, 0x000000008a500000, 0x000000008a500000|100%| O|  |TAMS 0x000000008a400000, 0x000000008a400000| Untracked 
| 165|0x000000008a500000, 0x000000008a600000, 0x000000008a600000|100%| O|  |TAMS 0x000000008a500000, 0x000000008a500000| Untracked 
| 166|0x000000008a600000, 0x000000008a700000, 0x000000008a700000|100%| O|  |TAMS 0x000000008a600000, 0x000000008a600000| Untracked 
| 167|0x000000008a700000, 0x000000008a800000, 0x000000008a800000|100%| O|  |TAMS 0x000000008a700000, 0x000000008a700000| Untracked 
| 168|0x000000008a800000, 0x000000008a900000, 0x000000008a900000|100%| O|  |TAMS 0x000000008a800000, 0x000000008a800000| Untracked 
| 169|0x000000008a900000, 0x000000008aa00000, 0x000000008aa00000|100%| O|  |TAMS 0x000000008a900000, 0x000000008a900000| Untracked 
| 170|0x000000008aa00000, 0x000000008ab00000, 0x000000008ab00000|100%| O|  |TAMS 0x000000008aa00000, 0x000000008aa00000| Untracked 
| 171|0x000000008ab00000, 0x000000008ac00000, 0x000000008ac00000|100%| O|  |TAMS 0x000000008ab00000, 0x000000008ab00000| Untracked 
| 172|0x000000008ac00000, 0x000000008ad00000, 0x000000008ad00000|100%| O|  |TAMS 0x000000008ac00000, 0x000000008ac00000| Untracked 
| 173|0x000000008ad00000, 0x000000008ae00000, 0x000000008ae00000|100%| O|  |TAMS 0x000000008ad00000, 0x000000008ad00000| Untracked 
| 174|0x000000008ae00000, 0x000000008af00000, 0x000000008af00000|100%| O|  |TAMS 0x000000008ae00000, 0x000000008ae00000| Untracked 
| 175|0x000000008af00000, 0x000000008b000000, 0x000000008b000000|100%| O|  |TAMS 0x000000008af00000, 0x000000008af00000| Untracked 
| 176|0x000000008b000000, 0x000000008b100000, 0x000000008b100000|100%| O|  |TAMS 0x000000008b000000, 0x000000008b000000| Untracked 
| 177|0x000000008b100000, 0x000000008b200000, 0x000000008b200000|100%| O|  |TAMS 0x000000008b100000, 0x000000008b100000| Untracked 
| 178|0x000000008b200000, 0x000000008b300000, 0x000000008b300000|100%| O|  |TAMS 0x000000008b200000, 0x000000008b200000| Untracked 
| 179|0x000000008b300000, 0x000000008b400000, 0x000000008b400000|100%| O|  |TAMS 0x000000008b300000, 0x000000008b300000| Untracked 
| 180|0x000000008b400000, 0x000000008b500000, 0x000000008b500000|100%| O|  |TAMS 0x000000008b400000, 0x000000008b400000| Untracked 
| 181|0x000000008b500000, 0x000000008b600000, 0x000000008b600000|100%| O|  |TAMS 0x000000008b500000, 0x000000008b500000| Untracked 
| 182|0x000000008b600000, 0x000000008b700000, 0x000000008b700000|100%| O|  |TAMS 0x000000008b600000, 0x000000008b600000| Untracked 
| 183|0x000000008b700000, 0x000000008b800000, 0x000000008b800000|100%| O|  |TAMS 0x000000008b700000, 0x000000008b700000| Untracked 
| 184|0x000000008b800000, 0x000000008b84a400, 0x000000008b900000| 29%| O|  |TAMS 0x000000008b800000, 0x000000008b800000| Untracked 
| 185|0x000000008b900000, 0x000000008b900000, 0x000000008ba00000|  0%| F|  |TAMS 0x000000008b900000, 0x000000008b900000| Untracked 
| 186|0x000000008ba00000, 0x000000008ba00000, 0x000000008bb00000|  0%| F|  |TAMS 0x000000008ba00000, 0x000000008ba00000| Untracked 
| 187|0x000000008bb00000, 0x000000008bb00000, 0x000000008bc00000|  0%| F|  |TAMS 0x000000008bb00000, 0x000000008bb00000| Untracked 
| 188|0x000000008bc00000, 0x000000008bc00000, 0x000000008bd00000|  0%| F|  |TAMS 0x000000008bc00000, 0x000000008bc00000| Untracked 
| 189|0x000000008bd00000, 0x000000008bd00000, 0x000000008be00000|  0%| F|  |TAMS 0x000000008bd00000, 0x000000008bd00000| Untracked 
| 190|0x000000008be00000, 0x000000008be00000, 0x000000008bf00000|  0%| F|  |TAMS 0x000000008be00000, 0x000000008be00000| Untracked 
| 191|0x000000008bf00000, 0x000000008bf00000, 0x000000008c000000|  0%| F|  |TAMS 0x000000008bf00000, 0x000000008bf00000| Untracked 
| 192|0x000000008c000000, 0x000000008c000000, 0x000000008c100000|  0%| F|  |TAMS 0x000000008c000000, 0x000000008c000000| Untracked 
| 193|0x000000008c100000, 0x000000008c100000, 0x000000008c200000|  0%| F|  |TAMS 0x000000008c100000, 0x000000008c100000| Untracked 
| 194|0x000000008c200000, 0x000000008c200000, 0x000000008c300000|  0%| F|  |TAMS 0x000000008c200000, 0x000000008c200000| Untracked 
| 195|0x000000008c300000, 0x000000008c300000, 0x000000008c400000|  0%| F|  |TAMS 0x000000008c300000, 0x000000008c300000| Untracked 
| 196|0x000000008c400000, 0x000000008c400000, 0x000000008c500000|  0%| F|  |TAMS 0x000000008c400000, 0x000000008c400000| Untracked 
| 197|0x000000008c500000, 0x000000008c500000, 0x000000008c600000|  0%| F|  |TAMS 0x000000008c500000, 0x000000008c500000| Untracked 
| 198|0x000000008c600000, 0x000000008c600000, 0x000000008c700000|  0%| F|  |TAMS 0x000000008c600000, 0x000000008c600000| Untracked 
| 199|0x000000008c700000, 0x000000008c700000, 0x000000008c800000|  0%| F|  |TAMS 0x000000008c700000, 0x000000008c700000| Untracked 
| 200|0x000000008c800000, 0x000000008c800000, 0x000000008c900000|  0%| F|  |TAMS 0x000000008c800000, 0x000000008c800000| Untracked 
| 201|0x000000008c900000, 0x000000008c900000, 0x000000008ca00000|  0%| F|  |TAMS 0x000000008c900000, 0x000000008c900000| Untracked 
| 202|0x000000008ca00000, 0x000000008ca00000, 0x000000008cb00000|  0%| F|  |TAMS 0x000000008ca00000, 0x000000008ca00000| Untracked 
| 203|0x000000008cb00000, 0x000000008cb00000, 0x000000008cc00000|  0%| F|  |TAMS 0x000000008cb00000, 0x000000008cb00000| Untracked 
| 204|0x000000008cc00000, 0x000000008cc00000, 0x000000008cd00000|  0%| F|  |TAMS 0x000000008cc00000, 0x000000008cc00000| Untracked 
| 205|0x000000008cd00000, 0x000000008cd00000, 0x000000008ce00000|  0%| F|  |TAMS 0x000000008cd00000, 0x000000008cd00000| Untracked 
| 206|0x000000008ce00000, 0x000000008ce00000, 0x000000008cf00000|  0%| F|  |TAMS 0x000000008ce00000, 0x000000008ce00000| Untracked 
| 207|0x000000008cf00000, 0x000000008cf00000, 0x000000008d000000|  0%| F|  |TAMS 0x000000008cf00000, 0x000000008cf00000| Untracked 
| 208|0x000000008d000000, 0x000000008d000000, 0x000000008d100000|  0%| F|  |TAMS 0x000000008d000000, 0x000000008d000000| Untracked 
| 209|0x000000008d100000, 0x000000008d100000, 0x000000008d200000|  0%| F|  |TAMS 0x000000008d100000, 0x000000008d100000| Untracked 
| 210|0x000000008d200000, 0x000000008d200000, 0x000000008d300000|  0%| F|  |TAMS 0x000000008d200000, 0x000000008d200000| Untracked 
| 211|0x000000008d300000, 0x000000008d300000, 0x000000008d400000|  0%| F|  |TAMS 0x000000008d300000, 0x000000008d300000| Untracked 
| 212|0x000000008d400000, 0x000000008d400000, 0x000000008d500000|  0%| F|  |TAMS 0x000000008d400000, 0x000000008d400000| Untracked 
| 213|0x000000008d500000, 0x000000008d500000, 0x000000008d600000|  0%| F|  |TAMS 0x000000008d500000, 0x000000008d500000| Untracked 
| 214|0x000000008d600000, 0x000000008d600000, 0x000000008d700000|  0%| F|  |TAMS 0x000000008d600000, 0x000000008d600000| Untracked 
| 215|0x000000008d700000, 0x000000008d700000, 0x000000008d800000|  0%| F|  |TAMS 0x000000008d700000, 0x000000008d700000| Untracked 
| 216|0x000000008d800000, 0x000000008d800000, 0x000000008d900000|  0%| F|  |TAMS 0x000000008d800000, 0x000000008d800000| Untracked 
| 217|0x000000008d900000, 0x000000008d900000, 0x000000008da00000|  0%| F|  |TAMS 0x000000008d900000, 0x000000008d900000| Untracked 
| 218|0x000000008da00000, 0x000000008da00000, 0x000000008db00000|  0%| F|  |TAMS 0x000000008da00000, 0x000000008da00000| Untracked 
| 219|0x000000008db00000, 0x000000008db00000, 0x000000008dc00000|  0%| F|  |TAMS 0x000000008db00000, 0x000000008db00000| Untracked 
| 220|0x000000008dc00000, 0x000000008dc00000, 0x000000008dd00000|  0%| F|  |TAMS 0x000000008dc00000, 0x000000008dc00000| Untracked 
| 221|0x000000008dd00000, 0x000000008dd00000, 0x000000008de00000|  0%| F|  |TAMS 0x000000008dd00000, 0x000000008dd00000| Untracked 
| 222|0x000000008de00000, 0x000000008de00000, 0x000000008df00000|  0%| F|  |TAMS 0x000000008de00000, 0x000000008de00000| Untracked 
| 223|0x000000008df00000, 0x000000008df00000, 0x000000008e000000|  0%| F|  |TAMS 0x000000008df00000, 0x000000008df00000| Untracked 
| 224|0x000000008e000000, 0x000000008e000000, 0x000000008e100000|  0%| F|  |TAMS 0x000000008e000000, 0x000000008e000000| Untracked 
| 225|0x000000008e100000, 0x000000008e100000, 0x000000008e200000|  0%| F|  |TAMS 0x000000008e100000, 0x000000008e100000| Untracked 
| 226|0x000000008e200000, 0x000000008e200000, 0x000000008e300000|  0%| F|  |TAMS 0x000000008e200000, 0x000000008e200000| Untracked 
| 227|0x000000008e300000, 0x000000008e3b1400, 0x000000008e400000| 69%| S|CS|TAMS 0x000000008e300000, 0x000000008e300000| Complete 
| 228|0x000000008e400000, 0x000000008e500000, 0x000000008e500000|100%| S|CS|TAMS 0x000000008e400000, 0x000000008e400000| Complete 
| 229|0x000000008e500000, 0x000000008e600000, 0x000000008e600000|100%| S|CS|TAMS 0x000000008e500000, 0x000000008e500000| Complete 
| 230|0x000000008e600000, 0x000000008e700000, 0x000000008e700000|100%| S|CS|TAMS 0x000000008e600000, 0x000000008e600000| Complete 
| 231|0x000000008e700000, 0x000000008e800000, 0x000000008e800000|100%| S|CS|TAMS 0x000000008e700000, 0x000000008e700000| Complete 
| 232|0x000000008e800000, 0x000000008e900000, 0x000000008e900000|100%| S|CS|TAMS 0x000000008e800000, 0x000000008e800000| Complete 
| 233|0x000000008e900000, 0x000000008e900000, 0x000000008ea00000|  0%| F|  |TAMS 0x000000008e900000, 0x000000008e900000| Untracked 
| 234|0x000000008ea00000, 0x000000008ea00000, 0x000000008eb00000|  0%| F|  |TAMS 0x000000008ea00000, 0x000000008ea00000| Untracked 
| 235|0x000000008eb00000, 0x000000008eb00000, 0x000000008ec00000|  0%| F|  |TAMS 0x000000008eb00000, 0x000000008eb00000| Untracked 
| 236|0x000000008ec00000, 0x000000008ec00000, 0x000000008ed00000|  0%| F|  |TAMS 0x000000008ec00000, 0x000000008ec00000| Untracked 
| 237|0x000000008ed00000, 0x000000008ed00000, 0x000000008ee00000|  0%| F|  |TAMS 0x000000008ed00000, 0x000000008ed00000| Untracked 
| 238|0x000000008ee00000, 0x000000008ee00000, 0x000000008ef00000|  0%| F|  |TAMS 0x000000008ee00000, 0x000000008ee00000| Untracked 
| 239|0x000000008ef00000, 0x000000008ef00000, 0x000000008f000000|  0%| F|  |TAMS 0x000000008ef00000, 0x000000008ef00000| Untracked 
| 240|0x000000008f000000, 0x000000008f000000, 0x000000008f100000|  0%| F|  |TAMS 0x000000008f000000, 0x000000008f000000| Untracked 
| 241|0x000000008f100000, 0x000000008f100000, 0x000000008f200000|  0%| F|  |TAMS 0x000000008f100000, 0x000000008f100000| Untracked 
| 242|0x000000008f200000, 0x000000008f200000, 0x000000008f300000|  0%| F|  |TAMS 0x000000008f200000, 0x000000008f200000| Untracked 
| 243|0x000000008f300000, 0x000000008f300000, 0x000000008f400000|  0%| F|  |TAMS 0x000000008f300000, 0x000000008f300000| Untracked 
| 244|0x000000008f400000, 0x000000008f400000, 0x000000008f500000|  0%| F|  |TAMS 0x000000008f400000, 0x000000008f400000| Untracked 
| 245|0x000000008f500000, 0x000000008f500000, 0x000000008f600000|  0%| F|  |TAMS 0x000000008f500000, 0x000000008f500000| Untracked 
| 246|0x000000008f600000, 0x000000008f600000, 0x000000008f700000|  0%| F|  |TAMS 0x000000008f600000, 0x000000008f600000| Untracked 
| 247|0x000000008f700000, 0x000000008f700000, 0x000000008f800000|  0%| F|  |TAMS 0x000000008f700000, 0x000000008f700000| Untracked 
| 248|0x000000008f800000, 0x000000008f800000, 0x000000008f900000|  0%| F|  |TAMS 0x000000008f800000, 0x000000008f800000| Untracked 
| 249|0x000000008f900000, 0x000000008f900000, 0x000000008fa00000|  0%| F|  |TAMS 0x000000008f900000, 0x000000008f900000| Untracked 
| 250|0x000000008fa00000, 0x000000008fa00000, 0x000000008fb00000|  0%| F|  |TAMS 0x000000008fa00000, 0x000000008fa00000| Untracked 
| 251|0x000000008fb00000, 0x000000008fb00000, 0x000000008fc00000|  0%| F|  |TAMS 0x000000008fb00000, 0x000000008fb00000| Untracked 
| 252|0x000000008fc00000, 0x000000008fc00000, 0x000000008fd00000|  0%| F|  |TAMS 0x000000008fc00000, 0x000000008fc00000| Untracked 
| 253|0x000000008fd00000, 0x000000008fd00000, 0x000000008fe00000|  0%| F|  |TAMS 0x000000008fd00000, 0x000000008fd00000| Untracked 
| 254|0x000000008fe00000, 0x000000008fe00000, 0x000000008ff00000|  0%| F|  |TAMS 0x000000008fe00000, 0x000000008fe00000| Untracked 
| 255|0x000000008ff00000, 0x000000008ff00000, 0x0000000090000000|  0%| F|  |TAMS 0x000000008ff00000, 0x000000008ff00000| Untracked 
| 256|0x0000000090000000, 0x0000000090000000, 0x0000000090100000|  0%| F|  |TAMS 0x0000000090000000, 0x0000000090000000| Untracked 
| 257|0x0000000090100000, 0x0000000090100000, 0x0000000090200000|  0%| F|  |TAMS 0x0000000090100000, 0x0000000090100000| Untracked 
| 258|0x0000000090200000, 0x0000000090200000, 0x0000000090300000|  0%| F|  |TAMS 0x0000000090200000, 0x0000000090200000| Untracked 
| 259|0x0000000090300000, 0x0000000090300000, 0x0000000090400000|  0%| F|  |TAMS 0x0000000090300000, 0x0000000090300000| Untracked 
| 260|0x0000000090400000, 0x0000000090400000, 0x0000000090500000|  0%| F|  |TAMS 0x0000000090400000, 0x0000000090400000| Untracked 
| 261|0x0000000090500000, 0x0000000090500000, 0x0000000090600000|  0%| F|  |TAMS 0x0000000090500000, 0x0000000090500000| Untracked 
| 262|0x0000000090600000, 0x0000000090600000, 0x0000000090700000|  0%| F|  |TAMS 0x0000000090600000, 0x0000000090600000| Untracked 
| 263|0x0000000090700000, 0x0000000090700000, 0x0000000090800000|  0%| F|  |TAMS 0x0000000090700000, 0x0000000090700000| Untracked 
| 264|0x0000000090800000, 0x0000000090800000, 0x0000000090900000|  0%| F|  |TAMS 0x0000000090800000, 0x0000000090800000| Untracked 
| 265|0x0000000090900000, 0x0000000090900000, 0x0000000090a00000|  0%| F|  |TAMS 0x0000000090900000, 0x0000000090900000| Untracked 
| 266|0x0000000090a00000, 0x0000000090a00000, 0x0000000090b00000|  0%| F|  |TAMS 0x0000000090a00000, 0x0000000090a00000| Untracked 
| 267|0x0000000090b00000, 0x0000000090b00000, 0x0000000090c00000|  0%| F|  |TAMS 0x0000000090b00000, 0x0000000090b00000| Untracked 

Card table byte_map: [0x00000174f5c90000,0x00000174f6090000] _byte_map_base: 0x00000174f5890000

Marking Bits (Prev, Next): (CMBitMap*) 0x00000174e0b7c7b8, (CMBitMap*) 0x00000174e0b7c7f0
 Prev Bits: [0x00000174f6490000, 0x00000174f8490000)
 Next Bits: [0x00000174f8490000, 0x00000174fa490000)

Polling page: 0x00000174e0c10000

Metaspace:

Usage:
  Non-class:    104.74 MB capacity,   102.69 MB ( 98%) used,     1.65 MB (  2%) free+waste,   409.31 KB ( <1%) overhead. 
      Class:     16.43 MB capacity,    15.11 MB ( 92%) used,     1.13 MB (  7%) free+waste,   191.69 KB (  1%) overhead. 
       Both:    121.17 MB capacity,   117.80 MB ( 97%) used,     2.79 MB (  2%) free+waste,   601.00 KB ( <1%) overhead. 

Virtual space:
  Non-class space:      106.00 MB reserved,     104.75 MB ( 99%) committed 
      Class space:        1.00 GB reserved,      16.50 MB (  2%) committed 
             Both:        1.10 GB reserved,     121.25 MB ( 11%) committed 

Chunk freelists:
   Non-Class:  9.00 KB
       Class:  4.00 KB
        Both:  13.00 KB

MaxMetaspaceSize: 17179869184.00 GB
CompressedClassSpaceSize: 1.00 GB

CodeHeap 'non-profiled nmethods': size=120000Kb used=9231Kb max_used=9231Kb free=110768Kb
 bounds [0x00000174ed900000, 0x00000174ee210000, 0x00000174f4e30000]
CodeHeap 'profiled nmethods': size=120000Kb used=36033Kb max_used=36033Kb free=83966Kb
 bounds [0x00000174e63d0000, 0x00000174e8710000, 0x00000174ed900000]
CodeHeap 'non-nmethods': size=5760Kb used=2350Kb max_used=2394Kb free=3409Kb
 bounds [0x00000174e5e30000, 0x00000174e60a0000, 0x00000174e63d0000]
 total_blobs=18378 nmethods=17405 adapters=883
 compilation: enabled
              stopped_count=0, restarted_count=0
 full_count=0

Compilation events (20 events):
Event: 34.949 Thread 0x00000174fcf73800 nmethod 18074 0x00000174e86f7090 code [0x00000174e86f7860, 0x00000174e86fa938]
Event: 34.949 Thread 0x00000174fcf73800 18089       2       com.android.tools.r8.graph.E::F (78 bytes)
Event: 34.949 Thread 0x00000174fcf73800 nmethod 18089 0x00000174e86fc610 code [0x00000174e86fc7e0, 0x00000174e86fc9f8]
Event: 34.950 Thread 0x00000174fcf73800 18077       2       com.android.tools.r8.internal.NG::O (23 bytes)
Event: 34.950 Thread 0x00000174fcf73800 nmethod 18077 0x00000174e86fcb10 code [0x00000174e86fccc0, 0x00000174e86fce48]
Event: 34.950 Thread 0x00000174fcf73800 18085       2       com.android.tools.r8.internal.W4::e (8 bytes)
Event: 34.950 Thread 0x00000174fcf73800 nmethod 18085 0x00000174e86fcf10 code [0x00000174e86fd0c0, 0x00000174e86fd1b8]
Event: 34.950 Thread 0x00000174fcf73800 18094       2       com.android.tools.r8.internal.E7$$Lambda$2146/0x0000000101056c40::test (12 bytes)
Event: 34.950 Thread 0x00000174fcf73800 nmethod 18094 0x00000174e86fd290 code [0x00000174e86fd440, 0x00000174e86fd598]
Event: 34.950 Thread 0x00000174fcf73800 18096       2       java.util.LinkedList::toArray (39 bytes)
Event: 34.951 Thread 0x00000174fcf73800 nmethod 18096 0x00000174e86fd690 code [0x00000174e86fd860, 0x00000174e86fdb58]
Event: 34.951 Thread 0x00000174fcf73800 18095       2       com.android.tools.r8.internal.E7::a (11 bytes)
Event: 34.951 Thread 0x00000174fcf73800 nmethod 18095 0x00000174e86fdc90 code [0x00000174e86fde40, 0x00000174e86fdf38]
Event: 34.951 Thread 0x00000174fcf73800 18078       2       com.android.tools.r8.internal.NG::a (466 bytes)
Event: 34.953 Thread 0x00000174fcf73800 nmethod 18078 0x00000174e86fe010 code [0x00000174e86fe300, 0x00000174e86fee58]
Event: 34.953 Thread 0x00000174fcf73800 18098 %     3       com.android.tools.r8.internal.wj::b @ 16 (65 bytes)
Event: 34.954 Thread 0x00000174fcf73800 nmethod 18098% 0x00000174e86ff390 code [0x00000174e86ff5c0, 0x00000174e86ffde8]
Event: 34.954 Thread 0x00000174fcf73800 18073       2       com.android.tools.r8.internal.l4::c (42 bytes)
Event: 34.955 Thread 0x00000174fcf73800 nmethod 18073 0x00000174e8700090 code [0x00000174e8700280, 0x00000174e8700498]
Event: 34.955 Thread 0x00000174fcf73800 18107       3       com.android.tools.r8.internal.D9::e (297 bytes)

GC Heap History (20 events):
Event: 28.569 GC heap after
{Heap after GC invocations=37 (full 0):
 garbage-first heap   total 227328K, used 136105K [0x0000000080000000, 0x0000000100000000)
  region size 1024K, 7 young (7168K), 7 survivors (7168K)
 Metaspace       used 104446K, capacity 106939K, committed 107008K, reserved 1142784K
  class space    used 13360K, capacity 14269K, committed 14336K, reserved 1048576K
}
Event: 29.218 GC heap before
{Heap before GC invocations=38 (full 0):
 garbage-first heap   total 227328K, used 167849K [0x0000000080000000, 0x0000000100000000)
  region size 1024K, 42 young (43008K), 7 survivors (7168K)
 Metaspace       used 105614K, capacity 108154K, committed 108416K, reserved 1142784K
  class space    used 13506K, capacity 14444K, committed 14464K, reserved 1048576K
}
Event: 29.243 GC heap after
{Heap after GC invocations=39 (full 0):
 garbage-first heap   total 227328K, used 137216K [0x0000000080000000, 0x0000000100000000)
  region size 1024K, 5 young (5120K), 5 survivors (5120K)
 Metaspace       used 105614K, capacity 108154K, committed 108416K, reserved 1142784K
  class space    used 13506K, capacity 14444K, committed 14464K, reserved 1048576K
}
Event: 29.335 GC heap before
{Heap before GC invocations=39 (full 0):
 garbage-first heap   total 227328K, used 145408K [0x0000000080000000, 0x0000000100000000)
  region size 1024K, 11 young (11264K), 5 survivors (5120K)
 Metaspace       used 105618K, capacity 108154K, committed 108416K, reserved 1142784K
  class space    used 13506K, capacity 14444K, committed 14464K, reserved 1048576K
}
Event: 29.356 GC heap after
{Heap after GC invocations=40 (full 0):
 garbage-first heap   total 227328K, used 131695K [0x0000000080000000, 0x0000000100000000)
  region size 1024K, 1 young (1024K), 1 survivors (1024K)
 Metaspace       used 105618K, capacity 108154K, committed 108416K, reserved 1142784K
  class space    used 13506K, capacity 14444K, committed 14464K, reserved 1048576K
}
Event: 30.204 GC heap before
{Heap before GC invocations=40 (full 0):
 garbage-first heap   total 227328K, used 171631K [0x0000000080000000, 0x0000000100000000)
  region size 1024K, 39 young (39936K), 1 survivors (1024K)
 Metaspace       used 106049K, capacity 108698K, committed 108800K, reserved 1142784K
  class space    used 13552K, capacity 14515K, committed 14592K, reserved 1048576K
}
Event: 30.220 GC heap after
{Heap after GC invocations=41 (full 0):
 garbage-first heap   total 274432K, used 139520K [0x0000000080000000, 0x0000000100000000)
  region size 1024K, 5 young (5120K), 5 survivors (5120K)
 Metaspace       used 106049K, capacity 108698K, committed 108800K, reserved 1142784K
  class space    used 13552K, capacity 14515K, committed 14592K, reserved 1048576K
}
Event: 30.953 GC heap before
{Heap before GC invocations=42 (full 0):
 garbage-first heap   total 274432K, used 201984K [0x0000000080000000, 0x0000000100000000)
  region size 1024K, 59 young (60416K), 5 survivors (5120K)
 Metaspace       used 106317K, capacity 108936K, committed 109312K, reserved 1144832K
  class space    used 13561K, capacity 14503K, committed 14592K, reserved 1048576K
}
Event: 30.969 GC heap after
{Heap after GC invocations=43 (full 0):
 garbage-first heap   total 274432K, used 153512K [0x0000000080000000, 0x0000000100000000)
  region size 1024K, 8 young (8192K), 8 survivors (8192K)
 Metaspace       used 106317K, capacity 108936K, committed 109312K, reserved 1144832K
  class space    used 13561K, capacity 14503K, committed 14592K, reserved 1048576K
}
Event: 31.062 GC heap before
{Heap before GC invocations=43 (full 0):
 garbage-first heap   total 274432K, used 158632K [0x0000000080000000, 0x0000000100000000)
  region size 1024K, 13 young (13312K), 8 survivors (8192K)
 Metaspace       used 106323K, capacity 108936K, committed 109312K, reserved 1144832K
  class space    used 13561K, capacity 14503K, committed 14592K, reserved 1048576K
}
Event: 31.073 GC heap after
{Heap after GC invocations=44 (full 0):
 garbage-first heap   total 274432K, used 152692K [0x0000000080000000, 0x0000000100000000)
  region size 1024K, 1 young (1024K), 1 survivors (1024K)
 Metaspace       used 106323K, capacity 108936K, committed 109312K, reserved 1144832K
  class space    used 13561K, capacity 14503K, committed 14592K, reserved 1048576K
}
Event: 31.691 GC heap before
{Heap before GC invocations=44 (full 0):
 garbage-first heap   total 274432K, used 203892K [0x0000000080000000, 0x0000000100000000)
  region size 1024K, 52 young (53248K), 1 survivors (1024K)
 Metaspace       used 107359K, capacity 109933K, committed 110208K, reserved 1144832K
  class space    used 13668K, capacity 14609K, committed 14720K, reserved 1048576K
}
Event: 31.698 GC heap after
{Heap after GC invocations=45 (full 0):
 garbage-first heap   total 274432K, used 154958K [0x0000000080000000, 0x0000000100000000)
  region size 1024K, 3 young (3072K), 3 survivors (3072K)
 Metaspace       used 107359K, capacity 109933K, committed 110208K, reserved 1144832K
  class space    used 13668K, capacity 14609K, committed 14720K, reserved 1048576K
}
Event: 33.378 GC heap before
{Heap before GC invocations=45 (full 0):
 garbage-first heap   total 274432K, used 211278K [0x0000000080000000, 0x0000000100000000)
  region size 1024K, 57 young (58368K), 3 survivors (3072K)
 Metaspace       used 114108K, capacity 116733K, committed 116992K, reserved 1150976K
  class space    used 14525K, capacity 15512K, committed 15616K, reserved 1048576K
}
Event: 33.389 GC heap after
{Heap after GC invocations=46 (full 0):
 garbage-first heap   total 274432K, used 163954K [0x0000000080000000, 0x0000000100000000)
  region size 1024K, 8 young (8192K), 8 survivors (8192K)
 Metaspace       used 114108K, capacity 116733K, committed 116992K, reserved 1150976K
  class space    used 14525K, capacity 15512K, committed 15616K, reserved 1048576K
}
Event: 34.241 GC heap before
{Heap before GC invocations=46 (full 0):
 garbage-first heap   total 274432K, used 220274K [0x0000000080000000, 0x0000000100000000)
  region size 1024K, 58 young (59392K), 8 survivors (8192K)
 Metaspace       used 116542K, capacity 119480K, committed 119680K, reserved 1153024K
  class space    used 14799K, capacity 15900K, committed 16000K, reserved 1048576K
}
Event: 34.257 GC heap after
{Heap after GC invocations=47 (full 0):
 garbage-first heap   total 274432K, used 173228K [0x0000000080000000, 0x0000000100000000)
  region size 1024K, 8 young (8192K), 8 survivors (8192K)
 Metaspace       used 116542K, capacity 119480K, committed 119680K, reserved 1153024K
  class space    used 14799K, capacity 15900K, committed 16000K, reserved 1048576K
}
Event: 34.506 GC heap before
{Heap before GC invocations=47 (full 0):
 garbage-first heap   total 274432K, used 219308K [0x0000000080000000, 0x0000000100000000)
  region size 1024K, 54 young (55296K), 8 survivors (8192K)
 Metaspace       used 117158K, capacity 120149K, committed 120192K, reserved 1153024K
  class space    used 14873K, capacity 15996K, committed 16000K, reserved 1048576K
}
Event: 34.527 GC heap after
{Heap after GC invocations=48 (full 0):
 garbage-first heap   total 274432K, used 187634K [0x0000000080000000, 0x0000000100000000)
  region size 1024K, 7 young (7168K), 7 survivors (7168K)
 Metaspace       used 117158K, capacity 120149K, committed 120192K, reserved 1153024K
  class space    used 14873K, capacity 15996K, committed 16000K, reserved 1048576K
}
Event: 34.958 GC heap before
{Heap before GC invocations=48 (full 0):
 garbage-first heap   total 274432K, used 222450K [0x0000000080000000, 0x0000000100000000)
  region size 1024K, 42 young (43008K), 7 survivors (7168K)
 Metaspace       used 120628K, capacity 124083K, committed 124160K, reserved 1157120K
  class space    used 15476K, capacity 16828K, committed 16896K, reserved 1048576K
}

Deoptimization events (20 events):
Event: 34.673 Thread 0x0000017481cc2800 DEOPT PACKING pc=0x00000174ee068e18 sp=0x0000005047efc4b0
Event: 34.673 Thread 0x0000017481cc5000 DEOPT PACKING pc=0x00000174ee068e18 sp=0x00000050482fc3f0
Event: 34.673 Thread 0x0000017481cc4000 DEOPT PACKING pc=0x00000174ee068e18 sp=0x00000050480fc370
Event: 34.673 Thread 0x0000017481cc2800 DEOPT UNPACKING pc=0x00000174e5e578af sp=0x0000005047efc3d8 mode 2
Event: 34.673 Thread 0x0000017481cc4000 DEOPT UNPACKING pc=0x00000174e5e578af sp=0x00000050480fc298 mode 2
Event: 34.673 Thread 0x0000017481cc5000 DEOPT UNPACKING pc=0x00000174e5e578af sp=0x00000050482fc318 mode 2
Event: 34.851 Thread 0x0000017481cc4000 Uncommon trap: trap_request=0xffffff4d fr.pc=0x00000174ee01a8b0 relative=0x0000000000000b30
Event: 34.851 Thread 0x0000017481cc4000 Uncommon trap: reason=unstable_if action=reinterpret pc=0x00000174ee01a8b0 method=com.android.tools.r8.graph.E.F()I @ 38 c2
Event: 34.851 Thread 0x0000017481cc4000 DEOPT PACKING pc=0x00000174ee01a8b0 sp=0x00000050480fc260
Event: 34.851 Thread 0x0000017481cc4000 DEOPT UNPACKING pc=0x00000174e5e578af sp=0x00000050480fc258 mode 2
Event: 34.871 Thread 0x0000017481cc1800 Uncommon trap: trap_request=0xffffff4d fr.pc=0x00000174edffb1f0 relative=0x0000000000000370
Event: 34.871 Thread 0x0000017481cc1800 Uncommon trap: reason=unstable_if action=reinterpret pc=0x00000174edffb1f0 method=com.android.tools.r8.internal.zh.a(ILjava/lang/Object;)Ljava/lang/Object; @ 60 c2
Event: 34.871 Thread 0x0000017481cc1800 DEOPT PACKING pc=0x00000174edffb1f0 sp=0x00000050483fc5b0
Event: 34.871 Thread 0x0000017481cc1800 DEOPT UNPACKING pc=0x00000174e5e578af sp=0x00000050483fc570 mode 2
Event: 34.919 Thread 0x0000017481cc1800 Uncommon trap: trap_request=0xffffff4d fr.pc=0x00000174edb422e4 relative=0x0000000000000c44
Event: 34.919 Thread 0x0000017481cc1800 Uncommon trap: reason=unstable_if action=reinterpret pc=0x00000174edb422e4 method=java.util.HashMap.computeIfAbsent(Ljava/lang/Object;Ljava/util/function/Function;)Ljava/lang/Object; @ 145 c2
Event: 34.919 Thread 0x0000017481cc1800 DEOPT PACKING pc=0x00000174edb422e4 sp=0x00000050483fc680
Event: 34.919 Thread 0x0000017481cc1800 DEOPT UNPACKING pc=0x00000174e5e578af sp=0x00000050483fc650 mode 2
Event: 34.955 Thread 0x0000017481cc1800 DEOPT PACKING pc=0x00000174e8601d77 sp=0x00000050483fb540
Event: 34.955 Thread 0x0000017481cc1800 DEOPT UNPACKING pc=0x00000174e5e576ce sp=0x00000050483faab8 mode 0

Classes redefined (0 events):
No events

Internal exceptions (20 events):
Event: 34.623 Thread 0x0000017481cc1800 Exception <a 'java/lang/NoSuchMethodError'{0x000000008fd1cf10}: 'java.lang.Object java.lang.invoke.DirectMethodHandle$Holder.invokeStatic(java.lang.Object, int, java.lang.Object, java.lang.Object)'> (0x000000008fd1cf10) thrown at [./src/hotspot/share/interpreter/linkResolver.cpp, line 773]
Event: 34.623 Thread 0x0000017481cc2800 Exception <a 'java/lang/NoSuchMethodError'{0x000000008fd0f128}: 'java.lang.Object java.lang.invoke.DirectMethodHandle$Holder.invokeStatic(java.lang.Object, int, java.lang.Object, java.lang.Object)'> (0x000000008fd0f128) thrown at [./src/hotspot/share/interpreter/linkResolver.cpp, line 773]
Event: 34.647 Thread 0x0000017481cc1800 Exception <a 'java/lang/NoSuchMethodError'{0x000000008fb76d10}: 'java.lang.Object java.lang.invoke.Invokers$Holder.linkToTargetMethod(java.lang.Object, java.lang.Object, java.lang.Object, java.lang.Object, java.lang.Object, java.lang.Object, java.lang.Object, java.lang.Object)'> (0x000000008fb76d10) thrown at [./src/hotspot/share/interpreter/linkResolver.cpp, line 773]
Event: 34.673 Thread 0x0000017481cc4000 Implicit null exception at 0x00000174ee068cf2 to 0x00000174ee068e04
Event: 34.673 Thread 0x0000017481cc1800 Implicit null exception at 0x00000174ee068cf2 to 0x00000174ee068e04
Event: 34.673 Thread 0x0000017481cc5800 Implicit null exception at 0x00000174ee068cf2 to 0x00000174ee068e04
Event: 34.673 Thread 0x0000017481cc5000 Implicit null exception at 0x00000174ee068cf2 to 0x00000174ee068e04
Event: 34.673 Thread 0x0000017481cc2800 Implicit null exception at 0x00000174ee068cf2 to 0x00000174ee068e04
Event: 34.673 Thread 0x0000017481ccc000 Implicit null exception at 0x00000174ee068cf2 to 0x00000174ee068e04
Event: 34.673 Thread 0x0000017481ccb800 Implicit null exception at 0x00000174ee068cf2 to 0x00000174ee068e04
Event: 34.673 Thread 0x0000017481cc1000 Implicit null exception at 0x00000174ee068cf2 to 0x00000174ee068e04
Event: 34.747 Thread 0x0000017481ccc000 Exception <a 'java/lang/NoSuchMethodError'{0x000000008f741610}: 'java.lang.Object java.lang.invoke.DirectMethodHandle$Holder.invokeVirtual(java.lang.Object, java.lang.Object, int, java.lang.Object)'> (0x000000008f741610) thrown at [./src/hotspot/share/interpreter/linkResolver.cpp, line 773]
Event: 34.747 Thread 0x0000017481cc1800 Exception <a 'java/lang/NoSuchMethodError'{0x000000008f9cc100}: 'java.lang.Object java.lang.invoke.DirectMethodHandle$Holder.invokeVirtual(java.lang.Object, java.lang.Object, int, java.lang.Object)'> (0x000000008f9cc100) thrown at [./src/hotspot/share/interpreter/linkResolver.cpp, line 773]
Event: 34.765 Thread 0x0000017481cc1800 Exception <a 'java/lang/NoSuchMethodError'{0x000000008f76fbc0}: 'void java.lang.invoke.DirectMethodHandle$Holder.invokeVirtual(java.lang.Object, java.lang.Object, int, java.lang.Object)'> (0x000000008f76fbc0) thrown at [./src/hotspot/share/interpreter/linkResolver.cpp, line 773]
Event: 34.765 Thread 0x0000017481cc5800 Exception <a 'java/lang/NoSuchMethodError'{0x000000008f975590}: 'void java.lang.invoke.DirectMethodHandle$Holder.invokeVirtual(java.lang.Object, java.lang.Object, int, java.lang.Object)'> (0x000000008f975590) thrown at [./src/hotspot/share/interpreter/linkResolver.cpp, line 773]
Event: 34.765 Thread 0x0000017481cc2800 Exception <a 'java/lang/NoSuchMethodError'{0x000000008f98ef20}: 'void java.lang.invoke.DirectMethodHandle$Holder.invokeVirtual(java.lang.Object, java.lang.Object, int, java.lang.Object)'> (0x000000008f98ef20) thrown at [./src/hotspot/share/interpreter/linkResolver.cpp, line 773]
Event: 34.765 Thread 0x0000017481cc4000 Exception <a 'java/lang/NoSuchMethodError'{0x000000008f7c2460}: 'void java.lang.invoke.DirectMethodHandle$Holder.invokeVirtual(java.lang.Object, java.lang.Object, int, java.lang.Object)'> (0x000000008f7c2460) thrown at [./src/hotspot/share/interpreter/linkResolver.cpp, line 773]
Event: 34.766 Thread 0x0000017481cc1000 Exception <a 'java/lang/NoSuchMethodError'{0x000000008f961c60}: 'void java.lang.invoke.DirectMethodHandle$Holder.invokeVirtual(java.lang.Object, java.lang.Object, int, java.lang.Object)'> (0x000000008f961c60) thrown at [./src/hotspot/share/interpreter/linkResolver.cpp, line 773]
Event: 34.766 Thread 0x0000017481cc5000 Exception <a 'java/lang/NoSuchMethodError'{0x000000008f7a4980}: 'void java.lang.invoke.DirectMethodHandle$Holder.invokeVirtual(java.lang.Object, java.lang.Object, int, java.lang.Object)'> (0x000000008f7a4980) thrown at [./src/hotspot/share/interpreter/linkResolver.cpp, line 773]
Event: 34.851 Thread 0x0000017481cc4000 Implicit null exception at 0x00000174ee019efa to 0x00000174ee01a89c

Events (20 events):
Event: 34.943 loading class com/android/tools/r8/internal/gb done
Event: 34.943 loading class com/android/tools/r8/internal/X$i
Event: 34.943 loading class com/android/tools/r8/internal/X$i done
Event: 34.944 loading class com/android/tools/r8/internal/Ai
Event: 34.944 loading class com/android/tools/r8/internal/Ai done
Event: 34.945 loading class com/android/tools/r8/internal/X$f
Event: 34.945 loading class com/android/tools/r8/internal/X$f done
Event: 34.945 loading class com/android/tools/r8/internal/M6
Event: 34.945 loading class com/android/tools/r8/internal/M6 done
Event: 34.948 loading class com/android/tools/r8/internal/K6
Event: 34.948 loading class com/android/tools/r8/internal/K6 done
Event: 34.949 loading class com/android/tools/r8/internal/I6
Event: 34.949 loading class com/android/tools/r8/internal/I6 done
Event: 34.949 loading class com/android/tools/r8/internal/Ei
Event: 34.949 loading class com/android/tools/r8/internal/Ei done
Event: 34.951 loading class com/android/tools/r8/internal/Ei$a
Event: 34.951 loading class com/android/tools/r8/internal/Ei$a done
Event: 34.954 loading class com/android/tools/r8/internal/l4
Event: 34.954 loading class com/android/tools/r8/internal/l4 done
Event: 34.956 Executing VM operation: G1CollectForAllocation


Dynamic libraries:
0x00007ff70e0a0000 - 0x00007ff70e0aa000 	C:\Program Files\Android\Android Studio1\jre\bin\java.exe
0x00007ffd35550000 - 0x00007ffd35746000 	C:\WINDOWS\SYSTEM32\ntdll.dll
0x00007ffd34800000 - 0x00007ffd348bd000 	C:\WINDOWS\System32\KERNEL32.DLL
0x00007ffd32d40000 - 0x00007ffd33009000 	C:\WINDOWS\System32\KERNELBASE.dll
0x00007ffd2ce30000 - 0x00007ffd2cec0000 	C:\WINDOWS\SYSTEM32\apphelp.dll
0x00007ffd33010000 - 0x00007ffd33110000 	C:\WINDOWS\System32\ucrtbase.dll
0x00007ffd29dc0000 - 0x00007ffd29dd9000 	C:\Program Files\Android\Android Studio1\jre\bin\jli.dll
0x00007ffd25410000 - 0x00007ffd25427000 	C:\Program Files\Android\Android Studio1\jre\bin\VCRUNTIME140.dll
0x00007ffd33940000 - 0x00007ffd33ae0000 	C:\WINDOWS\System32\USER32.dll
0x00007ffd32c90000 - 0x00007ffd32cb2000 	C:\WINDOWS\System32\win32u.dll
0x00007ffd351a0000 - 0x00007ffd351ca000 	C:\WINDOWS\System32\GDI32.dll
0x00007ffd1f6e0000 - 0x00007ffd1f97b000 	C:\WINDOWS\WinSxS\amd64_microsoft.windows.common-controls_6595b64144ccf1df_6.0.19041.746_none_ca02b4b61b8320a4\COMCTL32.dll
0x00007ffd33210000 - 0x00007ffd3331b000 	C:\WINDOWS\System32\gdi32full.dll
0x00007ffd33170000 - 0x00007ffd3320d000 	C:\WINDOWS\System32\msvcp_win.dll
0x00007ffd33d20000 - 0x00007ffd33dbe000 	C:\WINDOWS\System32\msvcrt.dll
0x00007ffd33ae0000 - 0x00007ffd33b10000 	C:\WINDOWS\System32\IMM32.DLL
0x00007ffd137b0000 - 0x00007ffd1384d000 	C:\Program Files\Android\Android Studio1\jre\bin\msvcp140.dll
0x00007ffce83d0000 - 0x00007ffce8e9f000 	C:\Program Files\Android\Android Studio1\jre\bin\server\jvm.dll
0x00007ffd348c0000 - 0x00007ffd3496c000 	C:\WINDOWS\System32\ADVAPI32.dll
0x00007ffd35470000 - 0x00007ffd3550c000 	C:\WINDOWS\System32\sechost.dll
0x00007ffd33e40000 - 0x00007ffd33f6b000 	C:\WINDOWS\System32\RPCRT4.dll
0x00007ffd35460000 - 0x00007ffd35468000 	C:\WINDOWS\System32\PSAPI.DLL
0x00007ffd1d810000 - 0x00007ffd1d819000 	C:\WINDOWS\SYSTEM32\WSOCK32.dll
0x00007ffd1e6e0000 - 0x00007ffd1e707000 	C:\WINDOWS\SYSTEM32\WINMM.dll
0x00007ffd27f80000 - 0x00007ffd27f8a000 	C:\WINDOWS\SYSTEM32\VERSION.dll
0x00007ffd33dd0000 - 0x00007ffd33e3b000 	C:\WINDOWS\System32\WS2_32.dll
0x00007ffd31560000 - 0x00007ffd31572000 	C:\WINDOWS\SYSTEM32\kernel.appcore.dll
0x00007ffd1eb00000 - 0x00007ffd1eb11000 	C:\Program Files\Android\Android Studio1\jre\bin\verify.dll
0x00007ffd311f0000 - 0x00007ffd313d4000 	C:\WINDOWS\SYSTEM32\DBGHELP.DLL
0x00007ffd26a90000 - 0x00007ffd26abc000 	C:\WINDOWS\SYSTEM32\dbgcore.DLL
0x00007ffd32cc0000 - 0x00007ffd32d40000 	C:\WINDOWS\System32\bcryptPrimitives.dll
0x00007ffd151a0000 - 0x00007ffd151c9000 	C:\Program Files\Android\Android Studio1\jre\bin\java.dll
0x00007ffd29d60000 - 0x00007ffd29d6b000 	C:\Program Files\Android\Android Studio1\jre\bin\jimage.dll
0x00007ffd1e750000 - 0x00007ffd1e768000 	C:\Program Files\Android\Android Studio1\jre\bin\zip.dll
0x00007ffd34a50000 - 0x00007ffd35192000 	C:\WINDOWS\System32\SHELL32.dll
0x00007ffd30a60000 - 0x00007ffd311f0000 	C:\WINDOWS\SYSTEM32\windows.storage.dll
0x00007ffd34440000 - 0x00007ffd34796000 	C:\WINDOWS\System32\combase.dll
0x00007ffd32680000 - 0x00007ffd326ac000 	C:\WINDOWS\SYSTEM32\Wldp.dll
0x00007ffd33b10000 - 0x00007ffd33bbe000 	C:\WINDOWS\System32\SHCORE.dll
0x00007ffd33660000 - 0x00007ffd336b5000 	C:\WINDOWS\System32\shlwapi.dll
0x00007ffd32bc0000 - 0x00007ffd32be6000 	C:\WINDOWS\SYSTEM32\profapi.dll
0x00007ffd15180000 - 0x00007ffd1519a000 	C:\Program Files\Android\Android Studio1\jre\bin\net.dll
0x00007ffd2ac10000 - 0x00007ffd2ad10000 	C:\WINDOWS\SYSTEM32\WINHTTP.dll
0x00007ffd32400000 - 0x00007ffd3246a000 	C:\WINDOWS\system32\mswsock.dll
0x00007ffd14cc0000 - 0x00007ffd14cd4000 	C:\Program Files\Android\Android Studio1\jre\bin\nio.dll
0x00007ffd24d80000 - 0x00007ffd24da7000 	C:\Users\shekiba\.gradle\native\8bec1ad78214c89d9ad589b4d07fe93259594b29d510b10fafb7a158f7737e5d\windows-amd64\native-platform.dll
0x00007ffcf6f20000 - 0x00007ffcf705d000 	C:\Users\shekiba\.gradle\native\53dbd7edfb1c66fb8903c78663c9afc45aea4f116125fa6feffd364cf09443e8\windows-amd64\native-platform-file-events.dll
0x00007ffd27000000 - 0x00007ffd2700a000 	C:\Program Files\Android\Android Studio1\jre\bin\management.dll
0x00007ffd251f0000 - 0x00007ffd251fc000 	C:\Program Files\Android\Android Studio1\jre\bin\management_ext.dll
0x00007ffd325d0000 - 0x00007ffd325e8000 	C:\WINDOWS\SYSTEM32\CRYPTSP.dll
0x00007ffd31d40000 - 0x00007ffd31d74000 	C:\WINDOWS\system32\rsaenh.dll
0x00007ffd33420000 - 0x00007ffd33447000 	C:\WINDOWS\System32\bcrypt.dll
0x00007ffd32b40000 - 0x00007ffd32b6e000 	C:\WINDOWS\SYSTEM32\USERENV.dll
0x00007ffd325f0000 - 0x00007ffd325fc000 	C:\WINDOWS\SYSTEM32\CRYPTBASE.dll
0x00007ffd32090000 - 0x00007ffd320cb000 	C:\WINDOWS\SYSTEM32\IPHLPAPI.DLL
0x00007ffd33bc0000 - 0x00007ffd33bc8000 	C:\WINDOWS\System32\NSI.dll
0x00007ffd26c20000 - 0x00007ffd26c37000 	C:\WINDOWS\SYSTEM32\dhcpcsvc6.DLL
0x00007ffd26f20000 - 0x00007ffd26f3d000 	C:\WINDOWS\SYSTEM32\dhcpcsvc.DLL
0x00007ffd320d0000 - 0x00007ffd3219b000 	C:\WINDOWS\SYSTEM32\DNSAPI.dll

dbghelp: loaded successfully - version: 4.0.5 - missing functions: none
symbol engine: initialized successfully - sym options: 0x614 - pdb path: .;C:\Program Files\Android\Android Studio1\jre\bin;C:\WINDOWS\SYSTEM32;C:\WINDOWS\WinSxS\amd64_microsoft.windows.common-controls_6595b64144ccf1df_6.0.19041.746_none_ca02b4b61b8320a4;C:\Program Files\Android\Android Studio1\jre\bin\server;C:\Users\shekiba\.gradle\native\8bec1ad78214c89d9ad589b4d07fe93259594b29d510b10fafb7a158f7737e5d\windows-amd64;C:\Users\shekiba\.gradle\native\53dbd7edfb1c66fb8903c78663c9afc45aea4f116125fa6feffd364cf09443e8\windows-amd64

VM Arguments:
jvm_args: --add-opens=java.base/java.util=ALL-UNNAMED --add-opens=java.base/java.lang=ALL-UNNAMED --add-opens=java.base/java.lang.invoke=ALL-UNNAMED --add-opens=java.base/java.util=ALL-UNNAMED --add-opens=java.prefs/java.util.prefs=ALL-UNNAMED --add-opens=java.prefs/java.util.prefs=ALL-UNNAMED --add-opens=java.base/java.nio.charset=ALL-UNNAMED --add-opens=java.base/java.net=ALL-UNNAMED --add-opens=java.base/java.util.concurrent.atomic=ALL-UNNAMED -Xmx2048m -Dfile.encoding=UTF-8 -Duser.country=NZ -Duser.language=en -Duser.variant 
java_command: org.gradle.launcher.daemon.bootstrap.GradleDaemon 7.0.2
java_class_path (initial): C:\Users\shekiba\.gradle\wrapper\dists\gradle-7.0.2-bin\857tjihv64xamwrf0h14cai3r\gradle-7.0.2\lib\gradle-launcher-7.0.2.jar
Launcher Type: SUN_STANDARD

[Global flags]
     intx CICompilerCount                          = 4                                         {product} {ergonomic}
     uint ConcGCThreads                            = 2                                         {product} {ergonomic}
     uint G1ConcRefinementThreads                  = 8                                         {product} {ergonomic}
   size_t G1HeapRegionSize                         = 1048576                                   {product} {ergonomic}
    uintx GCDrainStackTargetSize                   = 64                                        {product} {ergonomic}
   size_t InitialHeapSize                          = 134217728                                 {product} {ergonomic}
   size_t MarkStackSize                            = 4194304                                   {product} {ergonomic}
   size_t MaxHeapSize                              = 2147483648                                {product} {command line}
   size_t MaxNewSize                               = 1287651328                                {product} {ergonomic}
   size_t MinHeapDeltaBytes                        = 1048576                                   {product} {ergonomic}
    uintx NonNMethodCodeHeapSize                   = 5836300                                {pd product} {ergonomic}
    uintx NonProfiledCodeHeapSize                  = 122910970                              {pd product} {ergonomic}
    uintx ProfiledCodeHeapSize                     = 122910970                              {pd product} {ergonomic}
    uintx ReservedCodeCacheSize                    = 251658240                              {pd product} {ergonomic}
     bool SegmentedCodeCache                       = true                                      {product} {ergonomic}
     bool UseCompressedClassPointers               = true                                 {lp64_product} {ergonomic}
     bool UseCompressedOops                        = true                                 {lp64_product} {ergonomic}
     bool UseG1GC                                  = true                                      {product} {ergonomic}
     bool UseLargePagesIndividualAllocation        = false                                  {pd product} {ergonomic}

Logging:
Log output configuration:
 #0: stdout all=warning uptime,level,tags
 #1: stderr all=off uptime,level,tags

Environment Variables:
PATH=C:\WINDOWS\system32;C:\WINDOWS;C:\WINDOWS\System32\Wbem;C:\WINDOWS\System32\WindowsPowerShell\v1.0\;C:\WINDOWS\System32\OpenSSH\;C:\Users\shekiba\AppData\Local\Microsoft\WindowsApps;
USERNAME=shekiba
OS=Windows_NT
PROCESSOR_IDENTIFIER=Intel64 Family 6 Model 142 Stepping 10, GenuineIntel



---------------  S Y S T E M  ---------------

OS: Windows 10 , 64 bit Build 19041 (10.0.19041.804)
OS uptime: 104 days 16:13 hours

CPU:total 8 (initial active 8) (4 cores per cpu, 2 threads per core) family 6 model 142 stepping 10 microcode 0xe0, cmov, cx8, fxsr, mmx, sse, sse2, sse3, ssse3, sse4.1, sse4.2, popcnt, avx, avx2, aes, clmul, erms, 3dnowpref, lzcnt, ht, tsc, tscinvbit, bmi1, bmi2, adx, fma

Memory: 4k page, system-wide physical 8109M (395M free)
TotalPageFile size 23082M (AvailPageFile size 33M)
current process WorkingSet (physical memory assigned to process): 542M, peak: 549M
current process commit charge ("private bytes"): 640M, peak: 697M

vm_info: OpenJDK 64-Bit Server VM (11.0.10+0-b96-7249189) for windows-amd64 JRE (11.0.10+0-b96-7249189), built on Mar 31 2021 21:44:00 by "builder" with MS VC++ 14.0 (VS2015)

END.
