#
# There is insufficient memory for the Java Runtime Environment to continue.
# Native memory allocation (malloc) failed to allocate 1263056 bytes for Chunk::new
# Possible reasons:
#   The system is out of physical RAM or swap space
#   The process is running with CompressedOops enabled, and the Java Heap may be blocking the growth of the native heap
# Possible solutions:
#   Reduce memory load on the system
#   Increase physical memory or swap space
#   Check if swap backing store is full
#   Decrease Java heap size (-Xmx/-Xms)
#   Decrease number of Java threads
#   Decrease Java thread stack sizes (-Xss)
#   Set larger code cache with -XX:ReservedCodeCacheSize=
#   JVM is running with Unscaled Compressed Oops mode in which the Java heap is
#     placed in the first 4GB address space. The Java Heap base address is the
#     maximum limit for the native heap growth. Please use -XX:HeapBaseMinAddress
#     to set the Java Heap base and to place the Java Heap above 4GB virtual address.
# This output file may be truncated or incomplete.
#
#  Out of Memory Error (./src/hotspot/share/memory/arena.cpp:197), pid=21488, tid=8924
#
# JRE version: OpenJDK Runtime Environment (11.0.10) (build 11.0.10+0-b96-7249189)
# Java VM: OpenJDK 64-Bit Server VM (11.0.10+0-b96-7249189, mixed mode, tiered, compressed oops, g1 gc, windows-amd64)
# No core dump will be written. Minidumps are not enabled by default on client versions of Windows
#

---------------  S U M M A R Y ------------

Command Line: --add-opens=java.base/java.util=ALL-UNNAMED --add-opens=java.base/java.lang=ALL-UNNAMED --add-opens=java.base/java.lang.invoke=ALL-UNNAMED --add-opens=java.base/java.util=ALL-UNNAMED --add-opens=java.prefs/java.util.prefs=ALL-UNNAMED --add-opens=java.prefs/java.util.prefs=ALL-UNNAMED --add-opens=java.base/java.nio.charset=ALL-UNNAMED --add-opens=java.base/java.net=ALL-UNNAMED --add-opens=java.base/java.util.concurrent.atomic=ALL-UNNAMED -Xmx2048m -Dfile.encoding=UTF-8 -Duser.country=NZ -Duser.language=en -Duser.variant org.gradle.launcher.daemon.bootstrap.GradleDaemon 7.0.2

Host: Intel(R) Core(TM) i5-8250U CPU @ 1.60GHz, 8 cores, 7G,  Windows 10 , 64 bit Build 19041 (10.0.19041.804)
Time: Tue Aug 24 15:18:29 2021 New Zealand Standard Time elapsed time: 40.012432 seconds (0d 0h 0m 40s)

---------------  T H R E A D  ---------------

Current thread (0x0000022d4c752000):  JavaThread "C2 CompilerThread0" daemon [_thread_in_native, id=8924, stack(0x0000005045000000,0x0000005045100000)]


Current CompileTask:
C2:  40012 18699       4       com.android.tools.r8.internal.Le::a (1137 bytes)

Stack: [0x0000005045000000,0x0000005045100000]
Native frames: (J=compiled Java code, j=interpreted, Vv=VM code, C=native code)
V  [jvm.dll+0x5ecfaa]
V  [jvm.dll+0x722bd5]
V  [jvm.dll+0x72412d]
V  [jvm.dll+0x7247e3]
V  [jvm.dll+0x242928]
V  [jvm.dll+0xbc4fc]
V  [jvm.dll+0xbca0c]
V  [jvm.dll+0x352d3b]
V  [jvm.dll+0x320ad3]
V  [jvm.dll+0x31ffca]
V  [jvm.dll+0x1fb602]
V  [jvm.dll+0x1fa7f4]
V  [jvm.dll+0x18354c]
V  [jvm.dll+0x208ee7]
V  [jvm.dll+0x207731]
V  [jvm.dll+0x6eb1cf]
V  [jvm.dll+0x6e3d45]
V  [jvm.dll+0x5ebe96]
C  [ucrtbase.dll+0x21bb2]
C  [KERNEL32.DLL+0x17034]
C  [ntdll.dll+0x4d241]


---------------  P R O C E S S  ---------------

Threads class SMR info:
_java_thread_list=0x0000022d4e53d550, length=73, elements={
0x0000022d3194d000, 0x0000022d4bdd0000, 0x0000022d4bddd800, 0x0000022d4c743800,
0x0000022d4c745000, 0x0000022d4c747000, 0x0000022d4c752000, 0x0000022d4bdf4800,
0x0000022d4bdf9800, 0x0000022d4c8a9000, 0x0000022d4fe49800, 0x0000022d4cb48800,
0x0000022d4e2ce800, 0x0000022d4f433800, 0x0000022d4e4ec800, 0x0000022d4f292000,
0x0000022d4ffc6800, 0x0000022d4ebc3000, 0x0000022d4ebc3800, 0x0000022d4f256800,
0x0000022d4f257000, 0x0000022d4f254800, 0x0000022d4f258800, 0x0000022d4f258000,
0x0000022d4f259800, 0x0000022d4f255800, 0x0000022d4f254000, 0x0000022d4f25a800,
0x0000022d518b0800, 0x0000022d518b1800, 0x0000022d518b2000, 0x0000022d518b3800,
0x0000022d518af000, 0x0000022d518b8800, 0x0000022d518ba000, 0x0000022d518b7000,
0x0000022d518bc000, 0x0000022d518b9800, 0x0000022d518b6000, 0x0000022d518bb000,
0x0000022d518bc800, 0x0000022d518bd800, 0x0000022d518b8000, 0x0000022d4fa1f000,
0x0000022d4fa20800, 0x0000022d4fa21800, 0x0000022d4fa24000, 0x0000022d4fa1f800,
0x0000022d4fa23000, 0x0000022d4fa1e000, 0x0000022d4fa25800, 0x0000022d4fa28800,
0x0000022d4fa2a800, 0x0000022d4fa24800, 0x0000022d4fa2b000, 0x0000022d4fa2c000,
0x0000022d4fa26800, 0x0000022d4fa2d000, 0x0000022d4fa28000, 0x0000022d54660800,
0x0000022d4fa27000, 0x0000022d539e7000, 0x0000022d539e1800, 0x0000022d539e4800,
0x0000022d539e2000, 0x0000022d539e8800, 0x0000022d539e8000, 0x0000022d539e9800,
0x0000022d539e3800, 0x0000022d539ee800, 0x0000022d539ed800, 0x0000022d539e3000,
0x0000022d539ea000
}

Java Threads: ( => current thread )
  0x0000022d3194d000 JavaThread "main" [_thread_blocked, id=8, stack(0x0000005044400000,0x0000005044500000)]
  0x0000022d4bdd0000 JavaThread "Reference Handler" daemon [_thread_blocked, id=3464, stack(0x0000005044b00000,0x0000005044c00000)]
  0x0000022d4bddd800 JavaThread "Finalizer" daemon [_thread_blocked, id=18440, stack(0x0000005044c00000,0x0000005044d00000)]
  0x0000022d4c743800 JavaThread "Signal Dispatcher" daemon [_thread_blocked, id=15724, stack(0x0000005044d00000,0x0000005044e00000)]
  0x0000022d4c745000 JavaThread "Attach Listener" daemon [_thread_blocked, id=7472, stack(0x0000005044e00000,0x0000005044f00000)]
  0x0000022d4c747000 JavaThread "Service Thread" daemon [_thread_blocked, id=14772, stack(0x0000005044f00000,0x0000005045000000)]
=>0x0000022d4c752000 JavaThread "C2 CompilerThread0" daemon [_thread_in_native, id=8924, stack(0x0000005045000000,0x0000005045100000)]
  0x0000022d4bdf4800 JavaThread "C1 CompilerThread0" daemon [_thread_blocked, id=7464, stack(0x0000005045100000,0x0000005045200000)]
  0x0000022d4bdf9800 JavaThread "Sweeper thread" daemon [_thread_blocked, id=18208, stack(0x0000005045200000,0x0000005045300000)]
  0x0000022d4c8a9000 JavaThread "Common-Cleaner" daemon [_thread_blocked, id=23000, stack(0x0000005045300000,0x0000005045400000)]
  0x0000022d4fe49800 JavaThread "Daemon health stats" [_thread_blocked, id=10352, stack(0x0000005045900000,0x0000005045a00000)]
  0x0000022d4cb48800 JavaThread "Incoming local TCP Connector on port 62560" [_thread_in_native, id=10824, stack(0x0000005045500000,0x0000005045600000)]
  0x0000022d4e2ce800 JavaThread "Daemon periodic checks" [_thread_blocked, id=8392, stack(0x0000005045800000,0x0000005045900000)]
  0x0000022d4f433800 JavaThread "Daemon" [_thread_blocked, id=14528, stack(0x0000005045a00000,0x0000005045b00000)]
  0x0000022d4e4ec800 JavaThread "Handler for socket connection from /127.0.0.1:62560 to /127.0.0.1:62561" [_thread_in_native, id=20808, stack(0x0000005045b00000,0x0000005045c00000)]
  0x0000022d4f292000 JavaThread "Cancel handler" [_thread_blocked, id=7608, stack(0x0000005045c00000,0x0000005045d00000)]
  0x0000022d4ffc6800 JavaThread "Daemon worker" [_thread_blocked, id=13116, stack(0x0000005045d00000,0x0000005045e00000)]
  0x0000022d4ebc3000 JavaThread "Asynchronous log dispatcher for DefaultDaemonConnection: socket connection from /127.0.0.1:62560 to /127.0.0.1:62561" [_thread_blocked, id=7448, stack(0x0000005045e00000,0x0000005045f00000)]
  0x0000022d4ebc3800 JavaThread "Stdin handler" [_thread_blocked, id=2192, stack(0x0000005045f00000,0x0000005046000000)]
  0x0000022d4f256800 JavaThread "Daemon client event forwarder" [_thread_blocked, id=22480, stack(0x0000005046000000,0x0000005046100000)]
  0x0000022d4f257000 JavaThread "Cache worker for file hash cache (C:\Users\shekiba\.gradle\caches\7.0.2\fileHashes)" [_thread_blocked, id=4580, stack(0x0000005046600000,0x0000005046700000)]
  0x0000022d4f254800 JavaThread "File lock request listener" [_thread_in_native, id=12804, stack(0x0000005046700000,0x0000005046800000)]
  0x0000022d4f258800 JavaThread "Cache worker for journal cache (C:\Users\shekiba\.gradle\caches\journal-1)" [_thread_blocked, id=22164, stack(0x0000005046900000,0x0000005046a00000)]
  0x0000022d4f258000 JavaThread "Cache worker for file hash cache (C:\Users\shekiba\Desktop\CatchingGame\.gradle\7.0.2\fileHashes)" [_thread_blocked, id=16928, stack(0x0000005046b00000,0x0000005046c00000)]
  0x0000022d4f259800 JavaThread "File watcher server" daemon [_thread_in_native, id=1624, stack(0x0000005046c00000,0x0000005046d00000)]
  0x0000022d4f255800 JavaThread "File watcher consumer" daemon [_thread_blocked, id=21832, stack(0x0000005046d00000,0x0000005046e00000)]
  0x0000022d4f254000 JavaThread "Cache worker for checksums cache (C:\Users\shekiba\Desktop\CatchingGame\.gradle\checksums)" [_thread_blocked, id=6140, stack(0x0000005046e00000,0x0000005046f00000)]
  0x0000022d4f25a800 JavaThread "Cache worker for cache directory md-supplier (C:\Users\shekiba\.gradle\caches\7.0.2\md-supplier)" [_thread_blocked, id=11676, stack(0x0000005046a00000,0x0000005046b00000)]
  0x0000022d518b0800 JavaThread "Cache worker for cache directory md-rule (C:\Users\shekiba\.gradle\caches\7.0.2\md-rule)" [_thread_blocked, id=21736, stack(0x0000005047000000,0x0000005047100000)]
  0x0000022d518b1800 JavaThread "Cache worker for execution history cache (C:\Users\shekiba\.gradle\caches\7.0.2\executionHistory)" [_thread_blocked, id=12424, stack(0x0000005047200000,0x0000005047300000)]
  0x0000022d518b2000 JavaThread "jar transforms" [_thread_blocked, id=14704, stack(0x0000005047100000,0x0000005047200000)]
  0x0000022d518b3800 JavaThread "jar transforms Thread 2" [_thread_blocked, id=10580, stack(0x0000005047300000,0x0000005047400000)]
  0x0000022d518af000 JavaThread "Cache worker for file content cache (C:\Users\shekiba\.gradle\caches\7.0.2\fileContent)" [_thread_blocked, id=12744, stack(0x0000005047400000,0x0000005047500000)]
  0x0000022d518b8800 JavaThread "Cache worker for dependencies-accessors (C:\Users\shekiba\Desktop\CatchingGame\.gradle\7.0.2\dependencies-accessors)" [_thread_blocked, id=4976, stack(0x0000005047500000,0x0000005047600000)]
  0x0000022d518ba000 JavaThread "jar transforms Thread 3" [_thread_blocked, id=17268, stack(0x0000005047600000,0x0000005047700000)]
  0x0000022d518b7000 JavaThread "Cache worker for Build Output Cleanup Cache (C:\Users\shekiba\Desktop\CatchingGame\.gradle\buildOutputCleanup)" [_thread_blocked, id=14088, stack(0x0000005047700000,0x0000005047800000)]
  0x0000022d518bc000 JavaThread "Build operations" [_thread_blocked, id=11600, stack(0x0000005047800000,0x0000005047900000)]
  0x0000022d518b9800 JavaThread "Build operations Thread 2" [_thread_blocked, id=19404, stack(0x0000005047900000,0x0000005047a00000)]
  0x0000022d518b6000 JavaThread "Build operations Thread 3" [_thread_blocked, id=12052, stack(0x0000005047a00000,0x0000005047b00000)]
  0x0000022d518bb000 JavaThread "Build operations Thread 4" [_thread_blocked, id=8176, stack(0x0000005047b00000,0x0000005047c00000)]
  0x0000022d518bc800 JavaThread "Build operations Thread 5" [_thread_blocked, id=14784, stack(0x0000005047c00000,0x0000005047d00000)]
  0x0000022d518bd800 JavaThread "Build operations Thread 6" [_thread_blocked, id=16496, stack(0x0000005047d00000,0x0000005047e00000)]
  0x0000022d518b8000 JavaThread "Build operations Thread 7" [_thread_blocked, id=19380, stack(0x0000005047e00000,0x0000005047f00000)]
  0x0000022d4fa1f000 JavaThread "Build operations Thread 8" [_thread_blocked, id=3324, stack(0x0000005047f00000,0x0000005048000000)]
  0x0000022d4fa20800 JavaThread "jar transforms Thread 4" [_thread_blocked, id=14552, stack(0x0000005048000000,0x0000005048100000)]
  0x0000022d4fa21800 JavaThread "jar transforms Thread 5" [_thread_blocked, id=17788, stack(0x0000005048100000,0x0000005048200000)]
  0x0000022d4fa24000 JavaThread "jar transforms Thread 6" [_thread_blocked, id=5420, stack(0x0000005048200000,0x0000005048300000)]
  0x0000022d4fa1f800 JavaThread "jar transforms Thread 7" [_thread_blocked, id=19996, stack(0x0000005048300000,0x0000005048400000)]
  0x0000022d4fa23000 JavaThread "jar transforms Thread 8" [_thread_blocked, id=24384, stack(0x0000005048400000,0x0000005048500000)]
  0x0000022d4fa1e000 JavaThread "Memory manager" [_thread_blocked, id=12324, stack(0x0000005048500000,0x0000005048600000)]
  0x0000022d4fa25800 JavaThread "build event listener" [_thread_blocked, id=7668, stack(0x0000005048600000,0x0000005048700000)]
  0x0000022d4fa28800 JavaThread "Execution worker for ':'" [_thread_blocked, id=24056, stack(0x0000005048700000,0x0000005048800000)]
  0x0000022d4fa2a800 JavaThread "Execution worker for ':' Thread 2" [_thread_blocked, id=10000, stack(0x0000005048800000,0x0000005048900000)]
  0x0000022d4fa24800 JavaThread "Execution worker for ':' Thread 3" [_thread_blocked, id=13212, stack(0x0000005048900000,0x0000005048a00000)]
  0x0000022d4fa2b000 JavaThread "Execution worker for ':' Thread 4" [_thread_blocked, id=19676, stack(0x0000005048a00000,0x0000005048b00000)]
  0x0000022d4fa2c000 JavaThread "Execution worker for ':' Thread 5" [_thread_blocked, id=2748, stack(0x0000005048b00000,0x0000005048c00000)]
  0x0000022d4fa26800 JavaThread "Execution worker for ':' Thread 6" [_thread_blocked, id=19468, stack(0x0000005048c00000,0x0000005048d00000)]
  0x0000022d4fa2d000 JavaThread "Execution worker for ':' Thread 7" [_thread_blocked, id=2576, stack(0x0000005048d00000,0x0000005048e00000)]
  0x0000022d4fa28000 JavaThread "Cache worker for execution history cache (C:\Users\shekiba\Desktop\CatchingGame\.gradle\7.0.2\executionHistory)" [_thread_blocked, id=4780, stack(0x0000005048e00000,0x0000005048f00000)]
  0x0000022d54660800 JavaThread "C2 CompilerThread1" daemon [_thread_in_native, id=8656, stack(0x0000005046f00000,0x0000005047000000)]
  0x0000022d4fa27000 JavaThread "WorkerExecutor Queue" [_thread_blocked, id=17088, stack(0x0000005048f00000,0x0000005049000000)]
  0x0000022d539e7000 JavaThread "WorkerExecutor Queue Thread 2" [_thread_blocked, id=13624, stack(0x0000005049200000,0x0000005049300000)]
  0x0000022d539e1800 JavaThread "WorkerExecutor Queue Thread 3" [_thread_blocked, id=8708, stack(0x0000005049300000,0x0000005049400000)]
  0x0000022d539e4800 JavaThread "WorkerExecutor Queue Thread 5" [_thread_blocked, id=21240, stack(0x0000005049500000,0x0000005049600000)]
  0x0000022d539e2000 JavaThread "WorkerExecutor Queue Thread 6" [_thread_in_Java, id=23896, stack(0x0000005049600000,0x0000005049700000)]
  0x0000022d539e8800 JavaThread "WorkerExecutor Queue Thread 7" [_thread_blocked, id=1704, stack(0x0000005049700000,0x0000005049800000)]
  0x0000022d539e8000 JavaThread "WorkerExecutor Queue Thread 9" [_thread_blocked, id=23296, stack(0x0000005049400000,0x0000005049500000)]
  0x0000022d539e9800 JavaThread "WorkerExecutor Queue Thread 10" [_thread_blocked, id=9820, stack(0x0000005049900000,0x0000005049a00000)]
  0x0000022d539e3800 JavaThread "pool-3-thread-1" [_thread_blocked, id=1136, stack(0x0000005049a00000,0x0000005049b00000)]
  0x0000022d539ee800 JavaThread "stderr" [_thread_in_native, id=8144, stack(0x0000005049b00000,0x0000005049c00000)]
  0x0000022d539ed800 JavaThread "stdout" [_thread_in_native, id=19320, stack(0x0000005049c00000,0x0000005049d00000)]
  0x0000022d539e3000 JavaThread "Cache worker for Java compile cache (C:\Users\shekiba\.gradle\caches\7.0.2\javaCompile)" [_thread_blocked, id=8764, stack(0x0000005049d00000,0x0000005049e00000)]
  0x0000022d539ea000 JavaThread "Cache worker for Java compile cache (C:\Users\shekiba\Desktop\CatchingGame\.gradle\7.0.2\javaCompile)" [_thread_blocked, id=9044, stack(0x0000005049e00000,0x0000005049f00000)]

Other Threads:
  0x0000022d4bdcd000 VMThread "VM Thread" [stack: 0x0000005044a00000,0x0000005044b00000] [id=24332]
  0x0000022d4c8da000 WatcherThread [stack: 0x0000005045400000,0x0000005045500000] [id=16808]
  0x0000022d31965000 GCTaskThread "GC Thread#0" [stack: 0x0000005044500000,0x0000005044600000] [id=18528]
  0x0000022d4d2f5000 GCTaskThread "GC Thread#1" [stack: 0x0000005045600000,0x0000005045700000] [id=1128]
  0x0000022d4cbdf000 GCTaskThread "GC Thread#2" [stack: 0x0000005045700000,0x0000005045800000] [id=24256]
  0x0000022d4da90000 GCTaskThread "GC Thread#3" [stack: 0x0000005046100000,0x0000005046200000] [id=19368]
  0x0000022d4f2af000 GCTaskThread "GC Thread#4" [stack: 0x0000005046200000,0x0000005046300000] [id=14604]
  0x0000022d4ffc5000 GCTaskThread "GC Thread#5" [stack: 0x0000005046300000,0x0000005046400000] [id=21976]
  0x0000022d501bf800 GCTaskThread "GC Thread#6" [stack: 0x0000005046400000,0x0000005046500000] [id=7880]
  0x0000022d4e646800 GCTaskThread "GC Thread#7" [stack: 0x0000005046500000,0x0000005046600000] [id=21900]
  0x0000022d31998800 ConcurrentGCThread "G1 Main Marker" [stack: 0x0000005044600000,0x0000005044700000] [id=11660]
  0x0000022d31999800 ConcurrentGCThread "G1 Conc#0" [stack: 0x0000005044700000,0x0000005044800000] [id=6164]
  0x0000022d4e94d000 ConcurrentGCThread "G1 Conc#1" [stack: 0x0000005046800000,0x0000005046900000] [id=9768]
  0x0000022d31a19000 ConcurrentGCThread "G1 Refine#0" [stack: 0x0000005044800000,0x0000005044900000] [id=22408]
  0x0000022d4ff43000 ConcurrentGCThread "G1 Refine#1" [stack: 0x0000005049000000,0x0000005049100000] [id=15816]
  0x0000022d51ea6000 ConcurrentGCThread "G1 Refine#2" [stack: 0x0000005049100000,0x0000005049200000] [id=4944]
  0x0000022d31a19800 ConcurrentGCThread "G1 Young RemSet Sampling" [stack: 0x0000005044900000,0x0000005044a00000] [id=20008]

Threads with active compile tasks:
C2 CompilerThread0  40106 18699       4       com.android.tools.r8.internal.Le::a (1137 bytes)
C2 CompilerThread1  40106 18702       4       com.android.tools.r8.internal.W4::a (1165 bytes)

VM state:not at safepoint (normal execution)

VM Mutex/Monitor currently owned by a thread: None

Heap address: 0x0000000080000000, size: 2048 MB, Compressed Oops mode: 32-bit
Narrow klass base: 0x0000000000000000, Narrow klass shift: 3
Compressed class space size: 1073741824 Address: 0x0000000100000000

Heap:
 garbage-first heap   total 329728K, used 220358K [0x0000000080000000, 0x0000000100000000)
  region size 1024K, 48 young (49152K), 7 survivors (7168K)
 Metaspace       used 121604K, capacity 125035K, committed 125260K, reserved 1157120K
  class space    used 15506K, capacity 16859K, committed 16972K, reserved 1048576K
Heap Regions: E=young(eden), S=young(survivor), O=old, HS=humongous(starts), HC=humongous(continues), CS=collection set, F=free, A=archive, TAMS=top-at-mark-start (previous, next)
|   0|0x0000000080000000, 0x0000000080100000, 0x0000000080100000|100%| O|  |TAMS 0x0000000080100000, 0x0000000080000000| Untracked 
|   1|0x0000000080100000, 0x0000000080200000, 0x0000000080200000|100%| O|  |TAMS 0x0000000080200000, 0x0000000080100000| Untracked 
|   2|0x0000000080200000, 0x0000000080300000, 0x0000000080300000|100%| O|  |TAMS 0x0000000080300000, 0x0000000080200000| Untracked 
|   3|0x0000000080300000, 0x0000000080400000, 0x0000000080400000|100%|HS|  |TAMS 0x0000000080400000, 0x0000000080300000| Complete 
|   4|0x0000000080400000, 0x0000000080500000, 0x0000000080500000|100%|HC|  |TAMS 0x0000000080500000, 0x0000000080400000| Complete 
|   5|0x0000000080500000, 0x0000000080600000, 0x0000000080600000|100%|HC|  |TAMS 0x0000000080600000, 0x0000000080500000| Complete 
|   6|0x0000000080600000, 0x0000000080700000, 0x0000000080700000|100%| O|  |TAMS 0x0000000080700000, 0x0000000080600000| Untracked 
|   7|0x0000000080700000, 0x0000000080800000, 0x0000000080800000|100%| O|  |TAMS 0x0000000080800000, 0x0000000080700000| Untracked 
|   8|0x0000000080800000, 0x0000000080900000, 0x0000000080900000|100%| O|  |TAMS 0x0000000080900000, 0x0000000080800000| Untracked 
|   9|0x0000000080900000, 0x0000000080a00000, 0x0000000080a00000|100%| O|  |TAMS 0x0000000080a00000, 0x0000000080900000| Untracked 
|  10|0x0000000080a00000, 0x0000000080b00000, 0x0000000080b00000|100%| O|  |TAMS 0x0000000080b00000, 0x0000000080a00000| Untracked 
|  11|0x0000000080b00000, 0x0000000080c00000, 0x0000000080c00000|100%| O|  |TAMS 0x0000000080c00000, 0x0000000080b00000| Untracked 
|  12|0x0000000080c00000, 0x0000000080d00000, 0x0000000080d00000|100%| O|  |TAMS 0x0000000080d00000, 0x0000000080c00000| Untracked 
|  13|0x0000000080d00000, 0x0000000080e00000, 0x0000000080e00000|100%| O|  |TAMS 0x0000000080e00000, 0x0000000080d00000| Untracked 
|  14|0x0000000080e00000, 0x0000000080f00000, 0x0000000080f00000|100%| O|  |TAMS 0x0000000080f00000, 0x0000000080e00000| Untracked 
|  15|0x0000000080f00000, 0x0000000081000000, 0x0000000081000000|100%| O|  |TAMS 0x0000000081000000, 0x0000000080f00000| Untracked 
|  16|0x0000000081000000, 0x0000000081100000, 0x0000000081100000|100%| O|  |TAMS 0x0000000081100000, 0x0000000081000000| Untracked 
|  17|0x0000000081100000, 0x0000000081200000, 0x0000000081200000|100%| O|  |TAMS 0x0000000081200000, 0x0000000081100000| Untracked 
|  18|0x0000000081200000, 0x0000000081300000, 0x0000000081300000|100%| O|  |TAMS 0x0000000081300000, 0x0000000081200000| Untracked 
|  19|0x0000000081300000, 0x0000000081400000, 0x0000000081400000|100%| O|  |TAMS 0x0000000081400000, 0x0000000081300000| Untracked 
|  20|0x0000000081400000, 0x0000000081500000, 0x0000000081500000|100%| O|  |TAMS 0x0000000081500000, 0x0000000081400000| Untracked 
|  21|0x0000000081500000, 0x0000000081600000, 0x0000000081600000|100%| O|  |TAMS 0x0000000081600000, 0x0000000081500000| Untracked 
|  22|0x0000000081600000, 0x0000000081700000, 0x0000000081700000|100%| O|  |TAMS 0x0000000081700000, 0x0000000081600000| Untracked 
|  23|0x0000000081700000, 0x0000000081800000, 0x0000000081800000|100%| O|  |TAMS 0x0000000081800000, 0x0000000081700000| Untracked 
|  24|0x0000000081800000, 0x0000000081900000, 0x0000000081900000|100%| O|  |TAMS 0x0000000081900000, 0x0000000081800000| Untracked 
|  25|0x0000000081900000, 0x0000000081a00000, 0x0000000081a00000|100%| O|  |TAMS 0x0000000081a00000, 0x0000000081900000| Untracked 
|  26|0x0000000081a00000, 0x0000000081b00000, 0x0000000081b00000|100%|HS|  |TAMS 0x0000000081b00000, 0x0000000081a00000| Complete 
|  27|0x0000000081b00000, 0x0000000081c00000, 0x0000000081c00000|100%|HS|  |TAMS 0x0000000081c00000, 0x0000000081b00000| Complete 
|  28|0x0000000081c00000, 0x0000000081d00000, 0x0000000081d00000|100%|HS|  |TAMS 0x0000000081d00000, 0x0000000081c00000| Complete 
|  29|0x0000000081d00000, 0x0000000081e00000, 0x0000000081e00000|100%|HC|  |TAMS 0x0000000081e00000, 0x0000000081d00000| Complete 
|  30|0x0000000081e00000, 0x0000000081f00000, 0x0000000081f00000|100%| O|  |TAMS 0x0000000081f00000, 0x0000000081e00000| Untracked 
|  31|0x0000000081f00000, 0x0000000082000000, 0x0000000082000000|100%| O|  |TAMS 0x0000000082000000, 0x0000000081f00000| Untracked 
|  32|0x0000000082000000, 0x0000000082100000, 0x0000000082100000|100%| O|  |TAMS 0x0000000082100000, 0x0000000082000000| Untracked 
|  33|0x0000000082100000, 0x0000000082200000, 0x0000000082200000|100%| O|  |TAMS 0x0000000082200000, 0x0000000082100000| Untracked 
|  34|0x0000000082200000, 0x0000000082300000, 0x0000000082300000|100%| O|  |TAMS 0x0000000082300000, 0x0000000082200000| Untracked 
|  35|0x0000000082300000, 0x0000000082400000, 0x0000000082400000|100%| O|  |TAMS 0x0000000082400000, 0x0000000082300000| Untracked 
|  36|0x0000000082400000, 0x0000000082500000, 0x0000000082500000|100%| O|  |TAMS 0x0000000082500000, 0x0000000082400000| Untracked 
|  37|0x0000000082500000, 0x0000000082600000, 0x0000000082600000|100%| O|  |TAMS 0x0000000082600000, 0x0000000082500000| Untracked 
|  38|0x0000000082600000, 0x0000000082700000, 0x0000000082700000|100%| O|  |TAMS 0x0000000082700000, 0x0000000082600000| Untracked 
|  39|0x0000000082700000, 0x0000000082800000, 0x0000000082800000|100%| O|  |TAMS 0x0000000082800000, 0x0000000082700000| Untracked 
|  40|0x0000000082800000, 0x0000000082900000, 0x0000000082900000|100%| O|  |TAMS 0x0000000082900000, 0x0000000082800000| Untracked 
|  41|0x0000000082900000, 0x0000000082a00000, 0x0000000082a00000|100%| O|  |TAMS 0x0000000082a00000, 0x0000000082900000| Untracked 
|  42|0x0000000082a00000, 0x0000000082b00000, 0x0000000082b00000|100%| O|  |TAMS 0x0000000082b00000, 0x0000000082a00000| Untracked 
|  43|0x0000000082b00000, 0x0000000082c00000, 0x0000000082c00000|100%| O|  |TAMS 0x0000000082c00000, 0x0000000082b00000| Untracked 
|  44|0x0000000082c00000, 0x0000000082d00000, 0x0000000082d00000|100%| O|  |TAMS 0x0000000082d00000, 0x0000000082c00000| Untracked 
|  45|0x0000000082d00000, 0x0000000082e00000, 0x0000000082e00000|100%| O|  |TAMS 0x0000000082e00000, 0x0000000082d00000| Untracked 
|  46|0x0000000082e00000, 0x0000000082f00000, 0x0000000082f00000|100%| O|  |TAMS 0x0000000082f00000, 0x0000000082e00000| Untracked 
|  47|0x0000000082f00000, 0x0000000083000000, 0x0000000083000000|100%| O|  |TAMS 0x0000000083000000, 0x0000000082f00000| Untracked 
|  48|0x0000000083000000, 0x0000000083100000, 0x0000000083100000|100%| O|  |TAMS 0x0000000083100000, 0x0000000083000000| Untracked 
|  49|0x0000000083100000, 0x0000000083200000, 0x0000000083200000|100%| O|  |TAMS 0x0000000083200000, 0x0000000083100000| Untracked 
|  50|0x0000000083200000, 0x0000000083300000, 0x0000000083300000|100%| O|  |TAMS 0x0000000083300000, 0x0000000083200000| Untracked 
|  51|0x0000000083300000, 0x0000000083400000, 0x0000000083400000|100%| O|  |TAMS 0x0000000083400000, 0x0000000083300000| Untracked 
|  52|0x0000000083400000, 0x0000000083500000, 0x0000000083500000|100%| O|  |TAMS 0x0000000083500000, 0x0000000083400000| Untracked 
|  53|0x0000000083500000, 0x0000000083600000, 0x0000000083600000|100%| O|  |TAMS 0x0000000083600000, 0x0000000083500000| Untracked 
|  54|0x0000000083600000, 0x0000000083700000, 0x0000000083700000|100%| O|  |TAMS 0x0000000083700000, 0x0000000083600000| Untracked 
|  55|0x0000000083700000, 0x0000000083800000, 0x0000000083800000|100%| O|  |TAMS 0x0000000083800000, 0x0000000083700000| Untracked 
|  56|0x0000000083800000, 0x0000000083900000, 0x0000000083900000|100%| O|  |TAMS 0x0000000083900000, 0x0000000083800000| Untracked 
|  57|0x0000000083900000, 0x0000000083a00000, 0x0000000083a00000|100%| O|  |TAMS 0x0000000083a00000, 0x0000000083900000| Untracked 
|  58|0x0000000083a00000, 0x0000000083b00000, 0x0000000083b00000|100%| O|  |TAMS 0x0000000083b00000, 0x0000000083a00000| Untracked 
|  59|0x0000000083b00000, 0x0000000083c00000, 0x0000000083c00000|100%|HS|  |TAMS 0x0000000083c00000, 0x0000000083b00000| Complete 
|  60|0x0000000083c00000, 0x0000000083d00000, 0x0000000083d00000|100%|HS|  |TAMS 0x0000000083d00000, 0x0000000083c00000| Complete 
|  61|0x0000000083d00000, 0x0000000083e00000, 0x0000000083e00000|100%| O|  |TAMS 0x0000000083e00000, 0x0000000083d00000| Untracked 
|  62|0x0000000083e00000, 0x0000000083f00000, 0x0000000083f00000|100%| O|  |TAMS 0x0000000083f00000, 0x0000000083e00000| Untracked 
|  63|0x0000000083f00000, 0x0000000084000000, 0x0000000084000000|100%| O|  |TAMS 0x0000000083f00000, 0x0000000083f00000| Untracked 
|  64|0x0000000084000000, 0x0000000084100000, 0x0000000084100000|100%| O|  |TAMS 0x0000000084000000, 0x0000000084000000| Untracked 
|  65|0x0000000084100000, 0x0000000084200000, 0x0000000084200000|100%| O|  |TAMS 0x0000000084200000, 0x0000000084100000| Untracked 
|  66|0x0000000084200000, 0x0000000084300000, 0x0000000084300000|100%|HS|  |TAMS 0x0000000084300000, 0x0000000084200000| Complete 
|  67|0x0000000084300000, 0x0000000084400000, 0x0000000084400000|100%|HC|  |TAMS 0x0000000084400000, 0x0000000084300000| Complete 
|  68|0x0000000084400000, 0x0000000084500000, 0x0000000084500000|100%|HS|  |TAMS 0x0000000084500000, 0x0000000084400000| Complete 
|  69|0x0000000084500000, 0x0000000084600000, 0x0000000084600000|100%| O|  |TAMS 0x0000000084600000, 0x0000000084500000| Untracked 
|  70|0x0000000084600000, 0x0000000084700000, 0x0000000084700000|100%| O|  |TAMS 0x0000000084700000, 0x0000000084600000| Untracked 
|  71|0x0000000084700000, 0x0000000084800000, 0x0000000084800000|100%| O|  |TAMS 0x0000000084800000, 0x0000000084700000| Untracked 
|  72|0x0000000084800000, 0x0000000084900000, 0x0000000084900000|100%| O|  |TAMS 0x0000000084900000, 0x0000000084800000| Untracked 
|  73|0x0000000084900000, 0x0000000084a00000, 0x0000000084a00000|100%| O|  |TAMS 0x0000000084a00000, 0x0000000084900000| Untracked 
|  74|0x0000000084a00000, 0x0000000084b00000, 0x0000000084b00000|100%| O|  |TAMS 0x0000000084b00000, 0x0000000084a00000| Untracked 
|  75|0x0000000084b00000, 0x0000000084c00000, 0x0000000084c00000|100%| O|  |TAMS 0x0000000084c00000, 0x0000000084b00000| Untracked 
|  76|0x0000000084c00000, 0x0000000084d00000, 0x0000000084d00000|100%| O|  |TAMS 0x0000000084d00000, 0x0000000084c00000| Untracked 
|  77|0x0000000084d00000, 0x0000000084e00000, 0x0000000084e00000|100%| O|  |TAMS 0x0000000084d00000, 0x0000000084d00000| Untracked 
|  78|0x0000000084e00000, 0x0000000084f00000, 0x0000000084f00000|100%| O|  |TAMS 0x0000000084f00000, 0x0000000084e00000| Untracked 
|  79|0x0000000084f00000, 0x0000000085000000, 0x0000000085000000|100%| O|  |TAMS 0x0000000085000000, 0x0000000084f00000| Untracked 
|  80|0x0000000085000000, 0x0000000085100000, 0x0000000085100000|100%| O|  |TAMS 0x0000000085100000, 0x0000000085000000| Untracked 
|  81|0x0000000085100000, 0x0000000085200000, 0x0000000085200000|100%|HS|  |TAMS 0x0000000085200000, 0x0000000085100000| Complete 
|  82|0x0000000085200000, 0x0000000085300000, 0x0000000085300000|100%|HS|  |TAMS 0x0000000085300000, 0x0000000085200000| Complete 
|  83|0x0000000085300000, 0x0000000085400000, 0x0000000085400000|100%| O|  |TAMS 0x0000000085400000, 0x0000000085300000| Untracked 
|  84|0x0000000085400000, 0x0000000085500000, 0x0000000085500000|100%| O|  |TAMS 0x0000000085500000, 0x0000000085400000| Untracked 
|  85|0x0000000085500000, 0x0000000085600000, 0x0000000085600000|100%| O|  |TAMS 0x0000000085600000, 0x0000000085500000| Untracked 
|  86|0x0000000085600000, 0x0000000085700000, 0x0000000085700000|100%| O|  |TAMS 0x0000000085700000, 0x0000000085600000| Untracked 
|  87|0x0000000085700000, 0x0000000085800000, 0x0000000085800000|100%|HS|  |TAMS 0x0000000085800000, 0x0000000085700000| Complete 
|  88|0x0000000085800000, 0x0000000085900000, 0x0000000085900000|100%| O|  |TAMS 0x0000000085900000, 0x0000000085800000| Untracked 
|  89|0x0000000085900000, 0x0000000085a00000, 0x0000000085a00000|100%| O|  |TAMS 0x0000000085a00000, 0x0000000085900000| Untracked 
|  90|0x0000000085a00000, 0x0000000085b00000, 0x0000000085b00000|100%| O|  |TAMS 0x0000000085b00000, 0x0000000085a00000| Untracked 
|  91|0x0000000085b00000, 0x0000000085c00000, 0x0000000085c00000|100%| O|  |TAMS 0x0000000085c00000, 0x0000000085b00000| Untracked 
|  92|0x0000000085c00000, 0x0000000085d00000, 0x0000000085d00000|100%| O|  |TAMS 0x0000000085d00000, 0x0000000085c00000| Untracked 
|  93|0x0000000085d00000, 0x0000000085e00000, 0x0000000085e00000|100%| O|  |TAMS 0x0000000085e00000, 0x0000000085d00000| Untracked 
|  94|0x0000000085e00000, 0x0000000085f00000, 0x0000000085f00000|100%| O|  |TAMS 0x0000000085f00000, 0x0000000085e00000| Untracked 
|  95|0x0000000085f00000, 0x0000000086000000, 0x0000000086000000|100%| O|  |TAMS 0x0000000086000000, 0x0000000085f00000| Untracked 
|  96|0x0000000086000000, 0x0000000086100000, 0x0000000086100000|100%| O|  |TAMS 0x0000000086000000, 0x0000000086000000| Untracked 
|  97|0x0000000086100000, 0x0000000086200000, 0x0000000086200000|100%| O|  |TAMS 0x0000000086100000, 0x0000000086100000| Untracked 
|  98|0x0000000086200000, 0x0000000086300000, 0x0000000086300000|100%| O|  |TAMS 0x0000000086300000, 0x0000000086200000| Untracked 
|  99|0x0000000086300000, 0x0000000086400000, 0x0000000086400000|100%| O|  |TAMS 0x0000000086300000, 0x0000000086300000| Untracked 
| 100|0x0000000086400000, 0x0000000086500000, 0x0000000086500000|100%| O|  |TAMS 0x0000000086500000, 0x0000000086400000| Untracked 
| 101|0x0000000086500000, 0x0000000086600000, 0x0000000086600000|100%| O|  |TAMS 0x0000000086500000, 0x0000000086500000| Untracked 
| 102|0x0000000086600000, 0x0000000086700000, 0x0000000086700000|100%| O|  |TAMS 0x0000000086700000, 0x0000000086600000| Untracked 
| 103|0x0000000086700000, 0x0000000086800000, 0x0000000086800000|100%| O|  |TAMS 0x0000000086800000, 0x0000000086700000| Untracked 
| 104|0x0000000086800000, 0x0000000086900000, 0x0000000086900000|100%| O|  |TAMS 0x0000000086900000, 0x0000000086800000| Untracked 
| 105|0x0000000086900000, 0x0000000086a00000, 0x0000000086a00000|100%| O|  |TAMS 0x0000000086a00000, 0x0000000086900000| Untracked 
| 106|0x0000000086a00000, 0x0000000086b00000, 0x0000000086b00000|100%| O|  |TAMS 0x0000000086b00000, 0x0000000086a00000| Untracked 
| 107|0x0000000086b00000, 0x0000000086c00000, 0x0000000086c00000|100%| O|  |TAMS 0x0000000086c00000, 0x0000000086b00000| Untracked 
| 108|0x0000000086c00000, 0x0000000086d00000, 0x0000000086d00000|100%| O|  |TAMS 0x0000000086d00000, 0x0000000086c00000| Untracked 
| 109|0x0000000086d00000, 0x0000000086e00000, 0x0000000086e00000|100%| O|  |TAMS 0x0000000086e00000, 0x0000000086d00000| Untracked 
| 110|0x0000000086e00000, 0x0000000086f00000, 0x0000000086f00000|100%| O|  |TAMS 0x0000000086e00000, 0x0000000086e00000| Untracked 
| 111|0x0000000086f00000, 0x0000000087000000, 0x0000000087000000|100%| O|  |TAMS 0x0000000087000000, 0x0000000086f00000| Untracked 
| 112|0x0000000087000000, 0x0000000087100000, 0x0000000087100000|100%| O|  |TAMS 0x0000000087100000, 0x0000000087000000| Untracked 
| 113|0x0000000087100000, 0x0000000087200000, 0x0000000087200000|100%| O|  |TAMS 0x0000000087100000, 0x0000000087100000| Untracked 
| 114|0x0000000087200000, 0x0000000087300000, 0x0000000087300000|100%| O|  |TAMS 0x0000000087300000, 0x0000000087200000| Untracked 
| 115|0x0000000087300000, 0x0000000087400000, 0x0000000087400000|100%| O|  |TAMS 0x0000000087400000, 0x0000000087300000| Untracked 
| 116|0x0000000087400000, 0x0000000087500000, 0x0000000087500000|100%| O|  |TAMS 0x0000000087500000, 0x0000000087400000| Untracked 
| 117|0x0000000087500000, 0x0000000087600000, 0x0000000087600000|100%| O|  |TAMS 0x0000000087600000, 0x0000000087500000| Untracked 
| 118|0x0000000087600000, 0x0000000087700000, 0x0000000087700000|100%| O|  |TAMS 0x0000000087700000, 0x0000000087600000| Untracked 
| 119|0x0000000087700000, 0x0000000087800000, 0x0000000087800000|100%| O|  |TAMS 0x0000000087800000, 0x0000000087700000| Untracked 
| 120|0x0000000087800000, 0x0000000087900000, 0x0000000087900000|100%| O|  |TAMS 0x0000000087900000, 0x0000000087800000| Untracked 
| 121|0x0000000087900000, 0x0000000087a00000, 0x0000000087a00000|100%| O|  |TAMS 0x0000000087a00000, 0x0000000087900000| Untracked 
| 122|0x0000000087a00000, 0x0000000087b00000, 0x0000000087b00000|100%| O|  |TAMS 0x0000000087b00000, 0x0000000087a00000| Untracked 
| 123|0x0000000087b00000, 0x0000000087c00000, 0x0000000087c00000|100%| O|  |TAMS 0x0000000087c00000, 0x0000000087b00000| Untracked 
| 124|0x0000000087c00000, 0x0000000087d00000, 0x0000000087d00000|100%| O|  |TAMS 0x0000000087d00000, 0x0000000087c00000| Untracked 
| 125|0x0000000087d00000, 0x0000000087e00000, 0x0000000087e00000|100%| O|  |TAMS 0x0000000087e00000, 0x0000000087d00000| Untracked 
| 126|0x0000000087e00000, 0x0000000087f00000, 0x0000000087f00000|100%| O|  |TAMS 0x0000000087f00000, 0x0000000087e00000| Untracked 
| 127|0x0000000087f00000, 0x0000000088000000, 0x0000000088000000|100%| O|  |TAMS 0x0000000088000000, 0x0000000087f00000| Untracked 
| 128|0x0000000088000000, 0x0000000088100000, 0x0000000088100000|100%| O|  |TAMS 0x0000000088000000, 0x0000000088000000| Untracked 
| 129|0x0000000088100000, 0x0000000088200000, 0x0000000088200000|100%| O|  |TAMS 0x0000000088100000, 0x0000000088100000| Untracked 
| 130|0x0000000088200000, 0x0000000088300000, 0x0000000088300000|100%| O|  |TAMS 0x0000000088300000, 0x0000000088200000| Untracked 
| 131|0x0000000088300000, 0x0000000088400000, 0x0000000088400000|100%| O|  |TAMS 0x0000000088400000, 0x0000000088300000| Untracked 
| 132|0x0000000088400000, 0x0000000088500000, 0x0000000088500000|100%| O|  |TAMS 0x0000000088500000, 0x0000000088400000| Untracked 
| 133|0x0000000088500000, 0x0000000088600000, 0x0000000088600000|100%| O|  |TAMS 0x0000000088600000, 0x0000000088500000| Untracked 
| 134|0x0000000088600000, 0x0000000088700000, 0x0000000088700000|100%| O|  |TAMS 0x0000000088700000, 0x0000000088600000| Untracked 
| 135|0x0000000088700000, 0x0000000088800000, 0x0000000088800000|100%| O|  |TAMS 0x0000000088800000, 0x0000000088700000| Untracked 
| 136|0x0000000088800000, 0x0000000088900000, 0x0000000088900000|100%| O|  |TAMS 0x0000000088900000, 0x0000000088800000| Untracked 
| 137|0x0000000088900000, 0x0000000088a00000, 0x0000000088a00000|100%| O|  |TAMS 0x0000000088900000, 0x0000000088900000| Untracked 
| 138|0x0000000088a00000, 0x0000000088b00000, 0x0000000088b00000|100%| O|  |TAMS 0x0000000088a38200, 0x0000000088a00000| Untracked 
| 139|0x0000000088b00000, 0x0000000088c00000, 0x0000000088c00000|100%|HS|  |TAMS 0x0000000088b00000, 0x0000000088b00000| Complete 
| 140|0x0000000088c00000, 0x0000000088d00000, 0x0000000088d00000|100%| O|  |TAMS 0x0000000088c00000, 0x0000000088c00000| Untracked 
| 141|0x0000000088d00000, 0x0000000088e00000, 0x0000000088e00000|100%| O|  |TAMS 0x0000000088d00000, 0x0000000088d00000| Untracked 
| 142|0x0000000088e00000, 0x0000000088f00000, 0x0000000088f00000|100%|HS|  |TAMS 0x0000000088e00000, 0x0000000088e00000| Complete 
| 143|0x0000000088f00000, 0x0000000089000000, 0x0000000089000000|100%| O|  |TAMS 0x0000000088f00000, 0x0000000088f00000| Untracked 
| 144|0x0000000089000000, 0x0000000089100000, 0x0000000089100000|100%| O|  |TAMS 0x0000000089000000, 0x0000000089000000| Untracked 
| 145|0x0000000089100000, 0x0000000089200000, 0x0000000089200000|100%|HS|  |TAMS 0x0000000089100000, 0x0000000089100000| Complete 
| 146|0x0000000089200000, 0x0000000089300000, 0x0000000089300000|100%|HC|  |TAMS 0x0000000089200000, 0x0000000089200000| Complete 
| 147|0x0000000089300000, 0x0000000089400000, 0x0000000089400000|100%| O|  |TAMS 0x0000000089300000, 0x0000000089300000| Untracked 
| 148|0x0000000089400000, 0x0000000089500000, 0x0000000089500000|100%| O|  |TAMS 0x0000000089400000, 0x0000000089400000| Untracked 
| 149|0x0000000089500000, 0x0000000089600000, 0x0000000089600000|100%| O|  |TAMS 0x0000000089500000, 0x0000000089500000| Untracked 
| 150|0x0000000089600000, 0x0000000089700000, 0x0000000089700000|100%| O|  |TAMS 0x0000000089600000, 0x0000000089600000| Untracked 
| 151|0x0000000089700000, 0x0000000089800000, 0x0000000089800000|100%| O|  |TAMS 0x0000000089700000, 0x0000000089700000| Untracked 
| 152|0x0000000089800000, 0x0000000089900000, 0x0000000089900000|100%| O|  |TAMS 0x0000000089800000, 0x0000000089800000| Untracked 
| 153|0x0000000089900000, 0x0000000089a00000, 0x0000000089a00000|100%| O|  |TAMS 0x0000000089900000, 0x0000000089900000| Untracked 
| 154|0x0000000089a00000, 0x0000000089b00000, 0x0000000089b00000|100%| O|  |TAMS 0x0000000089a00000, 0x0000000089a00000| Untracked 
| 155|0x0000000089b00000, 0x0000000089c00000, 0x0000000089c00000|100%| O|  |TAMS 0x0000000089b00000, 0x0000000089b00000| Untracked 
| 156|0x0000000089c00000, 0x0000000089d00000, 0x0000000089d00000|100%| O|  |TAMS 0x0000000089c00000, 0x0000000089c00000| Untracked 
| 157|0x0000000089d00000, 0x0000000089e00000, 0x0000000089e00000|100%| O|  |TAMS 0x0000000089d00000, 0x0000000089d00000| Untracked 
| 158|0x0000000089e00000, 0x0000000089f00000, 0x0000000089f00000|100%| O|  |TAMS 0x0000000089e00000, 0x0000000089e00000| Untracked 
| 159|0x0000000089f00000, 0x000000008a000000, 0x000000008a000000|100%| O|  |TAMS 0x0000000089f00000, 0x0000000089f00000| Untracked 
| 160|0x000000008a000000, 0x000000008a100000, 0x000000008a100000|100%| O|  |TAMS 0x000000008a000000, 0x000000008a000000| Untracked 
| 161|0x000000008a100000, 0x000000008a200000, 0x000000008a200000|100%| O|  |TAMS 0x000000008a100000, 0x000000008a100000| Untracked 
| 162|0x000000008a200000, 0x000000008a300000, 0x000000008a300000|100%| O|  |TAMS 0x000000008a200000, 0x000000008a200000| Untracked 
| 163|0x000000008a300000, 0x000000008a400000, 0x000000008a400000|100%| O|  |TAMS 0x000000008a300000, 0x000000008a300000| Untracked 
| 164|0x000000008a400000, 0x000000008a500000, 0x000000008a500000|100%| O|  |TAMS 0x000000008a400000, 0x000000008a400000| Untracked 
| 165|0x000000008a500000, 0x000000008a600000, 0x000000008a600000|100%| O|  |TAMS 0x000000008a500000, 0x000000008a500000| Untracked 
| 166|0x000000008a600000, 0x000000008a700000, 0x000000008a700000|100%| O|  |TAMS 0x000000008a600000, 0x000000008a600000| Untracked 
| 167|0x000000008a700000, 0x000000008a800000, 0x000000008a800000|100%| O|  |TAMS 0x000000008a700000, 0x000000008a700000| Untracked 
| 168|0x000000008a800000, 0x000000008a900000, 0x000000008a900000|100%| O|  |TAMS 0x000000008a800000, 0x000000008a800000| Untracked 
| 169|0x000000008a900000, 0x000000008a931800, 0x000000008aa00000| 19%| O|  |TAMS 0x000000008a900000, 0x000000008a900000| Untracked 
| 170|0x000000008aa00000, 0x000000008aa00000, 0x000000008ab00000|  0%| F|  |TAMS 0x000000008aa00000, 0x000000008aa00000| Untracked 
| 171|0x000000008ab00000, 0x000000008ab00000, 0x000000008ac00000|  0%| F|  |TAMS 0x000000008ab00000, 0x000000008ab00000| Untracked 
| 172|0x000000008ac00000, 0x000000008ac00000, 0x000000008ad00000|  0%| F|  |TAMS 0x000000008ac00000, 0x000000008ac00000| Untracked 
| 173|0x000000008ad00000, 0x000000008ad00000, 0x000000008ae00000|  0%| F|  |TAMS 0x000000008ad00000, 0x000000008ad00000| Untracked 
| 174|0x000000008ae00000, 0x000000008ae00000, 0x000000008af00000|  0%| F|  |TAMS 0x000000008ae00000, 0x000000008ae00000| Untracked 
| 175|0x000000008af00000, 0x000000008af00000, 0x000000008b000000|  0%| F|  |TAMS 0x000000008af00000, 0x000000008af00000| Untracked 
| 176|0x000000008b000000, 0x000000008b000000, 0x000000008b100000|  0%| F|  |TAMS 0x000000008b000000, 0x000000008b000000| Untracked 
| 177|0x000000008b100000, 0x000000008b100000, 0x000000008b200000|  0%| F|  |TAMS 0x000000008b100000, 0x000000008b100000| Untracked 
| 178|0x000000008b200000, 0x000000008b200000, 0x000000008b300000|  0%| F|  |TAMS 0x000000008b200000, 0x000000008b200000| Untracked 
| 179|0x000000008b300000, 0x000000008b300000, 0x000000008b400000|  0%| F|  |TAMS 0x000000008b300000, 0x000000008b300000| Untracked 
| 180|0x000000008b400000, 0x000000008b400000, 0x000000008b500000|  0%| F|  |TAMS 0x000000008b400000, 0x000000008b400000| Untracked 
| 181|0x000000008b500000, 0x000000008b500000, 0x000000008b600000|  0%| F|  |TAMS 0x000000008b500000, 0x000000008b500000| Untracked 
| 182|0x000000008b600000, 0x000000008b600000, 0x000000008b700000|  0%| F|  |TAMS 0x000000008b600000, 0x000000008b600000| Untracked 
| 183|0x000000008b700000, 0x000000008b700000, 0x000000008b800000|  0%| F|  |TAMS 0x000000008b700000, 0x000000008b700000| Untracked 
| 184|0x000000008b800000, 0x000000008b800000, 0x000000008b900000|  0%| F|  |TAMS 0x000000008b800000, 0x000000008b800000| Untracked 
| 185|0x000000008b900000, 0x000000008b900000, 0x000000008ba00000|  0%| F|  |TAMS 0x000000008b900000, 0x000000008b900000| Untracked 
| 186|0x000000008ba00000, 0x000000008ba00000, 0x000000008bb00000|  0%| F|  |TAMS 0x000000008ba00000, 0x000000008ba00000| Untracked 
| 187|0x000000008bb00000, 0x000000008bb00000, 0x000000008bc00000|  0%| F|  |TAMS 0x000000008bb00000, 0x000000008bb00000| Untracked 
| 188|0x000000008bc00000, 0x000000008bc00000, 0x000000008bd00000|  0%| F|  |TAMS 0x000000008bc00000, 0x000000008bc00000| Untracked 
| 189|0x000000008bd00000, 0x000000008bd00000, 0x000000008be00000|  0%| F|  |TAMS 0x000000008bd00000, 0x000000008bd00000| Untracked 
| 190|0x000000008be00000, 0x000000008be00000, 0x000000008bf00000|  0%| F|  |TAMS 0x000000008be00000, 0x000000008be00000| Untracked 
| 191|0x000000008bf00000, 0x000000008bf00000, 0x000000008c000000|  0%| F|  |TAMS 0x000000008bf00000, 0x000000008bf00000| Untracked 
| 192|0x000000008c000000, 0x000000008c000000, 0x000000008c100000|  0%| F|  |TAMS 0x000000008c000000, 0x000000008c000000| Untracked 
| 193|0x000000008c100000, 0x000000008c100000, 0x000000008c200000|  0%| F|  |TAMS 0x000000008c100000, 0x000000008c100000| Untracked 
| 194|0x000000008c200000, 0x000000008c200000, 0x000000008c300000|  0%| F|  |TAMS 0x000000008c200000, 0x000000008c200000| Untracked 
| 195|0x000000008c300000, 0x000000008c300000, 0x000000008c400000|  0%| F|  |TAMS 0x000000008c300000, 0x000000008c300000| Untracked 
| 196|0x000000008c400000, 0x000000008c400000, 0x000000008c500000|  0%| F|  |TAMS 0x000000008c400000, 0x000000008c400000| Untracked 
| 197|0x000000008c500000, 0x000000008c500000, 0x000000008c600000|  0%| F|  |TAMS 0x000000008c500000, 0x000000008c500000| Untracked 
| 198|0x000000008c600000, 0x000000008c600000, 0x000000008c700000|  0%| F|  |TAMS 0x000000008c600000, 0x000000008c600000| Untracked 
| 199|0x000000008c700000, 0x000000008c700000, 0x000000008c800000|  0%| F|  |TAMS 0x000000008c700000, 0x000000008c700000| Untracked 
| 200|0x000000008c800000, 0x000000008c800000, 0x000000008c900000|  0%| F|  |TAMS 0x000000008c800000, 0x000000008c800000| Untracked 
| 201|0x000000008c900000, 0x000000008c900000, 0x000000008ca00000|  0%| F|  |TAMS 0x000000008c900000, 0x000000008c900000| Untracked 
| 202|0x000000008ca00000, 0x000000008ca00000, 0x000000008cb00000|  0%| F|  |TAMS 0x000000008ca00000, 0x000000008ca00000| Untracked 
| 203|0x000000008cb00000, 0x000000008cb00000, 0x000000008cc00000|  0%| F|  |TAMS 0x000000008cb00000, 0x000000008cb00000| Untracked 
| 204|0x000000008cc00000, 0x000000008cc00000, 0x000000008cd00000|  0%| F|  |TAMS 0x000000008cc00000, 0x000000008cc00000| Untracked 
| 205|0x000000008cd00000, 0x000000008cd00000, 0x000000008ce00000|  0%| F|  |TAMS 0x000000008cd00000, 0x000000008cd00000| Untracked 
| 206|0x000000008ce00000, 0x000000008ce00000, 0x000000008cf00000|  0%| F|  |TAMS 0x000000008ce00000, 0x000000008ce00000| Untracked 
| 207|0x000000008cf00000, 0x000000008cf00000, 0x000000008d000000|  0%| F|  |TAMS 0x000000008cf00000, 0x000000008cf00000| Untracked 
| 208|0x000000008d000000, 0x000000008d000000, 0x000000008d100000|  0%| F|  |TAMS 0x000000008d000000, 0x000000008d000000| Untracked 
| 209|0x000000008d100000, 0x000000008d100000, 0x000000008d200000|  0%| F|  |TAMS 0x000000008d100000, 0x000000008d100000| Untracked 
| 210|0x000000008d200000, 0x000000008d200000, 0x000000008d300000|  0%| F|  |TAMS 0x000000008d200000, 0x000000008d200000| Untracked 
| 211|0x000000008d300000, 0x000000008d300000, 0x000000008d400000|  0%| F|  |TAMS 0x000000008d300000, 0x000000008d300000| Untracked 
| 212|0x000000008d400000, 0x000000008d400000, 0x000000008d500000|  0%| F|  |TAMS 0x000000008d400000, 0x000000008d400000| Untracked 
| 213|0x000000008d500000, 0x000000008d500000, 0x000000008d600000|  0%| F|  |TAMS 0x000000008d500000, 0x000000008d500000| Untracked 
| 214|0x000000008d600000, 0x000000008d600000, 0x000000008d700000|  0%| F|  |TAMS 0x000000008d600000, 0x000000008d600000| Untracked 
| 215|0x000000008d700000, 0x000000008d800000, 0x000000008d800000|100%| S|CS|TAMS 0x000000008d700000, 0x000000008d700000| Complete 
| 216|0x000000008d800000, 0x000000008d900000, 0x000000008d900000|100%| S|CS|TAMS 0x000000008d800000, 0x000000008d800000| Complete 
| 217|0x000000008d900000, 0x000000008da00000, 0x000000008da00000|100%| S|CS|TAMS 0x000000008d900000, 0x000000008d900000| Complete 
| 218|0x000000008da00000, 0x000000008db00000, 0x000000008db00000|100%| S|CS|TAMS 0x000000008da00000, 0x000000008da00000| Complete 
| 219|0x000000008db00000, 0x000000008dc00000, 0x000000008dc00000|100%| S|CS|TAMS 0x000000008db00000, 0x000000008db00000| Complete 
| 220|0x000000008dc00000, 0x000000008dd00000, 0x000000008dd00000|100%| S|CS|TAMS 0x000000008dc00000, 0x000000008dc00000| Complete 
| 221|0x000000008dd00000, 0x000000008de00000, 0x000000008de00000|100%| S|CS|TAMS 0x000000008dd00000, 0x000000008dd00000| Complete 
| 222|0x000000008de00000, 0x000000008de00000, 0x000000008df00000|  0%| F|  |TAMS 0x000000008de00000, 0x000000008de00000| Untracked 
| 223|0x000000008df00000, 0x000000008df00000, 0x000000008e000000|  0%| F|  |TAMS 0x000000008df00000, 0x000000008df00000| Untracked 
| 224|0x000000008e000000, 0x000000008e000000, 0x000000008e100000|  0%| F|  |TAMS 0x000000008e000000, 0x000000008e000000| Untracked 
| 225|0x000000008e100000, 0x000000008e100000, 0x000000008e200000|  0%| F|  |TAMS 0x000000008e100000, 0x000000008e100000| Untracked 
| 226|0x000000008e200000, 0x000000008e200000, 0x000000008e300000|  0%| F|  |TAMS 0x000000008e200000, 0x000000008e200000| Untracked 
| 227|0x000000008e300000, 0x000000008e300000, 0x000000008e400000|  0%| F|  |TAMS 0x000000008e300000, 0x000000008e300000| Untracked 
| 228|0x000000008e400000, 0x000000008e400000, 0x000000008e500000|  0%| F|  |TAMS 0x000000008e400000, 0x000000008e400000| Untracked 
| 229|0x000000008e500000, 0x000000008e500000, 0x000000008e600000|  0%| F|  |TAMS 0x000000008e500000, 0x000000008e500000| Untracked 
| 230|0x000000008e600000, 0x000000008e600000, 0x000000008e700000|  0%| F|  |TAMS 0x000000008e600000, 0x000000008e600000| Untracked 
| 231|0x000000008e700000, 0x000000008e700000, 0x000000008e800000|  0%| F|  |TAMS 0x000000008e700000, 0x000000008e700000| Untracked 
| 232|0x000000008e800000, 0x000000008e800000, 0x000000008e900000|  0%| F|  |TAMS 0x000000008e800000, 0x000000008e800000| Untracked 
| 233|0x000000008e900000, 0x000000008e900000, 0x000000008ea00000|  0%| F|  |TAMS 0x000000008e900000, 0x000000008e900000| Untracked 
| 234|0x000000008ea00000, 0x000000008ea00000, 0x000000008eb00000|  0%| F|  |TAMS 0x000000008ea00000, 0x000000008ea00000| Untracked 
| 235|0x000000008eb00000, 0x000000008eb00000, 0x000000008ec00000|  0%| F|  |TAMS 0x000000008eb00000, 0x000000008eb00000| Untracked 
| 236|0x000000008ec00000, 0x000000008ec00000, 0x000000008ed00000|  0%| F|  |TAMS 0x000000008ec00000, 0x000000008ec00000| Untracked 
| 237|0x000000008ed00000, 0x000000008ed00000, 0x000000008ee00000|  0%| F|  |TAMS 0x000000008ed00000, 0x000000008ed00000| Untracked 
| 238|0x000000008ee00000, 0x000000008ee00000, 0x000000008ef00000|  0%| F|  |TAMS 0x000000008ee00000, 0x000000008ee00000| Untracked 
| 239|0x000000008ef00000, 0x000000008ef00000, 0x000000008f000000|  0%| F|  |TAMS 0x000000008ef00000, 0x000000008ef00000| Untracked 
| 240|0x000000008f000000, 0x000000008f000000, 0x000000008f100000|  0%| F|  |TAMS 0x000000008f000000, 0x000000008f000000| Untracked 
| 241|0x000000008f100000, 0x000000008f100000, 0x000000008f200000|  0%| F|  |TAMS 0x000000008f100000, 0x000000008f100000| Untracked 
| 242|0x000000008f200000, 0x000000008f200000, 0x000000008f300000|  0%| F|  |TAMS 0x000000008f200000, 0x000000008f200000| Untracked 
| 243|0x000000008f300000, 0x000000008f300000, 0x000000008f400000|  0%| F|  |TAMS 0x000000008f300000, 0x000000008f300000| Untracked 
| 244|0x000000008f400000, 0x000000008f400000, 0x000000008f500000|  0%| F|  |TAMS 0x000000008f400000, 0x000000008f400000| Untracked 
| 245|0x000000008f500000, 0x000000008f500000, 0x000000008f600000|  0%| F|  |TAMS 0x000000008f500000, 0x000000008f500000| Untracked 
| 246|0x000000008f600000, 0x000000008f600000, 0x000000008f700000|  0%| F|  |TAMS 0x000000008f600000, 0x000000008f600000| Untracked 
| 247|0x000000008f700000, 0x000000008f700000, 0x000000008f800000|  0%| F|  |TAMS 0x000000008f700000, 0x000000008f700000| Untracked 
| 248|0x000000008f800000, 0x000000008f800000, 0x000000008f900000|  0%| F|  |TAMS 0x000000008f800000, 0x000000008f800000| Untracked 
| 249|0x000000008f900000, 0x000000008f900000, 0x000000008fa00000|  0%| F|  |TAMS 0x000000008f900000, 0x000000008f900000| Untracked 
| 250|0x000000008fa00000, 0x000000008fa00000, 0x000000008fb00000|  0%| F|  |TAMS 0x000000008fa00000, 0x000000008fa00000| Untracked 
| 251|0x000000008fb00000, 0x000000008fb00000, 0x000000008fc00000|  0%| F|  |TAMS 0x000000008fb00000, 0x000000008fb00000| Untracked 
| 252|0x000000008fc00000, 0x000000008fc00000, 0x000000008fd00000|  0%| F|  |TAMS 0x000000008fc00000, 0x000000008fc00000| Untracked 
| 253|0x000000008fd00000, 0x000000008fd00000, 0x000000008fe00000|  0%| F|  |TAMS 0x000000008fd00000, 0x000000008fd00000| Untracked 
| 254|0x000000008fe00000, 0x000000008fe00000, 0x000000008ff00000|  0%| F|  |TAMS 0x000000008fe00000, 0x000000008fe00000| Untracked 
| 255|0x000000008ff00000, 0x000000008ff00000, 0x0000000090000000|  0%| F|  |TAMS 0x000000008ff00000, 0x000000008ff00000| Untracked 
| 256|0x0000000090000000, 0x0000000090000000, 0x0000000090100000|  0%| F|  |TAMS 0x0000000090000000, 0x0000000090000000| Untracked 
| 257|0x0000000090100000, 0x0000000090100000, 0x0000000090200000|  0%| F|  |TAMS 0x0000000090100000, 0x0000000090100000| Untracked 
| 258|0x0000000090200000, 0x0000000090200000, 0x0000000090300000|  0%| F|  |TAMS 0x0000000090200000, 0x0000000090200000| Untracked 
| 259|0x0000000090300000, 0x0000000090300000, 0x0000000090400000|  0%| F|  |TAMS 0x0000000090300000, 0x0000000090300000| Untracked 
| 260|0x0000000090400000, 0x0000000090400000, 0x0000000090500000|  0%| F|  |TAMS 0x0000000090400000, 0x0000000090400000| Untracked 
| 261|0x0000000090500000, 0x0000000090500000, 0x0000000090600000|  0%| F|  |TAMS 0x0000000090500000, 0x0000000090500000| Untracked 
| 262|0x0000000090600000, 0x0000000090600000, 0x0000000090700000|  0%| F|  |TAMS 0x0000000090600000, 0x0000000090600000| Untracked 
| 263|0x0000000090700000, 0x0000000090700000, 0x0000000090800000|  0%| F|  |TAMS 0x0000000090700000, 0x0000000090700000| Untracked 
| 264|0x0000000090800000, 0x0000000090800000, 0x0000000090900000|  0%| F|  |TAMS 0x0000000090800000, 0x0000000090800000| Untracked 
| 265|0x0000000090900000, 0x0000000090900000, 0x0000000090a00000|  0%| F|  |TAMS 0x0000000090900000, 0x0000000090900000| Untracked 
| 266|0x0000000090a00000, 0x0000000090a00000, 0x0000000090b00000|  0%| F|  |TAMS 0x0000000090a00000, 0x0000000090a00000| Untracked 
| 267|0x0000000090b00000, 0x0000000090b00000, 0x0000000090c00000|  0%| F|  |TAMS 0x0000000090b00000, 0x0000000090b00000| Untracked 
| 268|0x0000000090c00000, 0x0000000090c00000, 0x0000000090d00000|  0%| F|  |TAMS 0x0000000090c00000, 0x0000000090c00000| Untracked 
| 269|0x0000000090d00000, 0x0000000090d00000, 0x0000000090e00000|  0%| F|  |TAMS 0x0000000090d00000, 0x0000000090d00000| Untracked 
| 270|0x0000000090e00000, 0x0000000090e00000, 0x0000000090f00000|  0%| F|  |TAMS 0x0000000090e00000, 0x0000000090e00000| Untracked 
| 271|0x0000000090f00000, 0x0000000090f00000, 0x0000000091000000|  0%| F|  |TAMS 0x0000000090f00000, 0x0000000090f00000| Untracked 
| 272|0x0000000091000000, 0x0000000091000000, 0x0000000091100000|  0%| F|  |TAMS 0x0000000091000000, 0x0000000091000000| Untracked 
| 273|0x0000000091100000, 0x0000000091100000, 0x0000000091200000|  0%| F|  |TAMS 0x0000000091100000, 0x0000000091100000| Untracked 
| 274|0x0000000091200000, 0x0000000091200000, 0x0000000091300000|  0%| F|  |TAMS 0x0000000091200000, 0x0000000091200000| Untracked 
| 275|0x0000000091300000, 0x0000000091300000, 0x0000000091400000|  0%| F|  |TAMS 0x0000000091300000, 0x0000000091300000| Untracked 
| 276|0x0000000091400000, 0x0000000091400000, 0x0000000091500000|  0%| F|  |TAMS 0x0000000091400000, 0x0000000091400000| Untracked 
| 277|0x0000000091500000, 0x0000000091500000, 0x0000000091600000|  0%| F|  |TAMS 0x0000000091500000, 0x0000000091500000| Untracked 
| 278|0x0000000091600000, 0x0000000091600000, 0x0000000091700000|  0%| F|  |TAMS 0x0000000091600000, 0x0000000091600000| Untracked 
| 279|0x0000000091700000, 0x0000000091700000, 0x0000000091800000|  0%| F|  |TAMS 0x0000000091700000, 0x0000000091700000| Untracked 
| 280|0x0000000091800000, 0x0000000091800000, 0x0000000091900000|  0%| F|  |TAMS 0x0000000091800000, 0x0000000091800000| Untracked 
| 281|0x0000000091900000, 0x00000000919aa9c8, 0x0000000091a00000| 66%| E|  |TAMS 0x0000000091900000, 0x0000000091900000| Complete 
| 282|0x0000000091a00000, 0x0000000091b00000, 0x0000000091b00000|100%| E|CS|TAMS 0x0000000091a00000, 0x0000000091a00000| Complete 
| 283|0x0000000091b00000, 0x0000000091c00000, 0x0000000091c00000|100%| E|CS|TAMS 0x0000000091b00000, 0x0000000091b00000| Complete 
| 284|0x0000000091c00000, 0x0000000091d00000, 0x0000000091d00000|100%| E|CS|TAMS 0x0000000091c00000, 0x0000000091c00000| Complete 
| 285|0x0000000091d00000, 0x0000000091e00000, 0x0000000091e00000|100%| E|CS|TAMS 0x0000000091d00000, 0x0000000091d00000| Complete 
| 286|0x0000000091e00000, 0x0000000091f00000, 0x0000000091f00000|100%| E|CS|TAMS 0x0000000091e00000, 0x0000000091e00000| Complete 
| 287|0x0000000091f00000, 0x0000000092000000, 0x0000000092000000|100%| E|CS|TAMS 0x0000000091f00000, 0x0000000091f00000| Complete 
| 288|0x0000000092000000, 0x0000000092100000, 0x0000000092100000|100%| E|CS|TAMS 0x0000000092000000, 0x0000000092000000| Complete 
| 289|0x0000000092100000, 0x0000000092200000, 0x0000000092200000|100%| E|CS|TAMS 0x0000000092100000, 0x0000000092100000| Complete 
| 290|0x0000000092200000, 0x0000000092300000, 0x0000000092300000|100%| E|CS|TAMS 0x0000000092200000, 0x0000000092200000| Complete 
| 291|0x0000000092300000, 0x0000000092400000, 0x0000000092400000|100%| E|CS|TAMS 0x0000000092300000, 0x0000000092300000| Complete 
| 292|0x0000000092400000, 0x0000000092500000, 0x0000000092500000|100%| E|CS|TAMS 0x0000000092400000, 0x0000000092400000| Complete 
| 293|0x0000000092500000, 0x0000000092600000, 0x0000000092600000|100%| E|CS|TAMS 0x0000000092500000, 0x0000000092500000| Complete 
| 294|0x0000000092600000, 0x0000000092700000, 0x0000000092700000|100%| E|CS|TAMS 0x0000000092600000, 0x0000000092600000| Complete 
| 295|0x0000000092700000, 0x0000000092800000, 0x0000000092800000|100%| E|CS|TAMS 0x0000000092700000, 0x0000000092700000| Complete 
| 296|0x0000000092800000, 0x0000000092900000, 0x0000000092900000|100%| E|CS|TAMS 0x0000000092800000, 0x0000000092800000| Complete 
| 297|0x0000000092900000, 0x0000000092a00000, 0x0000000092a00000|100%| E|CS|TAMS 0x0000000092900000, 0x0000000092900000| Complete 
| 298|0x0000000092a00000, 0x0000000092b00000, 0x0000000092b00000|100%| E|CS|TAMS 0x0000000092a00000, 0x0000000092a00000| Complete 
| 299|0x0000000092b00000, 0x0000000092c00000, 0x0000000092c00000|100%| E|CS|TAMS 0x0000000092b00000, 0x0000000092b00000| Complete 
| 300|0x0000000092c00000, 0x0000000092d00000, 0x0000000092d00000|100%| E|  |TAMS 0x0000000092c00000, 0x0000000092c00000| Complete 
| 301|0x0000000092d00000, 0x0000000092e00000, 0x0000000092e00000|100%| E|CS|TAMS 0x0000000092d00000, 0x0000000092d00000| Complete 
| 302|0x0000000092e00000, 0x0000000092f00000, 0x0000000092f00000|100%| E|CS|TAMS 0x0000000092e00000, 0x0000000092e00000| Complete 
| 303|0x0000000092f00000, 0x0000000093000000, 0x0000000093000000|100%| E|CS|TAMS 0x0000000092f00000, 0x0000000092f00000| Complete 
| 304|0x0000000093000000, 0x0000000093100000, 0x0000000093100000|100%| E|CS|TAMS 0x0000000093000000, 0x0000000093000000| Complete 
| 305|0x0000000093100000, 0x0000000093200000, 0x0000000093200000|100%| E|CS|TAMS 0x0000000093100000, 0x0000000093100000| Complete 
| 306|0x0000000093200000, 0x0000000093300000, 0x0000000093300000|100%| E|CS|TAMS 0x0000000093200000, 0x0000000093200000| Complete 
| 307|0x0000000093300000, 0x0000000093400000, 0x0000000093400000|100%| E|CS|TAMS 0x0000000093300000, 0x0000000093300000| Complete 
| 308|0x0000000093400000, 0x0000000093500000, 0x0000000093500000|100%| E|CS|TAMS 0x0000000093400000, 0x0000000093400000| Complete 
| 309|0x0000000093500000, 0x0000000093600000, 0x0000000093600000|100%| E|CS|TAMS 0x0000000093500000, 0x0000000093500000| Complete 
| 310|0x0000000093600000, 0x0000000093700000, 0x0000000093700000|100%| E|CS|TAMS 0x0000000093600000, 0x0000000093600000| Complete 
| 311|0x0000000093700000, 0x0000000093800000, 0x0000000093800000|100%| E|CS|TAMS 0x0000000093700000, 0x0000000093700000| Complete 
| 312|0x0000000093800000, 0x0000000093900000, 0x0000000093900000|100%| E|CS|TAMS 0x0000000093800000, 0x0000000093800000| Complete 
| 313|0x0000000093900000, 0x0000000093a00000, 0x0000000093a00000|100%| E|CS|TAMS 0x0000000093900000, 0x0000000093900000| Complete 
| 314|0x0000000093a00000, 0x0000000093b00000, 0x0000000093b00000|100%| E|CS|TAMS 0x0000000093a00000, 0x0000000093a00000| Complete 
| 315|0x0000000093b00000, 0x0000000093c00000, 0x0000000093c00000|100%| E|CS|TAMS 0x0000000093b00000, 0x0000000093b00000| Complete 
| 316|0x0000000093c00000, 0x0000000093d00000, 0x0000000093d00000|100%| E|CS|TAMS 0x0000000093c00000, 0x0000000093c00000| Complete 
| 317|0x0000000093d00000, 0x0000000093e00000, 0x0000000093e00000|100%| E|CS|TAMS 0x0000000093d00000, 0x0000000093d00000| Complete 
| 318|0x0000000093e00000, 0x0000000093f00000, 0x0000000093f00000|100%| E|CS|TAMS 0x0000000093e00000, 0x0000000093e00000| Complete 
| 319|0x0000000093f00000, 0x0000000094000000, 0x0000000094000000|100%| E|CS|TAMS 0x0000000093f00000, 0x0000000093f00000| Complete 
| 320|0x0000000094000000, 0x0000000094100000, 0x0000000094100000|100%| E|CS|TAMS 0x0000000094000000, 0x0000000094000000| Complete 
| 321|0x0000000094100000, 0x0000000094200000, 0x0000000094200000|100%| E|CS|TAMS 0x0000000094100000, 0x0000000094100000| Complete 

Card table byte_map: [0x0000022d44b60000,0x0000022d44f60000] _byte_map_base: 0x0000022d44760000

Marking Bits (Prev, Next): (CMBitMap*) 0x0000022d3198fa70, (CMBitMap*) 0x0000022d3198fa38
 Prev Bits: [0x0000022d47360000, 0x0000022d49360000)
 Next Bits: [0x0000022d45360000, 0x0000022d47360000)

Polling page: 0x0000022d2f860000

Metaspace:

Usage:
  Non-class:    105.64 MB capacity,   103.61 MB ( 98%) used,     1.62 MB (  2%) free+waste,   415.50 KB ( <1%) overhead. 
      Class:     16.46 MB capacity,    15.14 MB ( 92%) used,     1.13 MB (  7%) free+waste,   193.63 KB (  1%) overhead. 
       Both:    122.10 MB capacity,   118.75 MB ( 97%) used,     2.76 MB (  2%) free+waste,   609.13 KB ( <1%) overhead. 

Virtual space:
  Non-class space:      106.00 MB reserved,     105.75 MB (>99%) committed 
      Class space:        1.00 GB reserved,      16.57 MB (  2%) committed 
             Both:        1.10 GB reserved,     122.32 MB ( 11%) committed 

Chunk freelists:
   Non-Class:  48.00 KB
       Class:  0 bytes
        Both:  48.00 KB

MaxMetaspaceSize: 17179869184.00 GB
CompressedClassSpaceSize: 1.00 GB

CodeHeap 'non-profiled nmethods': size=120000Kb used=9937Kb max_used=9937Kb free=110062Kb
 bounds [0x0000022d3cf00000, 0x0000022d3d8c0000, 0x0000022d44430000]
CodeHeap 'profiled nmethods': size=120000Kb used=38348Kb max_used=38348Kb free=81651Kb
 bounds [0x0000022d359d0000, 0x0000022d37f50000, 0x0000022d3cf00000]
CodeHeap 'non-nmethods': size=5760Kb used=2349Kb max_used=2395Kb free=3410Kb
 bounds [0x0000022d35430000, 0x0000022d356a0000, 0x0000022d359d0000]
 total_blobs=18925 nmethods=17953 adapters=883
 compilation: enabled
              stopped_count=0, restarted_count=0
 full_count=0

Compilation events (20 events):
Event: 39.930 Thread 0x0000022d4bdf4800 18711       3       com.android.tools.r8.internal.E7::a (219 bytes)
Event: 39.934 Thread 0x0000022d4bdf4800 nmethod 18711 0x0000022d37f22210 code [0x0000022d37f22700, 0x0000022d37f25018]
Event: 39.934 Thread 0x0000022d4bdf4800 18712       3       com.android.tools.r8.internal.E7::r (464 bytes)
Event: 39.944 Thread 0x0000022d4bdf4800 nmethod 18712 0x0000022d37f25d10 code [0x0000022d37f264e0, 0x0000022d37f2c538]
Event: 39.944 Thread 0x0000022d4bdf4800 18716       2       com.android.tools.r8.internal.O1::a (685 bytes)
Event: 39.952 Thread 0x0000022d4bdf4800 nmethod 18716 0x0000022d37f2e090 code [0x0000022d37f2e5e0, 0x0000022d37f30168]
Event: 39.952 Thread 0x0000022d4bdf4800 18708       3       com.android.tools.r8.internal.C1::equals (46 bytes)
Event: 39.952 Thread 0x0000022d4bdf4800 nmethod 18708 0x0000022d37f31810 code [0x0000022d37f31a00, 0x0000022d37f31fa8]
Event: 39.952 Thread 0x0000022d4bdf4800 18717       2       com.android.tools.r8.internal.KD::t0 (2 bytes)
Event: 39.952 Thread 0x0000022d4bdf4800 nmethod 18717 0x0000022d37f32090 code [0x0000022d37f32240, 0x0000022d37f32338]
Event: 39.953 Thread 0x0000022d4bdf4800 18718       2       com.android.tools.r8.internal.E7::i (231 bytes)
Event: 39.956 Thread 0x0000022d4bdf4800 nmethod 18718 0x0000022d37f32410 code [0x0000022d37f32760, 0x0000022d37f33398]
Event: 39.959 Thread 0x0000022d4bdf4800 18719       2       com.android.tools.r8.internal.E7::b (455 bytes)
Event: 39.966 Thread 0x0000022d4bdf4800 nmethod 18719 0x0000022d37f33b90 code [0x0000022d37f34020, 0x0000022d37f35968]
Event: 39.971 Thread 0x0000022d4bdf4800 18721       2       com.android.tools.r8.internal.E7::p (1053 bytes)
Event: 39.982 Thread 0x0000022d4bdf4800 nmethod 18721 0x0000022d37f36a90 code [0x0000022d37f371e0, 0x0000022d37f3a2a8]
Event: 39.983 Thread 0x0000022d4bdf4800 18723       2       com.android.tools.r8.internal.k2::b (77 bytes)
Event: 39.983 Thread 0x0000022d4bdf4800 nmethod 18723 0x0000022d37f3c890 code [0x0000022d37f3ca60, 0x0000022d37f3ccb8]
Event: 39.983 Thread 0x0000022d4bdf4800 18724       2       com.android.tools.r8.internal.k2::add (9 bytes)
Event: 39.984 Thread 0x0000022d4bdf4800 nmethod 18724 0x0000022d37f3ce10 code [0x0000022d37f3cfc0, 0x0000022d37f3d108]

GC Heap History (20 events):
Event: 32.118 GC heap before
{Heap before GC invocations=45 (full 0):
 garbage-first heap   total 227328K, used 169805K [0x0000000080000000, 0x0000000100000000)
  region size 1024K, 44 young (45056K), 5 survivors (5120K)
 Metaspace       used 105640K, capacity 108164K, committed 108492K, reserved 1142784K
  class space    used 13508K, capacity 14429K, committed 14540K, reserved 1048576K
}
Event: 32.156 GC heap after
{Heap after GC invocations=46 (full 0):
 garbage-first heap   total 227328K, used 139264K [0x0000000080000000, 0x0000000100000000)
  region size 1024K, 6 young (6144K), 6 survivors (6144K)
 Metaspace       used 105640K, capacity 108164K, committed 108492K, reserved 1142784K
  class space    used 13508K, capacity 14429K, committed 14540K, reserved 1048576K
}
Event: 32.257 GC heap before
{Heap before GC invocations=46 (full 0):
 garbage-first heap   total 227328K, used 143360K [0x0000000080000000, 0x0000000100000000)
  region size 1024K, 11 young (11264K), 6 survivors (6144K)
 Metaspace       used 105659K, capacity 108170K, committed 108492K, reserved 1142784K
  class space    used 13508K, capacity 14429K, committed 14540K, reserved 1048576K
}
Event: 32.278 GC heap after
{Heap after GC invocations=47 (full 0):
 garbage-first heap   total 227328K, used 138938K [0x0000000080000000, 0x0000000100000000)
  region size 1024K, 2 young (2048K), 2 survivors (2048K)
 Metaspace       used 105659K, capacity 108170K, committed 108492K, reserved 1142784K
  class space    used 13508K, capacity 14429K, committed 14540K, reserved 1048576K
}
Event: 33.745 GC heap before
{Heap before GC invocations=47 (full 0):
 garbage-first heap   total 227328K, used 177850K [0x0000000080000000, 0x0000000100000000)
  region size 1024K, 37 young (37888K), 2 survivors (2048K)
 Metaspace       used 106079K, capacity 108698K, committed 108748K, reserved 1142784K
  class space    used 13551K, capacity 14494K, committed 14540K, reserved 1048576K
}
Event: 33.766 GC heap after
{Heap after GC invocations=48 (full 0):
 garbage-first heap   total 227328K, used 146656K [0x0000000080000000, 0x0000000100000000)
  region size 1024K, 5 young (5120K), 5 survivors (5120K)
 Metaspace       used 106079K, capacity 108698K, committed 108748K, reserved 1142784K
  class space    used 13551K, capacity 14494K, committed 14540K, reserved 1048576K
}
Event: 34.296 GC heap before
{Heap before GC invocations=48 (full 0):
 garbage-first heap   total 227328K, used 176352K [0x0000000080000000, 0x0000000100000000)
  region size 1024K, 38 young (38912K), 5 survivors (5120K)
 Metaspace       used 106152K, capacity 108693K, committed 109004K, reserved 1144832K
  class space    used 13548K, capacity 14467K, committed 14540K, reserved 1048576K
}
Event: 34.333 GC heap after
{Heap after GC invocations=49 (full 0):
 garbage-first heap   total 274432K, used 150102K [0x0000000080000000, 0x0000000100000000)
  region size 1024K, 5 young (5120K), 5 survivors (5120K)
 Metaspace       used 106152K, capacity 108693K, committed 109004K, reserved 1144832K
  class space    used 13548K, capacity 14467K, committed 14540K, reserved 1048576K
}
Event: 35.135 GC heap before
{Heap before GC invocations=50 (full 0):
 garbage-first heap   total 274432K, used 208470K [0x0000000080000000, 0x0000000100000000)
  region size 1024K, 56 young (57344K), 5 survivors (5120K)
 Metaspace       used 106998K, capacity 109566K, committed 109900K, reserved 1144832K
  class space    used 13629K, capacity 14574K, committed 14668K, reserved 1048576K
}
Event: 35.150 GC heap after
{Heap after GC invocations=51 (full 0):
 garbage-first heap   total 274432K, used 162259K [0x0000000080000000, 0x0000000100000000)
  region size 1024K, 5 young (5120K), 5 survivors (5120K)
 Metaspace       used 106998K, capacity 109566K, committed 109900K, reserved 1144832K
  class space    used 13629K, capacity 14574K, committed 14668K, reserved 1048576K
}
Event: 35.268 GC heap before
{Heap before GC invocations=51 (full 0):
 garbage-first heap   total 274432K, used 169427K [0x0000000080000000, 0x0000000100000000)
  region size 1024K, 13 young (13312K), 5 survivors (5120K)
 Metaspace       used 107055K, capacity 109630K, committed 109900K, reserved 1144832K
  class space    used 13634K, capacity 14574K, committed 14668K, reserved 1048576K
}
Event: 35.283 GC heap after
{Heap after GC invocations=52 (full 0):
 garbage-first heap   total 274432K, used 152186K [0x0000000080000000, 0x0000000100000000)
  region size 1024K, 2 young (2048K), 2 survivors (2048K)
 Metaspace       used 107055K, capacity 109630K, committed 109900K, reserved 1144832K
  class space    used 13634K, capacity 14574K, committed 14668K, reserved 1048576K
}
Event: 36.494 GC heap before
{Heap before GC invocations=52 (full 0):
 garbage-first heap   total 274432K, used 205434K [0x0000000080000000, 0x0000000100000000)
  region size 1024K, 55 young (56320K), 2 survivors (2048K)
 Metaspace       used 113230K, capacity 115900K, committed 116044K, reserved 1150976K
  class space    used 14448K, capacity 15429K, committed 15436K, reserved 1048576K
}
Event: 36.500 GC heap after
{Heap after GC invocations=53 (full 0):
 garbage-first heap   total 274432K, used 152759K [0x0000000080000000, 0x0000000100000000)
  region size 1024K, 3 young (3072K), 3 survivors (3072K)
 Metaspace       used 113230K, capacity 115900K, committed 116044K, reserved 1150976K
  class space    used 14448K, capacity 15429K, committed 15436K, reserved 1048576K
}
Event: 38.310 GC heap before
{Heap before GC invocations=53 (full 0):
 garbage-first heap   total 274432K, used 218295K [0x0000000080000000, 0x0000000100000000)
  region size 1024K, 59 young (60416K), 3 survivors (3072K)
 Metaspace       used 116325K, capacity 119183K, committed 119372K, reserved 1153024K
  class space    used 14736K, capacity 15830K, committed 15948K, reserved 1048576K
}
Event: 38.317 GC heap after
{Heap after GC invocations=54 (full 0):
 garbage-first heap   total 274432K, used 160220K [0x0000000080000000, 0x0000000100000000)
  region size 1024K, 6 young (6144K), 6 survivors (6144K)
 Metaspace       used 116325K, capacity 119183K, committed 119372K, reserved 1153024K
  class space    used 14736K, capacity 15830K, committed 15948K, reserved 1048576K
}
Event: 38.686 GC heap before
{Heap before GC invocations=54 (full 0):
 garbage-first heap   total 274432K, used 215516K [0x0000000080000000, 0x0000000100000000)
  region size 1024K, 61 young (62464K), 6 survivors (6144K)
 Metaspace       used 117259K, capacity 120176K, committed 120268K, reserved 1153024K
  class space    used 14855K, capacity 15984K, committed 16076K, reserved 1048576K
}
Event: 38.726 GC heap after
{Heap after GC invocations=55 (full 0):
 garbage-first heap   total 274432K, used 172968K [0x0000000080000000, 0x0000000100000000)
  region size 1024K, 8 young (8192K), 8 survivors (8192K)
 Metaspace       used 117259K, capacity 120176K, committed 120268K, reserved 1153024K
  class space    used 14855K, capacity 15984K, committed 16076K, reserved 1048576K
}
Event: 39.248 GC heap before
{Heap before GC invocations=55 (full 0):
 garbage-first heap   total 274432K, used 219048K [0x0000000080000000, 0x0000000100000000)
  region size 1024K, 54 young (55296K), 8 survivors (8192K)
 Metaspace       used 120868K, capacity 124283K, committed 124492K, reserved 1157120K
  class space    used 15493K, capacity 16852K, committed 16972K, reserved 1048576K
}
Event: 39.274 GC heap after
{Heap after GC invocations=56 (full 0):
 garbage-first heap   total 329728K, used 180422K [0x0000000080000000, 0x0000000100000000)
  region size 1024K, 7 young (7168K), 7 survivors (7168K)
 Metaspace       used 120868K, capacity 124283K, committed 124492K, reserved 1157120K
  class space    used 15493K, capacity 16852K, committed 16972K, reserved 1048576K
}

Deoptimization events (20 events):
Event: 39.734 Thread 0x0000022d539e8800 DEOPT PACKING pc=0x0000022d3781bac8 sp=0x00000050497fcc10
Event: 39.735 Thread 0x0000022d539e8800 DEOPT UNPACKING pc=0x0000022d354576ce sp=0x00000050497fc0f8 mode 0
Event: 39.743 Thread 0x0000022d539e8800 DEOPT PACKING pc=0x0000022d37ea8b61 sp=0x00000050497fcc00
Event: 39.743 Thread 0x0000022d539e8800 DEOPT UNPACKING pc=0x0000022d354576ce sp=0x00000050497fc0f0 mode 0
Event: 39.746 Thread 0x0000022d539e8800 DEOPT PACKING pc=0x0000022d3781bac8 sp=0x00000050497fcd10
Event: 39.746 Thread 0x0000022d539e8800 DEOPT UNPACKING pc=0x0000022d354576ce sp=0x00000050497fc1f8 mode 0
Event: 39.751 Thread 0x0000022d539e8800 DEOPT PACKING pc=0x0000022d3781bac8 sp=0x00000050497fcd10
Event: 39.751 Thread 0x0000022d539e8800 DEOPT UNPACKING pc=0x0000022d354576ce sp=0x00000050497fc1f8 mode 0
Event: 39.754 Thread 0x0000022d539e8800 DEOPT PACKING pc=0x0000022d37ea8b61 sp=0x00000050497fcd00
Event: 39.754 Thread 0x0000022d539e8800 DEOPT UNPACKING pc=0x0000022d354576ce sp=0x00000050497fc1f0 mode 0
Event: 39.755 Thread 0x0000022d539e8800 Uncommon trap: trap_request=0xffffffde fr.pc=0x0000022d3d6d706c relative=0x000000000000122c
Event: 39.755 Thread 0x0000022d539e8800 Uncommon trap: reason=class_check action=maybe_recompile pc=0x0000022d3d6d706c method=java.util.TimSort.mergeHi(IIII)V @ 227 c2
Event: 39.755 Thread 0x0000022d539e8800 DEOPT PACKING pc=0x0000022d3d6d706c sp=0x00000050497fcd30
Event: 39.755 Thread 0x0000022d539e8800 DEOPT UNPACKING pc=0x0000022d354578af sp=0x00000050497fccf8 mode 2
Event: 39.853 Thread 0x0000022d539e8800 Uncommon trap: trap_request=0xffffff4d fr.pc=0x0000022d3d7c00bc relative=0x00000000000000fc
Event: 39.853 Thread 0x0000022d539e8800 Uncommon trap: reason=unstable_if action=reinterpret pc=0x0000022d3d7c00bc method=java.util.concurrent.locks.AbstractQueuedSynchronizer.doReleaseShared()V @ 69 c2
Event: 39.853 Thread 0x0000022d539e8800 DEOPT PACKING pc=0x0000022d3d7c00bc sp=0x00000050497fecd0
Event: 39.853 Thread 0x0000022d539e8800 DEOPT UNPACKING pc=0x0000022d354578af sp=0x00000050497fec50 mode 2
Event: 39.974 Thread 0x0000022d539e2000 DEOPT PACKING pc=0x0000022d37e3cdb3 sp=0x00000050496fc6d0
Event: 39.974 Thread 0x0000022d539e2000 DEOPT UNPACKING pc=0x0000022d354576ce sp=0x00000050496fbb78 mode 0

Classes redefined (0 events):
No events

Internal exceptions (20 events):
Event: 39.221 Thread 0x0000022d539e8000 Exception <a 'sun/nio/fs/WindowsException'{0x000000008e108428}> (0x000000008e108428) thrown at [./src/hotspot/share/prims/jni.cpp, line 615]
Event: 39.221 Thread 0x0000022d539e8000 Exception <a 'sun/nio/fs/WindowsException'{0x000000008e108578}> (0x000000008e108578) thrown at [./src/hotspot/share/prims/jni.cpp, line 615]
Event: 39.221 Thread 0x0000022d539e8000 Exception <a 'sun/nio/fs/WindowsException'{0x000000008e1097a0}> (0x000000008e1097a0) thrown at [./src/hotspot/share/prims/jni.cpp, line 615]
Event: 39.246 Thread 0x0000022d539e8000 Exception <a 'sun/nio/fs/WindowsException'{0x000000008df797d0}> (0x000000008df797d0) thrown at [./src/hotspot/share/prims/jni.cpp, line 615]
Event: 39.290 Thread 0x0000022d539e4800 Exception <a 'sun/nio/fs/WindowsException'{0x0000000093fc55d8}> (0x0000000093fc55d8) thrown at [./src/hotspot/share/prims/jni.cpp, line 615]
Event: 39.292 Thread 0x0000022d539e4800 Exception <a 'sun/nio/fs/WindowsException'{0x0000000093fcd7e8}> (0x0000000093fcd7e8) thrown at [./src/hotspot/share/prims/jni.cpp, line 615]
Event: 39.294 Thread 0x0000022d539e4800 Exception <a 'sun/nio/fs/WindowsException'{0x0000000093d063d8}> (0x0000000093d063d8) thrown at [./src/hotspot/share/prims/jni.cpp, line 615]
Event: 39.297 Thread 0x0000022d539e4800 Exception <a 'sun/nio/fs/WindowsException'{0x0000000093d0cdf8}> (0x0000000093d0cdf8) thrown at [./src/hotspot/share/prims/jni.cpp, line 615]
Event: 39.330 Thread 0x0000022d539e9800 Exception <a 'sun/nio/fs/WindowsException'{0x0000000093af8a70}> (0x0000000093af8a70) thrown at [./src/hotspot/share/prims/jni.cpp, line 615]
Event: 39.372 Thread 0x0000022d539e9800 Exception <a 'sun/nio/fs/WindowsException'{0x00000000936714f0}> (0x00000000936714f0) thrown at [./src/hotspot/share/prims/jni.cpp, line 615]
Event: 39.376 Thread 0x0000022d539e9800 Exception <a 'sun/nio/fs/WindowsException'{0x0000000093678a68}> (0x0000000093678a68) thrown at [./src/hotspot/share/prims/jni.cpp, line 615]
Event: 39.439 Thread 0x0000022d539e9800 Exception <a 'sun/nio/fs/WindowsException'{0x0000000093181fa0}> (0x0000000093181fa0) thrown at [./src/hotspot/share/prims/jni.cpp, line 615]
Event: 39.517 Thread 0x0000022d539e1800 Exception <a 'sun/nio/fs/WindowsException'{0x0000000092deaef0}> (0x0000000092deaef0) thrown at [./src/hotspot/share/prims/jni.cpp, line 615]
Event: 39.523 Thread 0x0000022d539e1800 Exception <a 'sun/nio/fs/WindowsException'{0x0000000092ca5748}> (0x0000000092ca5748) thrown at [./src/hotspot/share/prims/jni.cpp, line 615]
Event: 39.530 Thread 0x0000022d539e1800 Exception <a 'sun/nio/fs/WindowsException'{0x0000000092cac080}> (0x0000000092cac080) thrown at [./src/hotspot/share/prims/jni.cpp, line 615]
Event: 39.541 Thread 0x0000022d539e1800 Exception <a 'sun/nio/fs/WindowsException'{0x0000000092bebac0}> (0x0000000092bebac0) thrown at [./src/hotspot/share/prims/jni.cpp, line 615]
Event: 39.546 Thread 0x0000022d539e1800 Exception <a 'sun/nio/fs/WindowsException'{0x0000000092a5bcd8}> (0x0000000092a5bcd8) thrown at [./src/hotspot/share/prims/jni.cpp, line 615]
Event: 39.548 Thread 0x0000022d539e1800 Exception <a 'sun/nio/fs/WindowsException'{0x0000000092a624b0}> (0x0000000092a624b0) thrown at [./src/hotspot/share/prims/jni.cpp, line 615]
Event: 39.577 Thread 0x0000022d539e1800 Exception <a 'sun/nio/fs/WindowsException'{0x0000000092a6a318}> (0x0000000092a6a318) thrown at [./src/hotspot/share/prims/jni.cpp, line 615]
Event: 39.608 Thread 0x0000022d539e1800 Exception <a 'sun/nio/fs/WindowsException'{0x000000009286d2b8}> (0x000000009286d2b8) thrown at [./src/hotspot/share/prims/jni.cpp, line 615]

Events (20 events):
Event: 39.422 loading class com/android/tools/r8/internal/Le$e
Event: 39.422 loading class com/android/tools/r8/internal/Le$e done
Event: 39.423 loading class java/util/Vector$Itr
Event: 39.425 loading class java/util/Vector$Itr done
Event: 39.431 loading class com/android/tools/r8/ir/regalloc/d
Event: 39.431 loading class com/android/tools/r8/ir/regalloc/d done
Event: 39.433 loading class com/android/tools/r8/internal/sA
Event: 39.433 loading class com/android/tools/r8/internal/sA done
Event: 39.435 Executing VM operation: ICBufferFull
Event: 39.436 Executing VM operation: ICBufferFull done
Event: 39.438 loading class com/android/tools/r8/internal/Mc
Event: 39.438 loading class com/android/tools/r8/internal/Mc done
Event: 39.502 loading class com/android/tools/r8/graph/o0
Event: 39.502 loading class com/android/tools/r8/graph/o0 done
Event: 39.503 loading class com/android/tools/r8/internal/ee
Event: 39.503 loading class com/android/tools/r8/internal/ee done
Event: 39.504 loading class com/android/tools/r8/internal/D1
Event: 39.504 loading class com/android/tools/r8/internal/D1 done
Event: 39.711 Executing VM operation: RevokeBias
Event: 39.712 Executing VM operation: RevokeBias done


Dynamic libraries:
0x00007ff70e0a0000 - 0x00007ff70e0aa000 	C:\Program Files\Android\Android Studio1\jre\bin\java.exe
0x00007ffd35550000 - 0x00007ffd35746000 	C:\WINDOWS\SYSTEM32\ntdll.dll
0x00007ffd34800000 - 0x00007ffd348bd000 	C:\WINDOWS\System32\KERNEL32.DLL
0x00007ffd32d40000 - 0x00007ffd33009000 	C:\WINDOWS\System32\KERNELBASE.dll
0x00007ffd2ce30000 - 0x00007ffd2cec0000 	C:\WINDOWS\SYSTEM32\apphelp.dll
0x00007ffd33010000 - 0x00007ffd33110000 	C:\WINDOWS\System32\ucrtbase.dll
0x00007ffd25410000 - 0x00007ffd25427000 	C:\Program Files\Android\Android Studio1\jre\bin\VCRUNTIME140.dll
0x00007ffd25350000 - 0x00007ffd25369000 	C:\Program Files\Android\Android Studio1\jre\bin\jli.dll
0x00007ffd33940000 - 0x00007ffd33ae0000 	C:\WINDOWS\System32\USER32.dll
0x00007ffd32c90000 - 0x00007ffd32cb2000 	C:\WINDOWS\System32\win32u.dll
0x00007ffd1f6e0000 - 0x00007ffd1f97b000 	C:\WINDOWS\WinSxS\amd64_microsoft.windows.common-controls_6595b64144ccf1df_6.0.19041.746_none_ca02b4b61b8320a4\COMCTL32.dll
0x00007ffd351a0000 - 0x00007ffd351ca000 	C:\WINDOWS\System32\GDI32.dll
0x00007ffd33210000 - 0x00007ffd3331b000 	C:\WINDOWS\System32\gdi32full.dll
0x00007ffd33d20000 - 0x00007ffd33dbe000 	C:\WINDOWS\System32\msvcrt.dll
0x00007ffd33170000 - 0x00007ffd3320d000 	C:\WINDOWS\System32\msvcp_win.dll
0x00007ffd33ae0000 - 0x00007ffd33b10000 	C:\WINDOWS\System32\IMM32.DLL
0x00007ffd138b0000 - 0x00007ffd1394d000 	C:\Program Files\Android\Android Studio1\jre\bin\msvcp140.dll
0x00007ffce83d0000 - 0x00007ffce8e9f000 	C:\Program Files\Android\Android Studio1\jre\bin\server\jvm.dll
0x00007ffd348c0000 - 0x00007ffd3496c000 	C:\WINDOWS\System32\ADVAPI32.dll
0x00007ffd35470000 - 0x00007ffd3550c000 	C:\WINDOWS\System32\sechost.dll
0x00007ffd33e40000 - 0x00007ffd33f6b000 	C:\WINDOWS\System32\RPCRT4.dll
0x00007ffd35460000 - 0x00007ffd35468000 	C:\WINDOWS\System32\PSAPI.DLL
0x00007ffd1e6e0000 - 0x00007ffd1e707000 	C:\WINDOWS\SYSTEM32\WINMM.dll
0x00007ffd27f80000 - 0x00007ffd27f8a000 	C:\WINDOWS\SYSTEM32\VERSION.dll
0x00007ffd1d810000 - 0x00007ffd1d819000 	C:\WINDOWS\SYSTEM32\WSOCK32.dll
0x00007ffd33dd0000 - 0x00007ffd33e3b000 	C:\WINDOWS\System32\WS2_32.dll
0x00007ffd31560000 - 0x00007ffd31572000 	C:\WINDOWS\SYSTEM32\kernel.appcore.dll
0x00007ffd1eb00000 - 0x00007ffd1eb11000 	C:\Program Files\Android\Android Studio1\jre\bin\verify.dll
0x00007ffd311f0000 - 0x00007ffd313d4000 	C:\WINDOWS\SYSTEM32\DBGHELP.DLL
0x00007ffd26a90000 - 0x00007ffd26abc000 	C:\WINDOWS\SYSTEM32\dbgcore.DLL
0x00007ffd32cc0000 - 0x00007ffd32d40000 	C:\WINDOWS\System32\bcryptPrimitives.dll
0x00007ffd151a0000 - 0x00007ffd151c9000 	C:\Program Files\Android\Android Studio1\jre\bin\java.dll
0x00007ffd29d60000 - 0x00007ffd29d6b000 	C:\Program Files\Android\Android Studio1\jre\bin\jimage.dll
0x00007ffd1e750000 - 0x00007ffd1e768000 	C:\Program Files\Android\Android Studio1\jre\bin\zip.dll
0x00007ffd34a50000 - 0x00007ffd35192000 	C:\WINDOWS\System32\SHELL32.dll
0x00007ffd30a60000 - 0x00007ffd311f0000 	C:\WINDOWS\SYSTEM32\windows.storage.dll
0x00007ffd34440000 - 0x00007ffd34796000 	C:\WINDOWS\System32\combase.dll
0x00007ffd32680000 - 0x00007ffd326ac000 	C:\WINDOWS\SYSTEM32\Wldp.dll
0x00007ffd33b10000 - 0x00007ffd33bbe000 	C:\WINDOWS\System32\SHCORE.dll
0x00007ffd33660000 - 0x00007ffd336b5000 	C:\WINDOWS\System32\shlwapi.dll
0x00007ffd32bc0000 - 0x00007ffd32be6000 	C:\WINDOWS\SYSTEM32\profapi.dll
0x00007ffd15180000 - 0x00007ffd1519a000 	C:\Program Files\Android\Android Studio1\jre\bin\net.dll
0x00007ffd2ac10000 - 0x00007ffd2ad10000 	C:\WINDOWS\SYSTEM32\WINHTTP.dll
0x00007ffd32400000 - 0x00007ffd3246a000 	C:\WINDOWS\system32\mswsock.dll
0x00007ffd14cc0000 - 0x00007ffd14cd4000 	C:\Program Files\Android\Android Studio1\jre\bin\nio.dll
0x00007ffd24d80000 - 0x00007ffd24da7000 	C:\Users\shekiba\.gradle\native\8bec1ad78214c89d9ad589b4d07fe93259594b29d510b10fafb7a158f7737e5d\windows-amd64\native-platform.dll
0x00007ffcf6f20000 - 0x00007ffcf705d000 	C:\Users\shekiba\.gradle\native\53dbd7edfb1c66fb8903c78663c9afc45aea4f116125fa6feffd364cf09443e8\windows-amd64\native-platform-file-events.dll
0x00007ffd27000000 - 0x00007ffd2700a000 	C:\Program Files\Android\Android Studio1\jre\bin\management.dll
0x00007ffd251f0000 - 0x00007ffd251fc000 	C:\Program Files\Android\Android Studio1\jre\bin\management_ext.dll
0x00007ffd325d0000 - 0x00007ffd325e8000 	C:\WINDOWS\SYSTEM32\CRYPTSP.dll
0x00007ffd31d40000 - 0x00007ffd31d74000 	C:\WINDOWS\system32\rsaenh.dll
0x00007ffd33420000 - 0x00007ffd33447000 	C:\WINDOWS\System32\bcrypt.dll
0x00007ffd32b40000 - 0x00007ffd32b6e000 	C:\WINDOWS\SYSTEM32\USERENV.dll
0x00007ffd325f0000 - 0x00007ffd325fc000 	C:\WINDOWS\SYSTEM32\CRYPTBASE.dll
0x00007ffd32090000 - 0x00007ffd320cb000 	C:\WINDOWS\SYSTEM32\IPHLPAPI.DLL
0x00007ffd33bc0000 - 0x00007ffd33bc8000 	C:\WINDOWS\System32\NSI.dll
0x00007ffd26c20000 - 0x00007ffd26c37000 	C:\WINDOWS\SYSTEM32\dhcpcsvc6.DLL
0x00007ffd26f20000 - 0x00007ffd26f3d000 	C:\WINDOWS\SYSTEM32\dhcpcsvc.DLL
0x00007ffd320d0000 - 0x00007ffd3219b000 	C:\WINDOWS\SYSTEM32\DNSAPI.dll

dbghelp: loaded successfully - version: 4.0.5 - missing functions: none
symbol engine: initialized successfully - sym options: 0x614 - pdb path: .;C:\Program Files\Android\Android Studio1\jre\bin;C:\WINDOWS\SYSTEM32;C:\WINDOWS\WinSxS\amd64_microsoft.windows.common-controls_6595b64144ccf1df_6.0.19041.746_none_ca02b4b61b8320a4;C:\Program Files\Android\Android Studio1\jre\bin\server;C:\Users\shekiba\.gradle\native\8bec1ad78214c89d9ad589b4d07fe93259594b29d510b10fafb7a158f7737e5d\windows-amd64;C:\Users\shekiba\.gradle\native\53dbd7edfb1c66fb8903c78663c9afc45aea4f116125fa6feffd364cf09443e8\windows-amd64

VM Arguments:
jvm_args: --add-opens=java.base/java.util=ALL-UNNAMED --add-opens=java.base/java.lang=ALL-UNNAMED --add-opens=java.base/java.lang.invoke=ALL-UNNAMED --add-opens=java.base/java.util=ALL-UNNAMED --add-opens=java.prefs/java.util.prefs=ALL-UNNAMED --add-opens=java.prefs/java.util.prefs=ALL-UNNAMED --add-opens=java.base/java.nio.charset=ALL-UNNAMED --add-opens=java.base/java.net=ALL-UNNAMED --add-opens=java.base/java.util.concurrent.atomic=ALL-UNNAMED -Xmx2048m -Dfile.encoding=UTF-8 -Duser.country=NZ -Duser.language=en -Duser.variant 
java_command: org.gradle.launcher.daemon.bootstrap.GradleDaemon 7.0.2
java_class_path (initial): C:\Users\shekiba\.gradle\wrapper\dists\gradle-7.0.2-bin\857tjihv64xamwrf0h14cai3r\gradle-7.0.2\lib\gradle-launcher-7.0.2.jar
Launcher Type: SUN_STANDARD

[Global flags]
     intx CICompilerCount                          = 4                                         {product} {ergonomic}
     uint ConcGCThreads                            = 2                                         {product} {ergonomic}
     uint G1ConcRefinementThreads                  = 8                                         {product} {ergonomic}
   size_t G1HeapRegionSize                         = 1048576                                   {product} {ergonomic}
    uintx GCDrainStackTargetSize                   = 64                                        {product} {ergonomic}
   size_t InitialHeapSize                          = 134217728                                 {product} {ergonomic}
   size_t MarkStackSize                            = 4194304                                   {product} {ergonomic}
   size_t MaxHeapSize                              = 2147483648                                {product} {command line}
   size_t MaxNewSize                               = 1287651328                                {product} {ergonomic}
   size_t MinHeapDeltaBytes                        = 1048576                                   {product} {ergonomic}
    uintx NonNMethodCodeHeapSize                   = 5836300                                {pd product} {ergonomic}
    uintx NonProfiledCodeHeapSize                  = 122910970                              {pd product} {ergonomic}
    uintx ProfiledCodeHeapSize                     = 122910970                              {pd product} {ergonomic}
    uintx ReservedCodeCacheSize                    = 251658240                              {pd product} {ergonomic}
     bool SegmentedCodeCache                       = true                                      {product} {ergonomic}
     bool UseCompressedClassPointers               = true                                 {lp64_product} {ergonomic}
     bool UseCompressedOops                        = true                                 {lp64_product} {ergonomic}
     bool UseG1GC                                  = true                                      {product} {ergonomic}
     bool UseLargePagesIndividualAllocation        = false                                  {pd product} {ergonomic}

Logging:
Log output configuration:
 #0: stdout all=warning uptime,level,tags
 #1: stderr all=off uptime,level,tags

Environment Variables:
PATH=C:\WINDOWS\system32;C:\WINDOWS;C:\WINDOWS\System32\Wbem;C:\WINDOWS\System32\WindowsPowerShell\v1.0\;C:\WINDOWS\System32\OpenSSH\;C:\Users\shekiba\AppData\Local\Microsoft\WindowsApps;
USERNAME=shekiba
OS=Windows_NT
PROCESSOR_IDENTIFIER=Intel64 Family 6 Model 142 Stepping 10, GenuineIntel



---------------  S Y S T E M  ---------------

OS: Windows 10 , 64 bit Build 19041 (10.0.19041.804)
OS uptime: 104 days 16:10 hours

CPU:total 8 (initial active 8) (4 cores per cpu, 2 threads per core) family 6 model 142 stepping 10 microcode 0xe0, cmov, cx8, fxsr, mmx, sse, sse2, sse3, ssse3, sse4.1, sse4.2, popcnt, avx, avx2, aes, clmul, erms, 3dnowpref, lzcnt, ht, tsc, tscinvbit, bmi1, bmi2, adx, fma

Memory: 4k page, system-wide physical 8109M (275M free)
TotalPageFile size 23082M (AvailPageFile size 3M)
current process WorkingSet (physical memory assigned to process): 479M, peak: 547M
current process commit charge ("private bytes"): 689M, peak: 690M

vm_info: OpenJDK 64-Bit Server VM (11.0.10+0-b96-7249189) for windows-amd64 JRE (11.0.10+0-b96-7249189), built on Mar 31 2021 21:44:00 by "builder" with MS VC++ 14.0 (VS2015)

END.
