#
# There is insufficient memory for the Java Runtime Environment to continue.
# Native memory allocation (mmap) failed to map 58720256 bytes for Failed to commit area from 0x000000008de00000 to 0x0000000091600000 of length 58720256.
# Possible reasons:
#   The system is out of physical RAM or swap space
#   The process is running with CompressedOops enabled, and the Java Heap may be blocking the growth of the native heap
# Possible solutions:
#   Reduce memory load on the system
#   Increase physical memory or swap space
#   Check if swap backing store is full
#   Decrease Java heap size (-Xmx/-Xms)
#   Decrease number of Java threads
#   Decrease Java thread stack sizes (-Xss)
#   Set larger code cache with -XX:ReservedCodeCacheSize=
#   JVM is running with Unscaled Compressed Oops mode in which the Java heap is
#     placed in the first 4GB address space. The Java Heap base address is the
#     maximum limit for the native heap growth. Please use -XX:HeapBaseMinAddress
#     to set the Java Heap base and to place the Java Heap above 4GB virtual address.
# This output file may be truncated or incomplete.
#
#  Out of Memory Error (./src/hotspot/os/windows/os_windows.cpp:3301), pid=4504, tid=6252
#
# JRE version: OpenJDK Runtime Environment (11.0.10) (build 11.0.10+0-b96-7249189)
# Java VM: OpenJDK 64-Bit Server VM (11.0.10+0-b96-7249189, mixed mode, tiered, compressed oops, g1 gc, windows-amd64)
# No core dump will be written. Minidumps are not enabled by default on client versions of Windows
#

---------------  S U M M A R Y ------------

Command Line: --add-opens=java.base/java.util=ALL-UNNAMED --add-opens=java.base/java.lang=ALL-UNNAMED --add-opens=java.base/java.lang.invoke=ALL-UNNAMED --add-opens=java.base/java.util=ALL-UNNAMED --add-opens=java.prefs/java.util.prefs=ALL-UNNAMED --add-opens=java.prefs/java.util.prefs=ALL-UNNAMED --add-opens=java.base/java.nio.charset=ALL-UNNAMED --add-opens=java.base/java.net=ALL-UNNAMED --add-opens=java.base/java.util.concurrent.atomic=ALL-UNNAMED -Xmx2048m -Dfile.encoding=UTF-8 -Duser.country=NZ -Duser.language=en -Duser.variant org.gradle.launcher.daemon.bootstrap.GradleDaemon 7.0.2

Host: Intel(R) Core(TM) i5-8250U CPU @ 1.60GHz, 8 cores, 7G,  Windows 10 , 64 bit Build 19041 (10.0.19041.804)
Time: Tue Aug 24 15:24:49 2021 New Zealand Standard Time elapsed time: 32.218875 seconds (0d 0h 0m 32s)

---------------  T H R E A D  ---------------

Current thread (0x00000205dfb4b800):  VMThread "VM Thread" [stack: 0x0000009895200000,0x0000009895300000] [id=6252]

Stack: [0x0000009895200000,0x0000009895300000]
[error occurred during error reporting (printing stack bounds), id 0xc0000005, EXCEPTION_ACCESS_VIOLATION (0xc0000005) at pc=0x00000205c91c0f2d]

Native frames: (J=compiled Java code, j=interpreted, Vv=VM code, C=native code)
V  [jvm.dll+0x5ecfaa]
V  [jvm.dll+0x722bd5]
V  [jvm.dll+0x72412d]
V  [jvm.dll+0x724745]
V  [jvm.dll+0x7246fb]
V  [jvm.dll+0x5ec348]
V  [jvm.dll+0x5ecad8]
C  [ntdll.dll+0xa197f]
C  [ntdll.dll+0x4b754]
C  [ntdll.dll+0xa04ae]
C  0x00000205c91c0f2d

VM_Operation (0x0000009899efd270): G1CollectForAllocation, mode: safepoint, requested by thread 0x00000205e5a08000


---------------  P R O C E S S  ---------------

Threads class SMR info:
_java_thread_list=0x00000205e28242c0, length=78, elements={
0x00000205c56d9800, 0x00000205dfb50800, 0x00000205dfb52000, 0x00000205e04c3800,
0x00000205e04c5000, 0x00000205e04c7000, 0x00000205e04d2000, 0x00000205dfb74800,
0x00000205dfb76000, 0x00000205e062b800, 0x00000205e2282800, 0x00000205e264d000,
0x00000205e144d800, 0x00000205e38df000, 0x00000205e246d800, 0x00000205e2932000,
0x00000205e1d9d000, 0x00000205e28ab800, 0x00000205e3729000, 0x00000205e300d800,
0x00000205e300d000, 0x00000205e3011000, 0x00000205e3012800, 0x00000205e3012000,
0x00000205e300e800, 0x00000205e3013800, 0x00000205e300f800, 0x00000205e3010000,
0x00000205e5fda800, 0x00000205e5fd8000, 0x00000205e5fda000, 0x00000205e5fd6800,
0x00000205e5fd7800, 0x00000205e5fd5000, 0x00000205e5fde000, 0x00000205e5fdb800,
0x00000205e5fe2000, 0x00000205e5fe1000, 0x00000205e5fdd000, 0x00000205e5fdc800,
0x00000205e5fe3000, 0x00000205e5fe3800, 0x00000205e5fdf000, 0x00000205e5fe0800,
0x00000205e5fdf800, 0x00000205e6f05000, 0x00000205e6f0a800, 0x00000205e6f05800,
0x00000205e6f09800, 0x00000205e6f07000, 0x00000205e6f09000, 0x00000205e6f06800,
0x00000205e5a02800, 0x00000205e5a01800, 0x00000205e59fe000, 0x00000205e59fc800,
0x00000205e59fd800, 0x00000205e5a03000, 0x00000205e5a04000, 0x00000205e5a00800,
0x00000205e59ff000, 0x00000205e5a05800, 0x00000205e5a00000, 0x00000205e5a09800,
0x00000205e5a0a800, 0x00000205e5a08000, 0x00000205e5a0b800, 0x00000205e5a06800,
0x00000205e5a07000, 0x00000205e5a09000, 0x00000205e6407800, 0x00000205e6406800,
0x00000205e6408800, 0x00000205e640a000, 0x00000205e640b800, 0x00000205e640a800,
0x00000205e6409000, 0x00000205e6406000
}

Java Threads: ( => current thread )
  0x00000205c56d9800 JavaThread "main" [_thread_blocked, id=9056, stack(0x0000009894c00000,0x0000009894d00000)]
  0x00000205dfb50800 JavaThread "Reference Handler" daemon [_thread_blocked, id=15968, stack(0x0000009895300000,0x0000009895400000)]
  0x00000205dfb52000 JavaThread "Finalizer" daemon [_thread_blocked, id=20740, stack(0x0000009895400000,0x0000009895500000)]
  0x00000205e04c3800 JavaThread "Signal Dispatcher" daemon [_thread_blocked, id=5436, stack(0x0000009895500000,0x0000009895600000)]
  0x00000205e04c5000 JavaThread "Attach Listener" daemon [_thread_blocked, id=4104, stack(0x0000009895600000,0x0000009895700000)]
  0x00000205e04c7000 JavaThread "Service Thread" daemon [_thread_blocked, id=17832, stack(0x0000009895700000,0x0000009895800000)]
  0x00000205e04d2000 JavaThread "C2 CompilerThread0" daemon [_thread_blocked, id=20728, stack(0x0000009895800000,0x0000009895900000)]
  0x00000205dfb74800 JavaThread "C1 CompilerThread0" daemon [_thread_blocked, id=7796, stack(0x0000009895900000,0x0000009895a00000)]
  0x00000205dfb76000 JavaThread "Sweeper thread" daemon [_thread_blocked, id=6540, stack(0x0000009895a00000,0x0000009895b00000)]
  0x00000205e062b800 JavaThread "Common-Cleaner" daemon [_thread_blocked, id=18292, stack(0x0000009895b00000,0x0000009895c00000)]
  0x00000205e2282800 JavaThread "Daemon health stats" [_thread_blocked, id=24536, stack(0x0000009896000000,0x0000009896100000)]
  0x00000205e264d000 JavaThread "Incoming local TCP Connector on port 59352" [_thread_in_native, id=17520, stack(0x0000009895d00000,0x0000009895e00000)]
  0x00000205e144d800 JavaThread "Daemon periodic checks" [_thread_blocked, id=19492, stack(0x0000009896100000,0x0000009896200000)]
  0x00000205e38df000 JavaThread "Daemon" [_thread_blocked, id=22808, stack(0x0000009896200000,0x0000009896300000)]
  0x00000205e246d800 JavaThread "Handler for socket connection from /127.0.0.1:59352 to /127.0.0.1:59353" [_thread_in_native, id=22636, stack(0x0000009896300000,0x0000009896400000)]
  0x00000205e2932000 JavaThread "Cancel handler" [_thread_blocked, id=20616, stack(0x0000009896400000,0x0000009896500000)]
  0x00000205e1d9d000 JavaThread "Daemon worker" [_thread_blocked, id=15688, stack(0x0000009896500000,0x0000009896600000)]
  0x00000205e28ab800 JavaThread "Asynchronous log dispatcher for DefaultDaemonConnection: socket connection from /127.0.0.1:59352 to /127.0.0.1:59353" [_thread_blocked, id=22592, stack(0x0000009896600000,0x0000009896700000)]
  0x00000205e3729000 JavaThread "Stdin handler" [_thread_blocked, id=8012, stack(0x0000009896800000,0x0000009896900000)]
  0x00000205e300d800 JavaThread "Daemon client event forwarder" [_thread_blocked, id=13616, stack(0x0000009896900000,0x0000009896a00000)]
  0x00000205e300d000 JavaThread "Cache worker for file hash cache (C:\Users\shekiba\.gradle\caches\7.0.2\fileHashes)" [_thread_blocked, id=19240, stack(0x0000009896700000,0x0000009896800000)]
  0x00000205e3011000 JavaThread "File lock request listener" [_thread_in_native, id=5560, stack(0x0000009896f00000,0x0000009897000000)]
  0x00000205e3012800 JavaThread "Cache worker for journal cache (C:\Users\shekiba\.gradle\caches\journal-1)" [_thread_blocked, id=9288, stack(0x0000009897100000,0x0000009897200000)]
  0x00000205e3012000 JavaThread "Cache worker for file hash cache (C:\Users\shekiba\Desktop\CatchingGame\.gradle\7.0.2\fileHashes)" [_thread_blocked, id=15784, stack(0x0000009897300000,0x0000009897400000)]
  0x00000205e300e800 JavaThread "File watcher server" daemon [_thread_blocked, id=16576, stack(0x0000009897400000,0x0000009897500000)]
  0x00000205e3013800 JavaThread "File watcher consumer" daemon [_thread_blocked, id=16260, stack(0x0000009897500000,0x0000009897600000)]
  0x00000205e300f800 JavaThread "Cache worker for checksums cache (C:\Users\shekiba\Desktop\CatchingGame\.gradle\checksums)" [_thread_blocked, id=1444, stack(0x0000009897600000,0x0000009897700000)]
  0x00000205e3010000 JavaThread "Cache worker for cache directory md-supplier (C:\Users\shekiba\.gradle\caches\7.0.2\md-supplier)" [_thread_blocked, id=7700, stack(0x0000009897700000,0x0000009897800000)]
  0x00000205e5fda800 JavaThread "Cache worker for cache directory md-rule (C:\Users\shekiba\.gradle\caches\7.0.2\md-rule)" [_thread_blocked, id=15520, stack(0x0000009897800000,0x0000009897900000)]
  0x00000205e5fd8000 JavaThread "Cache worker for execution history cache (C:\Users\shekiba\.gradle\caches\7.0.2\executionHistory)" [_thread_blocked, id=7504, stack(0x0000009897900000,0x0000009897a00000)]
  0x00000205e5fda000 JavaThread "jar transforms" [_thread_blocked, id=6768, stack(0x0000009897a00000,0x0000009897b00000)]
  0x00000205e5fd6800 JavaThread "jar transforms Thread 2" [_thread_blocked, id=17712, stack(0x0000009897b00000,0x0000009897c00000)]
  0x00000205e5fd7800 JavaThread "Cache worker for file content cache (C:\Users\shekiba\.gradle\caches\7.0.2\fileContent)" [_thread_blocked, id=21960, stack(0x0000009897c00000,0x0000009897d00000)]
  0x00000205e5fd5000 JavaThread "Cache worker for dependencies-accessors (C:\Users\shekiba\Desktop\CatchingGame\.gradle\7.0.2\dependencies-accessors)" [_thread_blocked, id=8072, stack(0x0000009897d00000,0x0000009897e00000)]
  0x00000205e5fde000 JavaThread "jar transforms Thread 3" [_thread_blocked, id=16792, stack(0x0000009897e00000,0x0000009897f00000)]
  0x00000205e5fdb800 JavaThread "Cache worker for Build Output Cleanup Cache (C:\Users\shekiba\Desktop\CatchingGame\.gradle\buildOutputCleanup)" [_thread_blocked, id=11992, stack(0x0000009897f00000,0x0000009898000000)]
  0x00000205e5fe2000 JavaThread "Build operations" [_thread_blocked, id=12400, stack(0x0000009898000000,0x0000009898100000)]
  0x00000205e5fe1000 JavaThread "Build operations Thread 2" [_thread_blocked, id=7532, stack(0x0000009898100000,0x0000009898200000)]
  0x00000205e5fdd000 JavaThread "Build operations Thread 3" [_thread_blocked, id=2076, stack(0x0000009898200000,0x0000009898300000)]
  0x00000205e5fdc800 JavaThread "Build operations Thread 4" [_thread_blocked, id=17704, stack(0x0000009898300000,0x0000009898400000)]
  0x00000205e5fe3000 JavaThread "Build operations Thread 5" [_thread_blocked, id=20772, stack(0x0000009898400000,0x0000009898500000)]
  0x00000205e5fe3800 JavaThread "Build operations Thread 6" [_thread_blocked, id=10992, stack(0x0000009898500000,0x0000009898600000)]
  0x00000205e5fdf000 JavaThread "Build operations Thread 7" [_thread_blocked, id=18352, stack(0x0000009898600000,0x0000009898700000)]
  0x00000205e5fe0800 JavaThread "Build operations Thread 8" [_thread_blocked, id=22976, stack(0x0000009898700000,0x0000009898800000)]
  0x00000205e5fdf800 JavaThread "jar transforms Thread 4" [_thread_blocked, id=11928, stack(0x0000009898800000,0x0000009898900000)]
  0x00000205e6f05000 JavaThread "jar transforms Thread 5" [_thread_blocked, id=17864, stack(0x0000009898900000,0x0000009898a00000)]
  0x00000205e6f0a800 JavaThread "jar transforms Thread 6" [_thread_blocked, id=22956, stack(0x0000009898a00000,0x0000009898b00000)]
  0x00000205e6f05800 JavaThread "jar transforms Thread 7" [_thread_blocked, id=14844, stack(0x0000009898b00000,0x0000009898c00000)]
  0x00000205e6f09800 JavaThread "jar transforms Thread 8" [_thread_blocked, id=1284, stack(0x0000009898c00000,0x0000009898d00000)]
  0x00000205e6f07000 JavaThread "Memory manager" [_thread_blocked, id=11036, stack(0x0000009898d00000,0x0000009898e00000)]
  0x00000205e6f09000 JavaThread "build event listener" [_thread_blocked, id=9040, stack(0x0000009898e00000,0x0000009898f00000)]
  0x00000205e6f06800 JavaThread "Execution worker for ':'" [_thread_blocked, id=23400, stack(0x0000009898f00000,0x0000009899000000)]
  0x00000205e5a02800 JavaThread "Execution worker for ':' Thread 2" [_thread_blocked, id=9032, stack(0x0000009899000000,0x0000009899100000)]
  0x00000205e5a01800 JavaThread "Execution worker for ':' Thread 3" [_thread_blocked, id=2944, stack(0x0000009899100000,0x0000009899200000)]
  0x00000205e59fe000 JavaThread "Execution worker for ':' Thread 4" [_thread_blocked, id=21644, stack(0x0000009899200000,0x0000009899300000)]
  0x00000205e59fc800 JavaThread "Execution worker for ':' Thread 5" [_thread_blocked, id=3156, stack(0x0000009899300000,0x0000009899400000)]
  0x00000205e59fd800 JavaThread "Execution worker for ':' Thread 6" [_thread_blocked, id=22372, stack(0x0000009899400000,0x0000009899500000)]
  0x00000205e5a03000 JavaThread "Execution worker for ':' Thread 7" [_thread_blocked, id=12352, stack(0x0000009899500000,0x0000009899600000)]
  0x00000205e5a04000 JavaThread "Cache worker for execution history cache (C:\Users\shekiba\Desktop\CatchingGame\.gradle\7.0.2\executionHistory)" [_thread_blocked, id=9984, stack(0x0000009899600000,0x0000009899700000)]
  0x00000205e5a00800 JavaThread "WorkerExecutor Queue Thread 2" [_thread_blocked, id=18392, stack(0x0000009899800000,0x0000009899900000)]
  0x00000205e59ff000 JavaThread "WorkerExecutor Queue Thread 3" [_thread_blocked, id=18416, stack(0x0000009899a00000,0x0000009899b00000)]
  0x00000205e5a05800 JavaThread "WorkerExecutor Queue Thread 4" [_thread_blocked, id=9564, stack(0x0000009899b00000,0x0000009899c00000)]
  0x00000205e5a00000 JavaThread "WorkerExecutor Queue Thread 5" [_thread_blocked, id=15076, stack(0x0000009899c00000,0x0000009899d00000)]
  0x00000205e5a09800 JavaThread "WorkerExecutor Queue Thread 6" [_thread_blocked, id=11248, stack(0x0000009899d00000,0x0000009899e00000)]
  0x00000205e5a0a800 JavaThread "WorkerExecutor Queue Thread 8" [_thread_blocked, id=13576, stack(0x0000009899f00000,0x000000989a000000)]
  0x00000205e5a08000 JavaThread "WorkerExecutor Queue Thread 9" [_thread_blocked, id=23480, stack(0x0000009899e00000,0x0000009899f00000)]
  0x00000205e5a0b800 JavaThread "WorkerExecutor Queue Thread 10" [_thread_blocked, id=13980, stack(0x000000989a000000,0x000000989a100000)]
  0x00000205e5a06800 JavaThread "pool-3-thread-1" [_thread_blocked, id=2144, stack(0x000000989a100000,0x000000989a200000)]
  0x00000205e5a07000 JavaThread "stderr" [_thread_in_native, id=11716, stack(0x000000989a200000,0x000000989a300000)]
  0x00000205e5a09000 JavaThread "stdout" [_thread_in_native, id=23684, stack(0x000000989a300000,0x000000989a400000)]
  0x00000205e6407800 JavaThread "ForkJoinPool-1-worker-3" daemon [_thread_blocked, id=11952, stack(0x000000989a400000,0x000000989a500000)]
  0x00000205e6406800 JavaThread "ForkJoinPool-1-worker-5" daemon [_thread_blocked, id=16420, stack(0x000000989a500000,0x000000989a600000)]
  0x00000205e6408800 JavaThread "ForkJoinPool-1-worker-7" daemon [_thread_blocked, id=9876, stack(0x000000989a600000,0x000000989a700000)]
  0x00000205e640a000 JavaThread "ForkJoinPool-1-worker-9" daemon [_thread_blocked, id=15788, stack(0x000000989a700000,0x000000989a800000)]
  0x00000205e640b800 JavaThread "ForkJoinPool-1-worker-11" daemon [_thread_blocked, id=18576, stack(0x000000989a800000,0x000000989a900000)]
  0x00000205e640a800 JavaThread "ForkJoinPool-1-worker-13" daemon [_thread_blocked, id=4560, stack(0x000000989a900000,0x000000989aa00000)]
  0x00000205e6409000 JavaThread "ForkJoinPool-1-worker-15" daemon [_thread_blocked, id=16804, stack(0x000000989aa00000,0x000000989ab00000)]
  0x00000205e6406000 JavaThread "ForkJoinPool-1-worker-1" daemon [_thread_blocked, id=21840, stack(0x000000989ab00000,0x000000989ac00000)]

Other Threads:
=>0x00000205dfb4b800 VMThread "VM Thread" [stack: 0x0000009895200000,0x0000009895300000] [id=6252]
  0x00000205e063e800 WatcherThread [stack: 0x0000009895c00000,0x0000009895d00000] [id=6232]
  0x00000205c56f2000 GCTaskThread "GC Thread#0" [stack: 0x0000009894d00000,0x0000009894e00000] [id=15456]
  0x00000205e10a4800 GCTaskThread "GC Thread#1" [stack: 0x0000009895e00000,0x0000009895f00000] [id=14396]
  0x00000205e110e000 GCTaskThread "GC Thread#2" [stack: 0x0000009895f00000,0x0000009896000000] [id=20076]
  0x00000205e25a8800 GCTaskThread "GC Thread#3" [stack: 0x0000009896a00000,0x0000009896b00000] [id=22600]
  0x00000205e28b7000 GCTaskThread "GC Thread#4" [stack: 0x0000009896b00000,0x0000009896c00000] [id=13432]
  0x00000205e28b7800 GCTaskThread "GC Thread#5" [stack: 0x0000009896c00000,0x0000009896d00000] [id=11852]
  0x00000205e1da6000 GCTaskThread "GC Thread#6" [stack: 0x0000009896d00000,0x0000009896e00000] [id=1304]
  0x00000205e1a70000 GCTaskThread "GC Thread#7" [stack: 0x0000009896e00000,0x0000009896f00000] [id=18136]
  0x00000205c5724000 ConcurrentGCThread "G1 Main Marker" [stack: 0x0000009894e00000,0x0000009894f00000] [id=17744]
  0x00000205c5725800 ConcurrentGCThread "G1 Conc#0" [stack: 0x0000009894f00000,0x0000009895000000] [id=5500]
  0x00000205e2602000 ConcurrentGCThread "G1 Conc#1" [stack: 0x0000009897000000,0x0000009897100000] [id=22292]
  0x00000205df99a800 ConcurrentGCThread "G1 Refine#0" [stack: 0x0000009895000000,0x0000009895100000] [id=904]
  0x00000205e7cc7000 ConcurrentGCThread "G1 Refine#1" [stack: 0x0000009899700000,0x0000009899800000] [id=7492]
  0x00000205e1a5f000 ConcurrentGCThread "G1 Refine#2" [stack: 0x0000009899900000,0x0000009899a00000] [id=20568]
  0x00000205e1515800 ConcurrentGCThread "G1 Refine#3" [stack: 0x0000009897200000,0x0000009897300000] [id=6416]
  0x00000205e5831000 ConcurrentGCThread "G1 Refine#4" [stack: 0x000000989ac00000,0x000000989ad00000] [id=14072]
  0x00000205c57ae000 ConcurrentGCThread "G1 Young RemSet Sampling" [stack: 0x0000009895100000,0x0000009895200000] [id=22048]

Threads with active compile tasks:
C2 CompilerThread0  32277 14160       4       com.android.tools.r8.internal.Ij::hasNext (217 bytes)

VM state:at safepoint (normal execution)

VM Mutex/Monitor currently owned by a thread:  ([mutex/lock_event])
[0x00000205c56d5390] Threads_lock - owner thread: 0x00000205dfb4b800
[0x00000205c56d5f60] Heap_lock - owner thread: 0x00000205e5a08000

Heap address: 0x0000000080000000, size: 2048 MB, Compressed Oops mode: 32-bit
Narrow klass base: 0x0000000000000000, Narrow klass shift: 3
Compressed class space size: 1073741824 Address: 0x0000000100000000

Heap:
 garbage-first heap   total 284672K, used 132683K [0x0000000080000000, 0x0000000100000000)
  region size 1024K, 1 young (1024K), 1 survivors (1024K)
 Metaspace       used 105708K, capacity 108216K, committed 108416K, reserved 1142784K
  class space    used 13514K, capacity 14418K, committed 14464K, reserved 1048576K
Heap Regions: E=young(eden), S=young(survivor), O=old, HS=humongous(starts), HC=humongous(continues), CS=collection set, F=free, A=archive, TAMS=top-at-mark-start (previous, next)
|   0|0x0000000080000000, 0x0000000080100000, 0x0000000080100000|100%| O|  |TAMS 0x0000000080100000, 0x0000000080000000| Untracked 
|   1|0x0000000080100000, 0x0000000080200000, 0x0000000080200000|100%| O|  |TAMS 0x0000000080200000, 0x0000000080100000| Untracked 
|   2|0x0000000080200000, 0x0000000080300000, 0x0000000080300000|100%| O|  |TAMS 0x0000000080300000, 0x0000000080200000| Untracked 
|   3|0x0000000080300000, 0x0000000080400000, 0x0000000080400000|100%|HS|  |TAMS 0x0000000080400000, 0x0000000080300000| Complete 
|   4|0x0000000080400000, 0x0000000080500000, 0x0000000080500000|100%|HC|  |TAMS 0x0000000080500000, 0x0000000080400000| Complete 
|   5|0x0000000080500000, 0x0000000080600000, 0x0000000080600000|100%|HC|  |TAMS 0x0000000080600000, 0x0000000080500000| Complete 
|   6|0x0000000080600000, 0x0000000080700000, 0x0000000080700000|100%| O|  |TAMS 0x0000000080700000, 0x0000000080600000| Untracked 
|   7|0x0000000080700000, 0x0000000080800000, 0x0000000080800000|100%| O|  |TAMS 0x0000000080800000, 0x0000000080700000| Untracked 
|   8|0x0000000080800000, 0x0000000080900000, 0x0000000080900000|100%| O|  |TAMS 0x0000000080900000, 0x0000000080800000| Untracked 
|   9|0x0000000080900000, 0x0000000080a00000, 0x0000000080a00000|100%| O|  |TAMS 0x0000000080a00000, 0x0000000080900000| Untracked 
|  10|0x0000000080a00000, 0x0000000080b00000, 0x0000000080b00000|100%| O|  |TAMS 0x0000000080b00000, 0x0000000080a00000| Untracked 
|  11|0x0000000080b00000, 0x0000000080c00000, 0x0000000080c00000|100%| O|  |TAMS 0x0000000080c00000, 0x0000000080b00000| Untracked 
|  12|0x0000000080c00000, 0x0000000080d00000, 0x0000000080d00000|100%| O|  |TAMS 0x0000000080d00000, 0x0000000080c00000| Untracked 
|  13|0x0000000080d00000, 0x0000000080e00000, 0x0000000080e00000|100%| O|  |TAMS 0x0000000080e00000, 0x0000000080d00000| Untracked 
|  14|0x0000000080e00000, 0x0000000080f00000, 0x0000000080f00000|100%| O|  |TAMS 0x0000000080f00000, 0x0000000080e00000| Untracked 
|  15|0x0000000080f00000, 0x0000000081000000, 0x0000000081000000|100%| O|  |TAMS 0x0000000081000000, 0x0000000080f00000| Complete 
|  16|0x0000000081000000, 0x0000000081100000, 0x0000000081100000|100%|HS|  |TAMS 0x0000000081100000, 0x0000000081000000| Complete 
|  17|0x0000000081100000, 0x0000000081200000, 0x0000000081200000|100%| O|  |TAMS 0x0000000081200000, 0x0000000081100000| Untracked 
|  18|0x0000000081200000, 0x0000000081300000, 0x0000000081300000|100%| O|  |TAMS 0x0000000081300000, 0x0000000081200000| Untracked 
|  19|0x0000000081300000, 0x0000000081400000, 0x0000000081400000|100%| O|  |TAMS 0x0000000081400000, 0x0000000081300000| Untracked 
|  20|0x0000000081400000, 0x0000000081500000, 0x0000000081500000|100%| O|  |TAMS 0x0000000081500000, 0x0000000081400000| Untracked 
|  21|0x0000000081500000, 0x0000000081600000, 0x0000000081600000|100%| O|  |TAMS 0x0000000081600000, 0x0000000081500000| Untracked 
|  22|0x0000000081600000, 0x0000000081700000, 0x0000000081700000|100%| O|  |TAMS 0x0000000081700000, 0x0000000081600000| Untracked 
|  23|0x0000000081700000, 0x0000000081800000, 0x0000000081800000|100%|HS|  |TAMS 0x0000000081800000, 0x0000000081700000| Complete 
|  24|0x0000000081800000, 0x0000000081900000, 0x0000000081900000|100%|HS|  |TAMS 0x0000000081900000, 0x0000000081800000| Complete 
|  25|0x0000000081900000, 0x0000000081a00000, 0x0000000081a00000|100%|HC|  |TAMS 0x0000000081a00000, 0x0000000081900000| Complete 
|  26|0x0000000081a00000, 0x0000000081b00000, 0x0000000081b00000|100%| O|  |TAMS 0x0000000081b00000, 0x0000000081a00000| Untracked 
|  27|0x0000000081b00000, 0x0000000081c00000, 0x0000000081c00000|100%| O|  |TAMS 0x0000000081c00000, 0x0000000081b00000| Untracked 
|  28|0x0000000081c00000, 0x0000000081d00000, 0x0000000081d00000|100%| O|  |TAMS 0x0000000081d00000, 0x0000000081c00000| Untracked 
|  29|0x0000000081d00000, 0x0000000081e00000, 0x0000000081e00000|100%| O|  |TAMS 0x0000000081e00000, 0x0000000081d00000| Complete 
|  30|0x0000000081e00000, 0x0000000081f00000, 0x0000000081f00000|100%| O|  |TAMS 0x0000000081f00000, 0x0000000081e00000| Untracked 
|  31|0x0000000081f00000, 0x0000000082000000, 0x0000000082000000|100%| O|  |TAMS 0x0000000082000000, 0x0000000081f00000| Untracked 
|  32|0x0000000082000000, 0x0000000082100000, 0x0000000082100000|100%| O|  |TAMS 0x0000000082100000, 0x0000000082000000| Complete 
|  33|0x0000000082100000, 0x0000000082200000, 0x0000000082200000|100%| O|  |TAMS 0x0000000082200000, 0x0000000082100000| Untracked 
|  34|0x0000000082200000, 0x0000000082200000, 0x0000000082300000|  0%| F|  |TAMS 0x0000000082200000, 0x0000000082200000| Untracked 
|  35|0x0000000082300000, 0x0000000082400000, 0x0000000082400000|100%| O|  |TAMS 0x0000000082400000, 0x0000000082300000| Untracked 
|  36|0x0000000082400000, 0x0000000082500000, 0x0000000082500000|100%| O|  |TAMS 0x0000000082500000, 0x0000000082400000| Untracked 
|  37|0x0000000082500000, 0x0000000082600000, 0x0000000082600000|100%| O|  |TAMS 0x0000000082600000, 0x0000000082500000| Untracked 
|  38|0x0000000082600000, 0x0000000082700000, 0x0000000082700000|100%| O|  |TAMS 0x0000000082700000, 0x0000000082600000| Untracked 
|  39|0x0000000082700000, 0x0000000082800000, 0x0000000082800000|100%| O|  |TAMS 0x0000000082800000, 0x0000000082700000| Untracked 
|  40|0x0000000082800000, 0x0000000082900000, 0x0000000082900000|100%| O|  |TAMS 0x0000000082900000, 0x0000000082800000| Complete 
|  41|0x0000000082900000, 0x0000000082a00000, 0x0000000082a00000|100%| O|  |TAMS 0x0000000082a00000, 0x0000000082900000| Complete 
|  42|0x0000000082a00000, 0x0000000082b00000, 0x0000000082b00000|100%| O|  |TAMS 0x0000000082b00000, 0x0000000082a00000| Untracked 
|  43|0x0000000082b00000, 0x0000000082c00000, 0x0000000082c00000|100%| O|  |TAMS 0x0000000082c00000, 0x0000000082b00000| Untracked 
|  44|0x0000000082c00000, 0x0000000082d00000, 0x0000000082d00000|100%| O|  |TAMS 0x0000000082d00000, 0x0000000082c00000| Untracked 
|  45|0x0000000082d00000, 0x0000000082e00000, 0x0000000082e00000|100%| O|  |TAMS 0x0000000082e00000, 0x0000000082d00000| Untracked 
|  46|0x0000000082e00000, 0x0000000082f00000, 0x0000000082f00000|100%| O|  |TAMS 0x0000000082f00000, 0x0000000082e00000| Untracked 
|  47|0x0000000082f00000, 0x0000000083000000, 0x0000000083000000|100%| O|  |TAMS 0x0000000083000000, 0x0000000082f00000| Untracked 
|  48|0x0000000083000000, 0x0000000083100000, 0x0000000083100000|100%| O|  |TAMS 0x0000000083100000, 0x0000000083000000| Untracked 
|  49|0x0000000083100000, 0x0000000083200000, 0x0000000083200000|100%| O|  |TAMS 0x0000000083200000, 0x0000000083100000| Untracked 
|  50|0x0000000083200000, 0x0000000083300000, 0x0000000083300000|100%| O|  |TAMS 0x0000000083300000, 0x0000000083200000| Untracked 
|  51|0x0000000083300000, 0x0000000083400000, 0x0000000083400000|100%| O|  |TAMS 0x0000000083400000, 0x0000000083300000| Untracked 
|  52|0x0000000083400000, 0x0000000083500000, 0x0000000083500000|100%| O|  |TAMS 0x0000000083500000, 0x0000000083400000| Complete 
|  53|0x0000000083500000, 0x0000000083500000, 0x0000000083600000|  0%| F|  |TAMS 0x0000000083500000, 0x0000000083500000| Untracked 
|  54|0x0000000083600000, 0x0000000083700000, 0x0000000083700000|100%|HS|  |TAMS 0x0000000083700000, 0x0000000083600000| Complete 
|  55|0x0000000083700000, 0x0000000083800000, 0x0000000083800000|100%| O|  |TAMS 0x0000000083800000, 0x0000000083700000| Complete 
|  56|0x0000000083800000, 0x0000000083900000, 0x0000000083900000|100%|HS|  |TAMS 0x0000000083900000, 0x0000000083800000| Complete 
|  57|0x0000000083900000, 0x0000000083a00000, 0x0000000083a00000|100%|HC|  |TAMS 0x0000000083a00000, 0x0000000083900000| Complete 
|  58|0x0000000083a00000, 0x0000000083b00000, 0x0000000083b00000|100%| O|  |TAMS 0x0000000083b00000, 0x0000000083a00000| Complete 
|  59|0x0000000083b00000, 0x0000000083c00000, 0x0000000083c00000|100%|HS|  |TAMS 0x0000000083c00000, 0x0000000083b00000| Complete 
|  60|0x0000000083c00000, 0x0000000083d00000, 0x0000000083d00000|100%| O|  |TAMS 0x0000000083d00000, 0x0000000083c00000| Complete 
|  61|0x0000000083d00000, 0x0000000083d00000, 0x0000000083e00000|  0%| F|  |TAMS 0x0000000083d00000, 0x0000000083d00000| Untracked 
|  62|0x0000000083e00000, 0x0000000083f00000, 0x0000000083f00000|100%| O|  |TAMS 0x0000000083f00000, 0x0000000083e00000| Untracked 
|  63|0x0000000083f00000, 0x0000000084000000, 0x0000000084000000|100%| O|  |TAMS 0x0000000084000000, 0x0000000083f00000| Complete 
|  64|0x0000000084000000, 0x0000000084100000, 0x0000000084100000|100%| O|  |TAMS 0x0000000084100000, 0x0000000084000000| Complete 
|  65|0x0000000084100000, 0x0000000084200000, 0x0000000084200000|100%| O|  |TAMS 0x0000000084200000, 0x0000000084100000| Complete 
|  66|0x0000000084200000, 0x0000000084300000, 0x0000000084300000|100%| O|  |TAMS 0x0000000084300000, 0x0000000084200000| Complete 
|  67|0x0000000084300000, 0x0000000084400000, 0x0000000084400000|100%| O|  |TAMS 0x0000000084400000, 0x0000000084300000| Complete 
|  68|0x0000000084400000, 0x0000000084500000, 0x0000000084500000|100%| O|  |TAMS 0x0000000084500000, 0x0000000084400000| Complete 
|  69|0x0000000084500000, 0x0000000084600000, 0x0000000084600000|100%| O|  |TAMS 0x0000000084600000, 0x0000000084500000| Complete 
|  70|0x0000000084600000, 0x0000000084600000, 0x0000000084700000|  0%| F|  |TAMS 0x0000000084600000, 0x0000000084600000| Untracked 
|  71|0x0000000084700000, 0x0000000084700000, 0x0000000084800000|  0%| F|  |TAMS 0x0000000084700000, 0x0000000084700000| Untracked 
|  72|0x0000000084800000, 0x0000000084900000, 0x0000000084900000|100%| O|  |TAMS 0x0000000084900000, 0x0000000084800000| Complete 
|  73|0x0000000084900000, 0x0000000084900000, 0x0000000084a00000|  0%| F|  |TAMS 0x0000000084900000, 0x0000000084900000| Untracked 
|  74|0x0000000084a00000, 0x0000000084b00000, 0x0000000084b00000|100%| O|  |TAMS 0x0000000084b00000, 0x0000000084a00000| Untracked 
|  75|0x0000000084b00000, 0x0000000084b00000, 0x0000000084c00000|  0%| F|  |TAMS 0x0000000084b00000, 0x0000000084b00000| Untracked 
|  76|0x0000000084c00000, 0x0000000084d00000, 0x0000000084d00000|100%| O|  |TAMS 0x0000000084d00000, 0x0000000084c00000| Complete 
|  77|0x0000000084d00000, 0x0000000084e00000, 0x0000000084e00000|100%| O|  |TAMS 0x0000000084e00000, 0x0000000084d00000| Complete 
|  78|0x0000000084e00000, 0x0000000084f00000, 0x0000000084f00000|100%| O|  |TAMS 0x0000000084f00000, 0x0000000084e00000| Untracked 
|  79|0x0000000084f00000, 0x0000000085000000, 0x0000000085000000|100%| O|  |TAMS 0x0000000085000000, 0x0000000084f00000| Complete 
|  80|0x0000000085000000, 0x0000000085100000, 0x0000000085100000|100%| O|  |TAMS 0x0000000085100000, 0x0000000085000000| Untracked 
|  81|0x0000000085100000, 0x0000000085200000, 0x0000000085200000|100%| O|  |TAMS 0x0000000085200000, 0x0000000085100000| Untracked 
|  82|0x0000000085200000, 0x0000000085300000, 0x0000000085300000|100%| O|  |TAMS 0x0000000085300000, 0x0000000085200000| Untracked 
|  83|0x0000000085300000, 0x0000000085400000, 0x0000000085400000|100%| O|  |TAMS 0x0000000085400000, 0x0000000085300000| Complete 
|  84|0x0000000085400000, 0x0000000085500000, 0x0000000085500000|100%| O|  |TAMS 0x0000000085500000, 0x0000000085400000| Untracked 
|  85|0x0000000085500000, 0x0000000085600000, 0x0000000085600000|100%| O|  |TAMS 0x0000000085600000, 0x0000000085500000| Untracked 
|  86|0x0000000085600000, 0x0000000085700000, 0x0000000085700000|100%| O|  |TAMS 0x0000000085700000, 0x0000000085600000| Complete 
|  87|0x0000000085700000, 0x0000000085800000, 0x0000000085800000|100%| O|  |TAMS 0x0000000085800000, 0x0000000085700000| Complete 
|  88|0x0000000085800000, 0x0000000085900000, 0x0000000085900000|100%| O|  |TAMS 0x0000000085900000, 0x0000000085800000| Untracked 
|  89|0x0000000085900000, 0x0000000085a00000, 0x0000000085a00000|100%| O|  |TAMS 0x0000000085a00000, 0x0000000085900000| Complete 
|  90|0x0000000085a00000, 0x0000000085b00000, 0x0000000085b00000|100%| O|  |TAMS 0x0000000085b00000, 0x0000000085a00000| Untracked 
|  91|0x0000000085b00000, 0x0000000085c00000, 0x0000000085c00000|100%| O|  |TAMS 0x0000000085c00000, 0x0000000085b00000| Complete 
|  92|0x0000000085c00000, 0x0000000085d00000, 0x0000000085d00000|100%| O|  |TAMS 0x0000000085d00000, 0x0000000085c00000| Untracked 
|  93|0x0000000085d00000, 0x0000000085e00000, 0x0000000085e00000|100%|HS|  |TAMS 0x0000000085d00000, 0x0000000085d00000| Complete 
|  94|0x0000000085e00000, 0x0000000085f00000, 0x0000000085f00000|100%|HS|  |TAMS 0x0000000085e00000, 0x0000000085e00000| Complete 
|  95|0x0000000085f00000, 0x0000000086000000, 0x0000000086000000|100%| O|  |TAMS 0x0000000086000000, 0x0000000085f00000| Complete 
|  96|0x0000000086000000, 0x0000000086100000, 0x0000000086100000|100%| O|  |TAMS 0x0000000086000000, 0x0000000086000000| Untracked 
|  97|0x0000000086100000, 0x0000000086200000, 0x0000000086200000|100%| O|  |TAMS 0x0000000086200000, 0x0000000086100000| Complete 
|  98|0x0000000086200000, 0x0000000086300000, 0x0000000086300000|100%| O|  |TAMS 0x0000000086200000, 0x0000000086200000| Untracked 
|  99|0x0000000086300000, 0x0000000086400000, 0x0000000086400000|100%| O|  |TAMS 0x0000000086400000, 0x0000000086300000| Untracked 
| 100|0x0000000086400000, 0x0000000086500000, 0x0000000086500000|100%| O|  |TAMS 0x0000000086500000, 0x0000000086400000| Untracked 
| 101|0x0000000086500000, 0x0000000086600000, 0x0000000086600000|100%| O|  |TAMS 0x0000000086600000, 0x0000000086500000| Untracked 
| 102|0x0000000086600000, 0x0000000086700000, 0x0000000086700000|100%| O|  |TAMS 0x0000000086700000, 0x0000000086600000| Complete 
| 103|0x0000000086700000, 0x0000000086800000, 0x0000000086800000|100%| O|  |TAMS 0x0000000086800000, 0x0000000086700000| Complete 
| 104|0x0000000086800000, 0x0000000086900000, 0x0000000086900000|100%| O|  |TAMS 0x0000000086900000, 0x0000000086800000| Complete 
| 105|0x0000000086900000, 0x0000000086a00000, 0x0000000086a00000|100%| O|  |TAMS 0x0000000086a00000, 0x0000000086900000| Complete 
| 106|0x0000000086a00000, 0x0000000086b00000, 0x0000000086b00000|100%| O|  |TAMS 0x0000000086b00000, 0x0000000086a00000| Untracked 
| 107|0x0000000086b00000, 0x0000000086c00000, 0x0000000086c00000|100%| O|  |TAMS 0x0000000086c00000, 0x0000000086b00000| Untracked 
| 108|0x0000000086c00000, 0x0000000086d00000, 0x0000000086d00000|100%| O|  |TAMS 0x0000000086d00000, 0x0000000086c00000| Untracked 
| 109|0x0000000086d00000, 0x0000000086e00000, 0x0000000086e00000|100%| O|  |TAMS 0x0000000086e00000, 0x0000000086d00000| Complete 
| 110|0x0000000086e00000, 0x0000000086e00000, 0x0000000086f00000|  0%| F|  |TAMS 0x0000000086e00000, 0x0000000086e00000| Untracked 
| 111|0x0000000086f00000, 0x0000000087000000, 0x0000000087000000|100%| O|  |TAMS 0x0000000087000000, 0x0000000086f00000| Complete 
| 112|0x0000000087000000, 0x0000000087100000, 0x0000000087100000|100%| O|  |TAMS 0x0000000087100000, 0x0000000087000000| Untracked 
| 113|0x0000000087100000, 0x0000000087200000, 0x0000000087200000|100%| O|  |TAMS 0x0000000087200000, 0x0000000087100000| Untracked 
| 114|0x0000000087200000, 0x0000000087300000, 0x0000000087300000|100%| O|  |TAMS 0x0000000087300000, 0x0000000087200000| Untracked 
| 115|0x0000000087300000, 0x0000000087400000, 0x0000000087400000|100%| O|  |TAMS 0x0000000087400000, 0x0000000087300000| Untracked 
| 116|0x0000000087400000, 0x0000000087500000, 0x0000000087500000|100%| O|  |TAMS 0x0000000087500000, 0x0000000087400000| Untracked 
| 117|0x0000000087500000, 0x0000000087600000, 0x0000000087600000|100%| O|  |TAMS 0x0000000087600000, 0x0000000087500000| Untracked 
| 118|0x0000000087600000, 0x0000000087700000, 0x0000000087700000|100%| O|  |TAMS 0x0000000087700000, 0x0000000087600000| Untracked 
| 119|0x0000000087700000, 0x0000000087800000, 0x0000000087800000|100%| O|  |TAMS 0x0000000087800000, 0x0000000087700000| Untracked 
| 120|0x0000000087800000, 0x0000000087900000, 0x0000000087900000|100%| O|  |TAMS 0x0000000087900000, 0x0000000087800000| Untracked 
| 121|0x0000000087900000, 0x0000000087a00000, 0x0000000087a00000|100%| O|  |TAMS 0x0000000087a00000, 0x0000000087900000| Untracked 
| 122|0x0000000087a00000, 0x0000000087b00000, 0x0000000087b00000|100%| O|  |TAMS 0x0000000087b00000, 0x0000000087a00000| Untracked 
| 123|0x0000000087b00000, 0x0000000087c00000, 0x0000000087c00000|100%| O|  |TAMS 0x0000000087bc9c00, 0x0000000087b00000| Untracked 
| 124|0x0000000087c00000, 0x0000000087d00000, 0x0000000087d00000|100%| O|  |TAMS 0x0000000087c00000, 0x0000000087c00000| Untracked 
| 125|0x0000000087d00000, 0x0000000087e00000, 0x0000000087e00000|100%| O|  |TAMS 0x0000000087d00000, 0x0000000087d00000| Untracked 
| 126|0x0000000087e00000, 0x0000000087f00000, 0x0000000087f00000|100%| O|  |TAMS 0x0000000087e00000, 0x0000000087e00000| Untracked 
| 127|0x0000000087f00000, 0x0000000088000000, 0x0000000088000000|100%| O|  |TAMS 0x0000000087f00000, 0x0000000087f00000| Untracked 
| 128|0x0000000088000000, 0x0000000088100000, 0x0000000088100000|100%| O|  |TAMS 0x0000000088000000, 0x0000000088000000| Untracked 
| 129|0x0000000088100000, 0x0000000088200000, 0x0000000088200000|100%| O|  |TAMS 0x0000000088100000, 0x0000000088100000| Untracked 
| 130|0x0000000088200000, 0x0000000088300000, 0x0000000088300000|100%| O|  |TAMS 0x0000000088200000, 0x0000000088200000| Untracked 
| 131|0x0000000088300000, 0x0000000088400000, 0x0000000088400000|100%| O|  |TAMS 0x0000000088300000, 0x0000000088300000| Untracked 
| 132|0x0000000088400000, 0x0000000088500000, 0x0000000088500000|100%| O|  |TAMS 0x0000000088400000, 0x0000000088400000| Untracked 
| 133|0x0000000088500000, 0x0000000088600000, 0x0000000088600000|100%| O|  |TAMS 0x0000000088500000, 0x0000000088500000| Untracked 
| 134|0x0000000088600000, 0x0000000088700000, 0x0000000088700000|100%| O|  |TAMS 0x0000000088600000, 0x0000000088600000| Untracked 
| 135|0x0000000088700000, 0x0000000088800000, 0x0000000088800000|100%| O|  |TAMS 0x0000000088700000, 0x0000000088700000| Untracked 
| 136|0x0000000088800000, 0x00000000888af600, 0x0000000088900000| 68%| O|  |TAMS 0x0000000088800000, 0x0000000088800000| Untracked 
| 137|0x0000000088900000, 0x0000000088900000, 0x0000000088a00000|  0%| F|  |TAMS 0x0000000088900000, 0x0000000088900000| Untracked 
| 138|0x0000000088a00000, 0x0000000088a00000, 0x0000000088b00000|  0%| F|  |TAMS 0x0000000088a00000, 0x0000000088a00000| Untracked 
| 139|0x0000000088b00000, 0x0000000088b00000, 0x0000000088c00000|  0%| F|  |TAMS 0x0000000088b00000, 0x0000000088b00000| Untracked 
| 140|0x0000000088c00000, 0x0000000088c00000, 0x0000000088d00000|  0%| F|  |TAMS 0x0000000088c00000, 0x0000000088c00000| Untracked 
| 141|0x0000000088d00000, 0x0000000088d00000, 0x0000000088e00000|  0%| F|  |TAMS 0x0000000088d00000, 0x0000000088d00000| Untracked 
| 142|0x0000000088e00000, 0x0000000088e00000, 0x0000000088f00000|  0%| F|  |TAMS 0x0000000088e00000, 0x0000000088e00000| Untracked 
| 143|0x0000000088f00000, 0x0000000088f00000, 0x0000000089000000|  0%| F|  |TAMS 0x0000000088f00000, 0x0000000088f00000| Untracked 
| 144|0x0000000089000000, 0x0000000089000000, 0x0000000089100000|  0%| F|  |TAMS 0x0000000089000000, 0x0000000089000000| Untracked 
| 145|0x0000000089100000, 0x0000000089100000, 0x0000000089200000|  0%| F|  |TAMS 0x0000000089100000, 0x0000000089100000| Untracked 
| 146|0x0000000089200000, 0x0000000089200000, 0x0000000089300000|  0%| F|  |TAMS 0x0000000089200000, 0x0000000089200000| Untracked 
| 147|0x0000000089300000, 0x0000000089300000, 0x0000000089400000|  0%| F|  |TAMS 0x0000000089300000, 0x0000000089300000| Untracked 
| 148|0x0000000089400000, 0x0000000089400000, 0x0000000089500000|  0%| F|  |TAMS 0x0000000089400000, 0x0000000089400000| Untracked 
| 149|0x0000000089500000, 0x0000000089500000, 0x0000000089600000|  0%| F|  |TAMS 0x0000000089500000, 0x0000000089500000| Untracked 
| 150|0x0000000089600000, 0x0000000089600000, 0x0000000089700000|  0%| F|  |TAMS 0x0000000089600000, 0x0000000089600000| Untracked 
| 151|0x0000000089700000, 0x0000000089700000, 0x0000000089800000|  0%| F|  |TAMS 0x0000000089700000, 0x0000000089700000| Untracked 
| 152|0x0000000089800000, 0x0000000089800000, 0x0000000089900000|  0%| F|  |TAMS 0x0000000089800000, 0x0000000089800000| Untracked 
| 153|0x0000000089900000, 0x0000000089900000, 0x0000000089a00000|  0%| F|  |TAMS 0x0000000089900000, 0x0000000089900000| Untracked 
| 154|0x0000000089a00000, 0x0000000089a00000, 0x0000000089b00000|  0%| F|  |TAMS 0x0000000089a00000, 0x0000000089a00000| Untracked 
| 155|0x0000000089b00000, 0x0000000089b00000, 0x0000000089c00000|  0%| F|  |TAMS 0x0000000089b00000, 0x0000000089b00000| Untracked 
| 156|0x0000000089c00000, 0x0000000089c00000, 0x0000000089d00000|  0%| F|  |TAMS 0x0000000089c00000, 0x0000000089c00000| Untracked 
| 157|0x0000000089d00000, 0x0000000089d00000, 0x0000000089e00000|  0%| F|  |TAMS 0x0000000089d00000, 0x0000000089d00000| Untracked 
| 158|0x0000000089e00000, 0x0000000089e00000, 0x0000000089f00000|  0%| F|  |TAMS 0x0000000089e00000, 0x0000000089e00000| Untracked 
| 159|0x0000000089f00000, 0x0000000089f00000, 0x000000008a000000|  0%| F|  |TAMS 0x0000000089f00000, 0x0000000089f00000| Untracked 
| 160|0x000000008a000000, 0x000000008a000000, 0x000000008a100000|  0%| F|  |TAMS 0x000000008a000000, 0x000000008a000000| Untracked 
| 161|0x000000008a100000, 0x000000008a100000, 0x000000008a200000|  0%| F|  |TAMS 0x000000008a100000, 0x000000008a100000| Untracked 
| 162|0x000000008a200000, 0x000000008a200000, 0x000000008a300000|  0%| F|  |TAMS 0x000000008a200000, 0x000000008a200000| Untracked 
| 163|0x000000008a300000, 0x000000008a300000, 0x000000008a400000|  0%| F|  |TAMS 0x000000008a300000, 0x000000008a300000| Untracked 
| 164|0x000000008a400000, 0x000000008a400000, 0x000000008a500000|  0%| F|  |TAMS 0x000000008a400000, 0x000000008a400000| Untracked 
| 165|0x000000008a500000, 0x000000008a500000, 0x000000008a600000|  0%| F|  |TAMS 0x000000008a500000, 0x000000008a500000| Untracked 
| 166|0x000000008a600000, 0x000000008a600000, 0x000000008a700000|  0%| F|  |TAMS 0x000000008a600000, 0x000000008a600000| Untracked 
| 167|0x000000008a700000, 0x000000008a700000, 0x000000008a800000|  0%| F|  |TAMS 0x000000008a700000, 0x000000008a700000| Untracked 
| 168|0x000000008a800000, 0x000000008a800000, 0x000000008a900000|  0%| F|  |TAMS 0x000000008a800000, 0x000000008a800000| Untracked 
| 169|0x000000008a900000, 0x000000008a900000, 0x000000008aa00000|  0%| F|  |TAMS 0x000000008a900000, 0x000000008a900000| Untracked 
| 170|0x000000008aa00000, 0x000000008aa00000, 0x000000008ab00000|  0%| F|  |TAMS 0x000000008aa00000, 0x000000008aa00000| Untracked 
| 171|0x000000008ab00000, 0x000000008ab00000, 0x000000008ac00000|  0%| F|  |TAMS 0x000000008ab00000, 0x000000008ab00000| Untracked 
| 172|0x000000008ac00000, 0x000000008ac00000, 0x000000008ad00000|  0%| F|  |TAMS 0x000000008ac00000, 0x000000008ac00000| Untracked 
| 173|0x000000008ad00000, 0x000000008ad00000, 0x000000008ae00000|  0%| F|  |TAMS 0x000000008ad00000, 0x000000008ad00000| Untracked 
| 174|0x000000008ae00000, 0x000000008ae00000, 0x000000008af00000|  0%| F|  |TAMS 0x000000008ae00000, 0x000000008ae00000| Untracked 
| 175|0x000000008af00000, 0x000000008af00000, 0x000000008b000000|  0%| F|  |TAMS 0x000000008af00000, 0x000000008af00000| Untracked 
| 176|0x000000008b000000, 0x000000008b000000, 0x000000008b100000|  0%| F|  |TAMS 0x000000008b000000, 0x000000008b000000| Untracked 
| 177|0x000000008b100000, 0x000000008b100000, 0x000000008b200000|  0%| F|  |TAMS 0x000000008b100000, 0x000000008b100000| Untracked 
| 178|0x000000008b200000, 0x000000008b200000, 0x000000008b300000|  0%| F|  |TAMS 0x000000008b200000, 0x000000008b200000| Untracked 
| 179|0x000000008b300000, 0x000000008b300000, 0x000000008b400000|  0%| F|  |TAMS 0x000000008b300000, 0x000000008b300000| Untracked 
| 180|0x000000008b400000, 0x000000008b400000, 0x000000008b500000|  0%| F|  |TAMS 0x000000008b400000, 0x000000008b400000| Untracked 
| 181|0x000000008b500000, 0x000000008b500000, 0x000000008b600000|  0%| F|  |TAMS 0x000000008b500000, 0x000000008b500000| Untracked 
| 182|0x000000008b600000, 0x000000008b600000, 0x000000008b700000|  0%| F|  |TAMS 0x000000008b600000, 0x000000008b600000| Untracked 
| 183|0x000000008b700000, 0x000000008b700000, 0x000000008b800000|  0%| F|  |TAMS 0x000000008b700000, 0x000000008b700000| Untracked 
| 184|0x000000008b800000, 0x000000008b800000, 0x000000008b900000|  0%| F|  |TAMS 0x000000008b800000, 0x000000008b800000| Untracked 
| 185|0x000000008b900000, 0x000000008b900000, 0x000000008ba00000|  0%| F|  |TAMS 0x000000008b900000, 0x000000008b900000| Untracked 
| 186|0x000000008ba00000, 0x000000008ba00000, 0x000000008bb00000|  0%| F|  |TAMS 0x000000008ba00000, 0x000000008ba00000| Untracked 
| 187|0x000000008bb00000, 0x000000008bb00000, 0x000000008bc00000|  0%| F|  |TAMS 0x000000008bb00000, 0x000000008bb00000| Untracked 
| 188|0x000000008bc00000, 0x000000008bc00000, 0x000000008bd00000|  0%| F|  |TAMS 0x000000008bc00000, 0x000000008bc00000| Untracked 
| 189|0x000000008bd00000, 0x000000008bd00000, 0x000000008be00000|  0%| F|  |TAMS 0x000000008bd00000, 0x000000008bd00000| Untracked 
| 190|0x000000008be00000, 0x000000008be00000, 0x000000008bf00000|  0%| F|  |TAMS 0x000000008be00000, 0x000000008be00000| Untracked 
| 191|0x000000008bf00000, 0x000000008bf00000, 0x000000008c000000|  0%| F|  |TAMS 0x000000008bf00000, 0x000000008bf00000| Untracked 
| 192|0x000000008c000000, 0x000000008c000000, 0x000000008c100000|  0%| F|  |TAMS 0x000000008c000000, 0x000000008c000000| Untracked 
| 193|0x000000008c100000, 0x000000008c100000, 0x000000008c200000|  0%| F|  |TAMS 0x000000008c100000, 0x000000008c100000| Untracked 
| 194|0x000000008c200000, 0x000000008c200000, 0x000000008c300000|  0%| F|  |TAMS 0x000000008c200000, 0x000000008c200000| Untracked 
| 195|0x000000008c300000, 0x000000008c300000, 0x000000008c400000|  0%| F|  |TAMS 0x000000008c300000, 0x000000008c300000| Untracked 
| 196|0x000000008c400000, 0x000000008c400000, 0x000000008c500000|  0%| F|  |TAMS 0x000000008c400000, 0x000000008c400000| Untracked 
| 197|0x000000008c500000, 0x000000008c500000, 0x000000008c600000|  0%| F|  |TAMS 0x000000008c500000, 0x000000008c500000| Untracked 
| 198|0x000000008c600000, 0x000000008c600000, 0x000000008c700000|  0%| F|  |TAMS 0x000000008c600000, 0x000000008c600000| Untracked 
| 199|0x000000008c700000, 0x000000008c700000, 0x000000008c800000|  0%| F|  |TAMS 0x000000008c700000, 0x000000008c700000| Untracked 
| 200|0x000000008c800000, 0x000000008c800000, 0x000000008c900000|  0%| F|  |TAMS 0x000000008c800000, 0x000000008c800000| Untracked 
| 201|0x000000008c900000, 0x000000008c900000, 0x000000008ca00000|  0%| F|  |TAMS 0x000000008c900000, 0x000000008c900000| Untracked 
| 202|0x000000008ca00000, 0x000000008ca00000, 0x000000008cb00000|  0%| F|  |TAMS 0x000000008ca00000, 0x000000008ca00000| Untracked 
| 203|0x000000008cb00000, 0x000000008cb00000, 0x000000008cc00000|  0%| F|  |TAMS 0x000000008cb00000, 0x000000008cb00000| Untracked 
| 204|0x000000008cc00000, 0x000000008cc00000, 0x000000008cd00000|  0%| F|  |TAMS 0x000000008cc00000, 0x000000008cc00000| Untracked 
| 205|0x000000008cd00000, 0x000000008cd00000, 0x000000008ce00000|  0%| F|  |TAMS 0x000000008cd00000, 0x000000008cd00000| Untracked 
| 206|0x000000008ce00000, 0x000000008ce00000, 0x000000008cf00000|  0%| F|  |TAMS 0x000000008ce00000, 0x000000008ce00000| Untracked 
| 207|0x000000008cf00000, 0x000000008cf00000, 0x000000008d000000|  0%| F|  |TAMS 0x000000008cf00000, 0x000000008cf00000| Untracked 
| 208|0x000000008d000000, 0x000000008d000000, 0x000000008d100000|  0%| F|  |TAMS 0x000000008d000000, 0x000000008d000000| Untracked 
| 209|0x000000008d100000, 0x000000008d100000, 0x000000008d200000|  0%| F|  |TAMS 0x000000008d100000, 0x000000008d100000| Untracked 
| 210|0x000000008d200000, 0x000000008d200000, 0x000000008d300000|  0%| F|  |TAMS 0x000000008d200000, 0x000000008d200000| Untracked 
| 211|0x000000008d300000, 0x000000008d300000, 0x000000008d400000|  0%| F|  |TAMS 0x000000008d300000, 0x000000008d300000| Untracked 
| 212|0x000000008d400000, 0x000000008d400000, 0x000000008d500000|  0%| F|  |TAMS 0x000000008d400000, 0x000000008d400000| Untracked 
| 213|0x000000008d500000, 0x000000008d500000, 0x000000008d600000|  0%| F|  |TAMS 0x000000008d500000, 0x000000008d500000| Untracked 
| 214|0x000000008d600000, 0x000000008d600000, 0x000000008d700000|  0%| F|  |TAMS 0x000000008d600000, 0x000000008d600000| Untracked 
| 215|0x000000008d700000, 0x000000008d700000, 0x000000008d800000|  0%| F|  |TAMS 0x000000008d700000, 0x000000008d700000| Untracked 
| 216|0x000000008d800000, 0x000000008d8e36f0, 0x000000008d900000| 88%| S|CS|TAMS 0x000000008d800000, 0x000000008d800000| Complete 
| 217|0x000000008d900000, 0x000000008d900000, 0x000000008da00000|  0%| F|  |TAMS 0x000000008d900000, 0x000000008d900000| Untracked 
| 218|0x000000008da00000, 0x000000008da00000, 0x000000008db00000|  0%| F|  |TAMS 0x000000008da00000, 0x000000008da00000| Untracked 
| 219|0x000000008db00000, 0x000000008db00000, 0x000000008dc00000|  0%| F|  |TAMS 0x000000008db00000, 0x000000008db00000| Untracked 
| 220|0x000000008dc00000, 0x000000008dc00000, 0x000000008dd00000|  0%| F|  |TAMS 0x000000008dc00000, 0x000000008dc00000| Untracked 
| 221|0x000000008dd00000, 0x000000008dd00000, 0x000000008de00000|  0%| F|  |TAMS 0x000000008dd00000, 0x000000008dd00000| Untracked 

Card table byte_map: [0x00000205d88f0000,0x00000205d8cf0000] _byte_map_base: 0x00000205d84f0000

Marking Bits (Prev, Next): (CMBitMap*) 0x00000205c571b1b8, (CMBitMap*) 0x00000205c571b1f0
 Prev Bits: [0x00000205d90f0000, 0x00000205db0f0000)
 Next Bits: [0x00000205db0f0000, 0x00000205dd0f0000)

Polling page: 0x00000205c36b0000

Metaspace:

Usage:
  Non-class:     91.60 MB capacity,    90.03 MB ( 98%) used,     1.27 MB (  1%) free+waste,   303.25 KB ( <1%) overhead. 
      Class:     14.08 MB capacity,    13.20 MB ( 94%) used,   769.73 KB (  5%) free+waste,   134.13 KB ( <1%) overhead. 
       Both:    105.68 MB capacity,   103.23 MB ( 98%) used,     2.02 MB (  2%) free+waste,   437.38 KB ( <1%) overhead. 

Virtual space:
  Non-class space:       92.00 MB reserved,      91.75 MB (>99%) committed 
      Class space:        1.00 GB reserved,      14.13 MB (  1%) committed 
             Both:        1.09 GB reserved,     105.88 MB (  9%) committed 

Chunk freelists:
   Non-Class:  26.00 KB
       Class:  14.00 KB
        Both:  40.00 KB

MaxMetaspaceSize: 17179869184.00 GB
CompressedClassSpaceSize: 1.00 GB

CodeHeap 'non-profiled nmethods': size=120000Kb used=6212Kb max_used=6212Kb free=113787Kb
 bounds [0x00000205d0c90000, 0x00000205d12b0000, 0x00000205d81c0000]
CodeHeap 'profiled nmethods': size=120000Kb used=29156Kb max_used=29156Kb free=90844Kb
 bounds [0x00000205c9760000, 0x00000205cb3e0000, 0x00000205d0c90000]
CodeHeap 'non-nmethods': size=5760Kb used=2327Kb max_used=2371Kb free=3432Kb
 bounds [0x00000205c91c0000, 0x00000205c9430000, 0x00000205c9760000]
 total_blobs=14849 nmethods=13907 adapters=853
 compilation: enabled
              stopped_count=0, restarted_count=0
 full_count=0

Compilation events (20 events):
Event: 32.148 Thread 0x00000205dfb74800 14488       2       com.android.tools.r8.dex.b::a (6 bytes)
Event: 32.148 Thread 0x00000205dfb74800 nmethod 14488 0x00000205cb3d6390 code [0x00000205cb3d6540, 0x00000205cb3d6648]
Event: 32.152 Thread 0x00000205dfb74800 14508       2       com.android.tools.r8.graph.f0$o::a0 (4 bytes)
Event: 32.153 Thread 0x00000205dfb74800 nmethod 14508 0x00000205cb3d6710 code [0x00000205cb3d68c0, 0x00000205cb3d69b8]
Event: 32.159 Thread 0x00000205e04d2000 nmethod 14445 0x00000205d129f710 code [0x00000205d129f8c0, 0x00000205d12a0618]
Event: 32.159 Thread 0x00000205e04d2000 13809       4       com.android.tools.r8.internal.zh::a (71 bytes)
Event: 32.160 Thread 0x00000205dfb74800 14512 %     3       com.android.tools.r8.graph.S::a @ 19 (48 bytes)
Event: 32.161 Thread 0x00000205dfb74800 nmethod 14512% 0x00000205cb3d6a90 code [0x00000205cb3d6cc0, 0x00000205cb3d74a8]
Event: 32.161 Thread 0x00000205dfb74800 14513       2       com.android.tools.r8.graph.f0$o::o0 (1 bytes)
Event: 32.161 Thread 0x00000205dfb74800 nmethod 14513 0x00000205cb3d7790 code [0x00000205cb3d7940, 0x00000205cb3d7a38]
Event: 32.162 Thread 0x00000205dfb74800 14514       2       com.android.tools.r8.graph.f0$i::a0 (4 bytes)
Event: 32.162 Thread 0x00000205dfb74800 nmethod 14514 0x00000205cb3d7b10 code [0x00000205cb3d7cc0, 0x00000205cb3d7db8]
Event: 32.162 Thread 0x00000205dfb74800 14515       3       com.android.tools.r8.graph.S::a (48 bytes)
Event: 32.163 Thread 0x00000205dfb74800 nmethod 14515 0x00000205cb3d7e90 code [0x00000205cb3d80c0, 0x00000205cb3d88c8]
Event: 32.163 Thread 0x00000205e04d2000 nmethod 13809 0x00000205d12a0990 code [0x00000205d12a0b20, 0x00000205d12a0c78]
Event: 32.163 Thread 0x00000205e04d2000 14162       4       java.util.concurrent.ConcurrentHashMap$Traverser::advance (188 bytes)
Event: 32.169 Thread 0x00000205dfb74800 14520       2       com.android.tools.r8.internal.pr::g (11 bytes)
Event: 32.169 Thread 0x00000205dfb74800 nmethod 14520 0x00000205cb3d8c10 code [0x00000205cb3d8dc0, 0x00000205cb3d8ef8]
Event: 32.170 Thread 0x00000205e04d2000 nmethod 14162 0x00000205d12a0d90 code [0x00000205d12a0f20, 0x00000205d12a11f8]
Event: 32.170 Thread 0x00000205e04d2000 14160       4       com.android.tools.r8.internal.Ij::hasNext (217 bytes)

GC Heap History (20 events):
Event: 25.373 GC heap after
{Heap after GC invocations=26 (full 0):
 garbage-first heap   total 189440K, used 88221K [0x0000000080000000, 0x0000000100000000)
  region size 1024K, 4 young (4096K), 4 survivors (4096K)
 Metaspace       used 91787K, capacity 93934K, committed 94336K, reserved 1130496K
  class space    used 11536K, capacity 12324K, committed 12416K, reserved 1048576K
}
Event: 25.456 GC heap before
{Heap before GC invocations=26 (full 0):
 garbage-first heap   total 189440K, used 93341K [0x0000000080000000, 0x0000000100000000)
  region size 1024K, 9 young (9216K), 4 survivors (4096K)
 Metaspace       used 92105K, capacity 94228K, committed 94720K, reserved 1132544K
  class space    used 11581K, capacity 12357K, committed 12544K, reserved 1048576K
}
Event: 25.462 GC heap after
{Heap after GC invocations=27 (full 0):
 garbage-first heap   total 189440K, used 77759K [0x0000000080000000, 0x0000000100000000)
  region size 1024K, 1 young (1024K), 1 survivors (1024K)
 Metaspace       used 92105K, capacity 94228K, committed 94720K, reserved 1132544K
  class space    used 11581K, capacity 12357K, committed 12544K, reserved 1048576K
}
Event: 26.900 GC heap before
{Heap before GC invocations=27 (full 0):
 garbage-first heap   total 189440K, used 145343K [0x0000000080000000, 0x0000000100000000)
  region size 1024K, 68 young (69632K), 1 survivors (1024K)
 Metaspace       used 95477K, capacity 97641K, committed 97920K, reserved 1134592K
  class space    used 11986K, capacity 12761K, committed 12928K, reserved 1048576K
}
Event: 26.908 GC heap after
{Heap after GC invocations=28 (full 0):
 garbage-first heap   total 189440K, used 80789K [0x0000000080000000, 0x0000000100000000)
  region size 1024K, 4 young (4096K), 4 survivors (4096K)
 Metaspace       used 95477K, capacity 97641K, committed 97920K, reserved 1134592K
  class space    used 11986K, capacity 12761K, committed 12928K, reserved 1048576K
}
Event: 27.827 GC heap before
{Heap before GC invocations=28 (full 0):
 garbage-first heap   total 189440K, used 152469K [0x0000000080000000, 0x0000000100000000)
  region size 1024K, 71 young (72704K), 4 survivors (4096K)
 Metaspace       used 96669K, capacity 98919K, committed 99200K, reserved 1136640K
  class space    used 12109K, capacity 12890K, committed 12928K, reserved 1048576K
}
Event: 27.839 GC heap after
{Heap after GC invocations=29 (full 0):
 garbage-first heap   total 189440K, used 91777K [0x0000000080000000, 0x0000000100000000)
  region size 1024K, 9 young (9216K), 9 survivors (9216K)
 Metaspace       used 96669K, capacity 98919K, committed 99200K, reserved 1136640K
  class space    used 12109K, capacity 12890K, committed 12928K, reserved 1048576K
}
Event: 28.813 GC heap before
{Heap before GC invocations=29 (full 0):
 garbage-first heap   total 189440K, used 152193K [0x0000000080000000, 0x0000000100000000)
  region size 1024K, 69 young (70656K), 9 survivors (9216K)
 Metaspace       used 99509K, capacity 101860K, committed 102016K, reserved 1138688K
  class space    used 12509K, capacity 13330K, committed 13440K, reserved 1048576K
}
Event: 28.829 GC heap after
{Heap after GC invocations=30 (full 0):
 garbage-first heap   total 189440K, used 94216K [0x0000000080000000, 0x0000000100000000)
  region size 1024K, 4 young (4096K), 4 survivors (4096K)
 Metaspace       used 99509K, capacity 101860K, committed 102016K, reserved 1138688K
  class space    used 12509K, capacity 13330K, committed 13440K, reserved 1048576K
}
Event: 28.870 GC heap before
{Heap before GC invocations=30 (full 0):
 garbage-first heap   total 189440K, used 96264K [0x0000000080000000, 0x0000000100000000)
  region size 1024K, 7 young (7168K), 4 survivors (4096K)
 Metaspace       used 99679K, capacity 102076K, committed 102272K, reserved 1138688K
  class space    used 12529K, capacity 13373K, committed 13440K, reserved 1048576K
}
Event: 28.876 GC heap after
{Heap after GC invocations=31 (full 0):
 garbage-first heap   total 189440K, used 94179K [0x0000000080000000, 0x0000000100000000)
  region size 1024K, 4 young (4096K), 4 survivors (4096K)
 Metaspace       used 99679K, capacity 102076K, committed 102272K, reserved 1138688K
  class space    used 12529K, capacity 13373K, committed 13440K, reserved 1048576K
}
Event: 30.058 GC heap before
{Heap before GC invocations=32 (full 0):
 garbage-first heap   total 189440K, used 153571K [0x0000000080000000, 0x0000000100000000)
  region size 1024K, 53 young (54272K), 4 survivors (4096K)
 Metaspace       used 102748K, capacity 105168K, committed 105472K, reserved 1140736K
  class space    used 13134K, capacity 13980K, committed 14080K, reserved 1048576K
}
Event: 30.084 GC heap after
{Heap after GC invocations=33 (full 0):
 garbage-first heap   total 227328K, used 112517K [0x0000000080000000, 0x0000000100000000)
  region size 1024K, 7 young (7168K), 7 survivors (7168K)
 Metaspace       used 102748K, capacity 105168K, committed 105472K, reserved 1140736K
  class space    used 13134K, capacity 13980K, committed 14080K, reserved 1048576K
}
Event: 30.136 GC heap before
{Heap before GC invocations=33 (full 0):
 garbage-first heap   total 227328K, used 116613K [0x0000000080000000, 0x0000000100000000)
  region size 1024K, 11 young (11264K), 7 survivors (7168K)
 Metaspace       used 102891K, capacity 105350K, committed 105472K, reserved 1140736K
  class space    used 13158K, capacity 14019K, committed 14080K, reserved 1048576K
}
Event: 30.154 GC heap after
{Heap after GC invocations=34 (full 0):
 garbage-first heap   total 227328K, used 111915K [0x0000000080000000, 0x0000000100000000)
  region size 1024K, 2 young (2048K), 2 survivors (2048K)
 Metaspace       used 102891K, capacity 105350K, committed 105472K, reserved 1140736K
  class space    used 13158K, capacity 14019K, committed 14080K, reserved 1048576K
}
Event: 31.147 GC heap before
{Heap before GC invocations=34 (full 0):
 garbage-first heap   total 227328K, used 169259K [0x0000000080000000, 0x0000000100000000)
  region size 1024K, 58 young (59392K), 2 survivors (2048K)
 Metaspace       used 104971K, capacity 107468K, committed 107520K, reserved 1142784K
  class space    used 13429K, capacity 14305K, committed 14336K, reserved 1048576K
}
Event: 31.180 GC heap after
{Heap after GC invocations=35 (full 0):
 garbage-first heap   total 227328K, used 134951K [0x0000000080000000, 0x0000000100000000)
  region size 1024K, 8 young (8192K), 8 survivors (8192K)
 Metaspace       used 104971K, capacity 107468K, committed 107520K, reserved 1142784K
  class space    used 13429K, capacity 14305K, committed 14336K, reserved 1048576K
}
Event: 31.961 GC heap before
{Heap before GC invocations=36 (full 0):
 garbage-first heap   total 227328K, used 170791K [0x0000000080000000, 0x0000000100000000)
  region size 1024K, 46 young (47104K), 8 survivors (8192K)
 Metaspace       used 105576K, capacity 108121K, committed 108416K, reserved 1142784K
  class space    used 13502K, capacity 14410K, committed 14464K, reserved 1048576K
}
Event: 31.992 GC heap after
{Heap after GC invocations=37 (full 0):
 garbage-first heap   total 227328K, used 138406K [0x0000000080000000, 0x0000000100000000)
  region size 1024K, 6 young (6144K), 6 survivors (6144K)
 Metaspace       used 105576K, capacity 108121K, committed 108416K, reserved 1142784K
  class space    used 13502K, capacity 14410K, committed 14464K, reserved 1048576K
}
Event: 32.182 GC heap before
{Heap before GC invocations=37 (full 0):
 garbage-first heap   total 227328K, used 142502K [0x0000000080000000, 0x0000000100000000)
  region size 1024K, 11 young (11264K), 6 survivors (6144K)
 Metaspace       used 105708K, capacity 108216K, committed 108416K, reserved 1142784K
  class space    used 13514K, capacity 14418K, committed 14464K, reserved 1048576K
}

Deoptimization events (20 events):
Event: 31.101 Thread 0x00000205e5a08000 DEOPT PACKING pc=0x00000205ca8e45d5 sp=0x0000009899efda20
Event: 31.101 Thread 0x00000205e5a08000 DEOPT UNPACKING pc=0x00000205c91e76ce sp=0x0000009899efcf40 mode 0
Event: 31.345 Thread 0x00000205e6407800 DEOPT PACKING pc=0x00000205cb36e395 sp=0x000000989a4fef80
Event: 31.345 Thread 0x00000205e6407800 DEOPT UNPACKING pc=0x00000205c91e76ce sp=0x000000989a4fe440 mode 0
Event: 31.346 Thread 0x00000205e6407800 DEOPT PACKING pc=0x00000205cb36e395 sp=0x000000989a4fef80
Event: 31.346 Thread 0x00000205e6407800 DEOPT UNPACKING pc=0x00000205c91e76ce sp=0x000000989a4fe440 mode 0
Event: 31.521 Thread 0x00000205e5a08000 DEOPT PACKING pc=0x00000205cb37bd48 sp=0x0000009899efd710
Event: 31.521 Thread 0x00000205e5a08000 DEOPT UNPACKING pc=0x00000205c91e76ce sp=0x0000009899efcc50 mode 0
Event: 32.072 Thread 0x00000205e5a08000 DEOPT PACKING pc=0x00000205cb165ef1 sp=0x0000009899efd930
Event: 32.072 Thread 0x00000205e5a08000 DEOPT UNPACKING pc=0x00000205c91e76ce sp=0x0000009899efce88 mode 0
Event: 32.084 Thread 0x00000205e5a08000 DEOPT PACKING pc=0x00000205cb3bf238 sp=0x0000009899efda30
Event: 32.084 Thread 0x00000205e5a08000 DEOPT UNPACKING pc=0x00000205c91e76ce sp=0x0000009899efcf50 mode 0
Event: 32.085 Thread 0x00000205e5a08000 DEOPT PACKING pc=0x00000205cb3bf238 sp=0x0000009899efda30
Event: 32.085 Thread 0x00000205e5a08000 DEOPT UNPACKING pc=0x00000205c91e76ce sp=0x0000009899efcf50 mode 0
Event: 32.086 Thread 0x00000205e5a08000 DEOPT PACKING pc=0x00000205cb3bf238 sp=0x0000009899efda30
Event: 32.086 Thread 0x00000205e5a08000 DEOPT UNPACKING pc=0x00000205c91e76ce sp=0x0000009899efcf50 mode 0
Event: 32.087 Thread 0x00000205e5a08000 DEOPT PACKING pc=0x00000205cb3bf238 sp=0x0000009899efd9d0
Event: 32.088 Thread 0x00000205e5a08000 DEOPT UNPACKING pc=0x00000205c91e76ce sp=0x0000009899efcef0 mode 0
Event: 32.089 Thread 0x00000205e5a08000 DEOPT PACKING pc=0x00000205cb3bf238 sp=0x0000009899efd9d0
Event: 32.089 Thread 0x00000205e5a08000 DEOPT UNPACKING pc=0x00000205c91e76ce sp=0x0000009899efcef0 mode 0

Classes redefined (0 events):
No events

Internal exceptions (20 events):
Event: 29.161 Thread 0x00000205e5a00800 Exception <a 'java/lang/NoSuchMethodError'{0x000000008a82cd00}: 'java.lang.Object java.lang.invoke.DirectMethodHandle$Holder.invokeStatic(java.lang.Object, long)'> (0x000000008a82cd00) thrown at [./src/hotspot/share/interpreter/linkResolver.cpp, line 773]
Event: 29.162 Thread 0x00000205e5a00800 Exception <a 'java/lang/NoSuchMethodError'{0x000000008a833080}: 'java.lang.Object java.lang.invoke.Invokers$Holder.linkToTargetMethod(long, java.lang.Object)'> (0x000000008a833080) thrown at [./src/hotspot/share/interpreter/linkResolver.cpp, line 773]
Event: 29.165 Thread 0x00000205e5a00800 Exception <a 'java/lang/NoSuchMethodError'{0x000000008a302658}: 'java.lang.Object java.lang.invoke.DirectMethodHandle$Holder.invokeStaticInit(java.lang.Object, java.lang.Object, long, java.lang.Object)'> (0x000000008a302658) thrown at [./src/hotspot/share/interpreter/linkResolver.cpp, line 773]
Event: 29.166 Thread 0x00000205e5a00800 Exception <a 'java/lang/NoSuchMethodError'{0x000000008a3087f0}: 'java.lang.Object java.lang.invoke.DirectMethodHandle$Holder.invokeStatic(java.lang.Object, java.lang.Object, long)'> (0x000000008a3087f0) thrown at [./src/hotspot/share/interpreter/linkResolver.cpp, line 773]
Event: 29.175 Thread 0x00000205e5a00800 Exception <a 'java/lang/NoSuchMethodError'{0x000000008a30ed68}: 'java.lang.Object java.lang.invoke.Invokers$Holder.linkToTargetMethod(java.lang.Object, long, java.lang.Object)'> (0x000000008a30ed68) thrown at [./src/hotspot/share/interpreter/linkResolver.cpp, line 773]
Event: 29.657 Thread 0x00000205e640b800 Exception <a 'java/lang/IncompatibleClassChangeError'{0x0000000088b92540}: Found class java.lang.Object, but interface was expected> (0x0000000088b92540) thrown at [./src/hotspot/share/interpreter/linkResolver.cpp, line 839]
Event: 29.693 Thread 0x00000205e5a00800 Exception <a 'java/lang/NoSuchMethodError'{0x0000000088aa59d8}: 'int java.lang.invoke.DirectMethodHandle$Holder.invokeSpecialIFC(java.lang.Object, java.lang.Object, java.lang.Object)'> (0x0000000088aa59d8) thrown at [./src/hotspot/share/interpreter/linkResolver.cpp, line 773]
Event: 29.753 Thread 0x00000205e640a000 Exception <a 'java/lang/IncompatibleClassChangeError'{0x0000000088926c58}: Found class java.lang.Object, but interface was expected> (0x0000000088926c58) thrown at [./src/hotspot/share/interpreter/linkResolver.cpp, line 839]
Event: 29.753 Thread 0x00000205e640a000 Exception <a 'java/lang/IncompatibleClassChangeError'{0x0000000088941758}: Found class java.lang.Object, but interface was expected> (0x0000000088941758) thrown at [./src/hotspot/share/interpreter/linkResolver.cpp, line 839]
Event: 29.755 Thread 0x00000205e6409000 Exception <a 'java/lang/NoSuchMethodError'{0x000000008894ae18}: 'java.lang.Object java.lang.invoke.DirectMethodHandle$Holder.newInvokeSpecial(java.lang.Object, int)'> (0x000000008894ae18) thrown at [./src/hotspot/share/interpreter/linkResolver.cpp, line 773]
Event: 30.703 Thread 0x00000205e5a08000 Exception <a 'java/lang/NoSuchMethodError'{0x000000008b2ebb48}: 'int java.lang.invoke.DirectMethodHandle$Holder.invokeVirtual(java.lang.Object, java.lang.Object, java.lang.Object, java.lang.Object)'> (0x000000008b2ebb48) thrown at [./src/hotspot/share/interpreter/linkResolver.cpp, line 773]
Event: 30.748 Thread 0x00000205e5a08000 Exception <a 'java/lang/IncompatibleClassChangeError'{0x000000008b0084d0}: Found class java.lang.Object, but interface was expected> (0x000000008b0084d0) thrown at [./src/hotspot/share/interpreter/linkResolver.cpp, line 839]
Event: 30.753 Thread 0x00000205e640a800 Exception <a 'java/lang/NoSuchMethodError'{0x000000008b60c330}: 'int java.lang.invoke.DirectMethodHandle$Holder.invokeVirtual(java.lang.Object, java.lang.Object, java.lang.Object)'> (0x000000008b60c330) thrown at [./src/hotspot/share/interpreter/linkResolver.cpp, line 773]
Event: 30.753 Thread 0x00000205e6409000 Exception <a 'java/lang/NoSuchMethodError'{0x000000008ca274b8}: 'int java.lang.invoke.DirectMethodHandle$Holder.invokeVirtual(java.lang.Object, java.lang.Object, java.lang.Object)'> (0x000000008ca274b8) thrown at [./src/hotspot/share/interpreter/linkResolver.cpp, line 773]
Event: 30.753 Thread 0x00000205e6406800 Exception <a 'java/lang/NoSuchMethodError'{0x000000008b3a0860}: 'int java.lang.invoke.DirectMethodHandle$Holder.invokeVirtual(java.lang.Object, java.lang.Object, java.lang.Object)'> (0x000000008b3a0860) thrown at [./src/hotspot/share/interpreter/linkResolver.cpp, line 773]
Event: 31.213 Thread 0x00000205e5a08000 Exception <a 'java/lang/NoSuchMethodError'{0x000000008dd750f8}: 'java.lang.Object java.lang.invoke.Invokers$Holder.linkToTargetMethod(java.lang.Object, int, java.lang.Object, java.lang.Object, java.lang.Object, java.lang.Object)'> (0x000000008dd750f8) thrown at [./src/hotspot/share/interpreter/linkResolver.cpp, line 773]
Event: 31.214 Thread 0x00000205e5a08000 Exception <a 'java/lang/NoSuchMethodError'{0x000000008dd78db0}: 'void java.lang.invoke.DirectMethodHandle$Holder.invokeSpecial(java.lang.Object, java.lang.Object, java.lang.Object, java.lang.Object, java.lang.Object, java.lang.Object, java.lang.Object, java.lang.Object, java.lang.Object)'> (0x000000008dd78db0) thrown at [./src/hotspot/share/interpreter/linkResolver.cpp, line 773]
Event: 31.215 Thread 0x00000205e5a08000 Exception <a 'java/lang/NoSuchMethodError'{0x000000008dd81f08}: 'java.lang.Object java.lang.invoke.Invokers$Holder.linkToTargetMethod(java.lang.Object, java.lang.Object, java.lang.Object, java.lang.Object, java.lang.Object, java.lang.Object, java.lang.Object)'> (0x000000008dd81f08) thrown at [./src/hotspot/share/interpreter/linkResolver.cpp, line 773]
Event: 31.219 Thread 0x00000205e5a08000 Exception <a 'java/lang/NoSuchMethodError'{0x000000008dd93498}: 'void java.lang.invoke.DirectMethodHandle$Holder.invokeStatic(java.lang.Object, java.lang.Object, java.lang.Object, java.lang.Object, java.lang.Object, java.lang.Object, java.lang.Object, java.lang.Object)'> (0x000000008dd93498) thrown at [./src/hotspot/share/interpreter/linkResolver.cpp, line 773]
Event: 32.126 Thread 0x00000205e5a08000 Exception <a 'java/lang/IncompatibleClassChangeError'{0x000000008da3c368}: Found class java.lang.Object, but interface was expected> (0x000000008da3c368) thrown at [./src/hotspot/share/interpreter/linkResolver.cpp, line 839]

Events (20 events):
Event: 32.123 loading class com/android/tools/r8/naming/K done
Event: 32.125 loading class com/android/tools/r8/dex/w
Event: 32.125 loading class com/android/tools/r8/dex/w done
Event: 32.125 loading class com/android/tools/r8/graph/S
Event: 32.125 loading class com/android/tools/r8/graph/S done
Event: 32.125 loading class com/android/tools/r8/dex/w
Event: 32.125 loading class com/android/tools/r8/dex/w done
Event: 32.125 loading class com/android/tools/r8/internal/e8
Event: 32.125 loading class com/android/tools/r8/internal/e8 done
Event: 32.125 loading class com/android/tools/r8/internal/BE
Event: 32.125 loading class com/android/tools/r8/internal/BE done
Event: 32.126 loading class com/android/tools/r8/internal/Bs
Event: 32.126 loading class com/android/tools/r8/internal/Bs done
Event: 32.126 loading class com/android/tools/r8/internal/BE$a
Event: 32.126 loading class com/android/tools/r8/internal/BE$a done
Event: 32.128 loading class com/android/tools/r8/graph/t
Event: 32.128 loading class com/android/tools/r8/graph/t done
Event: 32.128 loading class com/android/tools/r8/graph/t
Event: 32.128 loading class com/android/tools/r8/graph/t done
Event: 32.182 Executing VM operation: G1CollectForAllocation


Dynamic libraries:
0x00007ff70e0a0000 - 0x00007ff70e0aa000 	C:\Program Files\Android\Android Studio1\jre\bin\java.exe
0x00007ffd35550000 - 0x00007ffd35746000 	C:\WINDOWS\SYSTEM32\ntdll.dll
0x00007ffd34800000 - 0x00007ffd348bd000 	C:\WINDOWS\System32\KERNEL32.DLL
0x00007ffd32d40000 - 0x00007ffd33009000 	C:\WINDOWS\System32\KERNELBASE.dll
0x00007ffd2ce30000 - 0x00007ffd2cec0000 	C:\WINDOWS\SYSTEM32\apphelp.dll
0x00007ffd33010000 - 0x00007ffd33110000 	C:\WINDOWS\System32\ucrtbase.dll
0x00007ffd25410000 - 0x00007ffd25429000 	C:\Program Files\Android\Android Studio1\jre\bin\jli.dll
0x00007ffd25350000 - 0x00007ffd25367000 	C:\Program Files\Android\Android Studio1\jre\bin\VCRUNTIME140.dll
0x00007ffd33940000 - 0x00007ffd33ae0000 	C:\WINDOWS\System32\USER32.dll
0x00007ffd32c90000 - 0x00007ffd32cb2000 	C:\WINDOWS\System32\win32u.dll
0x00007ffd351a0000 - 0x00007ffd351ca000 	C:\WINDOWS\System32\GDI32.dll
0x00007ffd1f6e0000 - 0x00007ffd1f97b000 	C:\WINDOWS\WinSxS\amd64_microsoft.windows.common-controls_6595b64144ccf1df_6.0.19041.746_none_ca02b4b61b8320a4\COMCTL32.dll
0x00007ffd33210000 - 0x00007ffd3331b000 	C:\WINDOWS\System32\gdi32full.dll
0x00007ffd33d20000 - 0x00007ffd33dbe000 	C:\WINDOWS\System32\msvcrt.dll
0x00007ffd33170000 - 0x00007ffd3320d000 	C:\WINDOWS\System32\msvcp_win.dll
0x00007ffd33ae0000 - 0x00007ffd33b10000 	C:\WINDOWS\System32\IMM32.DLL
0x00007ffd137b0000 - 0x00007ffd1384d000 	C:\Program Files\Android\Android Studio1\jre\bin\msvcp140.dll
0x00007ffce83d0000 - 0x00007ffce8e9f000 	C:\Program Files\Android\Android Studio1\jre\bin\server\jvm.dll
0x00007ffd348c0000 - 0x00007ffd3496c000 	C:\WINDOWS\System32\ADVAPI32.dll
0x00007ffd35470000 - 0x00007ffd3550c000 	C:\WINDOWS\System32\sechost.dll
0x00007ffd33e40000 - 0x00007ffd33f6b000 	C:\WINDOWS\System32\RPCRT4.dll
0x00007ffd35460000 - 0x00007ffd35468000 	C:\WINDOWS\System32\PSAPI.DLL
0x00007ffd1d810000 - 0x00007ffd1d819000 	C:\WINDOWS\SYSTEM32\WSOCK32.dll
0x00007ffd1e6e0000 - 0x00007ffd1e707000 	C:\WINDOWS\SYSTEM32\WINMM.dll
0x00007ffd27f80000 - 0x00007ffd27f8a000 	C:\WINDOWS\SYSTEM32\VERSION.dll
0x00007ffd33dd0000 - 0x00007ffd33e3b000 	C:\WINDOWS\System32\WS2_32.dll
0x00007ffd31560000 - 0x00007ffd31572000 	C:\WINDOWS\SYSTEM32\kernel.appcore.dll
0x00007ffd1eb00000 - 0x00007ffd1eb11000 	C:\Program Files\Android\Android Studio1\jre\bin\verify.dll
0x00007ffd311f0000 - 0x00007ffd313d4000 	C:\WINDOWS\SYSTEM32\DBGHELP.DLL
0x00007ffd26a90000 - 0x00007ffd26abc000 	C:\WINDOWS\SYSTEM32\dbgcore.DLL
0x00007ffd32cc0000 - 0x00007ffd32d40000 	C:\WINDOWS\System32\bcryptPrimitives.dll
0x00007ffd151a0000 - 0x00007ffd151c9000 	C:\Program Files\Android\Android Studio1\jre\bin\java.dll
0x00007ffd29d60000 - 0x00007ffd29d6b000 	C:\Program Files\Android\Android Studio1\jre\bin\jimage.dll
0x00007ffd1e750000 - 0x00007ffd1e768000 	C:\Program Files\Android\Android Studio1\jre\bin\zip.dll
0x00007ffd34a50000 - 0x00007ffd35192000 	C:\WINDOWS\System32\SHELL32.dll
0x00007ffd30a60000 - 0x00007ffd311f0000 	C:\WINDOWS\SYSTEM32\windows.storage.dll
0x00007ffd34440000 - 0x00007ffd34796000 	C:\WINDOWS\System32\combase.dll
0x00007ffd32680000 - 0x00007ffd326ac000 	C:\WINDOWS\SYSTEM32\Wldp.dll
0x00007ffd33b10000 - 0x00007ffd33bbe000 	C:\WINDOWS\System32\SHCORE.dll
0x00007ffd33660000 - 0x00007ffd336b5000 	C:\WINDOWS\System32\shlwapi.dll
0x00007ffd32bc0000 - 0x00007ffd32be6000 	C:\WINDOWS\SYSTEM32\profapi.dll
0x00007ffd15180000 - 0x00007ffd1519a000 	C:\Program Files\Android\Android Studio1\jre\bin\net.dll
0x00007ffd2ac10000 - 0x00007ffd2ad10000 	C:\WINDOWS\SYSTEM32\WINHTTP.dll
0x00007ffd32400000 - 0x00007ffd3246a000 	C:\WINDOWS\system32\mswsock.dll
0x00007ffd14cc0000 - 0x00007ffd14cd4000 	C:\Program Files\Android\Android Studio1\jre\bin\nio.dll
0x00007ffd24d80000 - 0x00007ffd24da7000 	C:\Users\shekiba\.gradle\native\8bec1ad78214c89d9ad589b4d07fe93259594b29d510b10fafb7a158f7737e5d\windows-amd64\native-platform.dll
0x00007ffcf6f20000 - 0x00007ffcf705d000 	C:\Users\shekiba\.gradle\native\53dbd7edfb1c66fb8903c78663c9afc45aea4f116125fa6feffd364cf09443e8\windows-amd64\native-platform-file-events.dll
0x00007ffd27000000 - 0x00007ffd2700a000 	C:\Program Files\Android\Android Studio1\jre\bin\management.dll
0x00007ffd251f0000 - 0x00007ffd251fc000 	C:\Program Files\Android\Android Studio1\jre\bin\management_ext.dll
0x00007ffd325d0000 - 0x00007ffd325e8000 	C:\WINDOWS\SYSTEM32\CRYPTSP.dll
0x00007ffd31d40000 - 0x00007ffd31d74000 	C:\WINDOWS\system32\rsaenh.dll
0x00007ffd33420000 - 0x00007ffd33447000 	C:\WINDOWS\System32\bcrypt.dll
0x00007ffd32b40000 - 0x00007ffd32b6e000 	C:\WINDOWS\SYSTEM32\USERENV.dll
0x00007ffd325f0000 - 0x00007ffd325fc000 	C:\WINDOWS\SYSTEM32\CRYPTBASE.dll
0x00007ffd32090000 - 0x00007ffd320cb000 	C:\WINDOWS\SYSTEM32\IPHLPAPI.DLL
0x00007ffd33bc0000 - 0x00007ffd33bc8000 	C:\WINDOWS\System32\NSI.dll
0x00007ffd26c20000 - 0x00007ffd26c37000 	C:\WINDOWS\SYSTEM32\dhcpcsvc6.DLL
0x00007ffd26f20000 - 0x00007ffd26f3d000 	C:\WINDOWS\SYSTEM32\dhcpcsvc.DLL
0x00007ffd320d0000 - 0x00007ffd3219b000 	C:\WINDOWS\SYSTEM32\DNSAPI.dll

dbghelp: loaded successfully - version: 4.0.5 - missing functions: none
symbol engine: initialized successfully - sym options: 0x614 - pdb path: .;C:\Program Files\Android\Android Studio1\jre\bin;C:\WINDOWS\SYSTEM32;C:\WINDOWS\WinSxS\amd64_microsoft.windows.common-controls_6595b64144ccf1df_6.0.19041.746_none_ca02b4b61b8320a4;C:\Program Files\Android\Android Studio1\jre\bin\server;C:\Users\shekiba\.gradle\native\8bec1ad78214c89d9ad589b4d07fe93259594b29d510b10fafb7a158f7737e5d\windows-amd64;C:\Users\shekiba\.gradle\native\53dbd7edfb1c66fb8903c78663c9afc45aea4f116125fa6feffd364cf09443e8\windows-amd64

VM Arguments:
jvm_args: --add-opens=java.base/java.util=ALL-UNNAMED --add-opens=java.base/java.lang=ALL-UNNAMED --add-opens=java.base/java.lang.invoke=ALL-UNNAMED --add-opens=java.base/java.util=ALL-UNNAMED --add-opens=java.prefs/java.util.prefs=ALL-UNNAMED --add-opens=java.prefs/java.util.prefs=ALL-UNNAMED --add-opens=java.base/java.nio.charset=ALL-UNNAMED --add-opens=java.base/java.net=ALL-UNNAMED --add-opens=java.base/java.util.concurrent.atomic=ALL-UNNAMED -Xmx2048m -Dfile.encoding=UTF-8 -Duser.country=NZ -Duser.language=en -Duser.variant 
java_command: org.gradle.launcher.daemon.bootstrap.GradleDaemon 7.0.2
java_class_path (initial): C:\Users\shekiba\.gradle\wrapper\dists\gradle-7.0.2-bin\857tjihv64xamwrf0h14cai3r\gradle-7.0.2\lib\gradle-launcher-7.0.2.jar
Launcher Type: SUN_STANDARD

[Global flags]
     intx CICompilerCount                          = 4                                         {product} {ergonomic}
     uint ConcGCThreads                            = 2                                         {product} {ergonomic}
     uint G1ConcRefinementThreads                  = 8                                         {product} {ergonomic}
   size_t G1HeapRegionSize                         = 1048576                                   {product} {ergonomic}
    uintx GCDrainStackTargetSize                   = 64                                        {product} {ergonomic}
   size_t InitialHeapSize                          = 134217728                                 {product} {ergonomic}
   size_t MarkStackSize                            = 4194304                                   {product} {ergonomic}
   size_t MaxHeapSize                              = 2147483648                                {product} {command line}
   size_t MaxNewSize                               = 1287651328                                {product} {ergonomic}
   size_t MinHeapDeltaBytes                        = 1048576                                   {product} {ergonomic}
    uintx NonNMethodCodeHeapSize                   = 5836300                                {pd product} {ergonomic}
    uintx NonProfiledCodeHeapSize                  = 122910970                              {pd product} {ergonomic}
    uintx ProfiledCodeHeapSize                     = 122910970                              {pd product} {ergonomic}
    uintx ReservedCodeCacheSize                    = 251658240                              {pd product} {ergonomic}
     bool SegmentedCodeCache                       = true                                      {product} {ergonomic}
     bool UseCompressedClassPointers               = true                                 {lp64_product} {ergonomic}
     bool UseCompressedOops                        = true                                 {lp64_product} {ergonomic}
     bool UseG1GC                                  = true                                      {product} {ergonomic}
     bool UseLargePagesIndividualAllocation        = false                                  {pd product} {ergonomic}

Logging:
Log output configuration:
 #0: stdout all=warning uptime,level,tags
 #1: stderr all=off uptime,level,tags

Environment Variables:
PATH=C:\WINDOWS\system32;C:\WINDOWS;C:\WINDOWS\System32\Wbem;C:\WINDOWS\System32\WindowsPowerShell\v1.0\;C:\WINDOWS\System32\OpenSSH\;C:\Users\shekiba\AppData\Local\Microsoft\WindowsApps;
USERNAME=shekiba
OS=Windows_NT
PROCESSOR_IDENTIFIER=Intel64 Family 6 Model 142 Stepping 10, GenuineIntel



---------------  S Y S T E M  ---------------

OS: Windows 10 , 64 bit Build 19041 (10.0.19041.804)
OS uptime: 104 days 16:16 hours

CPU:total 8 (initial active 8) (4 cores per cpu, 2 threads per core) family 6 model 142 stepping 10 microcode 0xe0, cmov, cx8, fxsr, mmx, sse, sse2, sse3, ssse3, sse4.1, sse4.2, popcnt, avx, avx2, aes, clmul, erms, 3dnowpref, lzcnt, ht, tsc, tscinvbit, bmi1, bmi2, adx, fma

Memory: 4k page, system-wide physical 8109M (290M free)
TotalPageFile size 23082M (AvailPageFile size 54M)
current process WorkingSet (physical memory assigned to process): 427M, peak: 448M
current process commit charge ("private bytes"): 544M, peak: 600M

vm_info: OpenJDK 64-Bit Server VM (11.0.10+0-b96-7249189) for windows-amd64 JRE (11.0.10+0-b96-7249189), built on Mar 31 2021 21:44:00 by "builder" with MS VC++ 14.0 (VS2015)

END.
