#
# There is insufficient memory for the Java Runtime Environment to continue.
# Native memory allocation (malloc) failed to allocate 1709776 bytes for Chunk::new
# Possible reasons:
#   The system is out of physical RAM or swap space
#   The process is running with CompressedOops enabled, and the Java Heap may be blocking the growth of the native heap
# Possible solutions:
#   Reduce memory load on the system
#   Increase physical memory or swap space
#   Check if swap backing store is full
#   Decrease Java heap size (-Xmx/-Xms)
#   Decrease number of Java threads
#   Decrease Java thread stack sizes (-Xss)
#   Set larger code cache with -XX:ReservedCodeCacheSize=
#   JVM is running with Unscaled Compressed Oops mode in which the Java heap is
#     placed in the first 4GB address space. The Java Heap base address is the
#     maximum limit for the native heap growth. Please use -XX:HeapBaseMinAddress
#     to set the Java Heap base and to place the Java Heap above 4GB virtual address.
# This output file may be truncated or incomplete.
#
#  Out of Memory Error (./src/hotspot/share/memory/arena.cpp:197), pid=15524, tid=17832
#
# JRE version: OpenJDK Runtime Environment (11.0.10) (build 11.0.10+0-b96-7249189)
# Java VM: OpenJDK 64-Bit Server VM (11.0.10+0-b96-7249189, mixed mode, tiered, compressed oops, g1 gc, windows-amd64)
# No core dump will be written. Minidumps are not enabled by default on client versions of Windows
#

---------------  S U M M A R Y ------------

Command Line: --add-opens=java.base/java.util=ALL-UNNAMED --add-opens=java.base/java.lang=ALL-UNNAMED --add-opens=java.base/java.lang.invoke=ALL-UNNAMED --add-opens=java.base/java.util=ALL-UNNAMED --add-opens=java.prefs/java.util.prefs=ALL-UNNAMED --add-opens=java.prefs/java.util.prefs=ALL-UNNAMED --add-opens=java.base/java.nio.charset=ALL-UNNAMED --add-opens=java.base/java.net=ALL-UNNAMED --add-opens=java.base/java.util.concurrent.atomic=ALL-UNNAMED -Xmx2048m -Dfile.encoding=UTF-8 -Duser.country=NZ -Duser.language=en -Duser.variant org.gradle.launcher.daemon.bootstrap.GradleDaemon 7.0.2

Host: Intel(R) Core(TM) i5-8250U CPU @ 1.60GHz, 8 cores, 7G,  Windows 10 , 64 bit Build 19041 (10.0.19041.804)
Time: Tue Aug 24 15:17:06 2021 New Zealand Standard Time elapsed time: 80.696682 seconds (0d 0h 1m 20s)

---------------  T H R E A D  ---------------

Current thread (0x000001b800052800):  JavaThread "C2 CompilerThread0" daemon [_thread_in_native, id=17832, stack(0x0000005608700000,0x0000005608800000)]


Current CompileTask:
C2:  80697 17215 %     4       com.android.tools.r8.dex.j::a @ 315 (1038 bytes)

Stack: [0x0000005608700000,0x0000005608800000]
Native frames: (J=compiled Java code, j=interpreted, Vv=VM code, C=native code)
V  [jvm.dll+0x5ecfaa]
V  [jvm.dll+0x722bd5]
V  [jvm.dll+0x72412d]
V  [jvm.dll+0x7247e3]
V  [jvm.dll+0x242928]
V  [jvm.dll+0xbc4fc]
V  [jvm.dll+0xbca0c]
V  [jvm.dll+0x352d7d]
V  [jvm.dll+0x320ad3]
V  [jvm.dll+0x31ffca]
V  [jvm.dll+0x1fb602]
V  [jvm.dll+0x1fa7f4]
V  [jvm.dll+0x18354c]
V  [jvm.dll+0x208ee7]
V  [jvm.dll+0x207731]
V  [jvm.dll+0x6eb1cf]
V  [jvm.dll+0x6e3d45]
V  [jvm.dll+0x5ebe96]
C  [ucrtbase.dll+0x21bb2]
C  [KERNEL32.DLL+0x17034]
C  [ntdll.dll+0x4d241]


---------------  P R O C E S S  ---------------

Threads class SMR info:
_java_thread_list=0x000001b808c1c510, length=79, elements={
0x000001b862faf800, 0x000001b87f3b5000, 0x000001b87f3c0800, 0x000001b800043000,
0x000001b800047000, 0x000001b800048800, 0x000001b800052800, 0x000001b87f3d6800,
0x000001b87f3d9000, 0x000001b8001b3000, 0x000001b8015cd000, 0x000001b801c53800,
0x000001b8014e5800, 0x000001b801bef000, 0x000001b802b9c000, 0x000001b802b66800,
0x000001b802b64000, 0x000001b802b69000, 0x000001b802b65000, 0x000001b802b67800,
0x000001b8037ff800, 0x000001b8037fe000, 0x000001b803802000, 0x000001b8037fc000,
0x000001b8037fe800, 0x000001b803805000, 0x000001b800d10800, 0x000001b800d0b800,
0x000001b800d0d000, 0x000001b800d0e000, 0x000001b800d0f800, 0x000001b803800800,
0x000001b8037fd000, 0x000001b803808800, 0x000001b803807000, 0x000001b803807800,
0x000001b803803800, 0x000001b80380a000, 0x000001b803806000, 0x000001b803809800,
0x000001b803804800, 0x000001b80380b000, 0x000001b802b68000, 0x000001b802b65800,
0x000001b802b63000, 0x000001b802b69800, 0x000001b800d12000, 0x000001b800d0e800,
0x000001b800d0c800, 0x000001b8068f6000, 0x000001b8068f4800, 0x000001b8068f8000,
0x000001b8068f7000, 0x000001b8068f8800, 0x000001b8068f3800, 0x000001b8068f3000,
0x000001b8068f9800, 0x000001b8068f5800, 0x000001b8068fb000, 0x000001b802b93800,
0x000001b8068fc000, 0x000001b8068ff000, 0x000001b806900000, 0x000001b8068fd800,
0x000001b8068fe800, 0x000001b8068fa800, 0x000001b806901000, 0x000001b806901800,
0x000001b80c914800, 0x000001b80c913800, 0x000001b80c916000, 0x000001b80c911000,
0x000001b80c912000, 0x000001b80c910800, 0x000001b80c917000, 0x000001b80c913000,
0x000001b80b701000, 0x000001b80b703800, 0x000001b80b702800
}

Java Threads: ( => current thread )
  0x000001b862faf800 JavaThread "main" [_thread_blocked, id=3816, stack(0x0000005607b00000,0x0000005607c00000)]
  0x000001b87f3b5000 JavaThread "Reference Handler" daemon [_thread_blocked, id=24484, stack(0x0000005608200000,0x0000005608300000)]
  0x000001b87f3c0800 JavaThread "Finalizer" daemon [_thread_blocked, id=17096, stack(0x0000005608300000,0x0000005608400000)]
  0x000001b800043000 JavaThread "Signal Dispatcher" daemon [_thread_blocked, id=13760, stack(0x0000005608400000,0x0000005608500000)]
  0x000001b800047000 JavaThread "Attach Listener" daemon [_thread_blocked, id=7024, stack(0x0000005608500000,0x0000005608600000)]
  0x000001b800048800 JavaThread "Service Thread" daemon [_thread_blocked, id=17008, stack(0x0000005608600000,0x0000005608700000)]
=>0x000001b800052800 JavaThread "C2 CompilerThread0" daemon [_thread_in_native, id=17832, stack(0x0000005608700000,0x0000005608800000)]
  0x000001b87f3d6800 JavaThread "C1 CompilerThread0" daemon [_thread_blocked, id=17016, stack(0x0000005608800000,0x0000005608900000)]
  0x000001b87f3d9000 JavaThread "Sweeper thread" daemon [_thread_blocked, id=24136, stack(0x0000005608900000,0x0000005608a00000)]
  0x000001b8001b3000 JavaThread "Common-Cleaner" daemon [_thread_blocked, id=11124, stack(0x0000005608a00000,0x0000005608b00000)]
  0x000001b8015cd000 JavaThread "Daemon health stats" [_thread_blocked, id=20520, stack(0x0000005608e00000,0x0000005608f00000)]
  0x000001b801c53800 JavaThread "Incoming local TCP Connector on port 58406" [_thread_in_native, id=11960, stack(0x0000005608f00000,0x0000005609000000)]
  0x000001b8014e5800 JavaThread "Daemon periodic checks" [_thread_blocked, id=16424, stack(0x0000005609300000,0x0000005609400000)]
  0x000001b801bef000 JavaThread "Daemon" [_thread_blocked, id=23136, stack(0x0000005609400000,0x0000005609500000)]
  0x000001b802b9c000 JavaThread "Daemon worker" [_thread_blocked, id=4336, stack(0x0000005609700000,0x0000005609800000)]
  0x000001b802b66800 JavaThread "Cache worker for file hash cache (C:\Users\shekiba\.gradle\caches\7.0.2\fileHashes)" [_thread_blocked, id=17860, stack(0x0000005609b00000,0x0000005609c00000)]
  0x000001b802b64000 JavaThread "File lock request listener" [_thread_in_native, id=20224, stack(0x0000005609c00000,0x0000005609d00000)]
  0x000001b802b69000 JavaThread "Cache worker for journal cache (C:\Users\shekiba\.gradle\caches\journal-1)" [_thread_blocked, id=8536, stack(0x000000560a000000,0x000000560a100000)]
  0x000001b802b65000 JavaThread "File watcher server" daemon [_thread_in_native, id=19228, stack(0x000000560a200000,0x000000560a300000)]
  0x000001b802b67800 JavaThread "File watcher consumer" daemon [_thread_blocked, id=18720, stack(0x000000560a300000,0x000000560a400000)]
  0x000001b8037ff800 JavaThread "Cache worker for execution history cache (C:\Users\shekiba\.gradle\caches\7.0.2\executionHistory)" [_thread_blocked, id=15836, stack(0x000000560a700000,0x000000560a800000)]
  0x000001b8037fe000 JavaThread "jar transforms" [_thread_blocked, id=7676, stack(0x000000560a800000,0x000000560a900000)]
  0x000001b803802000 JavaThread "jar transforms Thread 2" [_thread_blocked, id=19168, stack(0x000000560a900000,0x000000560aa00000)]
  0x000001b8037fc000 JavaThread "Cache worker for file content cache (C:\Users\shekiba\.gradle\caches\7.0.2\fileContent)" [_thread_blocked, id=11424, stack(0x000000560aa00000,0x000000560ab00000)]
  0x000001b8037fe800 JavaThread "jar transforms Thread 3" [_thread_blocked, id=21928, stack(0x000000560ac00000,0x000000560ad00000)]
  0x000001b803805000 JavaThread "jar transforms Thread 4" [_thread_blocked, id=17744, stack(0x000000560b600000,0x000000560b700000)]
  0x000001b800d10800 JavaThread "jar transforms Thread 5" [_thread_blocked, id=10156, stack(0x000000560b700000,0x000000560b800000)]
  0x000001b800d0b800 JavaThread "jar transforms Thread 6" [_thread_blocked, id=20000, stack(0x000000560b800000,0x000000560b900000)]
  0x000001b800d0d000 JavaThread "jar transforms Thread 7" [_thread_blocked, id=12556, stack(0x000000560b900000,0x000000560ba00000)]
  0x000001b800d0e000 JavaThread "jar transforms Thread 8" [_thread_blocked, id=23456, stack(0x000000560ba00000,0x000000560bb00000)]
  0x000001b800d0f800 JavaThread "Memory manager" [_thread_blocked, id=15760, stack(0x000000560bb00000,0x000000560bc00000)]
  0x000001b803800800 JavaThread "Handler for socket connection from /127.0.0.1:58406 to /127.0.0.1:51375" [_thread_in_native, id=16864, stack(0x0000005609800000,0x0000005609900000)]
  0x000001b8037fd000 JavaThread "Cancel handler" [_thread_blocked, id=8916, stack(0x0000005609900000,0x0000005609a00000)]
  0x000001b803808800 JavaThread "Asynchronous log dispatcher for DefaultDaemonConnection: socket connection from /127.0.0.1:58406 to /127.0.0.1:51375" [_thread_blocked, id=21768, stack(0x0000005609a00000,0x0000005609b00000)]
  0x000001b803807000 JavaThread "Stdin handler" [_thread_blocked, id=22204, stack(0x000000560a100000,0x000000560a200000)]
  0x000001b803807800 JavaThread "Daemon client event forwarder" [_thread_blocked, id=15792, stack(0x000000560a400000,0x000000560a500000)]
  0x000001b803803800 JavaThread "Cache worker for file hash cache (C:\Users\shekiba\Desktop\CatchingGame\.gradle\7.0.2\fileHashes)" [_thread_blocked, id=7476, stack(0x000000560a500000,0x000000560a600000)]
  0x000001b80380a000 JavaThread "Cache worker for checksums cache (C:\Users\shekiba\Desktop\CatchingGame\.gradle\checksums)" [_thread_blocked, id=24220, stack(0x000000560ab00000,0x000000560ac00000)]
  0x000001b803806000 JavaThread "Cache worker for cache directory md-supplier (C:\Users\shekiba\.gradle\caches\7.0.2\md-supplier)" [_thread_blocked, id=23596, stack(0x000000560ad00000,0x000000560ae00000)]
  0x000001b803809800 JavaThread "Cache worker for cache directory md-rule (C:\Users\shekiba\.gradle\caches\7.0.2\md-rule)" [_thread_blocked, id=13672, stack(0x000000560ae00000,0x000000560af00000)]
  0x000001b803804800 JavaThread "Cache worker for dependencies-accessors (C:\Users\shekiba\Desktop\CatchingGame\.gradle\7.0.2\dependencies-accessors)" [_thread_blocked, id=21248, stack(0x000000560af00000,0x000000560b000000)]
  0x000001b80380b000 JavaThread "Cache worker for Build Output Cleanup Cache (C:\Users\shekiba\Desktop\CatchingGame\.gradle\buildOutputCleanup)" [_thread_blocked, id=5500, stack(0x000000560b000000,0x000000560b100000)]
  0x000001b802b68000 JavaThread "Build operations" [_thread_blocked, id=22320, stack(0x000000560b100000,0x000000560b200000)]
  0x000001b802b65800 JavaThread "Build operations Thread 2" [_thread_blocked, id=6648, stack(0x000000560b200000,0x000000560b300000)]
  0x000001b802b63000 JavaThread "Build operations Thread 3" [_thread_blocked, id=11636, stack(0x000000560b300000,0x000000560b400000)]
  0x000001b802b69800 JavaThread "Build operations Thread 4" [_thread_blocked, id=1096, stack(0x000000560b400000,0x000000560b500000)]
  0x000001b800d12000 JavaThread "Build operations Thread 5" [_thread_blocked, id=4504, stack(0x000000560b500000,0x000000560b600000)]
  0x000001b800d0e800 JavaThread "Build operations Thread 6" [_thread_blocked, id=17168, stack(0x000000560bc00000,0x000000560bd00000)]
  0x000001b800d0c800 JavaThread "Build operations Thread 7" [_thread_blocked, id=12152, stack(0x000000560bd00000,0x000000560be00000)]
  0x000001b8068f6000 JavaThread "Build operations Thread 8" [_thread_blocked, id=11976, stack(0x000000560be00000,0x000000560bf00000)]
  0x000001b8068f4800 JavaThread "build event listener" [_thread_blocked, id=3980, stack(0x000000560bf00000,0x000000560c000000)]
  0x000001b8068f8000 JavaThread "Execution worker for ':'" [_thread_blocked, id=4000, stack(0x000000560c000000,0x000000560c100000)]
  0x000001b8068f7000 JavaThread "Execution worker for ':' Thread 2" [_thread_blocked, id=6248, stack(0x000000560c100000,0x000000560c200000)]
  0x000001b8068f8800 JavaThread "Execution worker for ':' Thread 3" [_thread_blocked, id=3588, stack(0x000000560c200000,0x000000560c300000)]
  0x000001b8068f3800 JavaThread "Execution worker for ':' Thread 4" [_thread_blocked, id=9056, stack(0x000000560c300000,0x000000560c400000)]
  0x000001b8068f3000 JavaThread "Execution worker for ':' Thread 5" [_thread_blocked, id=20956, stack(0x000000560c400000,0x000000560c500000)]
  0x000001b8068f9800 JavaThread "Execution worker for ':' Thread 6" [_thread_blocked, id=10176, stack(0x000000560c500000,0x000000560c600000)]
  0x000001b8068f5800 JavaThread "Execution worker for ':' Thread 7" [_thread_blocked, id=1988, stack(0x000000560c600000,0x000000560c700000)]
  0x000001b8068fb000 JavaThread "Cache worker for execution history cache (C:\Users\shekiba\Desktop\CatchingGame\.gradle\7.0.2\executionHistory)" [_thread_blocked, id=18492, stack(0x000000560c700000,0x000000560c800000)]
  0x000001b802b93800 JavaThread "C2 CompilerThread1" daemon [_thread_in_native, id=23528, stack(0x000000560a600000,0x000000560a700000)]
  0x000001b8068fc000 JavaThread "WorkerExecutor Queue" [_thread_blocked, id=2244, stack(0x000000560c800000,0x000000560c900000)]
  0x000001b8068ff000 JavaThread "WorkerExecutor Queue Thread 2" [_thread_blocked, id=13564, stack(0x000000560c900000,0x000000560ca00000)]
  0x000001b806900000 JavaThread "WorkerExecutor Queue Thread 3" [_thread_blocked, id=14788, stack(0x000000560ca00000,0x000000560cb00000)]
  0x000001b8068fd800 JavaThread "WorkerExecutor Queue Thread 4" [_thread_blocked, id=15124, stack(0x000000560cb00000,0x000000560cc00000)]
  0x000001b8068fe800 JavaThread "WorkerExecutor Queue Thread 5" [_thread_blocked, id=15268, stack(0x000000560cc00000,0x000000560cd00000)]
  0x000001b8068fa800 JavaThread "WorkerExecutor Queue Thread 6" [_thread_blocked, id=1884, stack(0x000000560cd00000,0x000000560ce00000)]
  0x000001b806901000 JavaThread "WorkerExecutor Queue Thread 7" [_thread_blocked, id=12464, stack(0x000000560ce00000,0x000000560cf00000)]
  0x000001b806901800 JavaThread "WorkerExecutor Queue Thread 8" [_thread_blocked, id=1700, stack(0x000000560cf00000,0x000000560d000000)]
  0x000001b80c914800 JavaThread "pool-6-thread-1" [_thread_blocked, id=1912, stack(0x000000560d100000,0x000000560d200000)]
  0x000001b80c913800 JavaThread "stderr" [_thread_in_native, id=20728, stack(0x000000560d200000,0x000000560d300000)]
  0x000001b80c916000 JavaThread "stdout" [_thread_in_native, id=20740, stack(0x000000560d300000,0x000000560d400000)]
  0x000001b80c911000 JavaThread "ForkJoinPool-2-worker-3" daemon [_thread_in_Java, id=22592, stack(0x000000560d400000,0x000000560d500000)]
  0x000001b80c912000 JavaThread "ForkJoinPool-2-worker-5" daemon [_thread_blocked, id=18136, stack(0x000000560d500000,0x000000560d600000)]
  0x000001b80c910800 JavaThread "ForkJoinPool-2-worker-9" daemon [_thread_blocked, id=11652, stack(0x000000560d600000,0x000000560d700000)]
  0x000001b80c917000 JavaThread "ForkJoinPool-2-worker-7" daemon [_thread_blocked, id=20944, stack(0x000000560d700000,0x000000560d800000)]
  0x000001b80c913000 JavaThread "ForkJoinPool-2-worker-11" daemon [_thread_blocked, id=20200, stack(0x000000560d800000,0x000000560d900000)]
  0x000001b80b701000 JavaThread "ForkJoinPool-2-worker-13" daemon [_thread_blocked, id=21720, stack(0x000000560db00000,0x000000560dc00000)]
  0x000001b80b703800 JavaThread "ForkJoinPool-2-worker-15" daemon [_thread_blocked, id=4352, stack(0x000000560dc00000,0x000000560dd00000)]
  0x000001b80b702800 JavaThread "ForkJoinPool-2-worker-1" daemon [_thread_blocked, id=15932, stack(0x000000560dd00000,0x000000560de00000)]

Other Threads:
  0x000001b87f3ae000 VMThread "VM Thread" [stack: 0x0000005608100000,0x0000005608200000] [id=15928]
  0x000001b8001de000 WatcherThread [stack: 0x0000005608b00000,0x0000005608c00000] [id=22476]
  0x000001b862fc8000 GCTaskThread "GC Thread#0" [stack: 0x0000005607c00000,0x0000005607d00000] [id=24168]
  0x000001b800f33800 GCTaskThread "GC Thread#1" [stack: 0x0000005608c00000,0x0000005608d00000] [id=12648]
  0x000001b800be8000 GCTaskThread "GC Thread#2" [stack: 0x0000005608d00000,0x0000005608e00000] [id=13308]
  0x000001b802905800 GCTaskThread "GC Thread#3" [stack: 0x0000005609000000,0x0000005609100000] [id=13248]
  0x000001b801b58800 GCTaskThread "GC Thread#4" [stack: 0x0000005609100000,0x0000005609200000] [id=22568]
  0x000001b801ae0800 GCTaskThread "GC Thread#5" [stack: 0x0000005609200000,0x0000005609300000] [id=23748]
  0x000001b802e29800 GCTaskThread "GC Thread#6" [stack: 0x0000005609d00000,0x0000005609e00000] [id=16896]
  0x000001b802f3f000 GCTaskThread "GC Thread#7" [stack: 0x0000005609e00000,0x0000005609f00000] [id=15692]
  0x000001b862ffb000 ConcurrentGCThread "G1 Main Marker" [stack: 0x0000005607d00000,0x0000005607e00000] [id=24132]
  0x000001b862ffc800 ConcurrentGCThread "G1 Conc#0" [stack: 0x0000005607e00000,0x0000005607f00000] [id=2100]
  0x000001b802b9b000 ConcurrentGCThread "G1 Conc#1" [stack: 0x0000005609f00000,0x000000560a000000] [id=5156]
  0x000001b86307d800 ConcurrentGCThread "G1 Refine#0" [stack: 0x0000005607f00000,0x0000005608000000] [id=23332]
  0x000001b808b8f800 ConcurrentGCThread "G1 Refine#1" [stack: 0x000000560d900000,0x000000560da00000] [id=15456]
  0x000001b808ce2000 ConcurrentGCThread "G1 Refine#2" [stack: 0x000000560da00000,0x000000560db00000] [id=5848]
  0x000001b86307e800 ConcurrentGCThread "G1 Young RemSet Sampling" [stack: 0x0000005608000000,0x0000005608100000] [id=15012]

Threads with active compile tasks:
C2 CompilerThread0  80786 17215 %     4       com.android.tools.r8.dex.j::a @ 315 (1038 bytes)
C2 CompilerThread1  80786 15215   !   4       java.io.ObjectInputStream::readObject0 (671 bytes)

VM state:not at safepoint (normal execution)

VM Mutex/Monitor currently owned by a thread: None

Heap address: 0x0000000080000000, size: 2048 MB, Compressed Oops mode: 32-bit
Narrow klass base: 0x0000000000000000, Narrow klass shift: 3
Compressed class space size: 1073741824 Address: 0x0000000100000000

Heap:
 garbage-first heap   total 319488K, used 176768K [0x0000000080000000, 0x0000000100000000)
  region size 1024K, 35 young (35840K), 2 survivors (2048K)
 Metaspace       used 108205K, capacity 110952K, committed 111052K, reserved 1144832K
  class space    used 13720K, capacity 14725K, committed 14796K, reserved 1048576K
Heap Regions: E=young(eden), S=young(survivor), O=old, HS=humongous(starts), HC=humongous(continues), CS=collection set, F=free, A=archive, TAMS=top-at-mark-start (previous, next)
|   0|0x0000000080000000, 0x0000000080100000, 0x0000000080100000|100%| O|  |TAMS 0x0000000080100000, 0x0000000080000000| Untracked 
|   1|0x0000000080100000, 0x0000000080200000, 0x0000000080200000|100%| O|  |TAMS 0x0000000080200000, 0x0000000080100000| Untracked 
|   2|0x0000000080200000, 0x0000000080300000, 0x0000000080300000|100%| O|  |TAMS 0x0000000080300000, 0x0000000080200000| Untracked 
|   3|0x0000000080300000, 0x0000000080400000, 0x0000000080400000|100%|HS|  |TAMS 0x0000000080400000, 0x0000000080300000| Complete 
|   4|0x0000000080400000, 0x0000000080500000, 0x0000000080500000|100%|HC|  |TAMS 0x0000000080500000, 0x0000000080400000| Complete 
|   5|0x0000000080500000, 0x0000000080600000, 0x0000000080600000|100%|HC|  |TAMS 0x0000000080600000, 0x0000000080500000| Complete 
|   6|0x0000000080600000, 0x0000000080700000, 0x0000000080700000|100%| O|  |TAMS 0x0000000080700000, 0x0000000080600000| Untracked 
|   7|0x0000000080700000, 0x0000000080800000, 0x0000000080800000|100%| O|  |TAMS 0x0000000080800000, 0x0000000080700000| Untracked 
|   8|0x0000000080800000, 0x0000000080900000, 0x0000000080900000|100%| O|  |TAMS 0x0000000080900000, 0x0000000080800000| Untracked 
|   9|0x0000000080900000, 0x0000000080a00000, 0x0000000080a00000|100%| O|  |TAMS 0x0000000080a00000, 0x0000000080900000| Untracked 
|  10|0x0000000080a00000, 0x0000000080b00000, 0x0000000080b00000|100%| O|  |TAMS 0x0000000080b00000, 0x0000000080a00000| Untracked 
|  11|0x0000000080b00000, 0x0000000080c00000, 0x0000000080c00000|100%| O|  |TAMS 0x0000000080c00000, 0x0000000080b00000| Untracked 
|  12|0x0000000080c00000, 0x0000000080d00000, 0x0000000080d00000|100%| O|  |TAMS 0x0000000080d00000, 0x0000000080c00000| Untracked 
|  13|0x0000000080d00000, 0x0000000080e00000, 0x0000000080e00000|100%| O|  |TAMS 0x0000000080e00000, 0x0000000080d00000| Untracked 
|  14|0x0000000080e00000, 0x0000000080f00000, 0x0000000080f00000|100%| O|  |TAMS 0x0000000080f00000, 0x0000000080e00000| Untracked 
|  15|0x0000000080f00000, 0x0000000081000000, 0x0000000081000000|100%|HS|  |TAMS 0x0000000081000000, 0x0000000080f00000| Complete 
|  16|0x0000000081000000, 0x0000000081100000, 0x0000000081100000|100%| O|  |TAMS 0x0000000081100000, 0x0000000081000000| Untracked 
|  17|0x0000000081100000, 0x0000000081200000, 0x0000000081200000|100%| O|  |TAMS 0x0000000081200000, 0x0000000081100000| Untracked 
|  18|0x0000000081200000, 0x0000000081300000, 0x0000000081300000|100%| O|  |TAMS 0x0000000081300000, 0x0000000081200000| Untracked 
|  19|0x0000000081300000, 0x0000000081400000, 0x0000000081400000|100%| O|  |TAMS 0x0000000081400000, 0x0000000081300000| Untracked 
|  20|0x0000000081400000, 0x0000000081500000, 0x0000000081500000|100%| O|  |TAMS 0x0000000081500000, 0x0000000081400000| Untracked 
|  21|0x0000000081500000, 0x0000000081600000, 0x0000000081600000|100%| O|  |TAMS 0x0000000081600000, 0x0000000081500000| Untracked 
|  22|0x0000000081600000, 0x0000000081700000, 0x0000000081700000|100%| O|  |TAMS 0x0000000081700000, 0x0000000081600000| Untracked 
|  23|0x0000000081700000, 0x0000000081800000, 0x0000000081800000|100%| O|  |TAMS 0x0000000081800000, 0x0000000081700000| Untracked 
|  24|0x0000000081800000, 0x0000000081900000, 0x0000000081900000|100%| O|  |TAMS 0x0000000081900000, 0x0000000081800000| Untracked 
|  25|0x0000000081900000, 0x0000000081a00000, 0x0000000081a00000|100%| O|  |TAMS 0x0000000081a00000, 0x0000000081900000| Untracked 
|  26|0x0000000081a00000, 0x0000000081b00000, 0x0000000081b00000|100%| O|  |TAMS 0x0000000081b00000, 0x0000000081a00000| Untracked 
|  27|0x0000000081b00000, 0x0000000081c00000, 0x0000000081c00000|100%|HS|  |TAMS 0x0000000081c00000, 0x0000000081b00000| Complete 
|  28|0x0000000081c00000, 0x0000000081d00000, 0x0000000081d00000|100%|HS|  |TAMS 0x0000000081d00000, 0x0000000081c00000| Complete 
|  29|0x0000000081d00000, 0x0000000081e00000, 0x0000000081e00000|100%|HC|  |TAMS 0x0000000081e00000, 0x0000000081d00000| Complete 
|  30|0x0000000081e00000, 0x0000000081f00000, 0x0000000081f00000|100%| O|  |TAMS 0x0000000081f00000, 0x0000000081e00000| Untracked 
|  31|0x0000000081f00000, 0x0000000082000000, 0x0000000082000000|100%| O|  |TAMS 0x0000000082000000, 0x0000000081f00000| Untracked 
|  32|0x0000000082000000, 0x0000000082100000, 0x0000000082100000|100%| O|  |TAMS 0x0000000082100000, 0x0000000082000000| Untracked 
|  33|0x0000000082100000, 0x0000000082200000, 0x0000000082200000|100%| O|  |TAMS 0x0000000082200000, 0x0000000082100000| Untracked 
|  34|0x0000000082200000, 0x0000000082300000, 0x0000000082300000|100%| O|  |TAMS 0x0000000082300000, 0x0000000082200000| Untracked 
|  35|0x0000000082300000, 0x0000000082400000, 0x0000000082400000|100%| O|  |TAMS 0x0000000082400000, 0x0000000082300000| Untracked 
|  36|0x0000000082400000, 0x0000000082500000, 0x0000000082500000|100%| O|  |TAMS 0x0000000082500000, 0x0000000082400000| Untracked 
|  37|0x0000000082500000, 0x0000000082600000, 0x0000000082600000|100%| O|  |TAMS 0x0000000082600000, 0x0000000082500000| Untracked 
|  38|0x0000000082600000, 0x0000000082700000, 0x0000000082700000|100%| O|  |TAMS 0x0000000082700000, 0x0000000082600000| Untracked 
|  39|0x0000000082700000, 0x0000000082800000, 0x0000000082800000|100%| O|  |TAMS 0x0000000082800000, 0x0000000082700000| Untracked 
|  40|0x0000000082800000, 0x0000000082900000, 0x0000000082900000|100%| O|  |TAMS 0x0000000082900000, 0x0000000082800000| Untracked 
|  41|0x0000000082900000, 0x0000000082a00000, 0x0000000082a00000|100%| O|  |TAMS 0x0000000082a00000, 0x0000000082900000| Untracked 
|  42|0x0000000082a00000, 0x0000000082b00000, 0x0000000082b00000|100%| O|  |TAMS 0x0000000082b00000, 0x0000000082a00000| Untracked 
|  43|0x0000000082b00000, 0x0000000082c00000, 0x0000000082c00000|100%| O|  |TAMS 0x0000000082c00000, 0x0000000082b00000| Untracked 
|  44|0x0000000082c00000, 0x0000000082d00000, 0x0000000082d00000|100%| O|  |TAMS 0x0000000082d00000, 0x0000000082c00000| Untracked 
|  45|0x0000000082d00000, 0x0000000082e00000, 0x0000000082e00000|100%| O|  |TAMS 0x0000000082e00000, 0x0000000082d00000| Untracked 
|  46|0x0000000082e00000, 0x0000000082f00000, 0x0000000082f00000|100%| O|  |TAMS 0x0000000082f00000, 0x0000000082e00000| Untracked 
|  47|0x0000000082f00000, 0x0000000083000000, 0x0000000083000000|100%| O|  |TAMS 0x0000000083000000, 0x0000000082f00000| Untracked 
|  48|0x0000000083000000, 0x0000000083100000, 0x0000000083100000|100%| O|  |TAMS 0x0000000083100000, 0x0000000083000000| Untracked 
|  49|0x0000000083100000, 0x0000000083200000, 0x0000000083200000|100%| O|  |TAMS 0x0000000083200000, 0x0000000083100000| Untracked 
|  50|0x0000000083200000, 0x0000000083300000, 0x0000000083300000|100%| O|  |TAMS 0x0000000083300000, 0x0000000083200000| Untracked 
|  51|0x0000000083300000, 0x0000000083400000, 0x0000000083400000|100%|HS|  |TAMS 0x0000000083400000, 0x0000000083300000| Complete 
|  52|0x0000000083400000, 0x0000000083500000, 0x0000000083500000|100%| O|  |TAMS 0x0000000083500000, 0x0000000083400000| Untracked 
|  53|0x0000000083500000, 0x0000000083600000, 0x0000000083600000|100%| O|  |TAMS 0x0000000083600000, 0x0000000083500000| Untracked 
|  54|0x0000000083600000, 0x0000000083700000, 0x0000000083700000|100%| O|  |TAMS 0x0000000083700000, 0x0000000083600000| Untracked 
|  55|0x0000000083700000, 0x0000000083800000, 0x0000000083800000|100%|HS|  |TAMS 0x0000000083700000, 0x0000000083700000| Complete 
|  56|0x0000000083800000, 0x0000000083900000, 0x0000000083900000|100%| O|  |TAMS 0x0000000083900000, 0x0000000083800000| Untracked 
|  57|0x0000000083900000, 0x0000000083a00000, 0x0000000083a00000|100%| O|  |TAMS 0x0000000083a00000, 0x0000000083900000| Untracked 
|  58|0x0000000083a00000, 0x0000000083b00000, 0x0000000083b00000|100%| O|  |TAMS 0x0000000083b00000, 0x0000000083a00000| Untracked 
|  59|0x0000000083b00000, 0x0000000083c00000, 0x0000000083c00000|100%| O|  |TAMS 0x0000000083c00000, 0x0000000083b00000| Untracked 
|  60|0x0000000083c00000, 0x0000000083d00000, 0x0000000083d00000|100%|HS|  |TAMS 0x0000000083c00000, 0x0000000083c00000| Complete 
|  61|0x0000000083d00000, 0x0000000083e00000, 0x0000000083e00000|100%| O|  |TAMS 0x0000000083e00000, 0x0000000083d00000| Untracked 
|  62|0x0000000083e00000, 0x0000000083f00000, 0x0000000083f00000|100%| O|  |TAMS 0x0000000083f00000, 0x0000000083e00000| Untracked 
|  63|0x0000000083f00000, 0x0000000084000000, 0x0000000084000000|100%| O|  |TAMS 0x0000000084000000, 0x0000000083f00000| Untracked 
|  64|0x0000000084000000, 0x0000000084100000, 0x0000000084100000|100%| O|  |TAMS 0x0000000084100000, 0x0000000084000000| Untracked 
|  65|0x0000000084100000, 0x0000000084200000, 0x0000000084200000|100%| O|  |TAMS 0x0000000084200000, 0x0000000084100000| Untracked 
|  66|0x0000000084200000, 0x0000000084300000, 0x0000000084300000|100%| O|  |TAMS 0x0000000084300000, 0x0000000084200000| Untracked 
|  67|0x0000000084300000, 0x0000000084400000, 0x0000000084400000|100%| O|  |TAMS 0x0000000084400000, 0x0000000084300000| Untracked 
|  68|0x0000000084400000, 0x0000000084500000, 0x0000000084500000|100%| O|  |TAMS 0x0000000084500000, 0x0000000084400000| Untracked 
|  69|0x0000000084500000, 0x0000000084600000, 0x0000000084600000|100%| O|  |TAMS 0x0000000084600000, 0x0000000084500000| Untracked 
|  70|0x0000000084600000, 0x0000000084700000, 0x0000000084700000|100%| O|  |TAMS 0x0000000084700000, 0x0000000084600000| Untracked 
|  71|0x0000000084700000, 0x0000000084800000, 0x0000000084800000|100%| O|  |TAMS 0x0000000084800000, 0x0000000084700000| Untracked 
|  72|0x0000000084800000, 0x0000000084900000, 0x0000000084900000|100%| O|  |TAMS 0x0000000084900000, 0x0000000084800000| Untracked 
|  73|0x0000000084900000, 0x0000000084a00000, 0x0000000084a00000|100%| O|  |TAMS 0x0000000084a00000, 0x0000000084900000| Untracked 
|  74|0x0000000084a00000, 0x0000000084a00000, 0x0000000084b00000|  0%| F|  |TAMS 0x0000000084a00000, 0x0000000084a00000| Untracked 
|  75|0x0000000084b00000, 0x0000000084b00000, 0x0000000084c00000|  0%| F|  |TAMS 0x0000000084b00000, 0x0000000084b00000| Untracked 
|  76|0x0000000084c00000, 0x0000000084d00000, 0x0000000084d00000|100%| O|  |TAMS 0x0000000084d00000, 0x0000000084c00000| Untracked 
|  77|0x0000000084d00000, 0x0000000084e00000, 0x0000000084e00000|100%|HS|  |TAMS 0x0000000084e00000, 0x0000000084d00000| Complete 
|  78|0x0000000084e00000, 0x0000000084f00000, 0x0000000084f00000|100%|HC|  |TAMS 0x0000000084f00000, 0x0000000084e00000| Complete 
|  79|0x0000000084f00000, 0x0000000085000000, 0x0000000085000000|100%|HS|  |TAMS 0x0000000085000000, 0x0000000084f00000| Complete 
|  80|0x0000000085000000, 0x0000000085100000, 0x0000000085100000|100%| O|  |TAMS 0x0000000085100000, 0x0000000085000000| Untracked 
|  81|0x0000000085100000, 0x0000000085100000, 0x0000000085200000|  0%| F|  |TAMS 0x0000000085100000, 0x0000000085100000| Untracked 
|  82|0x0000000085200000, 0x0000000085300000, 0x0000000085300000|100%| O|  |TAMS 0x0000000085300000, 0x0000000085200000| Untracked 
|  83|0x0000000085300000, 0x0000000085400000, 0x0000000085400000|100%| O|  |TAMS 0x0000000085400000, 0x0000000085300000| Untracked 
|  84|0x0000000085400000, 0x0000000085500000, 0x0000000085500000|100%| O|  |TAMS 0x0000000085400000, 0x0000000085400000| Untracked 
|  85|0x0000000085500000, 0x0000000085600000, 0x0000000085600000|100%| O|  |TAMS 0x0000000085500000, 0x0000000085500000| Untracked 
|  86|0x0000000085600000, 0x0000000085600000, 0x0000000085700000|  0%| F|  |TAMS 0x0000000085600000, 0x0000000085600000| Untracked 
|  87|0x0000000085700000, 0x0000000085700000, 0x0000000085800000|  0%| F|  |TAMS 0x0000000085700000, 0x0000000085700000| Untracked 
|  88|0x0000000085800000, 0x0000000085800000, 0x0000000085900000|  0%| F|  |TAMS 0x0000000085800000, 0x0000000085800000| Untracked 
|  89|0x0000000085900000, 0x0000000085a00000, 0x0000000085a00000|100%| O|  |TAMS 0x0000000085a00000, 0x0000000085900000| Untracked 
|  90|0x0000000085a00000, 0x0000000085a00000, 0x0000000085b00000|  0%| F|  |TAMS 0x0000000085a00000, 0x0000000085a00000| Untracked 
|  91|0x0000000085b00000, 0x0000000085c00000, 0x0000000085c00000|100%| O|  |TAMS 0x0000000085b00000, 0x0000000085b00000| Untracked 
|  92|0x0000000085c00000, 0x0000000085d00000, 0x0000000085d00000|100%| O|  |TAMS 0x0000000085d00000, 0x0000000085c00000| Untracked 
|  93|0x0000000085d00000, 0x0000000085d00000, 0x0000000085e00000|  0%| F|  |TAMS 0x0000000085d00000, 0x0000000085d00000| Untracked 
|  94|0x0000000085e00000, 0x0000000085e00000, 0x0000000085f00000|  0%| F|  |TAMS 0x0000000085e00000, 0x0000000085e00000| Untracked 
|  95|0x0000000085f00000, 0x0000000086000000, 0x0000000086000000|100%|HS|  |TAMS 0x0000000085f00000, 0x0000000085f00000| Complete 
|  96|0x0000000086000000, 0x0000000086100000, 0x0000000086100000|100%| O|  |TAMS 0x0000000086000000, 0x0000000086000000| Untracked 
|  97|0x0000000086100000, 0x0000000086200000, 0x0000000086200000|100%| O|  |TAMS 0x0000000086100000, 0x0000000086100000| Untracked 
|  98|0x0000000086200000, 0x0000000086200000, 0x0000000086300000|  0%| F|  |TAMS 0x0000000086200000, 0x0000000086200000| Untracked 
|  99|0x0000000086300000, 0x0000000086300000, 0x0000000086400000|  0%| F|  |TAMS 0x0000000086300000, 0x0000000086300000| Untracked 
| 100|0x0000000086400000, 0x0000000086500000, 0x0000000086500000|100%| O|  |TAMS 0x0000000086500000, 0x0000000086400000| Untracked 
| 101|0x0000000086500000, 0x0000000086500000, 0x0000000086600000|  0%| F|  |TAMS 0x0000000086500000, 0x0000000086500000| Untracked 
| 102|0x0000000086600000, 0x0000000086700000, 0x0000000086700000|100%| O|  |TAMS 0x0000000086700000, 0x0000000086600000| Untracked 
| 103|0x0000000086700000, 0x0000000086800000, 0x0000000086800000|100%| O|  |TAMS 0x0000000086700000, 0x0000000086700000| Untracked 
| 104|0x0000000086800000, 0x0000000086800000, 0x0000000086900000|  0%| F|  |TAMS 0x0000000086800000, 0x0000000086800000| Untracked 
| 105|0x0000000086900000, 0x0000000086900000, 0x0000000086a00000|  0%| F|  |TAMS 0x0000000086900000, 0x0000000086900000| Untracked 
| 106|0x0000000086a00000, 0x0000000086b00000, 0x0000000086b00000|100%| O|  |TAMS 0x0000000086a00000, 0x0000000086a00000| Untracked 
| 107|0x0000000086b00000, 0x0000000086c00000, 0x0000000086c00000|100%| O|  |TAMS 0x0000000086c00000, 0x0000000086b00000| Untracked 
| 108|0x0000000086c00000, 0x0000000086c00000, 0x0000000086d00000|  0%| F|  |TAMS 0x0000000086c00000, 0x0000000086c00000| Untracked 
| 109|0x0000000086d00000, 0x0000000086d00000, 0x0000000086e00000|  0%| F|  |TAMS 0x0000000086d00000, 0x0000000086d00000| Untracked 
| 110|0x0000000086e00000, 0x0000000086e00000, 0x0000000086f00000|  0%| F|  |TAMS 0x0000000086e00000, 0x0000000086e00000| Untracked 
| 111|0x0000000086f00000, 0x0000000086f00000, 0x0000000087000000|  0%| F|  |TAMS 0x0000000086f00000, 0x0000000086f00000| Untracked 
| 112|0x0000000087000000, 0x0000000087100000, 0x0000000087100000|100%| O|  |TAMS 0x0000000087100000, 0x0000000087000000| Untracked 
| 113|0x0000000087100000, 0x0000000087200000, 0x0000000087200000|100%| O|  |TAMS 0x0000000087200000, 0x0000000087100000| Untracked 
| 114|0x0000000087200000, 0x0000000087200000, 0x0000000087300000|  0%| F|  |TAMS 0x0000000087200000, 0x0000000087200000| Untracked 
| 115|0x0000000087300000, 0x0000000087400000, 0x0000000087400000|100%| O|  |TAMS 0x0000000087400000, 0x0000000087300000| Untracked 
| 116|0x0000000087400000, 0x0000000087500000, 0x0000000087500000|100%| O|  |TAMS 0x0000000087500000, 0x0000000087400000| Untracked 
| 117|0x0000000087500000, 0x0000000087600000, 0x0000000087600000|100%| O|  |TAMS 0x0000000087600000, 0x0000000087500000| Untracked 
| 118|0x0000000087600000, 0x0000000087700000, 0x0000000087700000|100%| O|  |TAMS 0x0000000087700000, 0x0000000087600000| Untracked 
| 119|0x0000000087700000, 0x0000000087800000, 0x0000000087800000|100%| O|  |TAMS 0x0000000087800000, 0x0000000087700000| Untracked 
| 120|0x0000000087800000, 0x0000000087900000, 0x0000000087900000|100%| O|  |TAMS 0x0000000087900000, 0x0000000087800000| Untracked 
| 121|0x0000000087900000, 0x0000000087900000, 0x0000000087a00000|  0%| F|  |TAMS 0x0000000087900000, 0x0000000087900000| Untracked 
| 122|0x0000000087a00000, 0x0000000087b00000, 0x0000000087b00000|100%| O|  |TAMS 0x0000000087b00000, 0x0000000087a00000| Untracked 
| 123|0x0000000087b00000, 0x0000000087b00000, 0x0000000087c00000|  0%| F|  |TAMS 0x0000000087b00000, 0x0000000087b00000| Untracked 
| 124|0x0000000087c00000, 0x0000000087d00000, 0x0000000087d00000|100%| O|  |TAMS 0x0000000087d00000, 0x0000000087c00000| Untracked 
| 125|0x0000000087d00000, 0x0000000087d00000, 0x0000000087e00000|  0%| F|  |TAMS 0x0000000087d00000, 0x0000000087d00000| Untracked 
| 126|0x0000000087e00000, 0x0000000087f00000, 0x0000000087f00000|100%| O|  |TAMS 0x0000000087f00000, 0x0000000087e00000| Untracked 
| 127|0x0000000087f00000, 0x0000000088000000, 0x0000000088000000|100%| O|  |TAMS 0x0000000088000000, 0x0000000087f00000| Untracked 
| 128|0x0000000088000000, 0x0000000088000000, 0x0000000088100000|  0%| F|  |TAMS 0x0000000088000000, 0x0000000088000000| Untracked 
| 129|0x0000000088100000, 0x0000000088100000, 0x0000000088200000|  0%| F|  |TAMS 0x0000000088100000, 0x0000000088100000| Untracked 
| 130|0x0000000088200000, 0x0000000088200000, 0x0000000088300000|  0%| F|  |TAMS 0x0000000088200000, 0x0000000088200000| Untracked 
| 131|0x0000000088300000, 0x0000000088400000, 0x0000000088400000|100%| O|  |TAMS 0x0000000088400000, 0x0000000088300000| Untracked 
| 132|0x0000000088400000, 0x0000000088400000, 0x0000000088500000|  0%| F|  |TAMS 0x0000000088400000, 0x0000000088400000| Untracked 
| 133|0x0000000088500000, 0x0000000088600000, 0x0000000088600000|100%| O|  |TAMS 0x0000000088600000, 0x0000000088500000| Untracked 
| 134|0x0000000088600000, 0x0000000088700000, 0x0000000088700000|100%| O|  |TAMS 0x0000000088700000, 0x0000000088600000| Untracked 
| 135|0x0000000088700000, 0x0000000088800000, 0x0000000088800000|100%| O|  |TAMS 0x0000000088800000, 0x0000000088700000| Untracked 
| 136|0x0000000088800000, 0x0000000088900000, 0x0000000088900000|100%| O|  |TAMS 0x0000000088900000, 0x0000000088800000| Untracked 
| 137|0x0000000088900000, 0x0000000088a00000, 0x0000000088a00000|100%| O|  |TAMS 0x0000000088a00000, 0x0000000088900000| Untracked 
| 138|0x0000000088a00000, 0x0000000088b00000, 0x0000000088b00000|100%| O|  |TAMS 0x0000000088b00000, 0x0000000088a00000| Untracked 
| 139|0x0000000088b00000, 0x0000000088c00000, 0x0000000088c00000|100%| O|  |TAMS 0x0000000088c00000, 0x0000000088b00000| Untracked 
| 140|0x0000000088c00000, 0x0000000088d00000, 0x0000000088d00000|100%| O|  |TAMS 0x0000000088d00000, 0x0000000088c00000| Untracked 
| 141|0x0000000088d00000, 0x0000000088e00000, 0x0000000088e00000|100%| O|  |TAMS 0x0000000088e00000, 0x0000000088d00000| Untracked 
| 142|0x0000000088e00000, 0x0000000088f00000, 0x0000000088f00000|100%| O|  |TAMS 0x0000000088f00000, 0x0000000088e00000| Untracked 
| 143|0x0000000088f00000, 0x0000000089000000, 0x0000000089000000|100%| O|  |TAMS 0x0000000089000000, 0x0000000088f00000| Untracked 
| 144|0x0000000089000000, 0x0000000089100000, 0x0000000089100000|100%| O|  |TAMS 0x0000000089100000, 0x0000000089000000| Untracked 
| 145|0x0000000089100000, 0x0000000089200000, 0x0000000089200000|100%| O|  |TAMS 0x0000000089200000, 0x0000000089100000| Untracked 
| 146|0x0000000089200000, 0x0000000089300000, 0x0000000089300000|100%| O|  |TAMS 0x0000000089300000, 0x0000000089200000| Untracked 
| 147|0x0000000089300000, 0x0000000089400000, 0x0000000089400000|100%| O|  |TAMS 0x0000000089400000, 0x0000000089300000| Untracked 
| 148|0x0000000089400000, 0x0000000089500000, 0x0000000089500000|100%| O|  |TAMS 0x0000000089500000, 0x0000000089400000| Untracked 
| 149|0x0000000089500000, 0x0000000089600000, 0x0000000089600000|100%| O|  |TAMS 0x0000000089600000, 0x0000000089500000| Untracked 
| 150|0x0000000089600000, 0x0000000089700000, 0x0000000089700000|100%| O|  |TAMS 0x0000000089700000, 0x0000000089600000| Untracked 
| 151|0x0000000089700000, 0x0000000089800000, 0x0000000089800000|100%| O|  |TAMS 0x0000000089800000, 0x0000000089700000| Untracked 
| 152|0x0000000089800000, 0x0000000089900000, 0x0000000089900000|100%| O|  |TAMS 0x0000000089900000, 0x0000000089800000| Untracked 
| 153|0x0000000089900000, 0x0000000089900000, 0x0000000089a00000|  0%| F|  |TAMS 0x0000000089900000, 0x0000000089900000| Untracked 
| 154|0x0000000089a00000, 0x0000000089a00000, 0x0000000089b00000|  0%| F|  |TAMS 0x0000000089a00000, 0x0000000089a00000| Untracked 
| 155|0x0000000089b00000, 0x0000000089c00000, 0x0000000089c00000|100%| O|  |TAMS 0x0000000089c00000, 0x0000000089b00000| Untracked 
| 156|0x0000000089c00000, 0x0000000089d00000, 0x0000000089d00000|100%| O|  |TAMS 0x0000000089d00000, 0x0000000089c00000| Untracked 
| 157|0x0000000089d00000, 0x0000000089e00000, 0x0000000089e00000|100%| O|  |TAMS 0x0000000089e00000, 0x0000000089d00000| Untracked 
| 158|0x0000000089e00000, 0x0000000089f00000, 0x0000000089f00000|100%| O|  |TAMS 0x0000000089f00000, 0x0000000089e00000| Untracked 
| 159|0x0000000089f00000, 0x000000008a000000, 0x000000008a000000|100%| O|  |TAMS 0x000000008a000000, 0x0000000089f00000| Untracked 
| 160|0x000000008a000000, 0x000000008a100000, 0x000000008a100000|100%|HS|  |TAMS 0x000000008a000000, 0x000000008a000000| Complete 
| 161|0x000000008a100000, 0x000000008a200000, 0x000000008a200000|100%|HS|  |TAMS 0x000000008a100000, 0x000000008a100000| Complete 
| 162|0x000000008a200000, 0x000000008a300000, 0x000000008a300000|100%| O|  |TAMS 0x000000008a200000, 0x000000008a200000| Untracked 
| 163|0x000000008a300000, 0x000000008a400000, 0x000000008a400000|100%| O|  |TAMS 0x000000008a300000, 0x000000008a300000| Untracked 
| 164|0x000000008a400000, 0x000000008a500000, 0x000000008a500000|100%| O|  |TAMS 0x000000008a400000, 0x000000008a400000| Untracked 
| 165|0x000000008a500000, 0x000000008a600000, 0x000000008a600000|100%| O|  |TAMS 0x000000008a500000, 0x000000008a500000| Untracked 
| 166|0x000000008a600000, 0x000000008a700000, 0x000000008a700000|100%| O|  |TAMS 0x000000008a600000, 0x000000008a600000| Untracked 
| 167|0x000000008a700000, 0x000000008a7a0200, 0x000000008a800000| 62%| O|  |TAMS 0x000000008a700000, 0x000000008a700000| Untracked 
| 168|0x000000008a800000, 0x000000008a800000, 0x000000008a900000|  0%| F|  |TAMS 0x000000008a800000, 0x000000008a800000| Untracked 
| 169|0x000000008a900000, 0x000000008a900000, 0x000000008aa00000|  0%| F|  |TAMS 0x000000008a900000, 0x000000008a900000| Untracked 
| 170|0x000000008aa00000, 0x000000008aa00000, 0x000000008ab00000|  0%| F|  |TAMS 0x000000008aa00000, 0x000000008aa00000| Untracked 
| 171|0x000000008ab00000, 0x000000008ab00000, 0x000000008ac00000|  0%| F|  |TAMS 0x000000008ab00000, 0x000000008ab00000| Untracked 
| 172|0x000000008ac00000, 0x000000008ac00000, 0x000000008ad00000|  0%| F|  |TAMS 0x000000008ac00000, 0x000000008ac00000| Untracked 
| 173|0x000000008ad00000, 0x000000008ad00000, 0x000000008ae00000|  0%| F|  |TAMS 0x000000008ad00000, 0x000000008ad00000| Untracked 
| 174|0x000000008ae00000, 0x000000008ae00000, 0x000000008af00000|  0%| F|  |TAMS 0x000000008ae00000, 0x000000008ae00000| Untracked 
| 175|0x000000008af00000, 0x000000008af00000, 0x000000008b000000|  0%| F|  |TAMS 0x000000008af00000, 0x000000008af00000| Untracked 
| 176|0x000000008b000000, 0x000000008b000000, 0x000000008b100000|  0%| F|  |TAMS 0x000000008b000000, 0x000000008b000000| Untracked 
| 177|0x000000008b100000, 0x000000008b100000, 0x000000008b200000|  0%| F|  |TAMS 0x000000008b100000, 0x000000008b100000| Untracked 
| 178|0x000000008b200000, 0x000000008b200000, 0x000000008b300000|  0%| F|  |TAMS 0x000000008b200000, 0x000000008b200000| Untracked 
| 179|0x000000008b300000, 0x000000008b300000, 0x000000008b400000|  0%| F|  |TAMS 0x000000008b300000, 0x000000008b300000| Untracked 
| 180|0x000000008b400000, 0x000000008b400000, 0x000000008b500000|  0%| F|  |TAMS 0x000000008b400000, 0x000000008b400000| Untracked 
| 181|0x000000008b500000, 0x000000008b500000, 0x000000008b600000|  0%| F|  |TAMS 0x000000008b500000, 0x000000008b500000| Untracked 
| 182|0x000000008b600000, 0x000000008b600000, 0x000000008b700000|  0%| F|  |TAMS 0x000000008b600000, 0x000000008b600000| Untracked 
| 183|0x000000008b700000, 0x000000008b700000, 0x000000008b800000|  0%| F|  |TAMS 0x000000008b700000, 0x000000008b700000| Untracked 
| 184|0x000000008b800000, 0x000000008b800000, 0x000000008b900000|  0%| F|  |TAMS 0x000000008b800000, 0x000000008b800000| Untracked 
| 185|0x000000008b900000, 0x000000008b900000, 0x000000008ba00000|  0%| F|  |TAMS 0x000000008b900000, 0x000000008b900000| Untracked 
| 186|0x000000008ba00000, 0x000000008ba00000, 0x000000008bb00000|  0%| F|  |TAMS 0x000000008ba00000, 0x000000008ba00000| Untracked 
| 187|0x000000008bb00000, 0x000000008bb00000, 0x000000008bc00000|  0%| F|  |TAMS 0x000000008bb00000, 0x000000008bb00000| Untracked 
| 188|0x000000008bc00000, 0x000000008bc00000, 0x000000008bd00000|  0%| F|  |TAMS 0x000000008bc00000, 0x000000008bc00000| Untracked 
| 189|0x000000008bd00000, 0x000000008bd00000, 0x000000008be00000|  0%| F|  |TAMS 0x000000008bd00000, 0x000000008bd00000| Untracked 
| 190|0x000000008be00000, 0x000000008be00000, 0x000000008bf00000|  0%| F|  |TAMS 0x000000008be00000, 0x000000008be00000| Untracked 
| 191|0x000000008bf00000, 0x000000008bf00000, 0x000000008c000000|  0%| F|  |TAMS 0x000000008bf00000, 0x000000008bf00000| Untracked 
| 192|0x000000008c000000, 0x000000008c000000, 0x000000008c100000|  0%| F|  |TAMS 0x000000008c000000, 0x000000008c000000| Untracked 
| 193|0x000000008c100000, 0x000000008c100000, 0x000000008c200000|  0%| F|  |TAMS 0x000000008c100000, 0x000000008c100000| Untracked 
| 194|0x000000008c200000, 0x000000008c200000, 0x000000008c300000|  0%| F|  |TAMS 0x000000008c200000, 0x000000008c200000| Untracked 
| 195|0x000000008c300000, 0x000000008c300000, 0x000000008c400000|  0%| F|  |TAMS 0x000000008c300000, 0x000000008c300000| Untracked 
| 196|0x000000008c400000, 0x000000008c400000, 0x000000008c500000|  0%| F|  |TAMS 0x000000008c400000, 0x000000008c400000| Untracked 
| 197|0x000000008c500000, 0x000000008c500000, 0x000000008c600000|  0%| F|  |TAMS 0x000000008c500000, 0x000000008c500000| Untracked 
| 198|0x000000008c600000, 0x000000008c600000, 0x000000008c700000|  0%| F|  |TAMS 0x000000008c600000, 0x000000008c600000| Untracked 
| 199|0x000000008c700000, 0x000000008c700000, 0x000000008c800000|  0%| F|  |TAMS 0x000000008c700000, 0x000000008c700000| Untracked 
| 200|0x000000008c800000, 0x000000008c800000, 0x000000008c900000|  0%| F|  |TAMS 0x000000008c800000, 0x000000008c800000| Untracked 
| 201|0x000000008c900000, 0x000000008c900000, 0x000000008ca00000|  0%| F|  |TAMS 0x000000008c900000, 0x000000008c900000| Untracked 
| 202|0x000000008ca00000, 0x000000008ca00000, 0x000000008cb00000|  0%| F|  |TAMS 0x000000008ca00000, 0x000000008ca00000| Untracked 
| 203|0x000000008cb00000, 0x000000008cb00000, 0x000000008cc00000|  0%| F|  |TAMS 0x000000008cb00000, 0x000000008cb00000| Untracked 
| 204|0x000000008cc00000, 0x000000008cc00000, 0x000000008cd00000|  0%| F|  |TAMS 0x000000008cc00000, 0x000000008cc00000| Untracked 
| 205|0x000000008cd00000, 0x000000008cd00000, 0x000000008ce00000|  0%| F|  |TAMS 0x000000008cd00000, 0x000000008cd00000| Untracked 
| 206|0x000000008ce00000, 0x000000008ce00000, 0x000000008cf00000|  0%| F|  |TAMS 0x000000008ce00000, 0x000000008ce00000| Untracked 
| 207|0x000000008cf00000, 0x000000008cf00000, 0x000000008d000000|  0%| F|  |TAMS 0x000000008cf00000, 0x000000008cf00000| Untracked 
| 208|0x000000008d000000, 0x000000008d000000, 0x000000008d100000|  0%| F|  |TAMS 0x000000008d000000, 0x000000008d000000| Untracked 
| 209|0x000000008d100000, 0x000000008d100000, 0x000000008d200000|  0%| F|  |TAMS 0x000000008d100000, 0x000000008d100000| Untracked 
| 210|0x000000008d200000, 0x000000008d200000, 0x000000008d300000|  0%| F|  |TAMS 0x000000008d200000, 0x000000008d200000| Untracked 
| 211|0x000000008d300000, 0x000000008d300000, 0x000000008d400000|  0%| F|  |TAMS 0x000000008d300000, 0x000000008d300000| Untracked 
| 212|0x000000008d400000, 0x000000008d400000, 0x000000008d500000|  0%| F|  |TAMS 0x000000008d400000, 0x000000008d400000| Untracked 
| 213|0x000000008d500000, 0x000000008d500000, 0x000000008d600000|  0%| F|  |TAMS 0x000000008d500000, 0x000000008d500000| Untracked 
| 214|0x000000008d600000, 0x000000008d600000, 0x000000008d700000|  0%| F|  |TAMS 0x000000008d600000, 0x000000008d600000| Untracked 
| 215|0x000000008d700000, 0x000000008d700000, 0x000000008d800000|  0%| F|  |TAMS 0x000000008d700000, 0x000000008d700000| Untracked 
| 216|0x000000008d800000, 0x000000008d800000, 0x000000008d900000|  0%| F|  |TAMS 0x000000008d800000, 0x000000008d800000| Untracked 
| 217|0x000000008d900000, 0x000000008d900000, 0x000000008da00000|  0%| F|  |TAMS 0x000000008d900000, 0x000000008d900000| Untracked 
| 218|0x000000008da00000, 0x000000008da00000, 0x000000008db00000|  0%| F|  |TAMS 0x000000008da00000, 0x000000008da00000| Untracked 
| 219|0x000000008db00000, 0x000000008db00000, 0x000000008dc00000|  0%| F|  |TAMS 0x000000008db00000, 0x000000008db00000| Untracked 
| 220|0x000000008dc00000, 0x000000008dc00000, 0x000000008dd00000|  0%| F|  |TAMS 0x000000008dc00000, 0x000000008dc00000| Untracked 
| 221|0x000000008dd00000, 0x000000008dd00000, 0x000000008de00000|  0%| F|  |TAMS 0x000000008dd00000, 0x000000008dd00000| Untracked 
| 222|0x000000008de00000, 0x000000008de00000, 0x000000008df00000|  0%| F|  |TAMS 0x000000008de00000, 0x000000008de00000| Untracked 
| 223|0x000000008df00000, 0x000000008df00000, 0x000000008e000000|  0%| F|  |TAMS 0x000000008df00000, 0x000000008df00000| Untracked 
| 224|0x000000008e000000, 0x000000008e000000, 0x000000008e100000|  0%| F|  |TAMS 0x000000008e000000, 0x000000008e000000| Untracked 
| 225|0x000000008e100000, 0x000000008e100000, 0x000000008e200000|  0%| F|  |TAMS 0x000000008e100000, 0x000000008e100000| Untracked 
| 226|0x000000008e200000, 0x000000008e200000, 0x000000008e300000|  0%| F|  |TAMS 0x000000008e200000, 0x000000008e200000| Untracked 
| 227|0x000000008e300000, 0x000000008e300000, 0x000000008e400000|  0%| F|  |TAMS 0x000000008e300000, 0x000000008e300000| Untracked 
| 228|0x000000008e400000, 0x000000008e400000, 0x000000008e500000|  0%| F|  |TAMS 0x000000008e400000, 0x000000008e400000| Untracked 
| 229|0x000000008e500000, 0x000000008e500000, 0x000000008e600000|  0%| F|  |TAMS 0x000000008e500000, 0x000000008e500000| Untracked 
| 230|0x000000008e600000, 0x000000008e600000, 0x000000008e700000|  0%| F|  |TAMS 0x000000008e600000, 0x000000008e600000| Untracked 
| 231|0x000000008e700000, 0x000000008e700000, 0x000000008e800000|  0%| F|  |TAMS 0x000000008e700000, 0x000000008e700000| Untracked 
| 232|0x000000008e800000, 0x000000008e800000, 0x000000008e900000|  0%| F|  |TAMS 0x000000008e800000, 0x000000008e800000| Untracked 
| 233|0x000000008e900000, 0x000000008e900000, 0x000000008ea00000|  0%| F|  |TAMS 0x000000008e900000, 0x000000008e900000| Untracked 
| 234|0x000000008ea00000, 0x000000008ea00000, 0x000000008eb00000|  0%| F|  |TAMS 0x000000008ea00000, 0x000000008ea00000| Untracked 
| 235|0x000000008eb00000, 0x000000008eb00000, 0x000000008ec00000|  0%| F|  |TAMS 0x000000008eb00000, 0x000000008eb00000| Untracked 
| 236|0x000000008ec00000, 0x000000008ec00000, 0x000000008ed00000|  0%| F|  |TAMS 0x000000008ec00000, 0x000000008ec00000| Untracked 
| 237|0x000000008ed00000, 0x000000008ed00000, 0x000000008ee00000|  0%| F|  |TAMS 0x000000008ed00000, 0x000000008ed00000| Untracked 
| 238|0x000000008ee00000, 0x000000008ee00000, 0x000000008ef00000|  0%| F|  |TAMS 0x000000008ee00000, 0x000000008ee00000| Untracked 
| 239|0x000000008ef00000, 0x000000008ef00000, 0x000000008f000000|  0%| F|  |TAMS 0x000000008ef00000, 0x000000008ef00000| Untracked 
| 240|0x000000008f000000, 0x000000008f000000, 0x000000008f100000|  0%| F|  |TAMS 0x000000008f000000, 0x000000008f000000| Untracked 
| 241|0x000000008f100000, 0x000000008f100000, 0x000000008f200000|  0%| F|  |TAMS 0x000000008f100000, 0x000000008f100000| Untracked 
| 242|0x000000008f200000, 0x000000008f200000, 0x000000008f300000|  0%| F|  |TAMS 0x000000008f200000, 0x000000008f200000| Untracked 
| 243|0x000000008f300000, 0x000000008f300000, 0x000000008f400000|  0%| F|  |TAMS 0x000000008f300000, 0x000000008f300000| Untracked 
| 244|0x000000008f400000, 0x000000008f400000, 0x000000008f500000|  0%| F|  |TAMS 0x000000008f400000, 0x000000008f400000| Untracked 
| 245|0x000000008f500000, 0x000000008f500000, 0x000000008f600000|  0%| F|  |TAMS 0x000000008f500000, 0x000000008f500000| Untracked 
| 246|0x000000008f600000, 0x000000008f600000, 0x000000008f700000|  0%| F|  |TAMS 0x000000008f600000, 0x000000008f600000| Untracked 
| 247|0x000000008f700000, 0x000000008f700000, 0x000000008f800000|  0%| F|  |TAMS 0x000000008f700000, 0x000000008f700000| Untracked 
| 248|0x000000008f800000, 0x000000008f800000, 0x000000008f900000|  0%| F|  |TAMS 0x000000008f800000, 0x000000008f800000| Untracked 
| 249|0x000000008f900000, 0x000000008f900000, 0x000000008fa00000|  0%| F|  |TAMS 0x000000008f900000, 0x000000008f900000| Untracked 
| 250|0x000000008fa00000, 0x000000008fa00000, 0x000000008fb00000|  0%| F|  |TAMS 0x000000008fa00000, 0x000000008fa00000| Untracked 
| 251|0x000000008fb00000, 0x000000008fb00000, 0x000000008fc00000|  0%| F|  |TAMS 0x000000008fb00000, 0x000000008fb00000| Untracked 
| 252|0x000000008fc00000, 0x000000008fc00000, 0x000000008fd00000|  0%| F|  |TAMS 0x000000008fc00000, 0x000000008fc00000| Untracked 
| 253|0x000000008fd00000, 0x000000008fd00000, 0x000000008fe00000|  0%| F|  |TAMS 0x000000008fd00000, 0x000000008fd00000| Untracked 
| 254|0x000000008fe00000, 0x000000008fe00000, 0x000000008ff00000|  0%| F|  |TAMS 0x000000008fe00000, 0x000000008fe00000| Untracked 
| 255|0x000000008ff00000, 0x000000008ff00000, 0x0000000090000000|  0%| F|  |TAMS 0x000000008ff00000, 0x000000008ff00000| Untracked 
| 256|0x0000000090000000, 0x0000000090000000, 0x0000000090100000|  0%| F|  |TAMS 0x0000000090000000, 0x0000000090000000| Untracked 
| 257|0x0000000090100000, 0x0000000090100000, 0x0000000090200000|  0%| F|  |TAMS 0x0000000090100000, 0x0000000090100000| Untracked 
| 258|0x0000000090200000, 0x0000000090200000, 0x0000000090300000|  0%| F|  |TAMS 0x0000000090200000, 0x0000000090200000| Untracked 
| 259|0x0000000090300000, 0x0000000090300000, 0x0000000090400000|  0%| F|  |TAMS 0x0000000090300000, 0x0000000090300000| Untracked 
| 260|0x0000000090400000, 0x0000000090400000, 0x0000000090500000|  0%| F|  |TAMS 0x0000000090400000, 0x0000000090400000| Untracked 
| 261|0x0000000090500000, 0x0000000090500000, 0x0000000090600000|  0%| F|  |TAMS 0x0000000090500000, 0x0000000090500000| Untracked 
| 262|0x0000000090600000, 0x0000000090600000, 0x0000000090700000|  0%| F|  |TAMS 0x0000000090600000, 0x0000000090600000| Untracked 
| 263|0x0000000090700000, 0x0000000090700000, 0x0000000090800000|  0%| F|  |TAMS 0x0000000090700000, 0x0000000090700000| Untracked 
| 264|0x0000000090800000, 0x0000000090800000, 0x0000000090900000|  0%| F|  |TAMS 0x0000000090800000, 0x0000000090800000| Untracked 
| 265|0x0000000090900000, 0x0000000090900000, 0x0000000090a00000|  0%| F|  |TAMS 0x0000000090900000, 0x0000000090900000| Untracked 
| 266|0x0000000090a00000, 0x0000000090a00000, 0x0000000090b00000|  0%| F|  |TAMS 0x0000000090a00000, 0x0000000090a00000| Untracked 
| 267|0x0000000090b00000, 0x0000000090b00000, 0x0000000090c00000|  0%| F|  |TAMS 0x0000000090b00000, 0x0000000090b00000| Untracked 
| 268|0x0000000090c00000, 0x0000000090c00000, 0x0000000090d00000|  0%| F|  |TAMS 0x0000000090c00000, 0x0000000090c00000| Untracked 
| 269|0x0000000090d00000, 0x0000000090d00000, 0x0000000090e00000|  0%| F|  |TAMS 0x0000000090d00000, 0x0000000090d00000| Untracked 
| 270|0x0000000090e00000, 0x0000000090e00000, 0x0000000090f00000|  0%| F|  |TAMS 0x0000000090e00000, 0x0000000090e00000| Untracked 
| 271|0x0000000090f00000, 0x0000000090f00000, 0x0000000091000000|  0%| F|  |TAMS 0x0000000090f00000, 0x0000000090f00000| Untracked 
| 272|0x0000000091000000, 0x0000000091000000, 0x0000000091100000|  0%| F|  |TAMS 0x0000000091000000, 0x0000000091000000| Untracked 
| 273|0x0000000091100000, 0x0000000091100000, 0x0000000091200000|  0%| F|  |TAMS 0x0000000091100000, 0x0000000091100000| Untracked 
| 274|0x0000000091200000, 0x0000000091200000, 0x0000000091300000|  0%| F|  |TAMS 0x0000000091200000, 0x0000000091200000| Untracked 
| 275|0x0000000091300000, 0x0000000091300000, 0x0000000091400000|  0%| F|  |TAMS 0x0000000091300000, 0x0000000091300000| Untracked 
| 276|0x0000000091400000, 0x0000000091480800, 0x0000000091500000| 50%| E|  |TAMS 0x0000000091400000, 0x0000000091400000| Complete 
| 277|0x0000000091500000, 0x0000000091600000, 0x0000000091600000|100%| E|CS|TAMS 0x0000000091500000, 0x0000000091500000| Complete 
| 278|0x0000000091600000, 0x0000000091700000, 0x0000000091700000|100%| E|CS|TAMS 0x0000000091600000, 0x0000000091600000| Complete 
| 279|0x0000000091700000, 0x0000000091800000, 0x0000000091800000|100%| E|CS|TAMS 0x0000000091700000, 0x0000000091700000| Complete 
| 280|0x0000000091800000, 0x0000000091900000, 0x0000000091900000|100%| E|CS|TAMS 0x0000000091800000, 0x0000000091800000| Complete 
| 281|0x0000000091900000, 0x0000000091a00000, 0x0000000091a00000|100%| E|CS|TAMS 0x0000000091900000, 0x0000000091900000| Complete 
| 282|0x0000000091a00000, 0x0000000091b00000, 0x0000000091b00000|100%| E|CS|TAMS 0x0000000091a00000, 0x0000000091a00000| Complete 
| 283|0x0000000091b00000, 0x0000000091c00000, 0x0000000091c00000|100%| E|CS|TAMS 0x0000000091b00000, 0x0000000091b00000| Complete 
| 284|0x0000000091c00000, 0x0000000091d00000, 0x0000000091d00000|100%| E|CS|TAMS 0x0000000091c00000, 0x0000000091c00000| Complete 
| 285|0x0000000091d00000, 0x0000000091e00000, 0x0000000091e00000|100%| E|CS|TAMS 0x0000000091d00000, 0x0000000091d00000| Complete 
| 286|0x0000000091e00000, 0x0000000091f00000, 0x0000000091f00000|100%| E|CS|TAMS 0x0000000091e00000, 0x0000000091e00000| Complete 
| 287|0x0000000091f00000, 0x0000000092000000, 0x0000000092000000|100%| E|CS|TAMS 0x0000000091f00000, 0x0000000091f00000| Complete 
| 288|0x0000000092000000, 0x0000000092100000, 0x0000000092100000|100%| E|CS|TAMS 0x0000000092000000, 0x0000000092000000| Complete 
| 289|0x0000000092100000, 0x0000000092200000, 0x0000000092200000|100%| E|CS|TAMS 0x0000000092100000, 0x0000000092100000| Complete 
| 290|0x0000000092200000, 0x0000000092300000, 0x0000000092300000|100%| E|CS|TAMS 0x0000000092200000, 0x0000000092200000| Complete 
| 291|0x0000000092300000, 0x0000000092400000, 0x0000000092400000|100%| E|CS|TAMS 0x0000000092300000, 0x0000000092300000| Complete 
| 292|0x0000000092400000, 0x0000000092500000, 0x0000000092500000|100%| E|CS|TAMS 0x0000000092400000, 0x0000000092400000| Complete 
| 293|0x0000000092500000, 0x0000000092600000, 0x0000000092600000|100%| E|CS|TAMS 0x0000000092500000, 0x0000000092500000| Complete 
| 294|0x0000000092600000, 0x0000000092700000, 0x0000000092700000|100%| E|CS|TAMS 0x0000000092600000, 0x0000000092600000| Complete 
| 295|0x0000000092700000, 0x0000000092800000, 0x0000000092800000|100%| E|CS|TAMS 0x0000000092700000, 0x0000000092700000| Complete 
| 296|0x0000000092800000, 0x0000000092900000, 0x0000000092900000|100%| E|CS|TAMS 0x0000000092800000, 0x0000000092800000| Complete 
| 297|0x0000000092900000, 0x0000000092a00000, 0x0000000092a00000|100%| E|CS|TAMS 0x0000000092900000, 0x0000000092900000| Complete 
| 298|0x0000000092a00000, 0x0000000092b00000, 0x0000000092b00000|100%| E|CS|TAMS 0x0000000092a00000, 0x0000000092a00000| Complete 
| 299|0x0000000092b00000, 0x0000000092c00000, 0x0000000092c00000|100%| S|CS|TAMS 0x0000000092b00000, 0x0000000092b00000| Complete 
| 300|0x0000000092c00000, 0x0000000092d00000, 0x0000000092d00000|100%| S|CS|TAMS 0x0000000092c00000, 0x0000000092c00000| Complete 
| 301|0x0000000092d00000, 0x0000000092e00000, 0x0000000092e00000|100%| E|CS|TAMS 0x0000000092d00000, 0x0000000092d00000| Complete 
| 302|0x0000000092e00000, 0x0000000092f00000, 0x0000000092f00000|100%| E|CS|TAMS 0x0000000092e00000, 0x0000000092e00000| Complete 
| 303|0x0000000092f00000, 0x0000000093000000, 0x0000000093000000|100%| E|  |TAMS 0x0000000092f00000, 0x0000000092f00000| Complete 
| 304|0x0000000093000000, 0x0000000093100000, 0x0000000093100000|100%| E|CS|TAMS 0x0000000093000000, 0x0000000093000000| Complete 
| 305|0x0000000093100000, 0x0000000093200000, 0x0000000093200000|100%| E|CS|TAMS 0x0000000093100000, 0x0000000093100000| Complete 
| 306|0x0000000093200000, 0x0000000093300000, 0x0000000093300000|100%| E|CS|TAMS 0x0000000093200000, 0x0000000093200000| Complete 
| 307|0x0000000093300000, 0x0000000093400000, 0x0000000093400000|100%| E|CS|TAMS 0x0000000093300000, 0x0000000093300000| Complete 
| 308|0x0000000093400000, 0x0000000093500000, 0x0000000093500000|100%| E|CS|TAMS 0x0000000093400000, 0x0000000093400000| Complete 
| 309|0x0000000093500000, 0x0000000093600000, 0x0000000093600000|100%| E|CS|TAMS 0x0000000093500000, 0x0000000093500000| Complete 
| 310|0x0000000093600000, 0x0000000093700000, 0x0000000093700000|100%| E|CS|TAMS 0x0000000093600000, 0x0000000093600000| Complete 
| 311|0x0000000093700000, 0x0000000093800000, 0x0000000093800000|100%| E|CS|TAMS 0x0000000093700000, 0x0000000093700000| Complete 

Card table byte_map: [0x000001b8780d0000,0x000001b8784d0000] _byte_map_base: 0x000001b877cd0000

Marking Bits (Prev, Next): (CMBitMap*) 0x000001b862ff2588, (CMBitMap*) 0x000001b862ff25c0
 Prev Bits: [0x000001b8788d0000, 0x000001b87a8d0000)
 Next Bits: [0x000001b87a8d0000, 0x000001b87c8d0000)

Polling page: 0x000001b863080000

Metaspace:

Usage:
  Non-class:     93.97 MB capacity,    92.27 MB ( 98%) used,     1.38 MB (  1%) free+waste,   331.13 KB ( <1%) overhead. 
      Class:     14.38 MB capacity,    13.40 MB ( 93%) used,   860.65 KB (  6%) free+waste,   143.63 KB ( <1%) overhead. 
       Both:    108.35 MB capacity,   105.67 MB ( 98%) used,     2.22 MB (  2%) free+waste,   474.75 KB ( <1%) overhead. 

Virtual space:
  Non-class space:       94.00 MB reserved,      94.00 MB (100%) committed 
      Class space:        1.00 GB reserved,      14.45 MB (  1%) committed 
             Both:        1.09 GB reserved,     108.45 MB ( 10%) committed 

Chunk freelists:
   Non-Class:  0 bytes
       Class:  27.00 KB
        Both:  27.00 KB

MaxMetaspaceSize: 17179869184.00 GB
CompressedClassSpaceSize: 1.00 GB

CodeHeap 'non-profiled nmethods': size=120000Kb used=7359Kb max_used=7359Kb free=112640Kb
 bounds [0x000001b86fd30000, 0x000001b870460000, 0x000001b877260000]
CodeHeap 'profiled nmethods': size=120000Kb used=33135Kb max_used=33135Kb free=86864Kb
 bounds [0x000001b868800000, 0x000001b86a860000, 0x000001b86fd30000]
CodeHeap 'non-nmethods': size=5760Kb used=2336Kb max_used=2400Kb free=3423Kb
 bounds [0x000001b868260000, 0x000001b8684d0000, 0x000001b868800000]
 total_blobs=17522 nmethods=16577 adapters=854
 compilation: enabled
              stopped_count=0, restarted_count=0
 full_count=0

Compilation events (20 events):
Event: 80.477 Thread 0x000001b87f3d6800 17431       2       com.android.tools.r8.graph.G$j$$Lambda$1345/0x0000000100ad4040::applyAsInt (8 bytes)
Event: 80.478 Thread 0x000001b87f3d6800 nmethod 17431 0x000001b86a81db90 code [0x000001b86a81dd40, 0x000001b86a81de78]
Event: 80.478 Thread 0x000001b87f3d6800 17432       2       com.android.tools.r8.graph.G$j$$Lambda$1346/0x0000000100ae1440::apply (8 bytes)
Event: 80.478 Thread 0x000001b87f3d6800 nmethod 17432 0x000001b86a81df90 code [0x000001b86a81e140, 0x000001b86a81e278]
Event: 80.526 Thread 0x000001b87f3d6800 17435 %     3       com.android.tools.r8.dex.m::b @ 96 (204 bytes)
Event: 80.532 Thread 0x000001b87f3d6800 nmethod 17435% 0x000001b86a81e390 code [0x000001b86a81e9a0, 0x000001b86a8224e8]
Event: 80.540 Thread 0x000001b87f3d6800 17436       3       com.android.tools.r8.dex.m::b (204 bytes)
Event: 80.549 Thread 0x000001b87f3d6800 nmethod 17436 0x000001b86a823810 code [0x000001b86a823e20, 0x000001b86a827888]
Event: 80.553 Thread 0x000001b87f3d6800 17437       2       sun.nio.cs.UTF_8$Decoder::decodeArrayLoop (691 bytes)
Event: 80.559 Thread 0x000001b87f3d6800 nmethod 17437 0x000001b86a828b10 code [0x000001b86a829180, 0x000001b86a82af68]
Event: 80.559 Thread 0x000001b87f3d6800 17438       2       sun.nio.cs.UTF_8$Decoder::xflow (31 bytes)
Event: 80.560 Thread 0x000001b87f3d6800 nmethod 17438 0x000001b86a82c310 code [0x000001b86a82c500, 0x000001b86a82c6f8]
Event: 80.564 Thread 0x000001b87f3d6800 17439       2       java.util.stream.StreamOpFlag::fromCharacteristics (37 bytes)
Event: 80.564 Thread 0x000001b87f3d6800 nmethod 17439 0x000001b86a82c810 code [0x000001b86a82c9e0, 0x000001b86a82cb58]
Event: 80.605 Thread 0x000001b87f3d6800 17443 %     3       com.android.tools.r8.graph.s::<init> @ 72 (116 bytes)
Event: 80.608 Thread 0x000001b87f3d6800 nmethod 17443% 0x000001b86a82cc10 code [0x000001b86a82d020, 0x000001b86a82f2a8]
Event: 80.618 Thread 0x000001b87f3d6800 17444 %     3       com.android.tools.r8.internal.yj::j @ 0 (39 bytes)
Event: 80.619 Thread 0x000001b87f3d6800 nmethod 17444% 0x000001b86a82fd90 code [0x000001b86a82ff80, 0x000001b86a830428]
Event: 80.619 Thread 0x000001b87f3d6800 17445 % !   3       com.android.tools.r8.dex.m::c @ 81 (2765 bytes)
Event: 80.683 Thread 0x000001b87f3d6800 nmethod 17445% 0x000001b86a830590 code [0x000001b86a832de0, 0x000001b86a84d7c8]

GC Heap History (20 events):
Event: 74.123 GC heap before
{Heap before GC invocations=49 (full 0):
 garbage-first heap   total 235520K, used 125326K [0x0000000080000000, 0x0000000100000000)
  region size 1024K, 11 young (11264K), 1 survivors (1024K)
 Metaspace       used 100250K, capacity 102835K, committed 103116K, reserved 1138688K
  class space    used 13001K, capacity 13945K, committed 14028K, reserved 1048576K
}
Event: 74.132 GC heap after
{Heap after GC invocations=50 (full 0):
 garbage-first heap   total 235520K, used 105775K [0x0000000080000000, 0x0000000100000000)
  region size 1024K, 1 young (1024K), 1 survivors (1024K)
 Metaspace       used 100250K, capacity 102835K, committed 103116K, reserved 1138688K
  class space    used 13001K, capacity 13945K, committed 14028K, reserved 1048576K
}
Event: 75.039 GC heap before
{Heap before GC invocations=50 (full 0):
 garbage-first heap   total 235520K, used 177455K [0x0000000080000000, 0x0000000100000000)
  region size 1024K, 56 young (57344K), 1 survivors (1024K)
 Metaspace       used 101034K, capacity 103706K, committed 104012K, reserved 1138688K
  class space    used 13070K, capacity 14029K, committed 14156K, reserved 1048576K
}
Event: 75.045 GC heap after
{Heap after GC invocations=51 (full 0):
 garbage-first heap   total 235520K, used 108647K [0x0000000080000000, 0x0000000100000000)
  region size 1024K, 3 young (3072K), 3 survivors (3072K)
 Metaspace       used 101034K, capacity 103706K, committed 104012K, reserved 1138688K
  class space    used 13070K, capacity 14029K, committed 14156K, reserved 1048576K
}
Event: 75.798 GC heap before
{Heap before GC invocations=51 (full 0):
 garbage-first heap   total 235520K, used 165991K [0x0000000080000000, 0x0000000100000000)
  region size 1024K, 60 young (61440K), 3 survivors (3072K)
 Metaspace       used 104325K, capacity 107006K, committed 107340K, reserved 1142784K
  class space    used 13314K, capacity 14285K, committed 14412K, reserved 1048576K
}
Event: 75.806 GC heap after
{Heap after GC invocations=52 (full 0):
 garbage-first heap   total 235520K, used 110817K [0x0000000080000000, 0x0000000100000000)
  region size 1024K, 6 young (6144K), 6 survivors (6144K)
 Metaspace       used 104325K, capacity 107006K, committed 107340K, reserved 1142784K
  class space    used 13314K, capacity 14285K, committed 14412K, reserved 1048576K
}
Event: 77.007 GC heap before
{Heap before GC invocations=52 (full 0):
 garbage-first heap   total 235520K, used 171233K [0x0000000080000000, 0x0000000100000000)
  region size 1024K, 65 young (66560K), 6 survivors (6144K)
 Metaspace       used 105935K, capacity 108589K, committed 108620K, reserved 1142784K
  class space    used 13455K, capacity 14402K, committed 14412K, reserved 1048576K
}
Event: 77.014 GC heap after
{Heap after GC invocations=53 (full 0):
 garbage-first heap   total 235520K, used 107832K [0x0000000080000000, 0x0000000100000000)
  region size 1024K, 2 young (2048K), 2 survivors (2048K)
 Metaspace       used 105935K, capacity 108589K, committed 108620K, reserved 1142784K
  class space    used 13455K, capacity 14402K, committed 14412K, reserved 1048576K
}
Event: 78.189 GC heap before
{Heap before GC invocations=53 (full 0):
 garbage-first heap   total 235520K, used 184632K [0x0000000080000000, 0x0000000100000000)
  region size 1024K, 66 young (67584K), 2 survivors (2048K)
 Metaspace       used 107748K, capacity 110484K, committed 110796K, reserved 1144832K
  class space    used 13668K, capacity 14671K, committed 14796K, reserved 1048576K
}
Event: 78.210 GC heap after
{Heap after GC invocations=54 (full 0):
 garbage-first heap   total 235520K, used 130000K [0x0000000080000000, 0x0000000100000000)
  region size 1024K, 9 young (9216K), 9 survivors (9216K)
 Metaspace       used 107748K, capacity 110484K, committed 110796K, reserved 1144832K
  class space    used 13668K, capacity 14671K, committed 14796K, reserved 1048576K
}
Event: 78.498 GC heap before
{Heap before GC invocations=54 (full 0):
 garbage-first heap   total 235520K, used 182224K [0x0000000080000000, 0x0000000100000000)
  region size 1024K, 61 young (62464K), 9 survivors (9216K)
 Metaspace       used 108029K, capacity 110762K, committed 111052K, reserved 1144832K
  class space    used 13703K, capacity 14678K, committed 14796K, reserved 1048576K
}
Event: 78.548 GC heap after
{Heap after GC invocations=55 (full 0):
 garbage-first heap   total 235520K, used 144644K [0x0000000080000000, 0x0000000100000000)
  region size 1024K, 8 young (8192K), 8 survivors (8192K)
 Metaspace       used 108029K, capacity 110762K, committed 111052K, reserved 1144832K
  class space    used 13703K, capacity 14678K, committed 14796K, reserved 1048576K
}
Event: 78.794 GC heap before
{Heap before GC invocations=55 (full 0):
 garbage-first heap   total 235520K, used 186628K [0x0000000080000000, 0x0000000100000000)
  region size 1024K, 48 young (49152K), 8 survivors (8192K)
 Metaspace       used 108165K, capacity 110924K, committed 111052K, reserved 1144832K
  class space    used 13720K, capacity 14725K, committed 14796K, reserved 1048576K
}
Event: 78.844 GC heap after
{Heap after GC invocations=56 (full 0):
 garbage-first heap   total 235520K, used 162317K [0x0000000080000000, 0x0000000100000000)
  region size 1024K, 6 young (6144K), 6 survivors (6144K)
 Metaspace       used 108165K, capacity 110924K, committed 111052K, reserved 1144832K
  class space    used 13720K, capacity 14725K, committed 14796K, reserved 1048576K
}
Event: 79.263 GC heap before
{Heap before GC invocations=56 (full 0):
 garbage-first heap   total 235520K, used 188941K [0x0000000080000000, 0x0000000100000000)
  region size 1024K, 33 young (33792K), 6 survivors (6144K)
 Metaspace       used 108173K, capacity 110924K, committed 111052K, reserved 1144832K
  class space    used 13720K, capacity 14725K, committed 14796K, reserved 1048576K
}
Event: 79.284 GC heap after
{Heap after GC invocations=57 (full 0):
 garbage-first heap   total 235520K, used 167650K [0x0000000080000000, 0x0000000100000000)
  region size 1024K, 4 young (4096K), 4 survivors (4096K)
 Metaspace       used 108173K, capacity 110924K, committed 111052K, reserved 1144832K
  class space    used 13720K, capacity 14725K, committed 14796K, reserved 1048576K
}
Event: 79.988 GC heap before
{Heap before GC invocations=58 (full 0):
 garbage-first heap   total 235520K, used 186082K [0x0000000080000000, 0x0000000100000000)
  region size 1024K, 29 young (29696K), 4 survivors (4096K)
 Metaspace       used 108176K, capacity 110924K, committed 111052K, reserved 1144832K
  class space    used 13720K, capacity 14725K, committed 14796K, reserved 1048576K
}
Event: 80.015 GC heap after
{Heap after GC invocations=59 (full 0):
 garbage-first heap   total 319488K, used 163781K [0x0000000080000000, 0x0000000100000000)
  region size 1024K, 4 young (4096K), 4 survivors (4096K)
 Metaspace       used 108176K, capacity 110924K, committed 111052K, reserved 1144832K
  class space    used 13720K, capacity 14725K, committed 14796K, reserved 1048576K
}
Event: 80.389 GC heap before
{Heap before GC invocations=59 (full 0):
 garbage-first heap   total 319488K, used 175045K [0x0000000080000000, 0x0000000100000000)
  region size 1024K, 15 young (15360K), 4 survivors (4096K)
 Metaspace       used 108176K, capacity 110924K, committed 111052K, reserved 1144832K
  class space    used 13720K, capacity 14725K, committed 14796K, reserved 1048576K
}
Event: 80.410 GC heap after
{Heap after GC invocations=60 (full 0):
 garbage-first heap   total 319488K, used 144000K [0x0000000080000000, 0x0000000100000000)
  region size 1024K, 2 young (2048K), 2 survivors (2048K)
 Metaspace       used 108176K, capacity 110924K, committed 111052K, reserved 1144832K
  class space    used 13720K, capacity 14725K, committed 14796K, reserved 1048576K
}

Deoptimization events (20 events):
Event: 80.072 Thread 0x000001b80c911000 DEOPT PACKING pc=0x000001b869d8d248 sp=0x000000560d4fe670
Event: 80.072 Thread 0x000001b80c911000 DEOPT UNPACKING pc=0x000001b8682876ce sp=0x000000560d4fdb58 mode 0
Event: 80.076 Thread 0x000001b80c911000 DEOPT PACKING pc=0x000001b869d91c61 sp=0x000000560d4fe660
Event: 80.076 Thread 0x000001b80c911000 DEOPT UNPACKING pc=0x000001b8682876ce sp=0x000000560d4fdb50 mode 0
Event: 80.080 Thread 0x000001b80c911000 DEOPT PACKING pc=0x000001b869d91c61 sp=0x000000560d4fe660
Event: 80.080 Thread 0x000001b80c911000 DEOPT UNPACKING pc=0x000001b8682876ce sp=0x000000560d4fdb50 mode 0
Event: 80.098 Thread 0x000001b80c911000 DEOPT PACKING pc=0x000001b869d91c61 sp=0x000000560d4fe660
Event: 80.098 Thread 0x000001b80c911000 DEOPT UNPACKING pc=0x000001b8682876ce sp=0x000000560d4fdb50 mode 0
Event: 80.109 Thread 0x000001b80c911000 DEOPT PACKING pc=0x000001b869d91c61 sp=0x000000560d4fe660
Event: 80.109 Thread 0x000001b80c911000 DEOPT UNPACKING pc=0x000001b8682876ce sp=0x000000560d4fdb50 mode 0
Event: 80.120 Thread 0x000001b80c911000 DEOPT PACKING pc=0x000001b869d91c61 sp=0x000000560d4fe660
Event: 80.120 Thread 0x000001b80c911000 DEOPT UNPACKING pc=0x000001b8682876ce sp=0x000000560d4fdb50 mode 0
Event: 80.139 Thread 0x000001b80c911000 DEOPT PACKING pc=0x000001b869d91c61 sp=0x000000560d4fe660
Event: 80.139 Thread 0x000001b80c911000 DEOPT UNPACKING pc=0x000001b8682876ce sp=0x000000560d4fdb50 mode 0
Event: 80.155 Thread 0x000001b80c911000 DEOPT PACKING pc=0x000001b869d91c61 sp=0x000000560d4fe660
Event: 80.155 Thread 0x000001b80c911000 DEOPT UNPACKING pc=0x000001b8682876ce sp=0x000000560d4fdb50 mode 0
Event: 80.174 Thread 0x000001b80c911000 DEOPT PACKING pc=0x000001b869d91c61 sp=0x000000560d4fe660
Event: 80.174 Thread 0x000001b80c911000 DEOPT UNPACKING pc=0x000001b8682876ce sp=0x000000560d4fdb50 mode 0
Event: 80.232 Thread 0x000001b80c911000 DEOPT PACKING pc=0x000001b869d940a0 sp=0x000000560d4fe850
Event: 80.232 Thread 0x000001b80c911000 DEOPT UNPACKING pc=0x000001b8682876ce sp=0x000000560d4fdd08 mode 0

Classes redefined (0 events):
No events

Internal exceptions (20 events):
Event: 76.828 Thread 0x000001b8068f8000 Exception <a 'sun/nio/fs/WindowsException'{0x000000008b2a9d58}> (0x000000008b2a9d58) thrown at [./src/hotspot/share/prims/jni.cpp, line 615]
Event: 76.828 Thread 0x000001b8068f8000 Exception <a 'sun/nio/fs/WindowsException'{0x000000008b2aae60}> (0x000000008b2aae60) thrown at [./src/hotspot/share/prims/jni.cpp, line 615]
Event: 76.837 Thread 0x000001b8068f8000 Implicit null exception at 0x000001b86fd95fb1 to 0x000001b86fd96118
Event: 76.849 Thread 0x000001b8068fe800 Exception <a 'sun/nio/fs/WindowsException'{0x000000008b01e8d0}> (0x000000008b01e8d0) thrown at [./src/hotspot/share/prims/jni.cpp, line 615]
Event: 76.849 Thread 0x000001b8068fe800 Exception <a 'sun/nio/fs/WindowsException'{0x000000008b01eba0}> (0x000000008b01eba0) thrown at [./src/hotspot/share/prims/jni.cpp, line 615]
Event: 77.333 Thread 0x000001b8068f3000 Implicit null exception at 0x000001b8703b0b62 to 0x000001b8703b12b0
Event: 78.022 Thread 0x000001b8068fa800 Exception <a 'sun/nio/fs/WindowsException'{0x000000008bcf30f8}> (0x000000008bcf30f8) thrown at [./src/hotspot/share/prims/jni.cpp, line 615]
Event: 78.064 Thread 0x000001b8068fa800 Implicit null exception at 0x000001b870147257 to 0x000001b87014c118
Event: 78.098 Thread 0x000001b8068fe800 Exception <a 'java/lang/NoSuchMethodError'{0x000000008aec7ca8}: 'java.lang.Object java.lang.invoke.DirectMethodHandle$Holder.invokeVirtual(java.lang.Object, java.lang.Object, int)'> (0x000000008aec7ca8) thrown at [./src/hotspot/share/interpreter/linkResolver.cpp, line 773]
Event: 78.105 Thread 0x000001b8068f3000 Exception <a 'sun/nio/fs/WindowsException'{0x000000008af87498}> (0x000000008af87498) thrown at [./src/hotspot/share/prims/jni.cpp, line 615]
Event: 78.106 Thread 0x000001b8068f3000 Exception <a 'sun/nio/fs/WindowsException'{0x000000008af88320}> (0x000000008af88320) thrown at [./src/hotspot/share/prims/jni.cpp, line 615]
Event: 78.106 Thread 0x000001b8068f3000 Exception <a 'sun/nio/fs/WindowsException'{0x000000008af885e0}> (0x000000008af885e0) thrown at [./src/hotspot/share/prims/jni.cpp, line 615]
Event: 78.145 Thread 0x000001b8068f3000 Exception <a 'sun/nio/fs/WindowsException'{0x000000008afce228}> (0x000000008afce228) thrown at [./src/hotspot/share/prims/jni.cpp, line 615]
Event: 78.145 Thread 0x000001b8068f3000 Exception <a 'sun/nio/fs/WindowsException'{0x000000008afcf0d0}> (0x000000008afcf0d0) thrown at [./src/hotspot/share/prims/jni.cpp, line 615]
Event: 78.282 Thread 0x000001b8068f8800 Exception <a 'sun/nio/fs/WindowsException'{0x000000008e38b6b0}> (0x000000008e38b6b0) thrown at [./src/hotspot/share/prims/jni.cpp, line 615]
Event: 78.282 Thread 0x000001b8068f8800 Exception <a 'sun/nio/fs/WindowsException'{0x000000008de94770}> (0x000000008de94770) thrown at [./src/hotspot/share/prims/jni.cpp, line 615]
Event: 78.285 Thread 0x000001b8068f8800 Exception <a 'sun/nio/fs/WindowsException'{0x000000008de94b78}> (0x000000008de94b78) thrown at [./src/hotspot/share/prims/jni.cpp, line 615]
Event: 78.286 Thread 0x000001b8068f8800 Exception <a 'sun/nio/fs/WindowsException'{0x000000008de95a20}> (0x000000008de95a20) thrown at [./src/hotspot/share/prims/jni.cpp, line 615]
Event: 78.286 Thread 0x000001b8068f8800 Exception <a 'sun/nio/fs/WindowsException'{0x000000008de95ce8}> (0x000000008de95ce8) thrown at [./src/hotspot/share/prims/jni.cpp, line 615]
Event: 78.286 Thread 0x000001b8068f8800 Exception <a 'sun/nio/fs/WindowsException'{0x000000008de96b60}> (0x000000008de96b60) thrown at [./src/hotspot/share/prims/jni.cpp, line 615]

Events (20 events):
Event: 78.793 Executing VM operation: RevokeBias done
Event: 78.794 Executing VM operation: G1CollectForAllocation
Event: 78.844 Executing VM operation: G1CollectForAllocation done
Event: 78.966 Executing VM operation: RevokeBias
Event: 78.967 Executing VM operation: RevokeBias done
Event: 79.263 Executing VM operation: G1CollectForAllocation
Event: 79.284 Executing VM operation: G1CollectForAllocation done
Event: 79.578 Executing VM operation: CGC_Operation
Event: 79.591 Executing VM operation: CGC_Operation done
Event: 79.722 Executing VM operation: RevokeBias
Event: 79.723 Executing VM operation: RevokeBias done
Event: 79.758 Executing VM operation: CGC_Operation
Event: 79.759 Executing VM operation: CGC_Operation done
Event: 79.981 Executing VM operation: RevokeBias
Event: 79.981 Executing VM operation: RevokeBias done
Event: 79.982 Thread 0x000001b80c915000 Thread exited: 0x000001b80c915000
Event: 79.988 Executing VM operation: G1CollectForAllocation
Event: 80.015 Executing VM operation: G1CollectForAllocation done
Event: 80.388 Executing VM operation: G1CollectForAllocation
Event: 80.410 Executing VM operation: G1CollectForAllocation done


Dynamic libraries:
0x00007ff70e0a0000 - 0x00007ff70e0aa000 	C:\Program Files\Android\Android Studio1\jre\bin\java.exe
0x00007ffd35550000 - 0x00007ffd35746000 	C:\WINDOWS\SYSTEM32\ntdll.dll
0x00007ffd09d40000 - 0x00007ffd09d53000 	C:\Program Files\Avast Software\Avast\aswhook.dll
0x00007ffd34800000 - 0x00007ffd348bd000 	C:\WINDOWS\System32\KERNEL32.DLL
0x00007ffd32d40000 - 0x00007ffd33009000 	C:\WINDOWS\System32\KERNELBASE.dll
0x00007ffd2ce30000 - 0x00007ffd2cec0000 	C:\WINDOWS\SYSTEM32\apphelp.dll
0x00007ffd33010000 - 0x00007ffd33110000 	C:\WINDOWS\System32\ucrtbase.dll
0x00007ffd29df0000 - 0x00007ffd29e09000 	C:\Program Files\Android\Android Studio1\jre\bin\jli.dll
0x00007ffd33940000 - 0x00007ffd33ae0000 	C:\WINDOWS\System32\USER32.dll
0x00007ffd32c90000 - 0x00007ffd32cb2000 	C:\WINDOWS\System32\win32u.dll
0x00007ffd351a0000 - 0x00007ffd351ca000 	C:\WINDOWS\System32\GDI32.dll
0x00007ffd33210000 - 0x00007ffd3331b000 	C:\WINDOWS\System32\gdi32full.dll
0x00007ffd33170000 - 0x00007ffd3320d000 	C:\WINDOWS\System32\msvcp_win.dll
0x00007ffd29dc0000 - 0x00007ffd29dd7000 	C:\Program Files\Android\Android Studio1\jre\bin\VCRUNTIME140.dll
0x00007ffd1f6e0000 - 0x00007ffd1f97b000 	C:\WINDOWS\WinSxS\amd64_microsoft.windows.common-controls_6595b64144ccf1df_6.0.19041.746_none_ca02b4b61b8320a4\COMCTL32.dll
0x00007ffd33d20000 - 0x00007ffd33dbe000 	C:\WINDOWS\System32\msvcrt.dll
0x00007ffd33ae0000 - 0x00007ffd33b10000 	C:\WINDOWS\System32\IMM32.DLL
0x00007ffd137b0000 - 0x00007ffd1384d000 	C:\Program Files\Android\Android Studio1\jre\bin\msvcp140.dll
0x00007ffce83d0000 - 0x00007ffce8e9f000 	C:\Program Files\Android\Android Studio1\jre\bin\server\jvm.dll
0x00007ffd348c0000 - 0x00007ffd3496c000 	C:\WINDOWS\System32\ADVAPI32.dll
0x00007ffd35470000 - 0x00007ffd3550c000 	C:\WINDOWS\System32\sechost.dll
0x00007ffd33e40000 - 0x00007ffd33f6b000 	C:\WINDOWS\System32\RPCRT4.dll
0x00007ffd35460000 - 0x00007ffd35468000 	C:\WINDOWS\System32\PSAPI.DLL
0x00007ffd1d810000 - 0x00007ffd1d819000 	C:\WINDOWS\SYSTEM32\WSOCK32.dll
0x00007ffd33dd0000 - 0x00007ffd33e3b000 	C:\WINDOWS\System32\WS2_32.dll
0x00007ffd1e6e0000 - 0x00007ffd1e707000 	C:\WINDOWS\SYSTEM32\WINMM.dll
0x00007ffd27f80000 - 0x00007ffd27f8a000 	C:\WINDOWS\SYSTEM32\VERSION.dll
0x00007ffd31560000 - 0x00007ffd31572000 	C:\WINDOWS\SYSTEM32\kernel.appcore.dll
0x00007ffd1eb00000 - 0x00007ffd1eb11000 	C:\Program Files\Android\Android Studio1\jre\bin\verify.dll
0x00007ffd311f0000 - 0x00007ffd313d4000 	C:\WINDOWS\SYSTEM32\DBGHELP.DLL
0x00007ffd26a90000 - 0x00007ffd26abc000 	C:\WINDOWS\SYSTEM32\dbgcore.DLL
0x00007ffd32cc0000 - 0x00007ffd32d40000 	C:\WINDOWS\System32\bcryptPrimitives.dll
0x00007ffd151a0000 - 0x00007ffd151c9000 	C:\Program Files\Android\Android Studio1\jre\bin\java.dll
0x00007ffd29d60000 - 0x00007ffd29d6b000 	C:\Program Files\Android\Android Studio1\jre\bin\jimage.dll
0x00007ffd1e750000 - 0x00007ffd1e768000 	C:\Program Files\Android\Android Studio1\jre\bin\zip.dll
0x00007ffd34a50000 - 0x00007ffd35192000 	C:\WINDOWS\System32\SHELL32.dll
0x00007ffd30a60000 - 0x00007ffd311f0000 	C:\WINDOWS\SYSTEM32\windows.storage.dll
0x00007ffd34440000 - 0x00007ffd34796000 	C:\WINDOWS\System32\combase.dll
0x00007ffd32680000 - 0x00007ffd326ac000 	C:\WINDOWS\SYSTEM32\Wldp.dll
0x00007ffd33b10000 - 0x00007ffd33bbe000 	C:\WINDOWS\System32\SHCORE.dll
0x00007ffd33660000 - 0x00007ffd336b5000 	C:\WINDOWS\System32\shlwapi.dll
0x00007ffd32bc0000 - 0x00007ffd32be6000 	C:\WINDOWS\SYSTEM32\profapi.dll
0x00007ffd15180000 - 0x00007ffd1519a000 	C:\Program Files\Android\Android Studio1\jre\bin\net.dll
0x00007ffd2ac10000 - 0x00007ffd2ad10000 	C:\WINDOWS\SYSTEM32\WINHTTP.dll
0x00007ffd32400000 - 0x00007ffd3246a000 	C:\WINDOWS\system32\mswsock.dll
0x00007ffd14cc0000 - 0x00007ffd14cd4000 	C:\Program Files\Android\Android Studio1\jre\bin\nio.dll
0x00007ffd24d80000 - 0x00007ffd24da7000 	C:\Users\shekiba\.gradle\native\8bec1ad78214c89d9ad589b4d07fe93259594b29d510b10fafb7a158f7737e5d\windows-amd64\native-platform.dll
0x00007ffcf6f20000 - 0x00007ffcf705d000 	C:\Users\shekiba\.gradle\native\53dbd7edfb1c66fb8903c78663c9afc45aea4f116125fa6feffd364cf09443e8\windows-amd64\native-platform-file-events.dll
0x00007ffd27000000 - 0x00007ffd2700a000 	C:\Program Files\Android\Android Studio1\jre\bin\management.dll
0x00007ffd251f0000 - 0x00007ffd251fc000 	C:\Program Files\Android\Android Studio1\jre\bin\management_ext.dll
0x00007ffd325d0000 - 0x00007ffd325e8000 	C:\WINDOWS\SYSTEM32\CRYPTSP.dll
0x00007ffd31d40000 - 0x00007ffd31d74000 	C:\WINDOWS\system32\rsaenh.dll
0x00007ffd33420000 - 0x00007ffd33447000 	C:\WINDOWS\System32\bcrypt.dll
0x00007ffd32b40000 - 0x00007ffd32b6e000 	C:\WINDOWS\SYSTEM32\USERENV.dll
0x00007ffd325f0000 - 0x00007ffd325fc000 	C:\WINDOWS\SYSTEM32\CRYPTBASE.dll
0x00007ffd32090000 - 0x00007ffd320cb000 	C:\WINDOWS\SYSTEM32\IPHLPAPI.DLL
0x00007ffd33bc0000 - 0x00007ffd33bc8000 	C:\WINDOWS\System32\NSI.dll
0x00007ffd26c20000 - 0x00007ffd26c37000 	C:\WINDOWS\SYSTEM32\dhcpcsvc6.DLL
0x00007ffd26f20000 - 0x00007ffd26f3d000 	C:\WINDOWS\SYSTEM32\dhcpcsvc.DLL
0x00007ffd320d0000 - 0x00007ffd3219b000 	C:\WINDOWS\SYSTEM32\DNSAPI.dll

dbghelp: loaded successfully - version: 4.0.5 - missing functions: none
symbol engine: initialized successfully - sym options: 0x614 - pdb path: .;C:\Program Files\Android\Android Studio1\jre\bin;C:\WINDOWS\SYSTEM32;C:\Program Files\Avast Software\Avast;C:\WINDOWS\WinSxS\amd64_microsoft.windows.common-controls_6595b64144ccf1df_6.0.19041.746_none_ca02b4b61b8320a4;C:\Program Files\Android\Android Studio1\jre\bin\server;C:\Users\shekiba\.gradle\native\8bec1ad78214c89d9ad589b4d07fe93259594b29d510b10fafb7a158f7737e5d\windows-amd64;C:\Users\shekiba\.gradle\native\53dbd7edfb1c66fb8903c78663c9afc45aea4f116125fa6feffd364cf09443e8\windows-amd64

VM Arguments:
jvm_args: --add-opens=java.base/java.util=ALL-UNNAMED --add-opens=java.base/java.lang=ALL-UNNAMED --add-opens=java.base/java.lang.invoke=ALL-UNNAMED --add-opens=java.base/java.util=ALL-UNNAMED --add-opens=java.prefs/java.util.prefs=ALL-UNNAMED --add-opens=java.prefs/java.util.prefs=ALL-UNNAMED --add-opens=java.base/java.nio.charset=ALL-UNNAMED --add-opens=java.base/java.net=ALL-UNNAMED --add-opens=java.base/java.util.concurrent.atomic=ALL-UNNAMED -Xmx2048m -Dfile.encoding=UTF-8 -Duser.country=NZ -Duser.language=en -Duser.variant 
java_command: org.gradle.launcher.daemon.bootstrap.GradleDaemon 7.0.2
java_class_path (initial): C:\Users\shekiba\.gradle\wrapper\dists\gradle-7.0.2-bin\857tjihv64xamwrf0h14cai3r\gradle-7.0.2\lib\gradle-launcher-7.0.2.jar
Launcher Type: SUN_STANDARD

[Global flags]
     intx CICompilerCount                          = 4                                         {product} {ergonomic}
     uint ConcGCThreads                            = 2                                         {product} {ergonomic}
     uint G1ConcRefinementThreads                  = 8                                         {product} {ergonomic}
   size_t G1HeapRegionSize                         = 1048576                                   {product} {ergonomic}
    uintx GCDrainStackTargetSize                   = 64                                        {product} {ergonomic}
   size_t InitialHeapSize                          = 134217728                                 {product} {ergonomic}
   size_t MarkStackSize                            = 4194304                                   {product} {ergonomic}
   size_t MaxHeapSize                              = 2147483648                                {product} {command line}
   size_t MaxNewSize                               = 1287651328                                {product} {ergonomic}
   size_t MinHeapDeltaBytes                        = 1048576                                   {product} {ergonomic}
    uintx NonNMethodCodeHeapSize                   = 5836300                                {pd product} {ergonomic}
    uintx NonProfiledCodeHeapSize                  = 122910970                              {pd product} {ergonomic}
    uintx ProfiledCodeHeapSize                     = 122910970                              {pd product} {ergonomic}
    uintx ReservedCodeCacheSize                    = 251658240                              {pd product} {ergonomic}
     bool SegmentedCodeCache                       = true                                      {product} {ergonomic}
     bool UseCompressedClassPointers               = true                                 {lp64_product} {ergonomic}
     bool UseCompressedOops                        = true                                 {lp64_product} {ergonomic}
     bool UseG1GC                                  = true                                      {product} {ergonomic}
     bool UseLargePagesIndividualAllocation        = false                                  {pd product} {ergonomic}

Logging:
Log output configuration:
 #0: stdout all=warning uptime,level,tags
 #1: stderr all=off uptime,level,tags

Environment Variables:
PATH=C:\WINDOWS\system32;C:\WINDOWS;C:\WINDOWS\System32\Wbem;C:\WINDOWS\System32\WindowsPowerShell\v1.0\;C:\WINDOWS\System32\OpenSSH\;C:\Users\shekiba\AppData\Local\Microsoft\WindowsApps;
USERNAME=shekiba
OS=Windows_NT
PROCESSOR_IDENTIFIER=Intel64 Family 6 Model 142 Stepping 10, GenuineIntel



---------------  S Y S T E M  ---------------

OS: Windows 10 , 64 bit Build 19041 (10.0.19041.804)
OS uptime: 104 days 16:08 hours

CPU:total 8 (initial active 8) (4 cores per cpu, 2 threads per core) family 6 model 142 stepping 10 microcode 0xe0, cmov, cx8, fxsr, mmx, sse, sse2, sse3, ssse3, sse4.1, sse4.2, popcnt, avx, avx2, aes, clmul, erms, 3dnowpref, lzcnt, ht, tsc, tscinvbit, bmi1, bmi2, adx, fma

Memory: 4k page, system-wide physical 8109M (351M free)
TotalPageFile size 23082M (AvailPageFile size 5M)
current process WorkingSet (physical memory assigned to process): 497M, peak: 500M
current process commit charge ("private bytes"): 662M, peak: 666M

vm_info: OpenJDK 64-Bit Server VM (11.0.10+0-b96-7249189) for windows-amd64 JRE (11.0.10+0-b96-7249189), built on Mar 31 2021 21:44:00 by "builder" with MS VC++ 14.0 (VS2015)

END.
